
****************************************************
** New log start at: 12/5/2025 19:41:29                            
****************************************************
- 2025-05-12 19:41:29.710 [                      Host.exe:              5] [lap=32,14   mS]            Tenaris.Library.Log | - NEW THREAD
- 2025-05-12 19:41:29.885 [                      Host.exe:              5] [lap=180,10  mS]            Tenaris.Library.Log | - Application Profiling Service configured, trying to activate Tenaris.Service.Profiling.ProfilingService, Tenaris.Service.Profiling
! 2025-05-12 19:41:29.895 [                      Host.exe:              5] [lap=8,67    mS]            Tenaris.Library.Log | ! Application Profiling Service not loaded. Could not get type for type name Tenaris.Service.Profiling.ProfilingService, Tenaris.Service.Profiling
- 2025-05-12 19:41:29.895 [                      Host.exe:              5] [lap=1,51    mS]            Tenaris.Library.Log | - Default configuration provider was created because no other was configured.
- 2025-05-12 19:41:30.262 [                      Host.exe:              5] [lap=367,69  mS]            Tenaris.Library.Log | - [ASSEMBLY_LOADED] FullName=System.Data.resources, Version=4.0.0.0, Culture=es, PublicKeyToken=b77a5c561934e089 - Location=C:\WINDOWS\Microsoft.Net\assembly\GAC_MSIL\System.Data.resources\v4.0_4.0.0.0_es_b77a5c561934e089\System.Data.resources.dll
- 2025-05-12 19:41:30.496 [                      Host.exe:              5] [lap=239,64  mS]            Tenaris.Library.Log | - [ASSEMBLY_LOADED] FullName=System.EnterpriseServices, Version=4.0.0.0, Culture=neutral, PublicKeyToken=b03f5f7f11d50a3a - Location=C:\WINDOWS\Microsoft.Net\assembly\GAC_32\System.EnterpriseServices\v4.0_4.0.0.0__b03f5f7f11d50a3a\System.EnterpriseServices.dll
- 2025-05-12 19:41:31.872 [                      Host.exe:              5] [lap=1,37     S]            Tenaris.Library.Log | - [ASSEMBLY_LOADED] FullName=System.Runtime.Caching, Version=4.0.0.0, Culture=neutral, PublicKeyToken=b03f5f7f11d50a3a - Location=C:\WINDOWS\Microsoft.Net\assembly\GAC_MSIL\System.Runtime.Caching\v4.0_4.0.0.0__b03f5f7f11d50a3a\System.Runtime.Caching.dll
@ 2025-05-12 19:41:32.279 [                      Host.exe:              5] [lap=407,14  mS]            Tenaris.Library.Log | @ Binding property 'GetPieceByState.rows' should not have a public setter
- 2025-05-12 19:41:32.548 [                      Host.exe:              5] [lap=269,43  mS]            Tenaris.Library.Log | - EXEC dbo.GetPieceByState #stateId=1 - laptime=176,7422 ms
 RESULT: [stateId=1]
 RESULT SETS (1):
  #0, 11 records [pieceId, colorId, materialId, stateId, typeId, width, length, thickness, pieceOrderId, isActive, startedAt, UpdatedAt]
	[37, 2, 1, 1, 1, 0, 0, 0, 0, True, 6/5/2025 14:56:07, 6/5/2025 14:56:07]
	[39, 2, 1, 1, 2, 0, 0, 0, 0, True, 6/5/2025 17:16:19, 6/5/2025 17:16:19]
	[40, 2, 2, 1, 2, 0, 0, 0, 0, True, 6/5/2025 18:15:03, 6/5/2025 18:15:03]
	[52, 3, 1, 1, 2, 10, 10, 10, 0, True, 11/5/2025 16:00:42, 11/5/2025 16:00:42]
	...
@ 2025-05-12 19:41:32.688 [                      Host.exe:              5] [lap=138,89  mS]            Tenaris.Library.Log | @ Binding property 'GetPieceOrderByPieceId.rows' should not have a public setter
- 2025-05-12 19:41:32.991 [                      Host.exe:              5] [lap=303,31  mS]            Tenaris.Library.Log | - EXEC dbo.GetPieceOrderByPieceId #pieceid=37 - laptime=298,9021 ms
 RESULT: [pieceid=37]
 RESULT SETS (1):
  #0, 1 records [id, workOrderId, pieceId, isActive, startedAt, UpdatedAt]
	[11, 21, 37, True, 6/5/2025 14:56:07, 6/5/2025 14:56:07]
@ 2025-05-12 19:41:33.195 [                      Host.exe:              5] [lap=204,55  mS]            Tenaris.Library.Log | @ Binding property 'PieceOrderLastState.rows' should not have a public setter
- 2025-05-12 19:41:33.392 [                      Host.exe:              5] [lap=196,80  mS]            Tenaris.Library.Log | - EXEC dbo.PieceOrderLastState #workOrderId=21 - laptime=193,7153 ms
 RESULT: [workOrderId=21]
 RESULT SETS (1):
  #0, 1 records [stateId, workOrderId]
	[1, 21]
- 2025-05-12 19:41:33.488 [                      Host.exe:              5] [lap=95,47   mS]            Tenaris.Library.Log | - EXEC dbo.GetPieceOrderByPieceId #pieceid=39 - laptime=93,6938 ms
 RESULT: [pieceid=39]
 RESULT SETS (1):
  #0, 1 records [id, workOrderId, pieceId, isActive, startedAt, UpdatedAt]
	[12, 23, 39, True, 6/5/2025 17:16:20, 6/5/2025 17:16:20]
- 2025-05-12 19:41:33.597 [                      Host.exe:              5] [lap=108,42  mS]            Tenaris.Library.Log | - EXEC dbo.PieceOrderLastState #workOrderId=23 - laptime=107,2882 ms
 RESULT: [workOrderId=23]
 RESULT SETS (1):
  #0, 1 records [stateId, workOrderId]
	[3, 23]
- 2025-05-12 19:41:33.698 [                      Host.exe:              5] [lap=101,61  mS]            Tenaris.Library.Log | - EXEC dbo.GetPieceOrderByPieceId #pieceid=40 - laptime=100,4498 ms
 RESULT: [pieceid=40]
 RESULT SETS (1):
  #0, 1 records [id, workOrderId, pieceId, isActive, startedAt, UpdatedAt]
	[13, 22, 40, True, 6/5/2025 18:15:03, 6/5/2025 18:15:03]
- 2025-05-12 19:41:34.016 [                      Host.exe:              5] [lap=318,32  mS]            Tenaris.Library.Log | - EXEC dbo.PieceOrderLastState #workOrderId=22 - laptime=317,256 ms
 RESULT: [workOrderId=22]
 RESULT SETS (1):
  #0, 1 records [stateId, workOrderId]
	[2, 22]
- 2025-05-12 19:41:34.318 [                      Host.exe:              5] [lap=301,42  mS]            Tenaris.Library.Log | - EXEC dbo.GetPieceOrderByPieceId #pieceid=52 - laptime=300,4687 ms
 RESULT: [pieceid=52]
 RESULT SETS (1):
  #0, 1 records [id, workOrderId, pieceId, isActive, startedAt, UpdatedAt]
	[20, 25, 52, True, 11/5/2025 18:33:32, 11/5/2025 18:33:32]
- 2025-05-12 19:41:34.528 [                      Host.exe:              5] [lap=210,50  mS]            Tenaris.Library.Log | - EXEC dbo.PieceOrderLastState #workOrderId=25 - laptime=209,146 ms
 RESULT: [workOrderId=25]
 RESULT SETS (1):
  #0, 1 records [stateId, workOrderId]
	[2, 25]
- 2025-05-12 19:41:34.628 [                      Host.exe:              5] [lap=99,35   mS]            Tenaris.Library.Log | - EXEC dbo.GetPieceOrderByPieceId #pieceid=57 - laptime=98,1468 ms
 RESULT: [pieceid=57]
 RESULT SETS (1):
  #0, 1 records [id, workOrderId, pieceId, isActive, startedAt, UpdatedAt]
	[23, 26, 57, True, 11/5/2025 18:42:54, 11/5/2025 18:42:54]
- 2025-05-12 19:41:34.734 [                      Host.exe:              5] [lap=106,96  mS]            Tenaris.Library.Log | - EXEC dbo.PieceOrderLastState #workOrderId=26 - laptime=106,0421 ms
 RESULT: [workOrderId=26]
 RESULT SETS (1):
  #0, 1 records [stateId, workOrderId]
	[2, 26]
- 2025-05-12 19:41:34.827 [                      Host.exe:              5] [lap=93,23   mS]            Tenaris.Library.Log | - EXEC dbo.GetPieceOrderByPieceId #pieceid=59 - laptime=92,1655 ms
 RESULT: [pieceid=59]
 RESULT SETS (1):
  #0, 1 records [id, workOrderId, pieceId, isActive, startedAt, UpdatedAt]
	[25, 27, 59, True, 11/5/2025 23:39:45, 11/5/2025 23:39:45]
- 2025-05-12 19:41:35.653 [                      Host.exe:              5] [lap=825,74  mS]            Tenaris.Library.Log | - EXEC dbo.PieceOrderLastState #workOrderId=27 - laptime=821,9115 ms
 RESULT: [workOrderId=27]
 RESULT SETS (1):
  #0, 1 records [stateId, workOrderId]
	[2, 27]
- 2025-05-12 19:41:35.743 [                      Host.exe:              5] [lap=89,56   mS]            Tenaris.Library.Log | - EXEC dbo.GetPieceOrderByPieceId #pieceid=61 - laptime=88,4295 ms
 RESULT: [pieceid=61]
 RESULT SETS (1):
  #0, 1 records [id, workOrderId, pieceId, isActive, startedAt, UpdatedAt]
	[27, 24, 61, True, 12/5/2025 17:47:37, 12/5/2025 17:47:37]
- 2025-05-12 19:41:35.844 [                      Host.exe:              5] [lap=100,69  mS]            Tenaris.Library.Log | - EXEC dbo.PieceOrderLastState #workOrderId=24 - laptime=99,282 ms
 RESULT: [workOrderId=24]
 RESULT SETS (1):
  #0, 1 records [stateId, workOrderId]
	[4, 24]
- 2025-05-12 19:41:35.947 [                      Host.exe:              5] [lap=103,96  mS]            Tenaris.Library.Log | - EXEC dbo.GetPieceOrderByPieceId #pieceid=66 - laptime=102,6697 ms
 RESULT: [pieceid=66]
 RESULT SETS (1):
  #0, 1 records [id, workOrderId, pieceId, isActive, startedAt, UpdatedAt]
	[32, 28, 66, True, 12/5/2025 17:54:09, 12/5/2025 17:54:09]
- 2025-05-12 19:41:36.048 [                      Host.exe:              5] [lap=100,50  mS]            Tenaris.Library.Log | - EXEC dbo.PieceOrderLastState #workOrderId=28 - laptime=99,4467 ms
 RESULT: [workOrderId=28]
 RESULT SETS (1):
  #0, 1 records [stateId, workOrderId]
	[2, 28]
- 2025-05-12 19:41:36.167 [                      Host.exe:              5] [lap=118,70  mS]            Tenaris.Library.Log | - EXEC dbo.GetPieceOrderByPieceId #pieceid=69 - laptime=117,6505 ms
 RESULT: [pieceid=69]
 RESULT SETS (1):
  #0, 1 records [id, workOrderId, pieceId, isActive, startedAt, UpdatedAt]
	[34, 29, 69, True, 12/5/2025 19:38:33, 12/5/2025 19:38:33]
- 2025-05-12 19:41:36.357 [                      Host.exe:              5] [lap=189,72  mS]            Tenaris.Library.Log | - EXEC dbo.PieceOrderLastState #workOrderId=29 - laptime=188,6208 ms
 RESULT: [workOrderId=29]
 RESULT SETS (1):
  #0, 1 records [stateId, workOrderId]
	[2, 29]
- 2025-05-12 19:41:36.421 [                      Host.exe:              5] [lap=64,96   mS]            Tenaris.Library.Log | - EXEC dbo.GetPieceOrderByPieceId #pieceid=71 - laptime=63,8423 ms
 RESULT: [pieceid=71]
 RESULT SETS (1):
  #0, 1 records [id, workOrderId, pieceId, isActive, startedAt, UpdatedAt]
	[36, 30, 71, True, 12/5/2025 20:31:20, 12/5/2025 20:31:20]
- 2025-05-12 19:41:36.559 [                      Host.exe:              5] [lap=137,59  mS]            Tenaris.Library.Log | - EXEC dbo.PieceOrderLastState #workOrderId=30 - laptime=136,1797 ms
 RESULT: [workOrderId=30]
 RESULT SETS (1):
  #0, 1 records [stateId, workOrderId]
	[3, 30]
- 2025-05-12 19:41:36.664 [                      Host.exe:              5] [lap=105,73  mS]            Tenaris.Library.Log | - EXEC dbo.GetPieceOrderByPieceId #pieceid=75 - laptime=104,6305 ms
 RESULT: [pieceid=75]
 RESULT SETS (1):
  #0, 1 records [id, workOrderId, pieceId, isActive, startedAt, UpdatedAt]
	[40, 31, 75, True, 12/5/2025 22:37:11, 12/5/2025 22:37:11]
- 2025-05-12 19:41:36.872 [                      Host.exe:              5] [lap=207,10  mS]            Tenaris.Library.Log | - EXEC dbo.PieceOrderLastState #workOrderId=31 - laptime=205,9254 ms
 RESULT: [workOrderId=31]
 RESULT SETS (1):
  #0, 1 records [stateId, workOrderId]
	[2, 31]
- 2025-05-12 19:41:36.975 [                      Host.exe:              5] [lap=104,05  mS]            Tenaris.Library.Log | - EXEC dbo.GetPieceByState #stateId=2 - laptime=90,106 ms
 RESULT: [stateId=2]
 RESULT SETS (1):
  #0, 13 records [pieceId, colorId, materialId, stateId, typeId, width, length, thickness, pieceOrderId, isActive, startedAt, UpdatedAt]
	[43, 4, 2, 2, 2, 30, 30, 30, 0, True, 8/5/2025 19:25:54, 8/5/2025 19:25:54]
	[44, 4, 2, 2, 2, 30, 30, 30, 0, True, 10/5/2025 15:01:20, 10/5/2025 15:01:20]
	[45, 4, 2, 2, 2, 111, 111, 111, 0, True, 10/5/2025 15:21:30, 10/5/2025 15:21:30]
	[54, 3, 1, 2, 2, 10, 10, 20, 0, True, 11/5/2025 18:20:35, 11/5/2025 18:20:35]
	...
- 2025-05-12 19:41:37.087 [                      Host.exe:              5] [lap=111,08  mS]            Tenaris.Library.Log | - EXEC dbo.GetPieceOrderByPieceId #pieceid=43 - laptime=109,6971 ms
 RESULT: [pieceid=43]
 RESULT SETS (1):
  #0, 1 records [id, workOrderId, pieceId, isActive, startedAt, UpdatedAt]
	[14, 22, 43, True, 8/5/2025 19:25:54, 8/5/2025 19:25:54]
- 2025-05-12 19:41:37.284 [                      Host.exe:              5] [lap=197,94  mS]            Tenaris.Library.Log | - EXEC dbo.PieceOrderLastState #workOrderId=22 - laptime=196,797 ms
 RESULT: [workOrderId=22]
 RESULT SETS (1):
  #0, 1 records [stateId, workOrderId]
	[2, 22]
- 2025-05-12 19:41:37.498 [                      Host.exe:              5] [lap=212,33  mS]            Tenaris.Library.Log | - EXEC dbo.GetPieceOrderByPieceId #pieceid=44 - laptime=210,7129 ms
 RESULT: [pieceid=44]
 RESULT SETS (1):
  #0, 1 records [id, workOrderId, pieceId, isActive, startedAt, UpdatedAt]
	[15, 22, 44, True, 10/5/2025 15:01:20, 10/5/2025 15:01:20]
- 2025-05-12 19:41:37.798 [                      Host.exe:              5] [lap=301,31  mS]            Tenaris.Library.Log | - EXEC dbo.PieceOrderLastState #workOrderId=22 - laptime=295,112 ms
 RESULT: [workOrderId=22]
 RESULT SETS (1):
  #0, 1 records [stateId, workOrderId]
	[2, 22]
- 2025-05-12 19:41:37.895 [                      Host.exe:              5] [lap=97,04   mS]            Tenaris.Library.Log | - EXEC dbo.GetPieceOrderByPieceId #pieceid=45 - laptime=95,8244 ms
 RESULT: [pieceid=45]
 RESULT SETS (1):
  #0, 1 records [id, workOrderId, pieceId, isActive, startedAt, UpdatedAt]
	[16, 22, 45, True, 10/5/2025 15:21:30, 10/5/2025 15:21:30]
- 2025-05-12 19:41:37.999 [                      Host.exe:              5] [lap=103,37  mS]            Tenaris.Library.Log | - EXEC dbo.PieceOrderLastState #workOrderId=22 - laptime=102,4319 ms
 RESULT: [workOrderId=22]
 RESULT SETS (1):
  #0, 1 records [stateId, workOrderId]
	[2, 22]
- 2025-05-12 19:41:38.104 [                      Host.exe:              5] [lap=104,87  mS]            Tenaris.Library.Log | - EXEC dbo.GetPieceOrderByPieceId #pieceid=54 - laptime=104,013 ms
 RESULT: [pieceid=54]
 RESULT SETS (1):
- 2025-05-12 19:41:38.223 [                      Host.exe:              5] [lap=118,91  mS]            Tenaris.Library.Log | - EXEC dbo.GetPieceOrderByPieceId #pieceid=55 - laptime=117,7056 ms
 RESULT: [pieceid=55]
 RESULT SETS (1):
  #0, 1 records [id, workOrderId, pieceId, isActive, startedAt, UpdatedAt]
	[21, 25, 55, True, 11/5/2025 18:34:01, 11/5/2025 18:34:01]
- 2025-05-12 19:41:38.418 [                      Host.exe:              5] [lap=195,46  mS]            Tenaris.Library.Log | - EXEC dbo.PieceOrderLastState #workOrderId=25 - laptime=194,4991 ms
 RESULT: [workOrderId=25]
 RESULT SETS (1):
  #0, 1 records [stateId, workOrderId]
	[2, 25]
- 2025-05-12 19:41:38.506 [                      Host.exe:              5] [lap=86,94   mS]            Tenaris.Library.Log | - EXEC dbo.GetPieceOrderByPieceId #pieceid=56 - laptime=85,9808 ms
 RESULT: [pieceid=56]
 RESULT SETS (1):
  #0, 1 records [id, workOrderId, pieceId, isActive, startedAt, UpdatedAt]
	[22, 25, 56, True, 11/5/2025 18:42:01, 11/5/2025 18:42:01]
- 2025-05-12 19:41:38.611 [                      Host.exe:              5] [lap=105,10  mS]            Tenaris.Library.Log | - EXEC dbo.PieceOrderLastState #workOrderId=25 - laptime=104,115 ms
 RESULT: [workOrderId=25]
 RESULT SETS (1):
  #0, 1 records [stateId, workOrderId]
	[2, 25]
- 2025-05-12 19:41:38.688 [                      Host.exe:              5] [lap=76,90   mS]            Tenaris.Library.Log | - EXEC dbo.GetPieceOrderByPieceId #pieceid=58 - laptime=75,5555 ms
 RESULT: [pieceid=58]
 RESULT SETS (1):
  #0, 1 records [id, workOrderId, pieceId, isActive, startedAt, UpdatedAt]
	[24, 26, 58, True, 11/5/2025 18:43:12, 11/5/2025 18:43:12]
- 2025-05-12 19:41:38.812 [                      Host.exe:              5] [lap=125,21  mS]            Tenaris.Library.Log | - EXEC dbo.PieceOrderLastState #workOrderId=26 - laptime=123,9095 ms
 RESULT: [workOrderId=26]
 RESULT SETS (1):
  #0, 1 records [stateId, workOrderId]
	[2, 26]
- 2025-05-12 19:41:38.915 [                      Host.exe:              5] [lap=102,34  mS]            Tenaris.Library.Log | - EXEC dbo.GetPieceOrderByPieceId #pieceid=60 - laptime=101,3603 ms
 RESULT: [pieceid=60]
 RESULT SETS (1):
  #0, 1 records [id, workOrderId, pieceId, isActive, startedAt, UpdatedAt]
	[26, 27, 60, True, 12/5/2025 17:29:24, 12/5/2025 17:29:24]
- 2025-05-12 19:41:39.034 [                      Host.exe:              5] [lap=119,81  mS]            Tenaris.Library.Log | - EXEC dbo.PieceOrderLastState #workOrderId=27 - laptime=118,8292 ms
 RESULT: [workOrderId=27]
 RESULT SETS (1):
  #0, 1 records [stateId, workOrderId]
	[2, 27]
- 2025-05-12 19:41:39.225 [                      Host.exe:              5] [lap=190,23  mS]            Tenaris.Library.Log | - EXEC dbo.GetPieceOrderByPieceId #pieceid=62 - laptime=189,2315 ms
 RESULT: [pieceid=62]
 RESULT SETS (1):
  #0, 1 records [id, workOrderId, pieceId, isActive, startedAt, UpdatedAt]
	[28, 24, 62, True, 12/5/2025 17:48:26, 12/5/2025 17:48:26]
- 2025-05-12 19:41:39.324 [                      Host.exe:              5] [lap=99,31   mS]            Tenaris.Library.Log | - EXEC dbo.PieceOrderLastState #workOrderId=24 - laptime=98,1181 ms
 RESULT: [workOrderId=24]
 RESULT SETS (1):
  #0, 1 records [stateId, workOrderId]
	[4, 24]
- 2025-05-12 19:41:39.535 [                      Host.exe:              5] [lap=210,17  mS]            Tenaris.Library.Log | - EXEC dbo.GetPieceOrderByPieceId #pieceid=64 - laptime=208,8199 ms
 RESULT: [pieceid=64]
 RESULT SETS (1):
  #0, 1 records [id, workOrderId, pieceId, isActive, startedAt, UpdatedAt]
	[30, 24, 64, True, 12/5/2025 17:52:31, 12/5/2025 17:52:31]
- 2025-05-12 19:41:39.617 [                      Host.exe:              5] [lap=83,10   mS]            Tenaris.Library.Log | - EXEC dbo.PieceOrderLastState #workOrderId=24 - laptime=82,0371 ms
 RESULT: [workOrderId=24]
 RESULT SETS (1):
  #0, 1 records [stateId, workOrderId]
	[4, 24]
- 2025-05-12 19:41:39.748 [                      Host.exe:              5] [lap=130,77  mS]            Tenaris.Library.Log | - EXEC dbo.GetPieceOrderByPieceId #pieceid=67 - laptime=124,7163 ms
 RESULT: [pieceid=67]
 RESULT SETS (1):
  #0, 1 records [id, workOrderId, pieceId, isActive, startedAt, UpdatedAt]
	[33, 28, 67, True, 12/5/2025 17:54:38, 12/5/2025 17:54:38]
- 2025-05-12 19:41:39.939 [                      Host.exe:              5] [lap=190,83  mS]            Tenaris.Library.Log | - EXEC dbo.PieceOrderLastState #workOrderId=28 - laptime=189,6555 ms
 RESULT: [workOrderId=28]
 RESULT SETS (1):
  #0, 1 records [stateId, workOrderId]
	[2, 28]
- 2025-05-12 19:41:40.041 [                      Host.exe:              5] [lap=102,44  mS]            Tenaris.Library.Log | - EXEC dbo.GetPieceOrderByPieceId #pieceid=70 - laptime=101,1955 ms
 RESULT: [pieceid=70]
 RESULT SETS (1):
  #0, 1 records [id, workOrderId, pieceId, isActive, startedAt, UpdatedAt]
	[35, 29, 70, True, 12/5/2025 19:39:24, 12/5/2025 19:39:24]
- 2025-05-12 19:41:40.153 [                      Host.exe:              5] [lap=111,31  mS]            Tenaris.Library.Log | - EXEC dbo.PieceOrderLastState #workOrderId=29 - laptime=110,3959 ms
 RESULT: [workOrderId=29]
 RESULT SETS (1):
  #0, 1 records [stateId, workOrderId]
	[2, 29]
- 2025-05-12 19:41:40.248 [                      Host.exe:              5] [lap=94,84   mS]            Tenaris.Library.Log | - EXEC dbo.GetPieceOrderByPieceId #pieceid=76 - laptime=93,7996 ms
 RESULT: [pieceid=76]
 RESULT SETS (1):
  #0, 1 records [id, workOrderId, pieceId, isActive, startedAt, UpdatedAt]
	[41, 31, 76, True, 12/5/2025 22:37:51, 12/5/2025 22:37:51]
- 2025-05-12 19:41:40.353 [                      Host.exe:              5] [lap=106,07  mS]            Tenaris.Library.Log | - EXEC dbo.PieceOrderLastState #workOrderId=31 - laptime=104,9864 ms
 RESULT: [workOrderId=31]
 RESULT SETS (1):
  #0, 1 records [stateId, workOrderId]
	[2, 31]
- 2025-05-12 19:41:40.558 [                      Host.exe:              4] [lap=1,73    mS]            Tenaris.Library.Log | - NEW THREAD
- 2025-05-12 19:41:40.558 [                      Host.exe:              4] [lap=295,50  uS]            Tenaris.Library.Log | - EXEC dbo.GetPieceByState #stateId=3 - laptime=172,4528 ms
 RESULT: [stateId=3]
 RESULT SETS (1):
  #0, 4 records [pieceId, colorId, materialId, stateId, typeId, width, length, thickness, pieceOrderId, isActive, startedAt, UpdatedAt]
	[42, 2, 2, 3, 2, 30, 30, 30, 0, True, 8/5/2025 18:57:15, 8/5/2025 18:57:15]
	[46, 4, 1, 3, 2, 45, 45, 45, 0, True, 10/5/2025 16:11:48, 10/5/2025 16:11:48]
	[72, 3, 1, 3, 1, 10, 10, 1, 0, True, 12/5/2025 20:31:41, 12/5/2025 20:31:41]
	[74, 3, 1, 3, 1, 10, 10, 1, 0, True, 12/5/2025 21:02:10, 12/5/2025 21:02:10]
- 2025-05-12 19:41:40.773 [                      Host.exe:              4] [lap=214,90  mS]            Tenaris.Library.Log | - EXEC dbo.GetPieceOrderByPieceId #pieceid=42 - laptime=213,9003 ms
 RESULT: [pieceid=42]
 RESULT SETS (1):
- 2025-05-12 19:41:41.577 [                      Host.exe:              4] [lap=804,22  mS]            Tenaris.Library.Log | - EXEC dbo.GetPieceOrderByPieceId #pieceid=46 - laptime=803,2334 ms
 RESULT: [pieceid=46]
 RESULT SETS (1):
  #0, 1 records [id, workOrderId, pieceId, isActive, startedAt, UpdatedAt]
	[17, 23, 46, True, 10/5/2025 16:11:48, 10/5/2025 16:11:48]
- 2025-05-12 19:41:41.682 [                      Host.exe:              4] [lap=104,47  mS]            Tenaris.Library.Log | - EXEC dbo.PieceOrderLastState #workOrderId=23 - laptime=103,4377 ms
 RESULT: [workOrderId=23]
 RESULT SETS (1):
  #0, 1 records [stateId, workOrderId]
	[3, 23]
- 2025-05-12 19:41:41.794 [                      Host.exe:              4] [lap=112,45  mS]            Tenaris.Library.Log | - EXEC dbo.GetPieceOrderByPieceId #pieceid=72 - laptime=110,7657 ms
 RESULT: [pieceid=72]
 RESULT SETS (1):
  #0, 1 records [id, workOrderId, pieceId, isActive, startedAt, UpdatedAt]
	[37, 30, 72, True, 12/5/2025 20:31:41, 12/5/2025 20:31:41]
- 2025-05-12 19:41:41.996 [                      Host.exe:              4] [lap=202,27  mS]            Tenaris.Library.Log | - EXEC dbo.PieceOrderLastState #workOrderId=30 - laptime=201,2467 ms
 RESULT: [workOrderId=30]
 RESULT SETS (1):
  #0, 1 records [stateId, workOrderId]
	[3, 30]
- 2025-05-12 19:41:42.192 [                      Host.exe:              4] [lap=195,46  mS]            Tenaris.Library.Log | - EXEC dbo.GetPieceOrderByPieceId #pieceid=74 - laptime=194,0145 ms
 RESULT: [pieceid=74]
 RESULT SETS (1):
  #0, 1 records [id, workOrderId, pieceId, isActive, startedAt, UpdatedAt]
	[39, 30, 74, True, 12/5/2025 21:02:10, 12/5/2025 21:02:10]
- 2025-05-12 19:41:42.296 [                      Host.exe:              4] [lap=104,90  mS]            Tenaris.Library.Log | - EXEC dbo.PieceOrderLastState #workOrderId=30 - laptime=103,984 ms
 RESULT: [workOrderId=30]
 RESULT SETS (1):
  #0, 1 records [stateId, workOrderId]
	[3, 30]
@ 2025-05-12 19:41:43.216 [                      Host.exe:              4] [lap=919,45  mS]            Tenaris.Library.Log | @ Binding property 'GetStationById.rows' should not have a public setter
- 2025-05-12 19:41:44.051 [                      Host.exe:              4] [lap=834,73  mS]            Tenaris.Library.Log | - EXEC dbo.GetStationByIdAle #id=3 - laptime=823,094 ms
 RESULT: [id=3]
 RESULT SETS (1):
  #0, 1 records [stationId, name, pieceIdOnEntry, pieceIdOnProcess, pieceIdOnExit, stationTypeId, productionLineId, isActive, startedAt, updatedAt]
	[3, Calidad, 0, 0, 74, 3, 1, True, 3/5/2025 13:45:11, 3/5/2025 13:45:11]
- 2025-05-12 19:41:44.342 [                      Host.exe:              4] [lap=291,66  mS]            Tenaris.Library.Log | - EXEC dbo.PutPieceOnEntry #stationid=3#pieceid=76 - laptime=97,0883 ms
- 2025-05-12 19:41:45.981 [                      Host.exe:              4] [lap=1,64     S]            Tenaris.Library.Log | - EXEC dbo.GetStationByIdAle #id=3 - laptime=219,4615 ms
 RESULT: [id=3]
 RESULT SETS (1):
  #0, 1 records [stationId, name, pieceIdOnEntry, pieceIdOnProcess, pieceIdOnExit, stationTypeId, productionLineId, isActive, startedAt, updatedAt]
	[3, Calidad, 76, 0, 74, 3, 1, True, 3/5/2025 13:45:11, 3/5/2025 13:45:11]
@ 2025-05-12 19:41:48.405 [                      Host.exe:              4] [lap=2,42     S]            Tenaris.Library.Log | @ Binding property 'GetPieceById.rows' should not have a public setter
- 2025-05-12 19:41:48.556 [                      Host.exe:              4] [lap=150,67  mS]            Tenaris.Library.Log | - EXEC dbo.GetPieceByIdAle #id=76 - laptime=149,0499 ms
 RESULT: [id=76]
 RESULT SETS (1):
  #0, 1 records [pieceId, colorId, materialId, stateId, typeId, width, length, thickness, pieceOrderId, isActive, startedAt, UpdatedAt]
	[76, 2, 1, 2, 1, 25, 24, 1, 0, True, 12/5/2025 22:37:51, 12/5/2025 22:37:51]
- 2025-05-12 19:41:48.950 [                      Host.exe:              4] [lap=394,97  mS]            Tenaris.Library.Log | - EXEC dbo.PutPieceOnProcess #stationid=3#pieceid=76 - laptime=192,811 ms
- 2025-05-12 19:41:49.055 [                      Host.exe:              4] [lap=104,77  mS]            Tenaris.Library.Log | - EXEC dbo.GetStationByIdAle #id=3 - laptime=100,2396 ms
 RESULT: [id=3]
 RESULT SETS (1):
  #0, 1 records [stationId, name, pieceIdOnEntry, pieceIdOnProcess, pieceIdOnExit, stationTypeId, productionLineId, isActive, startedAt, updatedAt]
	[3, Calidad, 0, 76, 74, 3, 1, True, 3/5/2025 13:45:11, 3/5/2025 13:45:11]
- 2025-05-12 19:41:49.368 [                      Host.exe:              4] [lap=313,23  mS]            Tenaris.Library.Log | - EXEC dbo.GetPieceOrderByPieceId #pieceid=76 - laptime=300,5702 ms
 RESULT: [pieceid=76]
 RESULT SETS (1):
  #0, 1 records [id, workOrderId, pieceId, isActive, startedAt, UpdatedAt]
	[41, 31, 76, True, 12/5/2025 22:37:51, 12/5/2025 22:37:51]
@ 2025-05-12 19:41:49.799 [                      Host.exe:              4] [lap=430,18  mS]            Tenaris.Library.Log | @ Binding property 'GetWorkOrderById.rows' should not have a public setter
- 2025-05-12 19:41:50.000 [                      Host.exe:              4] [lap=201,57  mS]            Tenaris.Library.Log | - EXEC dbo.GetWorkOrderByIdAle #workorderid=31 - laptime=193,9968 ms
 RESULT: [workorderid=31]
 RESULT SETS (1):
  #0, 1 records [workOrderId, date, lote, colada, clientId, pieceId, quantity, processTypeId, isActive, startedAt, updatedAt]
	[31, 12/5/2025 00:00:00, 112, 10, 1, 75, 10, 1, True, 12/5/2025 22:37:11, 12/5/2025 22:37:11]
- 2025-05-12 19:41:50.529 [                      Host.exe:              4] [lap=528,86  mS]            Tenaris.Library.Log | - EXEC dbo.GetPieceByIdAle #id=75 - laptime=521,7521 ms
 RESULT: [id=75]
 RESULT SETS (1):
  #0, 1 records [pieceId, colorId, materialId, stateId, typeId, width, length, thickness, pieceOrderId, isActive, startedAt, UpdatedAt]
	[75, 5, 1, 1, 1, 25, 25, 1, 0, True, 12/5/2025 22:37:11, 12/5/2025 22:37:11]
@ 2025-05-12 19:41:51.065 [                      Host.exe:              4] [lap=536,45  mS]            Tenaris.Library.Log | @ Binding property 'GetColor.rows' should not have a public setter
@ 2025-05-12 19:41:51.066 [                      Host.exe:              4] [lap=699,40  uS]            Tenaris.Library.Log | @ Binding property 'GetColor.rows' should not have a public setter
@ 2025-05-12 19:41:51.066 [                      Host.exe:              4] [lap=418,30  uS]            Tenaris.Library.Log | @ Binding property 'GetColor.rows' should not have a public setter
@ 2025-05-12 19:41:51.323 [                      Host.exe:              4] [lap=256,83  mS]            Tenaris.Library.Log | @ Binding property 'GetColor.rows' should not have a public setter
@ 2025-05-12 19:41:51.324 [                      Host.exe:              4] [lap=505,00  uS]            Tenaris.Library.Log | @ Binding property 'GetColor.rows' should not have a public setter
@ 2025-05-12 19:41:51.324 [                      Host.exe:              4] [lap=301,60  uS]            Tenaris.Library.Log | @ Binding property 'GetColor.rows' should not have a public setter
! 2025-05-12 19:41:51.329 [                      Host.exe:              4] [lap=4,41    mS]            Tenaris.Library.Log | ! Unable to get field 'updatedAt' while filling class 'ColorDto'.
- 2025-05-12 19:41:51.332 [                      Host.exe:              4] [lap=3,04    mS]            Tenaris.Library.Log | - EXEC dbo.GetColor  - laptime=256,744 ms
 RESULT SETS (1):
  #0, 4 records [id, description, isActive, startedAt, updatedAt]
	[1, Rojo, True, 29/4/2025 16:25:22, 1/1/0001 00:00:00]
	[3, Azul, True, 6/5/2025 14:52:23, 1/1/0001 00:00:00]
	[4, Verde, True, 6/5/2025 14:52:27, 1/1/0001 00:00:00]
	[5, Amarillo, True, 6/5/2025 14:52:31, 1/1/0001 00:00:00]
