
****************************************************
** New log start at: 11/5/2025 12:34:02                            
****************************************************
- 2025-05-11 12:34:02.019 [                      Host.exe:              7] [lap=6,25    mS]            Tenaris.Library.Log | - NEW THREAD
- 2025-05-11 12:34:02.104 [                      Host.exe:              7] [lap=89,91   mS]            Tenaris.Library.Log | - Application Profiling Service configured, trying to activate Tenaris.Service.Profiling.ProfilingService, Tenaris.Service.Profiling
! 2025-05-11 12:34:02.108 [                      Host.exe:              7] [lap=4,04    mS]            Tenaris.Library.Log | ! Application Profiling Service not loaded. Could not get type for type name Tenaris.Service.Profiling.ProfilingService, Tenaris.Service.Profiling
- 2025-05-11 12:34:02.110 [                      Host.exe:              7] [lap=1,27    mS]            Tenaris.Library.Log | - Default configuration provider was created because no other was configured.
- 2025-05-11 12:34:02.282 [                      Host.exe:              7] [lap=171,61  mS]            Tenaris.Library.Log | - [ASSEMBLY_LOADED] FullName=System.Data.resources, Version=4.0.0.0, Culture=es, PublicKeyToken=b77a5c561934e089 - Location=C:\WINDOWS\Microsoft.Net\assembly\GAC_MSIL\System.Data.resources\v4.0_4.0.0.0_es_b77a5c561934e089\System.Data.resources.dll
- 2025-05-11 12:34:02.509 [                      Host.exe:              7] [lap=226,30  mS]            Tenaris.Library.Log | - [ASSEMBLY_LOADED] FullName=System.EnterpriseServices, Version=4.0.0.0, Culture=neutral, PublicKeyToken=b03f5f7f11d50a3a - Location=C:\WINDOWS\Microsoft.Net\assembly\GAC_32\System.EnterpriseServices\v4.0_4.0.0.0__b03f5f7f11d50a3a\System.EnterpriseServices.dll
- 2025-05-11 12:34:03.306 [                      Host.exe:              7] [lap=796,72  mS]            Tenaris.Library.Log | - [ASSEMBLY_LOADED] FullName=System.Runtime.Caching, Version=4.0.0.0, Culture=neutral, PublicKeyToken=b03f5f7f11d50a3a - Location=C:\WINDOWS\Microsoft.Net\assembly\GAC_MSIL\System.Runtime.Caching\v4.0_4.0.0.0__b03f5f7f11d50a3a\System.Runtime.Caching.dll
@ 2025-05-11 12:34:03.583 [                      Host.exe:              7] [lap=277,09  mS]            Tenaris.Library.Log | @ Binding property 'GetPieceByState.rows' should not have a public setter
- 2025-05-11 12:34:03.765 [                      Host.exe:              7] [lap=182,50  mS]            Tenaris.Library.Log | - EXEC dbo.GetPieceByState #stateId=1 - laptime=108,2931 ms
 RESULT: [stateId=1]
 RESULT SETS (1):
  #0, 6 records [pieceId, colorId, materialId, stateId, typeId, width, length, thickness, pieceOrderId, isActive, startedAt, UpdatedAt]
	[4, 1, 1, 1, 1, 10, 10, 10, 1, True, 29/4/2025 16:29:17, 29/4/2025 16:29:17]
	[5, 1, 1, 1, 1, 10, 10, 10, 1, True, 29/4/2025 16:39:12, 29/4/2025 16:39:12]
	[6, 1, 1, 1, 1, 12, 12, 1, 0, True, 30/4/2025 17:30:50, 30/4/2025 17:30:50]
	[37, 2, 1, 1, 1, 0, 0, 0, 0, True, 6/5/2025 14:56:07, 6/5/2025 14:56:07]
	...
@ 2025-05-11 12:34:04.332 [                      Host.exe:              7] [lap=566,91  mS]            Tenaris.Library.Log | @ Binding property 'GetClient.rows' should not have a public setter
@ 2025-05-11 12:34:04.333 [                      Host.exe:              7] [lap=925,40  uS]            Tenaris.Library.Log | @ Binding property 'GetClient.rows' should not have a public setter
@ 2025-05-11 12:34:04.334 [                      Host.exe:              7] [lap=1,09    mS]            Tenaris.Library.Log | @ Binding property 'GetClient.rows' should not have a public setter
@ 2025-05-11 12:34:04.430 [                      Host.exe:              7] [lap=96,14   mS]            Tenaris.Library.Log | @ Binding property 'GetClient.rows' should not have a public setter
@ 2025-05-11 12:34:04.430 [                      Host.exe:              7] [lap=550,70  uS]            Tenaris.Library.Log | @ Binding property 'GetClient.rows' should not have a public setter
@ 2025-05-11 12:34:04.431 [                      Host.exe:              7] [lap=410,40  uS]            Tenaris.Library.Log | @ Binding property 'GetClient.rows' should not have a public setter
! 2025-05-11 12:34:04.440 [                      Host.exe:              7] [lap=9,47    mS]            Tenaris.Library.Log | ! Unable to get field 'clientId' while filling class 'ClientDto'.
- 2025-05-11 12:34:04.451 [                      Host.exe:              7] [lap=11,03   mS]            Tenaris.Library.Log | - EXEC dbo.GetClient  - laptime=96,1008 ms
 RESULT SETS (1):
  #0, 3 records [clientId, name, address, mobilePhone, cuit, isActive, startedAt, updatedAt]
	[0, Tenaris, calle 123, 123345, 123, True, 29/4/2025 16:23:07, 29/4/2025 16:23:07]
	[0, TubosSRL, calle 345, 12344, 345, True, 1/5/2025 14:35:32, 1/5/2025 14:35:32]
	[0, Siderca, calle 234, 12334, 323, True, 1/5/2025 14:37:07, 1/5/2025 14:37:07]
@ 2025-05-11 12:34:04.536 [                      Host.exe:              7] [lap=85,03   mS]            Tenaris.Library.Log | @ Binding property 'GetColor.rows' should not have a public setter
@ 2025-05-11 12:34:04.538 [                      Host.exe:              7] [lap=1,04    mS]            Tenaris.Library.Log | @ Binding property 'GetColor.rows' should not have a public setter
@ 2025-05-11 12:34:04.538 [                      Host.exe:              7] [lap=769,00  uS]            Tenaris.Library.Log | @ Binding property 'GetColor.rows' should not have a public setter
@ 2025-05-11 12:34:04.634 [                      Host.exe:              7] [lap=95,94   mS]            Tenaris.Library.Log | @ Binding property 'GetColor.rows' should not have a public setter
@ 2025-05-11 12:34:04.635 [                      Host.exe:              7] [lap=864,70  uS]            Tenaris.Library.Log | @ Binding property 'GetColor.rows' should not have a public setter
@ 2025-05-11 12:34:04.636 [                      Host.exe:              7] [lap=521,80  uS]            Tenaris.Library.Log | @ Binding property 'GetColor.rows' should not have a public setter
! 2025-05-11 12:34:04.641 [                      Host.exe:              7] [lap=5,05    mS]            Tenaris.Library.Log | ! Unable to get field 'colorId' while filling class 'ColorDto'.
! 2025-05-11 12:34:04.643 [                      Host.exe:              7] [lap=2,69    mS]            Tenaris.Library.Log | ! Unable to get field 'updatedAt' while filling class 'ColorDto'.
- 2025-05-11 12:34:04.649 [                      Host.exe:              7] [lap=5,37    mS]            Tenaris.Library.Log | - EXEC dbo.GetColor  - laptime=95,8442 ms
 RESULT SETS (1):
  #0, 4 records [colorId, description, isActive, startedAt, updatedAt]
	[0, Rojo, True, 29/4/2025 16:25:22, 1/1/0001 00:00:00]
	[0, Azul, True, 6/5/2025 14:52:23, 1/1/0001 00:00:00]
	[0, Verde, True, 6/5/2025 14:52:27, 1/1/0001 00:00:00]
	[0, Amarillo, True, 6/5/2025 14:52:31, 1/1/0001 00:00:00]
@ 2025-05-11 12:34:04.728 [                      Host.exe:              7] [lap=79,42   mS]            Tenaris.Library.Log | @ Binding property 'GetProcessType.rows' should not have a public setter
@ 2025-05-11 12:34:04.729 [                      Host.exe:              7] [lap=583,80  uS]            Tenaris.Library.Log | @ Binding property 'GetProcessType.rows' should not have a public setter
@ 2025-05-11 12:34:04.729 [                      Host.exe:              7] [lap=412,90  uS]            Tenaris.Library.Log | @ Binding property 'GetProcessType.rows' should not have a public setter
@ 2025-05-11 12:34:04.838 [                      Host.exe:              7] [lap=109,16  mS]            Tenaris.Library.Log | @ Binding property 'GetProcessType.rows' should not have a public setter
@ 2025-05-11 12:34:04.839 [                      Host.exe:              7] [lap=702,90  uS]            Tenaris.Library.Log | @ Binding property 'GetProcessType.rows' should not have a public setter
@ 2025-05-11 12:34:04.840 [                      Host.exe:              7] [lap=527,80  uS]            Tenaris.Library.Log | @ Binding property 'GetProcessType.rows' should not have a public setter
! 2025-05-11 12:34:04.842 [                      Host.exe:              7] [lap=2,60    mS]            Tenaris.Library.Log | ! Unable to get field 'processTypeId' while filling class 'ProcessTypeDto'.
- 2025-05-11 12:34:04.845 [                      Host.exe:              7] [lap=2,87    mS]            Tenaris.Library.Log | - EXEC dbo.GetProcessType  - laptime=109,0264 ms
 RESULT SETS (1):
  #0, 2 records [processTypeId, description, isActive, startedAt, updatedAt]
	[0, Estandar, True, 29/4/2025 16:32:01, 29/4/2025 16:32:01]
	[0, No estandar, True, 1/5/2025 14:43:53, 1/5/2025 14:43:53]
@ 2025-05-11 12:34:04.943 [                      Host.exe:              7] [lap=97,92   mS]            Tenaris.Library.Log | @ Binding property 'GetPieceType.rows' should not have a public setter
@ 2025-05-11 12:34:04.947 [                      Host.exe:              7] [lap=3,74    mS]            Tenaris.Library.Log | @ Binding property 'GetPieceType.rows' should not have a public setter
@ 2025-05-11 12:34:04.947 [                      Host.exe:              7] [lap=737,90  uS]            Tenaris.Library.Log | @ Binding property 'GetPieceType.rows' should not have a public setter
@ 2025-05-11 12:34:05.055 [                      Host.exe:              7] [lap=107,06  mS]            Tenaris.Library.Log | @ Binding property 'GetPieceType.rows' should not have a public setter
@ 2025-05-11 12:34:05.055 [                      Host.exe:              7] [lap=381,10  uS]            Tenaris.Library.Log | @ Binding property 'GetPieceType.rows' should not have a public setter
@ 2025-05-11 12:34:05.055 [                      Host.exe:              7] [lap=184,40  uS]            Tenaris.Library.Log | @ Binding property 'GetPieceType.rows' should not have a public setter
! 2025-05-11 12:34:05.057 [                      Host.exe:              7] [lap=1,88    mS]            Tenaris.Library.Log | ! Unable to get field 'pieceTypeId' while filling class 'PieceTypeDto'.
- 2025-05-11 12:34:05.059 [                      Host.exe:              7] [lap=1,85    mS]            Tenaris.Library.Log | - EXEC dbo.GetPieceType  - laptime=107,0438 ms
 RESULT SETS (1):
  #0, 2 records [pieceTypeId, description, isActive, startedAt, updatedAt]
	[0, Cuadrado, True, 24/4/2025 16:47:00, 24/4/2025 16:47:00]
	[0, Rectangulo, True, 24/4/2025 16:48:00, 24/4/2025 16:48:00]
@ 2025-05-11 12:34:05.127 [                      Host.exe:              7] [lap=67,68   mS]            Tenaris.Library.Log | @ Binding property 'GetMaterial.rows' should not have a public setter
@ 2025-05-11 12:34:05.128 [                      Host.exe:              7] [lap=1,08    mS]            Tenaris.Library.Log | @ Binding property 'GetMaterial.rows' should not have a public setter
@ 2025-05-11 12:34:05.129 [                      Host.exe:              7] [lap=1,19    mS]            Tenaris.Library.Log | @ Binding property 'GetMaterial.rows' should not have a public setter
@ 2025-05-11 12:34:05.252 [                      Host.exe:              7] [lap=123,17  mS]            Tenaris.Library.Log | @ Binding property 'GetMaterial.rows' should not have a public setter
@ 2025-05-11 12:34:05.253 [                      Host.exe:              7] [lap=594,70  uS]            Tenaris.Library.Log | @ Binding property 'GetMaterial.rows' should not have a public setter
@ 2025-05-11 12:34:05.253 [                      Host.exe:              7] [lap=393,50  uS]            Tenaris.Library.Log | @ Binding property 'GetMaterial.rows' should not have a public setter
! 2025-05-11 12:34:05.255 [                      Host.exe:              7] [lap=2,32    mS]            Tenaris.Library.Log | ! Unable to get field 'materialId' while filling class 'MaterialDto'.
- 2025-05-11 12:34:05.259 [                      Host.exe:              7] [lap=3,57    mS]            Tenaris.Library.Log | - EXEC dbo.GetMaterial  - laptime=123,4401 ms
 RESULT SETS (1):
  #0, 3 records [materialId, description, isActive, startedAt, updatedAt]
	[0, Acero, True, 29/4/2025 16:25:53, 29/4/2025 16:25:53]
	[0, Aluminio, True, 6/5/2025 14:53:18, 6/5/2025 14:53:18]
	[0, Hierro, True, 6/5/2025 14:53:27, 6/5/2025 14:53:27]
@ 2025-05-11 12:34:05.355 [                      Host.exe:              7] [lap=96,30   mS]            Tenaris.Library.Log | @ Binding property 'GetState.rows' should not have a public setter
@ 2025-05-11 12:34:05.355 [                      Host.exe:              7] [lap=656,40  uS]            Tenaris.Library.Log | @ Binding property 'GetState.rows' should not have a public setter
@ 2025-05-11 12:34:05.356 [                      Host.exe:              7] [lap=349,10  uS]            Tenaris.Library.Log | @ Binding property 'GetState.rows' should not have a public setter
@ 2025-05-11 12:34:05.558 [                      Host.exe:              7] [lap=202,18  mS]            Tenaris.Library.Log | @ Binding property 'GetState.rows' should not have a public setter
@ 2025-05-11 12:34:05.559 [                      Host.exe:              7] [lap=556,80  uS]            Tenaris.Library.Log | @ Binding property 'GetState.rows' should not have a public setter
@ 2025-05-11 12:34:05.559 [                      Host.exe:              7] [lap=315,70  uS]            Tenaris.Library.Log | @ Binding property 'GetState.rows' should not have a public setter
! 2025-05-11 12:34:05.564 [                      Host.exe:              7] [lap=4,91    mS]            Tenaris.Library.Log | ! Unable to get field 'stateId' while filling class 'StateDto'.
- 2025-05-11 12:34:05.581 [                      Host.exe:              7] [lap=16,99   mS]            Tenaris.Library.Log | - EXEC dbo.GetState  - laptime=202,0556 ms
 RESULT SETS (1):
  #0, 5 records [stateId, description, isActive, startedAt, updatedAt]
	[0, Ingresada, True, 29/4/2025 16:26:37, 29/4/2025 16:26:37]
	[0, Cortada, True, 2/5/2025 16:53:08, 2/5/2025 16:53:08]
	[0, Validada, True, 2/5/2025 16:53:08, 2/5/2025 16:53:08]
	[0, Pintada, True, 2/5/2025 16:53:08, 2/5/2025 16:53:08]
	[0, Solicitada, True, 2/5/2025 16:53:08, 2/5/2025 16:53:08]
- 2025-05-11 12:34:38.840 [                      Host.exe:              6] [lap=1,23    mS]            Tenaris.Library.Log | - NEW THREAD
@ 2025-05-11 12:34:38.841 [                      Host.exe:              6] [lap=345,10  uS]            Tenaris.Library.Log | @ Binding property 'InsPiece.identity' should not have a public setter
- 2025-05-11 12:34:38.904 [                      Host.exe:              6] [lap=63,65   mS]            Tenaris.Library.Log | - 
@ 2025-05-11 12:34:38.905 [                      Host.exe:              6] [lap=264,90  uS]            Tenaris.Library.Log | @ Error trying to run SQL command dbo.InsPiece. Message: The INSERT statement conflicted with the FOREIGN KEY constraint "FK_Piece_Color". The conflict occurred in database "production", table "dbo.Color", column 'id'.
+The statement has been terminated.
- 2025-05-11 12:34:40.070 [                      Host.exe:              6] [lap=1,17     S]            Tenaris.Library.Log | - [ASSEMBLY_LOADED] FullName=Microsoft.VisualStudio.Debugger.Runtime.Desktop, Version=17.0.0.0, Culture=neutral, PublicKeyToken=b03f5f7f11d50a3a - Location=C:\Program Files\Microsoft Visual Studio\2022\Professional\Common7\IDE\Remote Debugger\x86\Runtime\Microsoft.VisualStudio.Debugger.Runtime.Desktop.dll
