
****************************************************
** New log start at: 12/5/2025 17:54:55                            
****************************************************
- 2025-05-12 17:54:55.192 [                      Host.exe:              5] [lap=3,70    mS]            Tenaris.Library.Log | - NEW THREAD
- 2025-05-12 17:54:55.234 [                      Host.exe:              5] [lap=42,96   mS]            Tenaris.Library.Log | - Application Profiling Service configured, trying to activate Tenaris.Service.Profiling.ProfilingService, Tenaris.Service.Profiling
! 2025-05-12 17:54:55.237 [                      Host.exe:              5] [lap=2,69    mS]            Tenaris.Library.Log | ! Application Profiling Service not loaded. Could not get type for type name Tenaris.Service.Profiling.ProfilingService, Tenaris.Service.Profiling
- 2025-05-12 17:54:55.237 [                      Host.exe:              5] [lap=625,00  uS]            Tenaris.Library.Log | - Default configuration provider was created because no other was configured.
- 2025-05-12 17:54:55.367 [                      Host.exe:              5] [lap=129,56  mS]            Tenaris.Library.Log | - [ASSEMBLY_LOADED] FullName=System.Data.resources, Version=4.0.0.0, Culture=es, PublicKeyToken=b77a5c561934e089 - Location=C:\WINDOWS\Microsoft.Net\assembly\GAC_MSIL\System.Data.resources\v4.0_4.0.0.0_es_b77a5c561934e089\System.Data.resources.dll
- 2025-05-12 17:54:55.566 [                      Host.exe:              5] [lap=199,63  mS]            Tenaris.Library.Log | - [ASSEMBLY_LOADED] FullName=System.EnterpriseServices, Version=4.0.0.0, Culture=neutral, PublicKeyToken=b03f5f7f11d50a3a - Location=C:\WINDOWS\Microsoft.Net\assembly\GAC_32\System.EnterpriseServices\v4.0_4.0.0.0__b03f5f7f11d50a3a\System.EnterpriseServices.dll
- 2025-05-12 17:54:56.499 [                      Host.exe:              5] [lap=933,04  mS]            Tenaris.Library.Log | - [ASSEMBLY_LOADED] FullName=System.Runtime.Caching, Version=4.0.0.0, Culture=neutral, PublicKeyToken=b03f5f7f11d50a3a - Location=C:\WINDOWS\Microsoft.Net\assembly\GAC_MSIL\System.Runtime.Caching\v4.0_4.0.0.0__b03f5f7f11d50a3a\System.Runtime.Caching.dll
@ 2025-05-12 17:54:56.759 [                      Host.exe:              5] [lap=259,18  mS]            Tenaris.Library.Log | @ Binding property 'GetPieceByState.rows' should not have a public setter
- 2025-05-12 17:54:56.918 [                      Host.exe:              5] [lap=159,78  mS]            Tenaris.Library.Log | - EXEC dbo.GetPieceByState #stateId=1 - laptime=114,0073 ms
 RESULT: [stateId=1]
 RESULT SETS (1):
  #0, 10 records [pieceId, colorId, materialId, stateId, typeId, width, length, thickness, pieceOrderId, isActive, startedAt, UpdatedAt]
	[37, 2, 1, 1, 1, 0, 0, 0, 0, True, 6/5/2025 14:56:07, 6/5/2025 14:56:07]
	[39, 2, 1, 1, 2, 0, 0, 0, 0, True, 6/5/2025 17:16:19, 6/5/2025 17:16:19]
	[40, 2, 2, 1, 2, 0, 0, 0, 0, True, 6/5/2025 18:15:03, 6/5/2025 18:15:03]
	[52, 3, 1, 1, 2, 10, 10, 10, 0, True, 11/5/2025 16:00:42, 11/5/2025 16:00:42]
	...
@ 2025-05-12 17:54:57.002 [                      Host.exe:              5] [lap=83,64   mS]            Tenaris.Library.Log | @ Binding property 'GetPieceOrderByPieceId.rows' should not have a public setter
- 2025-05-12 17:54:57.103 [                      Host.exe:              5] [lap=101,12  mS]            Tenaris.Library.Log | - EXEC dbo.GetPieceOrderByPieceId #pieceid=37 - laptime=97,7945 ms
 RESULT: [pieceid=37]
 RESULT SETS (1):
  #0, 1 records [id, workOrderId, pieceId, isActive, startedAt, UpdatedAt]
	[11, 21, 37, True, 6/5/2025 14:56:07, 6/5/2025 14:56:07]
@ 2025-05-12 17:54:57.195 [                      Host.exe:              5] [lap=91,63   mS]            Tenaris.Library.Log | @ Binding property 'PieceOrderLastState.rows' should not have a public setter
- 2025-05-12 17:54:57.299 [                      Host.exe:              5] [lap=104,51  mS]            Tenaris.Library.Log | - EXEC dbo.PieceOrderLastState #workOrderId=21 - laptime=102,3645 ms
 RESULT: [workOrderId=21]
 RESULT SETS (1):
  #0, 1 records [stateId, workOrderId]
	[1, 21]
- 2025-05-12 17:54:57.397 [                      Host.exe:              5] [lap=98,05   mS]            Tenaris.Library.Log | - EXEC dbo.GetPieceOrderByPieceId #pieceid=39 - laptime=97,1069 ms
 RESULT: [pieceid=39]
 RESULT SETS (1):
  #0, 1 records [id, workOrderId, pieceId, isActive, startedAt, UpdatedAt]
	[12, 23, 39, True, 6/5/2025 17:16:20, 6/5/2025 17:16:20]
- 2025-05-12 17:54:57.504 [                      Host.exe:              5] [lap=107,04  mS]            Tenaris.Library.Log | - EXEC dbo.PieceOrderLastState #workOrderId=23 - laptime=106,2901 ms
 RESULT: [workOrderId=23]
 RESULT SETS (1):
  #0, 1 records [stateId, workOrderId]
	[3, 23]
- 2025-05-12 17:54:57.605 [                      Host.exe:              5] [lap=100,90  mS]            Tenaris.Library.Log | - EXEC dbo.GetPieceOrderByPieceId #pieceid=40 - laptime=100,298 ms
 RESULT: [pieceid=40]
 RESULT SETS (1):
  #0, 1 records [id, workOrderId, pieceId, isActive, startedAt, UpdatedAt]
	[13, 22, 40, True, 6/5/2025 18:15:03, 6/5/2025 18:15:03]
- 2025-05-12 17:54:57.705 [                      Host.exe:              5] [lap=99,08   mS]            Tenaris.Library.Log | - EXEC dbo.PieceOrderLastState #workOrderId=22 - laptime=98,5152 ms
 RESULT: [workOrderId=22]
 RESULT SETS (1):
  #0, 1 records [stateId, workOrderId]
	[2, 22]
- 2025-05-12 17:54:57.807 [                      Host.exe:              5] [lap=102,38  mS]            Tenaris.Library.Log | - EXEC dbo.GetPieceOrderByPieceId #pieceid=52 - laptime=101,4539 ms
 RESULT: [pieceid=52]
 RESULT SETS (1):
  #0, 1 records [id, workOrderId, pieceId, isActive, startedAt, UpdatedAt]
	[20, 25, 52, True, 11/5/2025 18:33:32, 11/5/2025 18:33:32]
- 2025-05-12 17:54:57.923 [                      Host.exe:              5] [lap=116,27  mS]            Tenaris.Library.Log | - EXEC dbo.PieceOrderLastState #workOrderId=25 - laptime=115,3571 ms
 RESULT: [workOrderId=25]
 RESULT SETS (1):
  #0, 1 records [stateId, workOrderId]
	[2, 25]
- 2025-05-12 17:54:58.013 [                      Host.exe:              5] [lap=90,00   mS]            Tenaris.Library.Log | - EXEC dbo.GetPieceOrderByPieceId #pieceid=57 - laptime=88,9776 ms
 RESULT: [pieceid=57]
 RESULT SETS (1):
  #0, 1 records [id, workOrderId, pieceId, isActive, startedAt, UpdatedAt]
	[23, 26, 57, True, 11/5/2025 18:42:54, 11/5/2025 18:42:54]
- 2025-05-12 17:54:58.115 [                      Host.exe:              5] [lap=101,70  mS]            Tenaris.Library.Log | - EXEC dbo.PieceOrderLastState #workOrderId=26 - laptime=100,9616 ms
 RESULT: [workOrderId=26]
 RESULT SETS (1):
  #0, 1 records [stateId, workOrderId]
	[2, 26]
- 2025-05-12 17:54:58.216 [                      Host.exe:              5] [lap=101,44  mS]            Tenaris.Library.Log | - EXEC dbo.GetPieceOrderByPieceId #pieceid=59 - laptime=100,9126 ms
 RESULT: [pieceid=59]
 RESULT SETS (1):
  #0, 1 records [id, workOrderId, pieceId, isActive, startedAt, UpdatedAt]
	[25, 27, 59, True, 11/5/2025 23:39:45, 11/5/2025 23:39:45]
- 2025-05-12 17:54:58.319 [                      Host.exe:              5] [lap=102,33  mS]            Tenaris.Library.Log | - EXEC dbo.PieceOrderLastState #workOrderId=27 - laptime=99,5974 ms
 RESULT: [workOrderId=27]
 RESULT SETS (1):
  #0, 1 records [stateId, workOrderId]
	[2, 27]
- 2025-05-12 17:54:58.425 [                      Host.exe:              5] [lap=105,67  mS]            Tenaris.Library.Log | - EXEC dbo.GetPieceOrderByPieceId #pieceid=61 - laptime=104,9936 ms
 RESULT: [pieceid=61]
 RESULT SETS (1):
  #0, 1 records [id, workOrderId, pieceId, isActive, startedAt, UpdatedAt]
	[27, 24, 61, True, 12/5/2025 17:47:37, 12/5/2025 17:47:37]
- 2025-05-12 17:54:58.527 [                      Host.exe:              5] [lap=103,00  mS]            Tenaris.Library.Log | - EXEC dbo.PieceOrderLastState #workOrderId=24 - laptime=102,4252 ms
 RESULT: [workOrderId=24]
 RESULT SETS (1):
  #0, 1 records [stateId, workOrderId]
	[4, 24]
- 2025-05-12 17:54:58.626 [                      Host.exe:              5] [lap=98,68   mS]            Tenaris.Library.Log | - EXEC dbo.GetPieceOrderByPieceId #pieceid=66 - laptime=97,9466 ms
 RESULT: [pieceid=66]
 RESULT SETS (1):
  #0, 1 records [id, workOrderId, pieceId, isActive, startedAt, UpdatedAt]
	[32, 28, 66, True, 12/5/2025 17:54:09, 12/5/2025 17:54:09]
- 2025-05-12 17:54:58.683 [                      Host.exe:              5] [lap=57,24   mS]            Tenaris.Library.Log | - EXEC dbo.PieceOrderLastState #workOrderId=28 - laptime=56,4805 ms
 RESULT: [workOrderId=28]
 RESULT SETS (1):
  #0, 1 records [stateId, workOrderId]
	[2, 28]
- 2025-05-12 17:54:58.832 [                      Host.exe:              5] [lap=148,60  mS]            Tenaris.Library.Log | - EXEC dbo.GetPieceOrderByPieceId #pieceid=69 - laptime=147,8383 ms
 RESULT: [pieceid=69]
 RESULT SETS (1):
  #0, 1 records [id, workOrderId, pieceId, isActive, startedAt, UpdatedAt]
	[34, 29, 69, True, 12/5/2025 19:38:33, 12/5/2025 19:38:33]
- 2025-05-12 17:54:58.934 [                      Host.exe:              5] [lap=102,35  mS]            Tenaris.Library.Log | - EXEC dbo.PieceOrderLastState #workOrderId=29 - laptime=101,4892 ms
 RESULT: [workOrderId=29]
 RESULT SETS (1):
  #0, 1 records [stateId, workOrderId]
	[2, 29]
- 2025-05-12 17:54:59.035 [                      Host.exe:              5] [lap=101,56  mS]            Tenaris.Library.Log | - EXEC dbo.GetPieceOrderByPieceId #pieceid=71 - laptime=100,673 ms
 RESULT: [pieceid=71]
 RESULT SETS (1):
  #0, 1 records [id, workOrderId, pieceId, isActive, startedAt, UpdatedAt]
	[36, 30, 71, True, 12/5/2025 20:31:20, 12/5/2025 20:31:20]
- 2025-05-12 17:54:59.138 [                      Host.exe:              5] [lap=102,24  mS]            Tenaris.Library.Log | - EXEC dbo.PieceOrderLastState #workOrderId=30 - laptime=101,4507 ms
 RESULT: [workOrderId=30]
 RESULT SETS (1):
  #0, 1 records [stateId, workOrderId]
	[3, 30]
- 2025-05-12 17:54:59.222 [                      Host.exe:              5] [lap=84,00   mS]            Tenaris.Library.Log | - EXEC dbo.GetPieceByState #stateId=2 - laptime=74,0751 ms
 RESULT: [stateId=2]
 RESULT SETS (1):
  #0, 12 records [pieceId, colorId, materialId, stateId, typeId, width, length, thickness, pieceOrderId, isActive, startedAt, UpdatedAt]
	[43, 4, 2, 2, 2, 30, 30, 30, 0, True, 8/5/2025 19:25:54, 8/5/2025 19:25:54]
	[44, 4, 2, 2, 2, 30, 30, 30, 0, True, 10/5/2025 15:01:20, 10/5/2025 15:01:20]
	[45, 4, 2, 2, 2, 111, 111, 111, 0, True, 10/5/2025 15:21:30, 10/5/2025 15:21:30]
	[54, 3, 1, 2, 2, 10, 10, 20, 0, True, 11/5/2025 18:20:35, 11/5/2025 18:20:35]
	...
- 2025-05-12 17:54:59.343 [                      Host.exe:              5] [lap=121,69  mS]            Tenaris.Library.Log | - EXEC dbo.GetPieceOrderByPieceId #pieceid=43 - laptime=120,8208 ms
 RESULT: [pieceid=43]
 RESULT SETS (1):
  #0, 1 records [id, workOrderId, pieceId, isActive, startedAt, UpdatedAt]
	[14, 22, 43, True, 8/5/2025 19:25:54, 8/5/2025 19:25:54]
- 2025-05-12 17:54:59.445 [                      Host.exe:              5] [lap=101,95  mS]            Tenaris.Library.Log | - EXEC dbo.PieceOrderLastState #workOrderId=22 - laptime=101,162 ms
 RESULT: [workOrderId=22]
 RESULT SETS (1):
  #0, 1 records [stateId, workOrderId]
	[2, 22]
- 2025-05-12 17:54:59.495 [                      Host.exe:              5] [lap=49,60   mS]            Tenaris.Library.Log | - EXEC dbo.GetPieceOrderByPieceId #pieceid=44 - laptime=48,8598 ms
 RESULT: [pieceid=44]
 RESULT SETS (1):
  #0, 1 records [id, workOrderId, pieceId, isActive, startedAt, UpdatedAt]
	[15, 22, 44, True, 10/5/2025 15:01:20, 10/5/2025 15:01:20]
- 2025-05-12 17:54:59.552 [                      Host.exe:              5] [lap=57,21   mS]            Tenaris.Library.Log | - EXEC dbo.PieceOrderLastState #workOrderId=22 - laptime=56,625 ms
 RESULT: [workOrderId=22]
 RESULT SETS (1):
  #0, 1 records [stateId, workOrderId]
	[2, 22]
- 2025-05-12 17:54:59.613 [                      Host.exe:              5] [lap=61,42   mS]            Tenaris.Library.Log | - EXEC dbo.GetPieceOrderByPieceId #pieceid=45 - laptime=60,813 ms
 RESULT: [pieceid=45]
 RESULT SETS (1):
  #0, 1 records [id, workOrderId, pieceId, isActive, startedAt, UpdatedAt]
	[16, 22, 45, True, 10/5/2025 15:21:30, 10/5/2025 15:21:30]
- 2025-05-12 17:54:59.752 [                      Host.exe:              5] [lap=138,56  mS]            Tenaris.Library.Log | - EXEC dbo.PieceOrderLastState #workOrderId=22 - laptime=135,9043 ms
 RESULT: [workOrderId=22]
 RESULT SETS (1):
  #0, 1 records [stateId, workOrderId]
	[2, 22]
- 2025-05-12 17:54:59.855 [                      Host.exe:              5] [lap=102,31  mS]            Tenaris.Library.Log | - EXEC dbo.GetPieceOrderByPieceId #pieceid=54 - laptime=101,6704 ms
 RESULT: [pieceid=54]
 RESULT SETS (1):
- 2025-05-12 17:54:59.957 [                      Host.exe:              5] [lap=102,81  mS]            Tenaris.Library.Log | - EXEC dbo.GetPieceOrderByPieceId #pieceid=55 - laptime=102,2805 ms
 RESULT: [pieceid=55]
 RESULT SETS (1):
  #0, 1 records [id, workOrderId, pieceId, isActive, startedAt, UpdatedAt]
	[21, 25, 55, True, 11/5/2025 18:34:01, 11/5/2025 18:34:01]
- 2025-05-12 17:55:00.061 [                      Host.exe:              5] [lap=102,91  mS]            Tenaris.Library.Log | - EXEC dbo.PieceOrderLastState #workOrderId=25 - laptime=102,3403 ms
 RESULT: [workOrderId=25]
 RESULT SETS (1):
  #0, 1 records [stateId, workOrderId]
	[2, 25]
- 2025-05-12 17:55:00.162 [                      Host.exe:              5] [lap=101,69  mS]            Tenaris.Library.Log | - EXEC dbo.GetPieceOrderByPieceId #pieceid=56 - laptime=100,9223 ms
 RESULT: [pieceid=56]
 RESULT SETS (1):
  #0, 1 records [id, workOrderId, pieceId, isActive, startedAt, UpdatedAt]
	[22, 25, 56, True, 11/5/2025 18:42:01, 11/5/2025 18:42:01]
- 2025-05-12 17:55:00.264 [                      Host.exe:              5] [lap=102,27  mS]            Tenaris.Library.Log | - EXEC dbo.PieceOrderLastState #workOrderId=25 - laptime=101,7198 ms
 RESULT: [workOrderId=25]
 RESULT SETS (1):
  #0, 1 records [stateId, workOrderId]
	[2, 25]
- 2025-05-12 17:55:00.393 [                      Host.exe:              5] [lap=128,88  mS]            Tenaris.Library.Log | - EXEC dbo.GetPieceOrderByPieceId #pieceid=58 - laptime=128,0145 ms
 RESULT: [pieceid=58]
 RESULT SETS (1):
  #0, 1 records [id, workOrderId, pieceId, isActive, startedAt, UpdatedAt]
	[24, 26, 58, True, 11/5/2025 18:43:12, 11/5/2025 18:43:12]
- 2025-05-12 17:55:00.454 [                      Host.exe:              5] [lap=61,82   mS]            Tenaris.Library.Log | - EXEC dbo.PieceOrderLastState #workOrderId=26 - laptime=61,1432 ms
 RESULT: [workOrderId=26]
 RESULT SETS (1):
  #0, 1 records [stateId, workOrderId]
	[2, 26]
- 2025-05-12 17:55:00.576 [                      Host.exe:              5] [lap=120,78  mS]            Tenaris.Library.Log | - EXEC dbo.GetPieceOrderByPieceId #pieceid=60 - laptime=120,2657 ms
 RESULT: [pieceid=60]
 RESULT SETS (1):
  #0, 1 records [id, workOrderId, pieceId, isActive, startedAt, UpdatedAt]
	[26, 27, 60, True, 12/5/2025 17:29:24, 12/5/2025 17:29:24]
- 2025-05-12 17:55:00.674 [                      Host.exe:              5] [lap=98,03   mS]            Tenaris.Library.Log | - EXEC dbo.PieceOrderLastState #workOrderId=27 - laptime=97,4301 ms
 RESULT: [workOrderId=27]
 RESULT SETS (1):
  #0, 1 records [stateId, workOrderId]
	[2, 27]
- 2025-05-12 17:55:00.779 [                      Host.exe:              5] [lap=104,48  mS]            Tenaris.Library.Log | - EXEC dbo.GetPieceOrderByPieceId #pieceid=62 - laptime=103,9429 ms
 RESULT: [pieceid=62]
 RESULT SETS (1):
  #0, 1 records [id, workOrderId, pieceId, isActive, startedAt, UpdatedAt]
	[28, 24, 62, True, 12/5/2025 17:48:26, 12/5/2025 17:48:26]
- 2025-05-12 17:55:00.879 [                      Host.exe:              5] [lap=100,42  mS]            Tenaris.Library.Log | - EXEC dbo.PieceOrderLastState #workOrderId=24 - laptime=99,9081 ms
 RESULT: [workOrderId=24]
 RESULT SETS (1):
  #0, 1 records [stateId, workOrderId]
	[4, 24]
- 2025-05-12 17:55:00.984 [                      Host.exe:              5] [lap=105,48  mS]            Tenaris.Library.Log | - EXEC dbo.GetPieceOrderByPieceId #pieceid=64 - laptime=104,9449 ms
 RESULT: [pieceid=64]
 RESULT SETS (1):
  #0, 1 records [id, workOrderId, pieceId, isActive, startedAt, UpdatedAt]
	[30, 24, 64, True, 12/5/2025 17:52:31, 12/5/2025 17:52:31]
- 2025-05-12 17:55:01.090 [                      Host.exe:              5] [lap=106,67  mS]            Tenaris.Library.Log | - EXEC dbo.PieceOrderLastState #workOrderId=24 - laptime=106,0833 ms
 RESULT: [workOrderId=24]
 RESULT SETS (1):
  #0, 1 records [stateId, workOrderId]
	[4, 24]
- 2025-05-12 17:55:01.197 [                      Host.exe:              5] [lap=105,61  mS]            Tenaris.Library.Log | - EXEC dbo.GetPieceOrderByPieceId #pieceid=67 - laptime=104,908 ms
 RESULT: [pieceid=67]
 RESULT SETS (1):
  #0, 1 records [id, workOrderId, pieceId, isActive, startedAt, UpdatedAt]
	[33, 28, 67, True, 12/5/2025 17:54:38, 12/5/2025 17:54:38]
- 2025-05-12 17:55:01.290 [                      Host.exe:              5] [lap=94,25   mS]            Tenaris.Library.Log | - EXEC dbo.PieceOrderLastState #workOrderId=28 - laptime=93,4351 ms
 RESULT: [workOrderId=28]
 RESULT SETS (1):
  #0, 1 records [stateId, workOrderId]
	[2, 28]
- 2025-05-12 17:55:01.391 [                      Host.exe:              5] [lap=100,92  mS]            Tenaris.Library.Log | - EXEC dbo.GetPieceOrderByPieceId #pieceid=70 - laptime=97,4833 ms
 RESULT: [pieceid=70]
 RESULT SETS (1):
  #0, 1 records [id, workOrderId, pieceId, isActive, startedAt, UpdatedAt]
	[35, 29, 70, True, 12/5/2025 19:39:24, 12/5/2025 19:39:24]
- 2025-05-12 17:55:01.493 [                      Host.exe:              5] [lap=101,56  mS]            Tenaris.Library.Log | - EXEC dbo.PieceOrderLastState #workOrderId=29 - laptime=101,0187 ms
 RESULT: [workOrderId=29]
 RESULT SETS (1):
  #0, 1 records [stateId, workOrderId]
	[2, 29]
- 2025-05-12 17:55:01.599 [                      Host.exe:              5] [lap=106,22  mS]            Tenaris.Library.Log | - EXEC dbo.GetPieceByState #stateId=3 - laptime=101,6156 ms
 RESULT: [stateId=3]
 RESULT SETS (1):
  #0, 3 records [pieceId, colorId, materialId, stateId, typeId, width, length, thickness, pieceOrderId, isActive, startedAt, UpdatedAt]
	[42, 2, 2, 3, 2, 30, 30, 30, 0, True, 8/5/2025 18:57:15, 8/5/2025 18:57:15]
	[46, 4, 1, 3, 2, 45, 45, 45, 0, True, 10/5/2025 16:11:48, 10/5/2025 16:11:48]
	[72, 3, 1, 3, 1, 10, 10, 1, 0, True, 12/5/2025 20:31:41, 12/5/2025 20:31:41]
- 2025-05-12 17:55:01.698 [                      Host.exe:              5] [lap=98,69   mS]            Tenaris.Library.Log | - EXEC dbo.GetPieceOrderByPieceId #pieceid=42 - laptime=98,0116 ms
 RESULT: [pieceid=42]
 RESULT SETS (1):
- 2025-05-12 17:55:01.801 [                      Host.exe:              5] [lap=103,22  mS]            Tenaris.Library.Log | - EXEC dbo.GetPieceOrderByPieceId #pieceid=46 - laptime=102,116 ms
 RESULT: [pieceid=46]
 RESULT SETS (1):
  #0, 1 records [id, workOrderId, pieceId, isActive, startedAt, UpdatedAt]
	[17, 23, 46, True, 10/5/2025 16:11:48, 10/5/2025 16:11:48]
- 2025-05-12 17:55:01.902 [                      Host.exe:              5] [lap=101,43  mS]            Tenaris.Library.Log | - EXEC dbo.PieceOrderLastState #workOrderId=23 - laptime=100,8924 ms
 RESULT: [workOrderId=23]
 RESULT SETS (1):
  #0, 1 records [stateId, workOrderId]
	[3, 23]
- 2025-05-12 17:55:02.005 [                      Host.exe:              5] [lap=102,39  mS]            Tenaris.Library.Log | - EXEC dbo.GetPieceOrderByPieceId #pieceid=72 - laptime=101,6337 ms
 RESULT: [pieceid=72]
 RESULT SETS (1):
  #0, 1 records [id, workOrderId, pieceId, isActive, startedAt, UpdatedAt]
	[37, 30, 72, True, 12/5/2025 20:31:41, 12/5/2025 20:31:41]
- 2025-05-12 17:55:02.060 [                      Host.exe:              5] [lap=55,09   mS]            Tenaris.Library.Log | - EXEC dbo.PieceOrderLastState #workOrderId=30 - laptime=54,58 ms
 RESULT: [workOrderId=30]
 RESULT SETS (1):
  #0, 1 records [stateId, workOrderId]
	[3, 30]
- 2025-05-12 17:56:13.795 [                      Host.exe:              9] [lap=695,40  uS]            Tenaris.Library.Log | - NEW THREAD
@ 2025-05-12 17:56:13.795 [                      Host.exe:              9] [lap=193,10  uS]            Tenaris.Library.Log | @ Binding property 'GetStationById.rows' should not have a public setter
- 2025-05-12 17:56:13.908 [                      Host.exe:              9] [lap=112,25  mS]            Tenaris.Library.Log | - EXEC dbo.GetStationByIdAle #id=4 - laptime=106,8406 ms
 RESULT: [id=4]
 RESULT SETS (1):
  #0, 1 records [stationId, name, pieceIdOnEntry, pieceIdOnProcess, pieceIdOnExit, stationTypeId, productionLineId, isActive, startedAt, updatedAt]
	[4, Pintura, 0, 72, 0, 4, 1, True, 3/5/2025 13:45:11, 3/5/2025 13:45:11]
- 2025-05-12 17:56:14.108 [                      Host.exe:              9] [lap=200,13  mS]            Tenaris.Library.Log | - EXEC dbo.PutPieceOnEntry #stationid=4#pieceid=72 - laptime=111,8261 ms
- 2025-05-12 17:56:15.466 [                      Host.exe:              9] [lap=1,36     S]            Tenaris.Library.Log | - EXEC dbo.GetStationByIdAle #id=4 - laptime=179,3037 ms
 RESULT: [id=4]
 RESULT SETS (1):
  #0, 1 records [stationId, name, pieceIdOnEntry, pieceIdOnProcess, pieceIdOnExit, stationTypeId, productionLineId, isActive, startedAt, updatedAt]
	[4, Pintura, 72, 72, 0, 4, 1, True, 3/5/2025 13:45:11, 3/5/2025 13:45:11]
@ 2025-05-12 17:56:15.735 [                      Host.exe:              9] [lap=269,63  mS]            Tenaris.Library.Log | @ Binding property 'GetColor.rows' should not have a public setter
@ 2025-05-12 17:56:15.736 [                      Host.exe:              9] [lap=649,40  uS]            Tenaris.Library.Log | @ Binding property 'GetColor.rows' should not have a public setter
@ 2025-05-12 17:56:15.737 [                      Host.exe:              9] [lap=586,00  uS]            Tenaris.Library.Log | @ Binding property 'GetColor.rows' should not have a public setter
@ 2025-05-12 17:56:15.837 [                      Host.exe:              9] [lap=100,50  mS]            Tenaris.Library.Log | @ Binding property 'GetColor.rows' should not have a public setter
@ 2025-05-12 17:56:15.837 [                      Host.exe:              9] [lap=235,10  uS]            Tenaris.Library.Log | @ Binding property 'GetColor.rows' should not have a public setter
@ 2025-05-12 17:56:15.837 [                      Host.exe:              9] [lap=174,80  uS]            Tenaris.Library.Log | @ Binding property 'GetColor.rows' should not have a public setter
! 2025-05-12 17:56:15.842 [                      Host.exe:              9] [lap=4,46    mS]            Tenaris.Library.Log | ! Unable to get field 'updatedAt' while filling class 'ColorDto'.
- 2025-05-12 17:56:15.844 [                      Host.exe:              9] [lap=1,96    mS]            Tenaris.Library.Log | - EXEC dbo.GetColor  - laptime=100,4954 ms
 RESULT SETS (1):
  #0, 4 records [id, description, isActive, startedAt, updatedAt]
	[1, Rojo, True, 29/4/2025 16:25:22, 1/1/0001 00:00:00]
	[3, Azul, True, 6/5/2025 14:52:23, 1/1/0001 00:00:00]
	[4, Verde, True, 6/5/2025 14:52:27, 1/1/0001 00:00:00]
	[5, Amarillo, True, 6/5/2025 14:52:31, 1/1/0001 00:00:00]
@ 2025-05-12 17:56:16.862 [                      Host.exe:              9] [lap=1,02     S]            Tenaris.Library.Log | @ Binding property 'GetPieceById.rows' should not have a public setter
- 2025-05-12 17:56:16.964 [                      Host.exe:              9] [lap=102,11  mS]            Tenaris.Library.Log | - EXEC dbo.GetPieceByIdAle #id=72 - laptime=101,2516 ms
 RESULT: [id=72]
 RESULT SETS (1):
  #0, 1 records [pieceId, colorId, materialId, stateId, typeId, width, length, thickness, pieceOrderId, isActive, startedAt, UpdatedAt]
	[72, 3, 1, 3, 1, 10, 10, 1, 0, True, 12/5/2025 20:31:41, 12/5/2025 20:31:41]
- 2025-05-12 17:56:17.171 [                      Host.exe:              9] [lap=206,17  mS]            Tenaris.Library.Log | - EXEC dbo.PutPieceOnProcess #stationid=4#pieceid=72 - laptime=95,779 ms
- 2025-05-12 17:56:17.271 [                      Host.exe:              9] [lap=100,73  mS]            Tenaris.Library.Log | - EXEC dbo.GetStationByIdAle #id=4 - laptime=98,8487 ms
 RESULT: [id=4]
 RESULT SETS (1):
  #0, 1 records [stationId, name, pieceIdOnEntry, pieceIdOnProcess, pieceIdOnExit, stationTypeId, productionLineId, isActive, startedAt, updatedAt]
	[4, Pintura, 0, 72, 0, 4, 1, True, 3/5/2025 13:45:11, 3/5/2025 13:45:11]
- 2025-05-12 17:56:17.377 [                      Host.exe:              9] [lap=105,53  mS]            Tenaris.Library.Log | - EXEC dbo.GetPieceOrderByPieceId #pieceid=72 - laptime=101,2165 ms
 RESULT: [pieceid=72]
 RESULT SETS (1):
  #0, 1 records [id, workOrderId, pieceId, isActive, startedAt, UpdatedAt]
	[37, 30, 72, True, 12/5/2025 20:31:41, 12/5/2025 20:31:41]
@ 2025-05-12 17:56:17.478 [                      Host.exe:              9] [lap=100,78  mS]            Tenaris.Library.Log | @ Binding property 'GetWorkOrderById.rows' should not have a public setter
- 2025-05-12 17:56:17.584 [                      Host.exe:              9] [lap=106,12  mS]            Tenaris.Library.Log | - EXEC dbo.GetWorkOrderByIdAle #workorderid=30 - laptime=101,7116 ms
 RESULT: [workorderid=30]
 RESULT SETS (1):
  #0, 1 records [workOrderId, date, lote, colada, clientId, pieceId, quantity, processTypeId, isActive, startedAt, updatedAt]
	[30, 18/12/2022 00:00:00, 122, 110, 1, 71, 10, 1, True, 12/5/2025 20:31:19, 12/5/2025 20:31:19]
- 2025-05-12 17:56:17.681 [                      Host.exe:              9] [lap=97,19   mS]            Tenaris.Library.Log | - EXEC dbo.GetPieceByIdAle #id=71 - laptime=93,863 ms
 RESULT: [id=71]
 RESULT SETS (1):
  #0, 1 records [pieceId, colorId, materialId, stateId, typeId, width, length, thickness, pieceOrderId, isActive, startedAt, UpdatedAt]
	[71, 3, 1, 1, 1, 10, 10, 1, 0, True, 12/5/2025 20:31:19, 12/5/2025 20:31:19]
@ 2025-05-12 17:56:17.683 [                      Host.exe:              9] [lap=2,23    mS]            Tenaris.Library.Log | @ Binding property 'GetColor.rows' should not have a public setter
@ 2025-05-12 17:56:17.683 [                      Host.exe:              9] [lap=232,30  uS]            Tenaris.Library.Log | @ Binding property 'GetColor.rows' should not have a public setter
@ 2025-05-12 17:56:17.684 [                      Host.exe:              9] [lap=212,80  uS]            Tenaris.Library.Log | @ Binding property 'GetColor.rows' should not have a public setter
@ 2025-05-12 17:56:17.785 [                      Host.exe:              9] [lap=101,31  mS]            Tenaris.Library.Log | @ Binding property 'GetColor.rows' should not have a public setter
@ 2025-05-12 17:56:17.785 [                      Host.exe:              9] [lap=317,70  uS]            Tenaris.Library.Log | @ Binding property 'GetColor.rows' should not have a public setter
@ 2025-05-12 17:56:17.785 [                      Host.exe:              9] [lap=157,60  uS]            Tenaris.Library.Log | @ Binding property 'GetColor.rows' should not have a public setter
! 2025-05-12 17:56:17.786 [                      Host.exe:              9] [lap=550,50  uS]            Tenaris.Library.Log | ! Unable to get field 'updatedAt' while filling class 'ColorDto'.
- 2025-05-12 17:56:17.786 [                      Host.exe:              9] [lap=876,00  uS]            Tenaris.Library.Log | - EXEC dbo.GetColor  - laptime=101,2176 ms
 RESULT SETS (1):
  #0, 4 records [id, description, isActive, startedAt, updatedAt]
	[1, Rojo, True, 29/4/2025 16:25:22, 1/1/0001 00:00:00]
	[3, Azul, True, 6/5/2025 14:52:23, 1/1/0001 00:00:00]
	[4, Verde, True, 6/5/2025 14:52:27, 1/1/0001 00:00:00]
	[5, Amarillo, True, 6/5/2025 14:52:31, 1/1/0001 00:00:00]
@ 2025-05-12 17:56:17.888 [                      Host.exe:              9] [lap=101,42  mS]            Tenaris.Library.Log | @ Binding property 'GetPieceType.rows' should not have a public setter
@ 2025-05-12 17:56:17.889 [                      Host.exe:              9] [lap=349,10  uS]            Tenaris.Library.Log | @ Binding property 'GetPieceType.rows' should not have a public setter
@ 2025-05-12 17:56:17.889 [                      Host.exe:              9] [lap=212,90  uS]            Tenaris.Library.Log | @ Binding property 'GetPieceType.rows' should not have a public setter
@ 2025-05-12 17:56:17.988 [                      Host.exe:              9] [lap=99,28   mS]            Tenaris.Library.Log | @ Binding property 'GetPieceType.rows' should not have a public setter
@ 2025-05-12 17:56:17.988 [                      Host.exe:              9] [lap=286,80  uS]            Tenaris.Library.Log | @ Binding property 'GetPieceType.rows' should not have a public setter
@ 2025-05-12 17:56:17.989 [                      Host.exe:              9] [lap=163,90  uS]            Tenaris.Library.Log | @ Binding property 'GetPieceType.rows' should not have a public setter
- 2025-05-12 17:56:17.990 [                      Host.exe:              9] [lap=1,97    mS]            Tenaris.Library.Log | - EXEC dbo.GetPieceType  - laptime=99,2023 ms
 RESULT SETS (1):
  #0, 2 records [id, description, isActive, startedAt, updatedAt]
	[1, Cuadrado, True, 24/4/2025 16:47:00, 24/4/2025 16:47:00]
	[2, Rectangulo, True, 24/4/2025 16:48:00, 24/4/2025 16:48:00]
@ 2025-05-12 17:56:21.880 [                      Host.exe:              9] [lap=3,89     S]            Tenaris.Library.Log | @ Binding property 'PaintPiece.identity' should not have a public setter
- 2025-05-12 17:56:22.089 [                      Host.exe:              9] [lap=208,53  mS]            Tenaris.Library.Log | - 
@ 2025-05-12 17:56:22.089 [                      Host.exe:              9] [lap=165,00  uS]            Tenaris.Library.Log | @ Error trying to run SQL command dbo.PaintPiece. Message: Cannot insert the value NULL into column 'materialId', table 'production.dbo.Piece'; column does not allow nulls. INSERT fails.
+Cannot insert the value NULL into column 'pieceId', table 'production.dbo.PieceOrder'; column does not allow nulls. INSERT fails.
+The statement has been terminated.
+The statement has been terminated.
- 2025-05-12 17:56:23.239 [                      Host.exe:              9] [lap=1,15     S]            Tenaris.Library.Log | - [ASSEMBLY_LOADED] FullName=Microsoft.VisualStudio.Debugger.Runtime.Desktop, Version=17.0.0.0, Culture=neutral, PublicKeyToken=b03f5f7f11d50a3a - Location=C:\Program Files\Microsoft Visual Studio\2022\Professional\Common7\IDE\Remote Debugger\x86\Runtime\Microsoft.VisualStudio.Debugger.Runtime.Desktop.dll
