
****************************************************
** New log start at: 13/5/2025 12:29:59                            
****************************************************
- 2025-05-13 12:29:58.996 [                      Host.exe:              5] [lap=6,13    mS]            Tenaris.Library.Log | - NEW THREAD
- 2025-05-13 12:29:59.052 [                      Host.exe:              5] [lap=60,64   mS]            Tenaris.Library.Log | - Application Profiling Service configured, trying to activate Tenaris.Service.Profiling.ProfilingService, Tenaris.Service.Profiling
! 2025-05-13 12:29:59.052 [                      Host.exe:              5] [lap=3,01    mS]            Tenaris.Library.Log | ! Application Profiling Service not loaded. Could not get type for type name Tenaris.Service.Profiling.ProfilingService, Tenaris.Service.Profiling
- 2025-05-13 12:29:59.052 [                      Host.exe:              5] [lap=1,01    mS]            Tenaris.Library.Log | - Default configuration provider was created because no other was configured.
- 2025-05-13 12:29:59.227 [                      Host.exe:              5] [lap=171,97  mS]            Tenaris.Library.Log | - [ASSEMBLY_LOADED] FullName=System.Data.resources, Version=4.0.0.0, Culture=es, PublicKeyToken=b77a5c561934e089 - Location=C:\WINDOWS\Microsoft.Net\assembly\GAC_MSIL\System.Data.resources\v4.0_4.0.0.0_es_b77a5c561934e089\System.Data.resources.dll
- 2025-05-13 12:29:59.438 [                      Host.exe:              5] [lap=210,75  mS]            Tenaris.Library.Log | - [ASSEMBLY_LOADED] FullName=System.EnterpriseServices, Version=4.0.0.0, Culture=neutral, PublicKeyToken=b03f5f7f11d50a3a - Location=C:\WINDOWS\Microsoft.Net\assembly\GAC_32\System.EnterpriseServices\v4.0_4.0.0.0__b03f5f7f11d50a3a\System.EnterpriseServices.dll
- 2025-05-13 12:30:00.360 [                      Host.exe:              5] [lap=917,73  mS]            Tenaris.Library.Log | - [ASSEMBLY_LOADED] FullName=System.Runtime.Caching, Version=4.0.0.0, Culture=neutral, PublicKeyToken=b03f5f7f11d50a3a - Location=C:\WINDOWS\Microsoft.Net\assembly\GAC_MSIL\System.Runtime.Caching\v4.0_4.0.0.0__b03f5f7f11d50a3a\System.Runtime.Caching.dll
@ 2025-05-13 12:30:00.686 [                      Host.exe:              5] [lap=325,36  mS]            Tenaris.Library.Log | @ Binding property 'GetPieceByState.rows' should not have a public setter
- 2025-05-13 12:30:00.977 [                      Host.exe:              5] [lap=290,49  mS]            Tenaris.Library.Log | - EXEC dbo.GetPieceByState #stateId=1 - laptime=190,9743 ms
 RESULT: [stateId=1]
 RESULT SETS (1):
  #0, 17 records [pieceId, colorId, materialId, stateId, typeId, width, length, thickness, pieceOrderId, isActive, startedAt, UpdatedAt]
	[37, 2, 1, 1, 1, 0, 0, 0, 0, True, 6/5/2025 14:56:07, 6/5/2025 14:56:07]
	[39, 2, 1, 1, 2, 0, 0, 0, 0, True, 6/5/2025 17:16:19, 6/5/2025 17:16:19]
	[40, 2, 2, 1, 2, 0, 0, 0, 0, True, 6/5/2025 18:15:03, 6/5/2025 18:15:03]
	[52, 3, 1, 1, 2, 10, 10, 10, 0, True, 11/5/2025 16:00:42, 11/5/2025 16:00:42]
	...
@ 2025-05-13 12:30:01.132 [                      Host.exe:              5] [lap=155,62  mS]            Tenaris.Library.Log | @ Binding property 'GetPieceOrderByPieceId.rows' should not have a public setter
- 2025-05-13 12:30:01.236 [                      Host.exe:              5] [lap=105,08  mS]            Tenaris.Library.Log | - EXEC dbo.GetPieceOrderByPieceId #pieceid=37 - laptime=100,3329 ms
 RESULT: [pieceid=37]
 RESULT SETS (1):
  #0, 1 records [id, workOrderId, pieceId, isActive, startedAt, UpdatedAt]
	[11, 21, 37, True, 6/5/2025 14:56:07, 6/5/2025 14:56:07]
@ 2025-05-13 12:30:01.336 [                      Host.exe:              5] [lap=99,23   mS]            Tenaris.Library.Log | @ Binding property 'PieceOrderLastState.rows' should not have a public setter
- 2025-05-13 12:30:01.440 [                      Host.exe:              5] [lap=103,21  mS]            Tenaris.Library.Log | - EXEC dbo.PieceOrderLastState #workOrderId=21 - laptime=100,6875 ms
 RESULT: [workOrderId=21]
 RESULT SETS (1):
  #0, 1 records [stateId, workOrderId]
	[1, 21]
- 2025-05-13 12:30:01.540 [                      Host.exe:              5] [lap=101,09  mS]            Tenaris.Library.Log | - EXEC dbo.GetPieceOrderByPieceId #pieceid=39 - laptime=99,647 ms
 RESULT: [pieceid=39]
 RESULT SETS (1):
  #0, 1 records [id, workOrderId, pieceId, isActive, startedAt, UpdatedAt]
	[12, 23, 39, True, 6/5/2025 17:16:20, 6/5/2025 17:16:20]
- 2025-05-13 12:30:01.643 [                      Host.exe:              5] [lap=102,63  mS]            Tenaris.Library.Log | - EXEC dbo.PieceOrderLastState #workOrderId=23 - laptime=101,284 ms
 RESULT: [workOrderId=23]
 RESULT SETS (1):
  #0, 1 records [stateId, workOrderId]
	[3, 23]
- 2025-05-13 12:30:01.745 [                      Host.exe:              5] [lap=102,77  mS]            Tenaris.Library.Log | - EXEC dbo.GetPieceOrderByPieceId #pieceid=40 - laptime=101,5023 ms
 RESULT: [pieceid=40]
 RESULT SETS (1):
  #0, 1 records [id, workOrderId, pieceId, isActive, startedAt, UpdatedAt]
	[13, 22, 40, True, 6/5/2025 18:15:03, 6/5/2025 18:15:03]
- 2025-05-13 12:30:01.847 [                      Host.exe:              5] [lap=101,79  mS]            Tenaris.Library.Log | - EXEC dbo.PieceOrderLastState #workOrderId=22 - laptime=100,8881 ms
 RESULT: [workOrderId=22]
 RESULT SETS (1):
  #0, 1 records [stateId, workOrderId]
	[2, 22]
- 2025-05-13 12:30:01.950 [                      Host.exe:              5] [lap=102,89  mS]            Tenaris.Library.Log | - EXEC dbo.GetPieceOrderByPieceId #pieceid=52 - laptime=101,573 ms
 RESULT: [pieceid=52]
 RESULT SETS (1):
  #0, 1 records [id, workOrderId, pieceId, isActive, startedAt, UpdatedAt]
	[20, 25, 52, True, 11/5/2025 18:33:32, 11/5/2025 18:33:32]
- 2025-05-13 12:30:02.052 [                      Host.exe:              5] [lap=101,99  mS]            Tenaris.Library.Log | - EXEC dbo.PieceOrderLastState #workOrderId=25 - laptime=100,8443 ms
 RESULT: [workOrderId=25]
 RESULT SETS (1):
  #0, 1 records [stateId, workOrderId]
	[2, 25]
- 2025-05-13 12:30:02.104 [                      Host.exe:              5] [lap=51,56   mS]            Tenaris.Library.Log | - EXEC dbo.GetPieceOrderByPieceId #pieceid=57 - laptime=50,3369 ms
 RESULT: [pieceid=57]
 RESULT SETS (1):
  #0, 1 records [id, workOrderId, pieceId, isActive, startedAt, UpdatedAt]
	[23, 26, 57, True, 11/5/2025 18:42:54, 11/5/2025 18:42:54]
- 2025-05-13 12:30:02.194 [                      Host.exe:              5] [lap=90,22   mS]            Tenaris.Library.Log | - EXEC dbo.PieceOrderLastState #workOrderId=26 - laptime=89,3238 ms
 RESULT: [workOrderId=26]
 RESULT SETS (1):
  #0, 1 records [stateId, workOrderId]
	[2, 26]
- 2025-05-13 12:30:02.359 [                      Host.exe:              5] [lap=165,22  mS]            Tenaris.Library.Log | - EXEC dbo.GetPieceOrderByPieceId #pieceid=59 - laptime=164,2037 ms
 RESULT: [pieceid=59]
 RESULT SETS (1):
  #0, 1 records [id, workOrderId, pieceId, isActive, startedAt, UpdatedAt]
	[25, 27, 59, True, 11/5/2025 23:39:45, 11/5/2025 23:39:45]
- 2025-05-13 12:30:02.461 [                      Host.exe:              5] [lap=102,16  mS]            Tenaris.Library.Log | - EXEC dbo.PieceOrderLastState #workOrderId=27 - laptime=97,9164 ms
 RESULT: [workOrderId=27]
 RESULT SETS (1):
  #0, 1 records [stateId, workOrderId]
	[2, 27]
- 2025-05-13 12:30:02.564 [                      Host.exe:              5] [lap=102,98  mS]            Tenaris.Library.Log | - EXEC dbo.GetPieceOrderByPieceId #pieceid=61 - laptime=101,5214 ms
 RESULT: [pieceid=61]
 RESULT SETS (1):
  #0, 1 records [id, workOrderId, pieceId, isActive, startedAt, UpdatedAt]
	[27, 24, 61, True, 12/5/2025 17:47:37, 12/5/2025 17:47:37]
- 2025-05-13 12:30:02.667 [                      Host.exe:              5] [lap=102,18  mS]            Tenaris.Library.Log | - EXEC dbo.PieceOrderLastState #workOrderId=24 - laptime=101,0961 ms
 RESULT: [workOrderId=24]
 RESULT SETS (1):
  #0, 1 records [stateId, workOrderId]
	[4, 24]
- 2025-05-13 12:30:02.772 [                      Host.exe:              5] [lap=105,00  mS]            Tenaris.Library.Log | - EXEC dbo.GetPieceOrderByPieceId #pieceid=66 - laptime=103,7335 ms
 RESULT: [pieceid=66]
 RESULT SETS (1):
  #0, 1 records [id, workOrderId, pieceId, isActive, startedAt, UpdatedAt]
	[32, 28, 66, True, 12/5/2025 17:54:09, 12/5/2025 17:54:09]
- 2025-05-13 12:30:02.871 [                      Host.exe:              5] [lap=99,55   mS]            Tenaris.Library.Log | - EXEC dbo.PieceOrderLastState #workOrderId=28 - laptime=98,3282 ms
 RESULT: [workOrderId=28]
 RESULT SETS (1):
  #0, 1 records [stateId, workOrderId]
	[2, 28]
- 2025-05-13 12:30:02.974 [                      Host.exe:              5] [lap=102,76  mS]            Tenaris.Library.Log | - EXEC dbo.GetPieceOrderByPieceId #pieceid=69 - laptime=101,3071 ms
 RESULT: [pieceid=69]
 RESULT SETS (1):
  #0, 1 records [id, workOrderId, pieceId, isActive, startedAt, UpdatedAt]
	[34, 29, 69, True, 12/5/2025 19:38:33, 12/5/2025 19:38:33]
- 2025-05-13 12:30:03.077 [                      Host.exe:              5] [lap=102,29  mS]            Tenaris.Library.Log | - EXEC dbo.PieceOrderLastState #workOrderId=29 - laptime=100,597 ms
 RESULT: [workOrderId=29]
 RESULT SETS (1):
  #0, 1 records [stateId, workOrderId]
	[2, 29]
- 2025-05-13 12:30:03.178 [                      Host.exe:              5] [lap=102,13  mS]            Tenaris.Library.Log | - EXEC dbo.GetPieceOrderByPieceId #pieceid=71 - laptime=100,7203 ms
 RESULT: [pieceid=71]
 RESULT SETS (1):
  #0, 1 records [id, workOrderId, pieceId, isActive, startedAt, UpdatedAt]
	[36, 30, 71, True, 12/5/2025 20:31:20, 12/5/2025 20:31:20]
- 2025-05-13 12:30:03.281 [                      Host.exe:              5] [lap=102,37  mS]            Tenaris.Library.Log | - EXEC dbo.PieceOrderLastState #workOrderId=30 - laptime=101,1655 ms
 RESULT: [workOrderId=30]
 RESULT SETS (1):
  #0, 1 records [stateId, workOrderId]
	[3, 30]
- 2025-05-13 12:30:03.383 [                      Host.exe:              5] [lap=102,78  mS]            Tenaris.Library.Log | - EXEC dbo.GetPieceOrderByPieceId #pieceid=75 - laptime=101,4327 ms
 RESULT: [pieceid=75]
 RESULT SETS (1):
  #0, 1 records [id, workOrderId, pieceId, isActive, startedAt, UpdatedAt]
	[40, 31, 75, True, 12/5/2025 22:37:11, 12/5/2025 22:37:11]
- 2025-05-13 12:30:03.486 [                      Host.exe:              5] [lap=102,15  mS]            Tenaris.Library.Log | - EXEC dbo.PieceOrderLastState #workOrderId=31 - laptime=100,7423 ms
 RESULT: [workOrderId=31]
 RESULT SETS (1):
  #0, 1 records [stateId, workOrderId]
	[4, 31]
- 2025-05-13 12:30:03.588 [                      Host.exe:              5] [lap=102,46  mS]            Tenaris.Library.Log | - EXEC dbo.GetPieceOrderByPieceId #pieceid=79 - laptime=101,2716 ms
 RESULT: [pieceid=79]
 RESULT SETS (1):
  #0, 1 records [id, workOrderId, pieceId, isActive, startedAt, UpdatedAt]
	[43, 32, 79, True, 13/5/2025 13:05:40, 13/5/2025 13:05:40]
- 2025-05-13 12:30:03.690 [                      Host.exe:              5] [lap=102,42  mS]            Tenaris.Library.Log | - EXEC dbo.PieceOrderLastState #workOrderId=32 - laptime=101,1669 ms
 RESULT: [workOrderId=32]
 RESULT SETS (1):
  #0, 1 records [stateId, workOrderId]
	[4, 32]
- 2025-05-13 12:30:03.795 [                      Host.exe:              5] [lap=104,13  mS]            Tenaris.Library.Log | - EXEC dbo.GetPieceOrderByPieceId #pieceid=83 - laptime=103,0091 ms
 RESULT: [pieceid=83]
 RESULT SETS (1):
  #0, 1 records [id, workOrderId, pieceId, isActive, startedAt, UpdatedAt]
	[46, 33, 83, True, 13/5/2025 13:46:59, 13/5/2025 13:46:59]
- 2025-05-13 12:30:03.895 [                      Host.exe:              5] [lap=100,22  mS]            Tenaris.Library.Log | - EXEC dbo.PieceOrderLastState #workOrderId=33 - laptime=99,1828 ms
 RESULT: [workOrderId=33]
 RESULT SETS (1):
  #0, 1 records [stateId, workOrderId]
	[4, 33]
- 2025-05-13 12:30:03.997 [                      Host.exe:              5] [lap=102,62  mS]            Tenaris.Library.Log | - EXEC dbo.GetPieceOrderByPieceId #pieceid=86 - laptime=101,7012 ms
 RESULT: [pieceid=86]
 RESULT SETS (1):
  #0, 1 records [id, workOrderId, pieceId, isActive, startedAt, UpdatedAt]
	[49, 34, 86, True, 13/5/2025 13:57:28, 13/5/2025 13:57:28]
- 2025-05-13 12:30:04.100 [                      Host.exe:              5] [lap=102,32  mS]            Tenaris.Library.Log | - EXEC dbo.PieceOrderLastState #workOrderId=34 - laptime=93,3412 ms
 RESULT: [workOrderId=34]
 RESULT SETS (1):
  #0, 1 records [stateId, workOrderId]
	[4, 34]
- 2025-05-13 12:30:04.202 [                      Host.exe:              5] [lap=102,44  mS]            Tenaris.Library.Log | - EXEC dbo.GetPieceOrderByPieceId #pieceid=90 - laptime=101,4522 ms
 RESULT: [pieceid=90]
 RESULT SETS (1):
  #0, 1 records [id, workOrderId, pieceId, isActive, startedAt, UpdatedAt]
	[53, 35, 90, True, 13/5/2025 14:47:35, 13/5/2025 14:47:35]
- 2025-05-13 12:30:04.307 [                      Host.exe:              5] [lap=104,74  mS]            Tenaris.Library.Log | - EXEC dbo.PieceOrderLastState #workOrderId=35 - laptime=103,8322 ms
 RESULT: [workOrderId=35]
 RESULT SETS (1):
  #0, 1 records [stateId, workOrderId]
	[4, 35]
- 2025-05-13 12:30:04.408 [                      Host.exe:              5] [lap=100,35  mS]            Tenaris.Library.Log | - EXEC dbo.GetPieceOrderByPieceId #pieceid=91 - laptime=99,3382 ms
 RESULT: [pieceid=91]
 RESULT SETS (1):
  #0, 1 records [id, workOrderId, pieceId, isActive, startedAt, UpdatedAt]
	[54, 36, 91, True, 13/5/2025 14:48:16, 13/5/2025 14:48:16]
- 2025-05-13 12:30:04.510 [                      Host.exe:              5] [lap=102,35  mS]            Tenaris.Library.Log | - EXEC dbo.PieceOrderLastState #workOrderId=36 - laptime=101,3788 ms
 RESULT: [workOrderId=36]
 RESULT SETS (1):
  #0, 1 records [stateId, workOrderId]
	[4, 36]
- 2025-05-13 12:30:04.612 [                      Host.exe:              5] [lap=102,39  mS]            Tenaris.Library.Log | - EXEC dbo.GetPieceOrderByPieceId #pieceid=99 - laptime=101,2562 ms
 RESULT: [pieceid=99]
 RESULT SETS (1):
  #0, 1 records [id, workOrderId, pieceId, isActive, startedAt, UpdatedAt]
	[62, 37, 99, True, 13/5/2025 15:26:40, 13/5/2025 15:26:40]
- 2025-05-13 12:30:04.714 [                      Host.exe:              5] [lap=102,11  mS]            Tenaris.Library.Log | - EXEC dbo.PieceOrderLastState #workOrderId=37 - laptime=100,9686 ms
 RESULT: [workOrderId=37]
 RESULT SETS (1):
  #0, 1 records [stateId, workOrderId]
	[4, 37]
- 2025-05-13 12:30:04.921 [                      Host.exe:              5] [lap=206,96  mS]            Tenaris.Library.Log | - EXEC dbo.GetPieceByState #stateId=2 - laptime=171,0788 ms
 RESULT: [stateId=2]
 RESULT SETS (1):
  #0, 19 records [pieceId, colorId, materialId, stateId, typeId, width, length, thickness, pieceOrderId, isActive, startedAt, UpdatedAt]
	[43, 4, 2, 2, 2, 30, 30, 30, 0, True, 8/5/2025 19:25:54, 8/5/2025 19:25:54]
	[44, 4, 2, 2, 2, 30, 30, 30, 0, True, 10/5/2025 15:01:20, 10/5/2025 15:01:20]
	[45, 4, 2, 2, 2, 111, 111, 111, 0, True, 10/5/2025 15:21:30, 10/5/2025 15:21:30]
	[54, 3, 1, 2, 2, 10, 10, 20, 0, True, 11/5/2025 18:20:35, 11/5/2025 18:20:35]
	...
- 2025-05-13 12:30:05.021 [                      Host.exe:              5] [lap=100,25  mS]            Tenaris.Library.Log | - EXEC dbo.GetPieceOrderByPieceId #pieceid=43 - laptime=99,0083 ms
 RESULT: [pieceid=43]
 RESULT SETS (1):
  #0, 1 records [id, workOrderId, pieceId, isActive, startedAt, UpdatedAt]
	[14, 22, 43, True, 8/5/2025 19:25:54, 8/5/2025 19:25:54]
- 2025-05-13 12:30:05.125 [                      Host.exe:              5] [lap=103,43  mS]            Tenaris.Library.Log | - EXEC dbo.PieceOrderLastState #workOrderId=22 - laptime=102,391 ms
 RESULT: [workOrderId=22]
 RESULT SETS (1):
  #0, 1 records [stateId, workOrderId]
	[2, 22]
- 2025-05-13 12:30:05.227 [                      Host.exe:              5] [lap=101,51  mS]            Tenaris.Library.Log | - EXEC dbo.GetPieceOrderByPieceId #pieceid=44 - laptime=99,8398 ms
 RESULT: [pieceid=44]
 RESULT SETS (1):
  #0, 1 records [id, workOrderId, pieceId, isActive, startedAt, UpdatedAt]
	[15, 22, 44, True, 10/5/2025 15:01:20, 10/5/2025 15:01:20]
- 2025-05-13 12:30:05.329 [                      Host.exe:              5] [lap=102,57  mS]            Tenaris.Library.Log | - EXEC dbo.PieceOrderLastState #workOrderId=22 - laptime=101,3694 ms
 RESULT: [workOrderId=22]
 RESULT SETS (1):
  #0, 1 records [stateId, workOrderId]
	[2, 22]
- 2025-05-13 12:30:05.440 [                      Host.exe:              5] [lap=111,37  mS]            Tenaris.Library.Log | - EXEC dbo.GetPieceOrderByPieceId #pieceid=45 - laptime=109,9764 ms
 RESULT: [pieceid=45]
 RESULT SETS (1):
  #0, 1 records [id, workOrderId, pieceId, isActive, startedAt, UpdatedAt]
	[16, 22, 45, True, 10/5/2025 15:21:30, 10/5/2025 15:21:30]
- 2025-05-13 12:30:05.534 [                      Host.exe:              5] [lap=93,47   mS]            Tenaris.Library.Log | - EXEC dbo.PieceOrderLastState #workOrderId=22 - laptime=91,9877 ms
 RESULT: [workOrderId=22]
 RESULT SETS (1):
  #0, 1 records [stateId, workOrderId]
	[2, 22]
- 2025-05-13 12:30:05.636 [                      Host.exe:              5] [lap=102,12  mS]            Tenaris.Library.Log | - EXEC dbo.GetPieceOrderByPieceId #pieceid=54 - laptime=101,0757 ms
 RESULT: [pieceid=54]
 RESULT SETS (1):
- 2025-05-13 12:30:05.743 [                      Host.exe:              5] [lap=106,87  mS]            Tenaris.Library.Log | - EXEC dbo.GetPieceOrderByPieceId #pieceid=55 - laptime=105,6191 ms
 RESULT: [pieceid=55]
 RESULT SETS (1):
  #0, 1 records [id, workOrderId, pieceId, isActive, startedAt, UpdatedAt]
	[21, 25, 55, True, 11/5/2025 18:34:01, 11/5/2025 18:34:01]
- 2025-05-13 12:30:05.845 [                      Host.exe:              5] [lap=101,82  mS]            Tenaris.Library.Log | - EXEC dbo.PieceOrderLastState #workOrderId=25 - laptime=100,6718 ms
 RESULT: [workOrderId=25]
 RESULT SETS (1):
  #0, 1 records [stateId, workOrderId]
	[2, 25]
- 2025-05-13 12:30:05.946 [                      Host.exe:              5] [lap=101,35  mS]            Tenaris.Library.Log | - EXEC dbo.GetPieceOrderByPieceId #pieceid=56 - laptime=100,095 ms
 RESULT: [pieceid=56]
 RESULT SETS (1):
  #0, 1 records [id, workOrderId, pieceId, isActive, startedAt, UpdatedAt]
	[22, 25, 56, True, 11/5/2025 18:42:01, 11/5/2025 18:42:01]
- 2025-05-13 12:30:06.048 [                      Host.exe:              5] [lap=102,09  mS]            Tenaris.Library.Log | - EXEC dbo.PieceOrderLastState #workOrderId=25 - laptime=100,7742 ms
 RESULT: [workOrderId=25]
 RESULT SETS (1):
  #0, 1 records [stateId, workOrderId]
	[2, 25]
- 2025-05-13 12:30:06.150 [                      Host.exe:              5] [lap=101,56  mS]            Tenaris.Library.Log | - EXEC dbo.GetPieceOrderByPieceId #pieceid=58 - laptime=100,3841 ms
 RESULT: [pieceid=58]
 RESULT SETS (1):
  #0, 1 records [id, workOrderId, pieceId, isActive, startedAt, UpdatedAt]
	[24, 26, 58, True, 11/5/2025 18:43:12, 11/5/2025 18:43:12]
- 2025-05-13 12:30:06.252 [                      Host.exe:              5] [lap=102,16  mS]            Tenaris.Library.Log | - EXEC dbo.PieceOrderLastState #workOrderId=26 - laptime=101,3351 ms
 RESULT: [workOrderId=26]
 RESULT SETS (1):
  #0, 1 records [stateId, workOrderId]
	[2, 26]
- 2025-05-13 12:30:06.354 [                      Host.exe:              5] [lap=102,19  mS]            Tenaris.Library.Log | - EXEC dbo.GetPieceOrderByPieceId #pieceid=60 - laptime=101,1951 ms
 RESULT: [pieceid=60]
 RESULT SETS (1):
  #0, 1 records [id, workOrderId, pieceId, isActive, startedAt, UpdatedAt]
	[26, 27, 60, True, 12/5/2025 17:29:24, 12/5/2025 17:29:24]
- 2025-05-13 12:30:06.456 [                      Host.exe:              5] [lap=101,92  mS]            Tenaris.Library.Log | - EXEC dbo.PieceOrderLastState #workOrderId=27 - laptime=101,1407 ms
 RESULT: [workOrderId=27]
 RESULT SETS (1):
  #0, 1 records [stateId, workOrderId]
	[2, 27]
- 2025-05-13 12:30:06.507 [                      Host.exe:              5] [lap=51,68   mS]            Tenaris.Library.Log | - EXEC dbo.GetPieceOrderByPieceId #pieceid=62 - laptime=50,5059 ms
 RESULT: [pieceid=62]
 RESULT SETS (1):
  #0, 1 records [id, workOrderId, pieceId, isActive, startedAt, UpdatedAt]
	[28, 24, 62, True, 12/5/2025 17:48:26, 12/5/2025 17:48:26]
- 2025-05-13 12:30:06.661 [                      Host.exe:              5] [lap=153,40  mS]            Tenaris.Library.Log | - EXEC dbo.PieceOrderLastState #workOrderId=24 - laptime=152,5784 ms
 RESULT: [workOrderId=24]
 RESULT SETS (1):
  #0, 1 records [stateId, workOrderId]
	[4, 24]
- 2025-05-13 12:30:06.768 [                      Host.exe:              5] [lap=106,48  mS]            Tenaris.Library.Log | - EXEC dbo.GetPieceOrderByPieceId #pieceid=64 - laptime=105,0503 ms
 RESULT: [pieceid=64]
 RESULT SETS (1):
  #0, 1 records [id, workOrderId, pieceId, isActive, startedAt, UpdatedAt]
	[30, 24, 64, True, 12/5/2025 17:52:31, 12/5/2025 17:52:31]
- 2025-05-13 12:30:06.865 [                      Host.exe:              5] [lap=97,54   mS]            Tenaris.Library.Log | - EXEC dbo.PieceOrderLastState #workOrderId=24 - laptime=96,158 ms
 RESULT: [workOrderId=24]
 RESULT SETS (1):
  #0, 1 records [stateId, workOrderId]
	[4, 24]
- 2025-05-13 12:30:06.967 [                      Host.exe:              5] [lap=102,38  mS]            Tenaris.Library.Log | - EXEC dbo.GetPieceOrderByPieceId #pieceid=67 - laptime=101,2313 ms
 RESULT: [pieceid=67]
 RESULT SETS (1):
  #0, 1 records [id, workOrderId, pieceId, isActive, startedAt, UpdatedAt]
	[33, 28, 67, True, 12/5/2025 17:54:38, 12/5/2025 17:54:38]
- 2025-05-13 12:30:07.070 [                      Host.exe:              5] [lap=102,40  mS]            Tenaris.Library.Log | - EXEC dbo.PieceOrderLastState #workOrderId=28 - laptime=101,4245 ms
 RESULT: [workOrderId=28]
 RESULT SETS (1):
  #0, 1 records [stateId, workOrderId]
	[2, 28]
- 2025-05-13 12:30:07.174 [                      Host.exe:              5] [lap=104,13  mS]            Tenaris.Library.Log | - EXEC dbo.GetPieceOrderByPieceId #pieceid=70 - laptime=102,9739 ms
 RESULT: [pieceid=70]
 RESULT SETS (1):
  #0, 1 records [id, workOrderId, pieceId, isActive, startedAt, UpdatedAt]
	[35, 29, 70, True, 12/5/2025 19:39:24, 12/5/2025 19:39:24]
- 2025-05-13 12:30:07.377 [                      Host.exe:              5] [lap=202,88  mS]            Tenaris.Library.Log | - EXEC dbo.PieceOrderLastState #workOrderId=29 - laptime=200,8836 ms
 RESULT: [workOrderId=29]
 RESULT SETS (1):
  #0, 1 records [stateId, workOrderId]
	[2, 29]
- 2025-05-13 12:30:07.480 [                      Host.exe:              5] [lap=102,63  mS]            Tenaris.Library.Log | - EXEC dbo.GetPieceOrderByPieceId #pieceid=76 - laptime=101,5945 ms
 RESULT: [pieceid=76]
 RESULT SETS (1):
  #0, 1 records [id, workOrderId, pieceId, isActive, startedAt, UpdatedAt]
	[41, 31, 76, True, 12/5/2025 22:37:51, 12/5/2025 22:37:51]
- 2025-05-13 12:30:07.582 [                      Host.exe:              5] [lap=102,94  mS]            Tenaris.Library.Log | - EXEC dbo.PieceOrderLastState #workOrderId=31 - laptime=101,9468 ms
 RESULT: [workOrderId=31]
 RESULT SETS (1):
  #0, 1 records [stateId, workOrderId]
	[4, 31]
- 2025-05-13 12:30:07.685 [                      Host.exe:              5] [lap=102,48  mS]            Tenaris.Library.Log | - EXEC dbo.GetPieceOrderByPieceId #pieceid=80 - laptime=101,4685 ms
 RESULT: [pieceid=80]
 RESULT SETS (1):
  #0, 1 records [id, workOrderId, pieceId, isActive, startedAt, UpdatedAt]
	[44, 32, 80, True, 13/5/2025 13:06:46, 13/5/2025 13:06:46]
- 2025-05-13 12:30:07.794 [                      Host.exe:              5] [lap=108,64  mS]            Tenaris.Library.Log | - EXEC dbo.PieceOrderLastState #workOrderId=32 - laptime=107,5022 ms
 RESULT: [workOrderId=32]
 RESULT SETS (1):
  #0, 1 records [stateId, workOrderId]
	[4, 32]
- 2025-05-13 12:30:07.991 [                      Host.exe:              5] [lap=197,61  mS]            Tenaris.Library.Log | - EXEC dbo.GetPieceOrderByPieceId #pieceid=84 - laptime=196,801 ms
 RESULT: [pieceid=84]
 RESULT SETS (1):
  #0, 1 records [id, workOrderId, pieceId, isActive, startedAt, UpdatedAt]
	[47, 33, 84, True, 13/5/2025 13:47:41, 13/5/2025 13:47:41]
- 2025-05-13 12:30:08.094 [                      Host.exe:              5] [lap=102,82  mS]            Tenaris.Library.Log | - EXEC dbo.PieceOrderLastState #workOrderId=33 - laptime=102,0375 ms
 RESULT: [workOrderId=33]
 RESULT SETS (1):
  #0, 1 records [stateId, workOrderId]
	[4, 33]
- 2025-05-13 12:30:08.196 [                      Host.exe:              5] [lap=102,60  mS]            Tenaris.Library.Log | - EXEC dbo.GetPieceOrderByPieceId #pieceid=87 - laptime=101,6145 ms
 RESULT: [pieceid=87]
 RESULT SETS (1):
  #0, 1 records [id, workOrderId, pieceId, isActive, startedAt, UpdatedAt]
	[50, 34, 87, True, 13/5/2025 13:58:35, 13/5/2025 13:58:35]
- 2025-05-13 12:30:08.299 [                      Host.exe:              5] [lap=102,01  mS]            Tenaris.Library.Log | - EXEC dbo.PieceOrderLastState #workOrderId=34 - laptime=101,0416 ms
 RESULT: [workOrderId=34]
 RESULT SETS (1):
  #0, 1 records [stateId, workOrderId]
	[4, 34]
- 2025-05-13 12:30:08.402 [                      Host.exe:              5] [lap=102,83  mS]            Tenaris.Library.Log | - EXEC dbo.GetPieceOrderByPieceId #pieceid=92 - laptime=101,5452 ms
 RESULT: [pieceid=92]
 RESULT SETS (1):
  #0, 1 records [id, workOrderId, pieceId, isActive, startedAt, UpdatedAt]
	[55, 35, 92, True, 13/5/2025 14:48:51, 13/5/2025 14:48:51]
- 2025-05-13 12:30:08.504 [                      Host.exe:              5] [lap=102,56  mS]            Tenaris.Library.Log | - EXEC dbo.PieceOrderLastState #workOrderId=35 - laptime=101,2557 ms
 RESULT: [workOrderId=35]
 RESULT SETS (1):
  #0, 1 records [stateId, workOrderId]
	[4, 35]
- 2025-05-13 12:30:08.606 [                      Host.exe:              5] [lap=101,98  mS]            Tenaris.Library.Log | - EXEC dbo.GetPieceOrderByPieceId #pieceid=95 - laptime=100,791 ms
 RESULT: [pieceid=95]
 RESULT SETS (1):
  #0, 1 records [id, workOrderId, pieceId, isActive, startedAt, UpdatedAt]
	[58, 36, 95, True, 13/5/2025 15:20:01, 13/5/2025 15:20:01]
- 2025-05-13 12:30:08.814 [                      Host.exe:              5] [lap=208,19  mS]            Tenaris.Library.Log | - EXEC dbo.PieceOrderLastState #workOrderId=36 - laptime=207,1539 ms
 RESULT: [workOrderId=36]
 RESULT SETS (1):
  #0, 1 records [stateId, workOrderId]
	[4, 36]
- 2025-05-13 12:30:08.913 [                      Host.exe:              5] [lap=99,27   mS]            Tenaris.Library.Log | - EXEC dbo.GetPieceOrderByPieceId #pieceid=100 - laptime=98,3186 ms
 RESULT: [pieceid=100]
 RESULT SETS (1):
  #0, 1 records [id, workOrderId, pieceId, isActive, startedAt, UpdatedAt]
	[63, 37, 100, True, 13/5/2025 15:26:57, 13/5/2025 15:26:57]
- 2025-05-13 12:30:09.118 [                      Host.exe:              5] [lap=204,10  mS]            Tenaris.Library.Log | - EXEC dbo.PieceOrderLastState #workOrderId=37 - laptime=203,2484 ms
 RESULT: [workOrderId=37]
 RESULT SETS (1):
  #0, 1 records [stateId, workOrderId]
	[4, 37]
- 2025-05-13 12:30:09.221 [                      Host.exe:              5] [lap=103,72  mS]            Tenaris.Library.Log | - EXEC dbo.GetPieceByState #stateId=3 - laptime=96,6337 ms
 RESULT: [stateId=3]
 RESULT SETS (1):
  #0, 9 records [pieceId, colorId, materialId, stateId, typeId, width, length, thickness, pieceOrderId, isActive, startedAt, UpdatedAt]
	[42, 2, 2, 3, 2, 30, 30, 30, 0, True, 8/5/2025 18:57:15, 8/5/2025 18:57:15]
	[46, 4, 1, 3, 2, 45, 45, 45, 0, True, 10/5/2025 16:11:48, 10/5/2025 16:11:48]
	[72, 3, 1, 3, 1, 10, 10, 1, 0, True, 12/5/2025 20:31:41, 12/5/2025 20:31:41]
	[74, 3, 1, 3, 1, 10, 10, 1, 0, True, 12/5/2025 21:02:10, 12/5/2025 21:02:10]
	...
- 2025-05-13 12:30:09.420 [                      Host.exe:              5] [lap=197,97  mS]            Tenaris.Library.Log | - EXEC dbo.GetPieceOrderByPieceId #pieceid=42 - laptime=197,0327 ms
 RESULT: [pieceid=42]
 RESULT SETS (1):
- 2025-05-13 12:30:09.507 [                      Host.exe:              5] [lap=88,13   mS]            Tenaris.Library.Log | - EXEC dbo.GetPieceOrderByPieceId #pieceid=46 - laptime=86,9696 ms
 RESULT: [pieceid=46]
 RESULT SETS (1):
  #0, 1 records [id, workOrderId, pieceId, isActive, startedAt, UpdatedAt]
	[17, 23, 46, True, 10/5/2025 16:11:48, 10/5/2025 16:11:48]
- 2025-05-13 12:30:09.632 [                      Host.exe:              5] [lap=124,52  mS]            Tenaris.Library.Log | - EXEC dbo.PieceOrderLastState #workOrderId=23 - laptime=123,3063 ms
 RESULT: [workOrderId=23]
 RESULT SETS (1):
  #0, 1 records [stateId, workOrderId]
	[3, 23]
- 2025-05-13 12:30:09.736 [                      Host.exe:              5] [lap=104,48  mS]            Tenaris.Library.Log | - EXEC dbo.GetPieceOrderByPieceId #pieceid=72 - laptime=102,4882 ms
 RESULT: [pieceid=72]
 RESULT SETS (1):
  #0, 1 records [id, workOrderId, pieceId, isActive, startedAt, UpdatedAt]
	[37, 30, 72, True, 12/5/2025 20:31:41, 12/5/2025 20:31:41]
- 2025-05-13 12:30:09.937 [                      Host.exe:              5] [lap=200,64  mS]            Tenaris.Library.Log | - EXEC dbo.PieceOrderLastState #workOrderId=30 - laptime=198,2112 ms
 RESULT: [workOrderId=30]
 RESULT SETS (1):
  #0, 1 records [stateId, workOrderId]
	[3, 30]
- 2025-05-13 12:30:10.040 [                      Host.exe:              5] [lap=102,40  mS]            Tenaris.Library.Log | - EXEC dbo.GetPieceOrderByPieceId #pieceid=74 - laptime=101,0148 ms
 RESULT: [pieceid=74]
 RESULT SETS (1):
  #0, 1 records [id, workOrderId, pieceId, isActive, startedAt, UpdatedAt]
	[39, 30, 74, True, 12/5/2025 21:02:10, 12/5/2025 21:02:10]
- 2025-05-13 12:30:10.142 [                      Host.exe:              5] [lap=102,09  mS]            Tenaris.Library.Log | - EXEC dbo.PieceOrderLastState #workOrderId=30 - laptime=101,1945 ms
 RESULT: [workOrderId=30]
 RESULT SETS (1):
  #0, 1 records [stateId, workOrderId]
	[3, 30]
- 2025-05-13 12:30:10.244 [                      Host.exe:              5] [lap=102,63  mS]            Tenaris.Library.Log | - EXEC dbo.GetPieceOrderByPieceId #pieceid=77 - laptime=101,6786 ms
 RESULT: [pieceid=77]
 RESULT SETS (1):
  #0, 1 records [id, workOrderId, pieceId, isActive, startedAt, UpdatedAt]
	[42, 31, 77, True, 12/5/2025 23:07:31, 12/5/2025 23:07:31]
- 2025-05-13 12:30:10.347 [                      Host.exe:              5] [lap=102,84  mS]            Tenaris.Library.Log | - EXEC dbo.PieceOrderLastState #workOrderId=31 - laptime=101,8715 ms
 RESULT: [workOrderId=31]
 RESULT SETS (1):
  #0, 1 records [stateId, workOrderId]
	[4, 31]
- 2025-05-13 12:30:10.449 [                      Host.exe:              5] [lap=102,08  mS]            Tenaris.Library.Log | - EXEC dbo.GetPieceOrderByPieceId #pieceid=88 - laptime=101,1393 ms
 RESULT: [pieceid=88]
 RESULT SETS (1):
  #0, 1 records [id, workOrderId, pieceId, isActive, startedAt, UpdatedAt]
	[51, 34, 88, True, 13/5/2025 14:02:28, 13/5/2025 14:02:28]
- 2025-05-13 12:30:10.551 [                      Host.exe:              5] [lap=102,19  mS]            Tenaris.Library.Log | - EXEC dbo.PieceOrderLastState #workOrderId=34 - laptime=101,3561 ms
 RESULT: [workOrderId=34]
 RESULT SETS (1):
  #0, 1 records [stateId, workOrderId]
	[4, 34]
- 2025-05-13 12:30:10.654 [                      Host.exe:              5] [lap=102,55  mS]            Tenaris.Library.Log | - EXEC dbo.GetPieceOrderByPieceId #pieceid=93 - laptime=101,6579 ms
 RESULT: [pieceid=93]
 RESULT SETS (1):
  #0, 1 records [id, workOrderId, pieceId, isActive, startedAt, UpdatedAt]
	[56, 35, 93, True, 13/5/2025 14:49:35, 13/5/2025 14:49:35]
- 2025-05-13 12:30:10.756 [                      Host.exe:              5] [lap=102,25  mS]            Tenaris.Library.Log | - EXEC dbo.PieceOrderLastState #workOrderId=35 - laptime=101,4843 ms
 RESULT: [workOrderId=35]
 RESULT SETS (1):
  #0, 1 records [stateId, workOrderId]
	[4, 35]
- 2025-05-13 12:30:10.961 [                      Host.exe:              5] [lap=204,86  mS]            Tenaris.Library.Log | - EXEC dbo.GetPieceOrderByPieceId #pieceid=96 - laptime=204,0535 ms
 RESULT: [pieceid=96]
 RESULT SETS (1):
  #0, 1 records [id, workOrderId, pieceId, isActive, startedAt, UpdatedAt]
	[59, 36, 96, True, 13/5/2025 15:20:21, 13/5/2025 15:20:21]
- 2025-05-13 12:30:11.064 [                      Host.exe:              5] [lap=103,10  mS]            Tenaris.Library.Log | - EXEC dbo.PieceOrderLastState #workOrderId=36 - laptime=102,2827 ms
 RESULT: [workOrderId=36]
 RESULT SETS (1):
  #0, 1 records [stateId, workOrderId]
	[4, 36]
- 2025-05-13 12:30:11.166 [                      Host.exe:              5] [lap=102,39  mS]            Tenaris.Library.Log | - EXEC dbo.GetPieceOrderByPieceId #pieceid=101 - laptime=99,7818 ms
 RESULT: [pieceid=101]
 RESULT SETS (1):
  #0, 1 records [id, workOrderId, pieceId, isActive, startedAt, UpdatedAt]
	[64, 37, 101, True, 13/5/2025 15:27:19, 13/5/2025 15:27:19]
- 2025-05-13 12:30:11.268 [                      Host.exe:              5] [lap=102,00  mS]            Tenaris.Library.Log | - EXEC dbo.PieceOrderLastState #workOrderId=37 - laptime=101,108 ms
 RESULT: [workOrderId=37]
 RESULT SETS (1):
  #0, 1 records [stateId, workOrderId]
	[4, 37]
@ 2025-05-13 12:30:13.522 [                      Host.exe:              5] [lap=2,25     S]            Tenaris.Library.Log | @ Binding property 'GetStationById.rows' should not have a public setter
- 2025-05-13 12:30:13.638 [                      Host.exe:              5] [lap=115,43  mS]            Tenaris.Library.Log | - EXEC dbo.GetStationByIdAle #id=4 - laptime=100,1064 ms
 RESULT: [id=4]
 RESULT SETS (1):
  #0, 1 records [stationId, name, pieceIdOnEntry, pieceIdOnProcess, pieceIdOnExit, stationTypeId, productionLineId, isActive, startedAt, updatedAt]
	[4, Pintura, 0, 0, 102, 4, 1, True, 3/5/2025 13:45:11, 3/5/2025 13:45:11]
- 2025-05-13 12:30:13.831 [                      Host.exe:              5] [lap=193,86  mS]            Tenaris.Library.Log | - EXEC dbo.PutPieceOnEntry #stationid=4#pieceid=74 - laptime=103,6146 ms
- 2025-05-13 12:30:14.650 [                      Host.exe:              5] [lap=819,08  mS]            Tenaris.Library.Log | - EXEC dbo.GetStationByIdAle #id=4 - laptime=169,6368 ms
 RESULT: [id=4]
 RESULT SETS (1):
  #0, 1 records [stationId, name, pieceIdOnEntry, pieceIdOnProcess, pieceIdOnExit, stationTypeId, productionLineId, isActive, startedAt, updatedAt]
	[4, Pintura, 74, 0, 102, 4, 1, True, 3/5/2025 13:45:11, 3/5/2025 13:45:11]
@ 2025-05-13 12:30:14.717 [                      Host.exe:              5] [lap=66,65   mS]            Tenaris.Library.Log | @ Binding property 'GetColor.rows' should not have a public setter
@ 2025-05-13 12:30:14.718 [                      Host.exe:              5] [lap=991,10  uS]            Tenaris.Library.Log | @ Binding property 'GetColor.rows' should not have a public setter
@ 2025-05-13 12:30:14.718 [                      Host.exe:              5] [lap=857,10  uS]            Tenaris.Library.Log | @ Binding property 'GetColor.rows' should not have a public setter
@ 2025-05-13 12:30:14.771 [                      Host.exe:              5] [lap=51,87   mS]            Tenaris.Library.Log | @ Binding property 'GetColor.rows' should not have a public setter
@ 2025-05-13 12:30:14.771 [                      Host.exe:              5] [lap=623,60  uS]            Tenaris.Library.Log | @ Binding property 'GetColor.rows' should not have a public setter
@ 2025-05-13 12:30:14.772 [                      Host.exe:              5] [lap=437,40  uS]            Tenaris.Library.Log | @ Binding property 'GetColor.rows' should not have a public setter
! 2025-05-13 12:30:14.778 [                      Host.exe:              5] [lap=5,92    mS]            Tenaris.Library.Log | ! Unable to get field 'updatedAt' while filling class 'ColorDto'.
- 2025-05-13 12:30:14.783 [                      Host.exe:              5] [lap=4,99    mS]            Tenaris.Library.Log | - EXEC dbo.GetColor  - laptime=51,8325 ms
 RESULT SETS (1):
  #0, 4 records [id, description, isActive, startedAt, updatedAt]
	[1, Rojo, True, 29/4/2025 16:25:22, 1/1/0001 00:00:00]
	[3, Azul, True, 6/5/2025 14:52:23, 1/1/0001 00:00:00]
	[4, Verde, True, 6/5/2025 14:52:27, 1/1/0001 00:00:00]
	[5, Amarillo, True, 6/5/2025 14:52:31, 1/1/0001 00:00:00]
- 2025-05-13 12:30:18.441 [                      Host.exe:              6] [lap=2,95    mS]            Tenaris.Library.Log | - NEW THREAD
@ 2025-05-13 12:30:18.442 [                      Host.exe:              6] [lap=298,10  uS]            Tenaris.Library.Log | @ Binding property 'GetPieceById.rows' should not have a public setter
- 2025-05-13 12:30:18.540 [                      Host.exe:              6] [lap=98,11   mS]            Tenaris.Library.Log | - EXEC dbo.GetPieceByIdAle #id=74 - laptime=96,5227 ms
 RESULT: [id=74]
 RESULT SETS (1):
  #0, 1 records [pieceId, colorId, materialId, stateId, typeId, width, length, thickness, pieceOrderId, isActive, startedAt, UpdatedAt]
	[74, 3, 1, 3, 1, 10, 10, 1, 0, True, 12/5/2025 21:02:10, 12/5/2025 21:02:10]
- 2025-05-13 12:30:18.846 [                      Host.exe:              6] [lap=306,49  mS]            Tenaris.Library.Log | - EXEC dbo.PutPieceOnProcess #stationid=4#pieceid=74 - laptime=99,8833 ms
- 2025-05-13 12:30:18.951 [                      Host.exe:              6] [lap=103,95  mS]            Tenaris.Library.Log | - EXEC dbo.GetStationByIdAle #id=4 - laptime=99,8403 ms
 RESULT: [id=4]
 RESULT SETS (1):
  #0, 1 records [stationId, name, pieceIdOnEntry, pieceIdOnProcess, pieceIdOnExit, stationTypeId, productionLineId, isActive, startedAt, updatedAt]
	[4, Pintura, 0, 74, 102, 4, 1, True, 3/5/2025 13:45:11, 3/5/2025 13:45:11]
- 2025-05-13 12:30:19.052 [                      Host.exe:              6] [lap=101,01  mS]            Tenaris.Library.Log | - EXEC dbo.GetPieceOrderByPieceId #pieceid=74 - laptime=95,1752 ms
 RESULT: [pieceid=74]
 RESULT SETS (1):
  #0, 1 records [id, workOrderId, pieceId, isActive, startedAt, UpdatedAt]
	[39, 30, 74, True, 12/5/2025 21:02:10, 12/5/2025 21:02:10]
@ 2025-05-13 12:30:19.154 [                      Host.exe:              6] [lap=102,83  mS]            Tenaris.Library.Log | @ Binding property 'GetWorkOrderById.rows' should not have a public setter
- 2025-05-13 12:30:19.246 [                      Host.exe:              6] [lap=92,37   mS]            Tenaris.Library.Log | - EXEC dbo.GetWorkOrderByIdAle #workorderid=30 - laptime=82,76 ms
 RESULT: [workorderid=30]
 RESULT SETS (1):
  #0, 1 records [workOrderId, date, lote, colada, clientId, pieceId, quantity, processTypeId, isActive, startedAt, updatedAt]
	[30, 18/12/2022 00:00:00, 122, 110, 1, 71, 10, 1, True, 12/5/2025 20:31:19, 12/5/2025 20:31:19]
- 2025-05-13 12:30:19.359 [                      Host.exe:              6] [lap=112,41  mS]            Tenaris.Library.Log | - EXEC dbo.GetPieceByIdAle #id=71 - laptime=105,9239 ms
 RESULT: [id=71]
 RESULT SETS (1):
  #0, 1 records [pieceId, colorId, materialId, stateId, typeId, width, length, thickness, pieceOrderId, isActive, startedAt, UpdatedAt]
	[71, 3, 1, 1, 1, 10, 10, 1, 0, True, 12/5/2025 20:31:19, 12/5/2025 20:31:19]
@ 2025-05-13 12:30:19.363 [                      Host.exe:              6] [lap=3,88    mS]            Tenaris.Library.Log | @ Binding property 'GetColor.rows' should not have a public setter
@ 2025-05-13 12:30:19.363 [                      Host.exe:              6] [lap=439,60  uS]            Tenaris.Library.Log | @ Binding property 'GetColor.rows' should not have a public setter
@ 2025-05-13 12:30:19.364 [                      Host.exe:              6] [lap=363,40  uS]            Tenaris.Library.Log | @ Binding property 'GetColor.rows' should not have a public setter
@ 2025-05-13 12:30:19.460 [                      Host.exe:              6] [lap=97,25   mS]            Tenaris.Library.Log | @ Binding property 'GetColor.rows' should not have a public setter
@ 2025-05-13 12:30:19.461 [                      Host.exe:              6] [lap=553,50  uS]            Tenaris.Library.Log | @ Binding property 'GetColor.rows' should not have a public setter
@ 2025-05-13 12:30:19.461 [                      Host.exe:              6] [lap=318,90  uS]            Tenaris.Library.Log | @ Binding property 'GetColor.rows' should not have a public setter
! 2025-05-13 12:30:19.462 [                      Host.exe:              6] [lap=1,10    mS]            Tenaris.Library.Log | ! Unable to get field 'updatedAt' while filling class 'ColorDto'.
- 2025-05-13 12:30:19.464 [                      Host.exe:              6] [lap=1,92    mS]            Tenaris.Library.Log | - EXEC dbo.GetColor  - laptime=97,1698 ms
 RESULT SETS (1):
  #0, 4 records [id, description, isActive, startedAt, updatedAt]
	[1, Rojo, True, 29/4/2025 16:25:22, 1/1/0001 00:00:00]
	[3, Azul, True, 6/5/2025 14:52:23, 1/1/0001 00:00:00]
	[4, Verde, True, 6/5/2025 14:52:27, 1/1/0001 00:00:00]
	[5, Amarillo, True, 6/5/2025 14:52:31, 1/1/0001 00:00:00]
@ 2025-05-13 12:30:19.565 [                      Host.exe:              6] [lap=100,64  mS]            Tenaris.Library.Log | @ Binding property 'GetPieceType.rows' should not have a public setter
@ 2025-05-13 12:30:19.566 [                      Host.exe:              6] [lap=654,60  uS]            Tenaris.Library.Log | @ Binding property 'GetPieceType.rows' should not have a public setter
@ 2025-05-13 12:30:19.566 [                      Host.exe:              6] [lap=412,70  uS]            Tenaris.Library.Log | @ Binding property 'GetPieceType.rows' should not have a public setter
@ 2025-05-13 12:30:19.665 [                      Host.exe:              6] [lap=98,84   mS]            Tenaris.Library.Log | @ Binding property 'GetPieceType.rows' should not have a public setter
@ 2025-05-13 12:30:19.666 [                      Host.exe:              6] [lap=663,80  uS]            Tenaris.Library.Log | @ Binding property 'GetPieceType.rows' should not have a public setter
@ 2025-05-13 12:30:19.666 [                      Host.exe:              6] [lap=531,50  uS]            Tenaris.Library.Log | @ Binding property 'GetPieceType.rows' should not have a public setter
- 2025-05-13 12:30:19.673 [                      Host.exe:              6] [lap=6,22    mS]            Tenaris.Library.Log | - EXEC dbo.GetPieceType  - laptime=98,7288 ms
 RESULT SETS (1):
  #0, 2 records [id, description, isActive, startedAt, updatedAt]
	[1, Cuadrado, True, 24/4/2025 16:47:00, 24/4/2025 16:47:00]
	[2, Rectangulo, True, 24/4/2025 16:48:00, 24/4/2025 16:48:00]
- 2025-05-13 12:30:24.951 [                      Host.exe:              6] [lap=5,28     S]            Tenaris.Library.Log | - [ASSEMBLY_LOADED] FullName=Microsoft.VisualStudio.Debugger.Runtime.Desktop, Version=17.0.0.0, Culture=neutral, PublicKeyToken=b03f5f7f11d50a3a - Location=C:\Program Files\Microsoft Visual Studio\2022\Professional\Common7\IDE\Remote Debugger\x86\Runtime\Microsoft.VisualStudio.Debugger.Runtime.Desktop.dll
