
****************************************************
** New log start at: 12/5/2025 20:05:18                            
****************************************************
- 2025-05-12 20:05:17.942 [                      Host.exe:              5] [lap=3,48    mS]            Tenaris.Library.Log | - NEW THREAD
- 2025-05-12 20:05:18.032 [                      Host.exe:              5] [lap=92,40   mS]            Tenaris.Library.Log | - Application Profiling Service configured, trying to activate Tenaris.Service.Profiling.ProfilingService, Tenaris.Service.Profiling
! 2025-05-12 20:05:18.034 [                      Host.exe:              5] [lap=2,50    mS]            Tenaris.Library.Log | ! Application Profiling Service not loaded. Could not get type for type name Tenaris.Service.Profiling.ProfilingService, Tenaris.Service.Profiling
- 2025-05-12 20:05:18.036 [                      Host.exe:              5] [lap=908,80  uS]            Tenaris.Library.Log | - Default configuration provider was created because no other was configured.
- 2025-05-12 20:05:18.264 [                      Host.exe:              5] [lap=227,52  mS]            Tenaris.Library.Log | - [ASSEMBLY_LOADED] FullName=System.Data.resources, Version=4.0.0.0, Culture=es, PublicKeyToken=b77a5c561934e089 - Location=C:\WINDOWS\Microsoft.Net\assembly\GAC_MSIL\System.Data.resources\v4.0_4.0.0.0_es_b77a5c561934e089\System.Data.resources.dll
- 2025-05-12 20:05:18.451 [                      Host.exe:              5] [lap=187,43  mS]            Tenaris.Library.Log | - [ASSEMBLY_LOADED] FullName=System.EnterpriseServices, Version=4.0.0.0, Culture=neutral, PublicKeyToken=b03f5f7f11d50a3a - Location=C:\WINDOWS\Microsoft.Net\assembly\GAC_32\System.EnterpriseServices\v4.0_4.0.0.0__b03f5f7f11d50a3a\System.EnterpriseServices.dll
- 2025-05-12 20:05:20.050 [                      Host.exe:              5] [lap=1,60     S]            Tenaris.Library.Log | - [ASSEMBLY_LOADED] FullName=System.Runtime.Caching, Version=4.0.0.0, Culture=neutral, PublicKeyToken=b03f5f7f11d50a3a - Location=C:\WINDOWS\Microsoft.Net\assembly\GAC_MSIL\System.Runtime.Caching\v4.0_4.0.0.0__b03f5f7f11d50a3a\System.Runtime.Caching.dll
@ 2025-05-12 20:05:20.422 [                      Host.exe:              5] [lap=371,26  mS]            Tenaris.Library.Log | @ Binding property 'GetPieceByState.rows' should not have a public setter
- 2025-05-12 20:05:20.884 [                      Host.exe:              5] [lap=462,62  mS]            Tenaris.Library.Log | - EXEC dbo.GetPieceByState #stateId=1 - laptime=350,0108 ms
 RESULT: [stateId=1]
 RESULT SETS (1):
  #0, 11 records [pieceId, colorId, materialId, stateId, typeId, width, length, thickness, pieceOrderId, isActive, startedAt, UpdatedAt]
	[37, 2, 1, 1, 1, 0, 0, 0, 0, True, 6/5/2025 14:56:07, 6/5/2025 14:56:07]
	[39, 2, 1, 1, 2, 0, 0, 0, 0, True, 6/5/2025 17:16:19, 6/5/2025 17:16:19]
	[40, 2, 2, 1, 2, 0, 0, 0, 0, True, 6/5/2025 18:15:03, 6/5/2025 18:15:03]
	[52, 3, 1, 1, 2, 10, 10, 10, 0, True, 11/5/2025 16:00:42, 11/5/2025 16:00:42]
	...
@ 2025-05-12 20:05:20.986 [                      Host.exe:              5] [lap=101,88  mS]            Tenaris.Library.Log | @ Binding property 'GetPieceOrderByPieceId.rows' should not have a public setter
- 2025-05-12 20:05:21.093 [                      Host.exe:              5] [lap=106,85  mS]            Tenaris.Library.Log | - EXEC dbo.GetPieceOrderByPieceId #pieceid=37 - laptime=102,1804 ms
 RESULT: [pieceid=37]
 RESULT SETS (1):
  #0, 1 records [id, workOrderId, pieceId, isActive, startedAt, UpdatedAt]
	[11, 21, 37, True, 6/5/2025 14:56:07, 6/5/2025 14:56:07]
@ 2025-05-12 20:05:21.194 [                      Host.exe:              5] [lap=100,60  mS]            Tenaris.Library.Log | @ Binding property 'PieceOrderLastState.rows' should not have a public setter
- 2025-05-12 20:05:21.298 [                      Host.exe:              5] [lap=104,60  mS]            Tenaris.Library.Log | - EXEC dbo.PieceOrderLastState #workOrderId=21 - laptime=99,5675 ms
 RESULT: [workOrderId=21]
 RESULT SETS (1):
  #0, 1 records [stateId, workOrderId]
	[1, 21]
- 2025-05-12 20:05:21.395 [                      Host.exe:              5] [lap=96,94   mS]            Tenaris.Library.Log | - EXEC dbo.GetPieceOrderByPieceId #pieceid=39 - laptime=94,9304 ms
 RESULT: [pieceid=39]
 RESULT SETS (1):
  #0, 1 records [id, workOrderId, pieceId, isActive, startedAt, UpdatedAt]
	[12, 23, 39, True, 6/5/2025 17:16:20, 6/5/2025 17:16:20]
- 2025-05-12 20:05:21.602 [                      Host.exe:              5] [lap=206,23  mS]            Tenaris.Library.Log | - EXEC dbo.PieceOrderLastState #workOrderId=23 - laptime=205,1496 ms
 RESULT: [workOrderId=23]
 RESULT SETS (1):
  #0, 1 records [stateId, workOrderId]
	[3, 23]
- 2025-05-12 20:05:21.655 [                      Host.exe:              5] [lap=53,25   mS]            Tenaris.Library.Log | - EXEC dbo.GetPieceOrderByPieceId #pieceid=40 - laptime=52,0897 ms
 RESULT: [pieceid=40]
 RESULT SETS (1):
  #0, 1 records [id, workOrderId, pieceId, isActive, startedAt, UpdatedAt]
	[13, 22, 40, True, 6/5/2025 18:15:03, 6/5/2025 18:15:03]
- 2025-05-12 20:05:21.712 [                      Host.exe:              5] [lap=57,32   mS]            Tenaris.Library.Log | - EXEC dbo.PieceOrderLastState #workOrderId=22 - laptime=56,0836 ms
 RESULT: [workOrderId=22]
 RESULT SETS (1):
  #0, 1 records [stateId, workOrderId]
	[2, 22]
- 2025-05-12 20:05:21.764 [                      Host.exe:              5] [lap=52,08   mS]            Tenaris.Library.Log | - EXEC dbo.GetPieceOrderByPieceId #pieceid=52 - laptime=50,4984 ms
 RESULT: [pieceid=52]
 RESULT SETS (1):
  #0, 1 records [id, workOrderId, pieceId, isActive, startedAt, UpdatedAt]
	[20, 25, 52, True, 11/5/2025 18:33:32, 11/5/2025 18:33:32]
- 2025-05-12 20:05:21.909 [                      Host.exe:              5] [lap=144,89  mS]            Tenaris.Library.Log | - EXEC dbo.PieceOrderLastState #workOrderId=25 - laptime=143,5931 ms
 RESULT: [workOrderId=25]
 RESULT SETS (1):
  #0, 1 records [stateId, workOrderId]
	[2, 25]
- 2025-05-12 20:05:21.969 [                      Host.exe:              5] [lap=59,89   mS]            Tenaris.Library.Log | - EXEC dbo.GetPieceOrderByPieceId #pieceid=57 - laptime=58,7716 ms
 RESULT: [pieceid=57]
 RESULT SETS (1):
  #0, 1 records [id, workOrderId, pieceId, isActive, startedAt, UpdatedAt]
	[23, 26, 57, True, 11/5/2025 18:42:54, 11/5/2025 18:42:54]
- 2025-05-12 20:05:22.113 [                      Host.exe:              5] [lap=144,08  mS]            Tenaris.Library.Log | - EXEC dbo.PieceOrderLastState #workOrderId=26 - laptime=143,0976 ms
 RESULT: [workOrderId=26]
 RESULT SETS (1):
  #0, 1 records [stateId, workOrderId]
	[2, 26]
- 2025-05-12 20:05:22.215 [                      Host.exe:              5] [lap=101,70  mS]            Tenaris.Library.Log | - EXEC dbo.GetPieceOrderByPieceId #pieceid=59 - laptime=100,1777 ms
 RESULT: [pieceid=59]
 RESULT SETS (1):
  #0, 1 records [id, workOrderId, pieceId, isActive, startedAt, UpdatedAt]
	[25, 27, 59, True, 11/5/2025 23:39:45, 11/5/2025 23:39:45]
- 2025-05-12 20:05:22.319 [                      Host.exe:              5] [lap=104,22  mS]            Tenaris.Library.Log | - EXEC dbo.PieceOrderLastState #workOrderId=27 - laptime=94,4702 ms
 RESULT: [workOrderId=27]
 RESULT SETS (1):
  #0, 1 records [stateId, workOrderId]
	[2, 27]
- 2025-05-12 20:05:22.419 [                      Host.exe:              5] [lap=100,81  mS]            Tenaris.Library.Log | - EXEC dbo.GetPieceOrderByPieceId #pieceid=61 - laptime=99,6946 ms
 RESULT: [pieceid=61]
 RESULT SETS (1):
  #0, 1 records [id, workOrderId, pieceId, isActive, startedAt, UpdatedAt]
	[27, 24, 61, True, 12/5/2025 17:47:37, 12/5/2025 17:47:37]
- 2025-05-12 20:05:22.525 [                      Host.exe:              5] [lap=105,32  mS]            Tenaris.Library.Log | - EXEC dbo.PieceOrderLastState #workOrderId=24 - laptime=103,9447 ms
 RESULT: [workOrderId=24]
 RESULT SETS (1):
  #0, 1 records [stateId, workOrderId]
	[4, 24]
- 2025-05-12 20:05:22.638 [                      Host.exe:              5] [lap=112,55  mS]            Tenaris.Library.Log | - EXEC dbo.GetPieceOrderByPieceId #pieceid=66 - laptime=111,6944 ms
 RESULT: [pieceid=66]
 RESULT SETS (1):
  #0, 1 records [id, workOrderId, pieceId, isActive, startedAt, UpdatedAt]
	[32, 28, 66, True, 12/5/2025 17:54:09, 12/5/2025 17:54:09]
- 2025-05-12 20:05:22.842 [                      Host.exe:              5] [lap=204,43  mS]            Tenaris.Library.Log | - EXEC dbo.PieceOrderLastState #workOrderId=28 - laptime=203,4273 ms
 RESULT: [workOrderId=28]
 RESULT SETS (1):
  #0, 1 records [stateId, workOrderId]
	[2, 28]
- 2025-05-12 20:05:22.954 [                      Host.exe:              5] [lap=111,69  mS]            Tenaris.Library.Log | - EXEC dbo.GetPieceOrderByPieceId #pieceid=69 - laptime=110,3241 ms
 RESULT: [pieceid=69]
 RESULT SETS (1):
  #0, 1 records [id, workOrderId, pieceId, isActive, startedAt, UpdatedAt]
	[34, 29, 69, True, 12/5/2025 19:38:33, 12/5/2025 19:38:33]
- 2025-05-12 20:05:23.034 [                      Host.exe:              5] [lap=80,78   mS]            Tenaris.Library.Log | - EXEC dbo.PieceOrderLastState #workOrderId=29 - laptime=79,6128 ms
 RESULT: [workOrderId=29]
 RESULT SETS (1):
  #0, 1 records [stateId, workOrderId]
	[2, 29]
- 2025-05-12 20:05:23.135 [                      Host.exe:              5] [lap=100,92  mS]            Tenaris.Library.Log | - EXEC dbo.GetPieceOrderByPieceId #pieceid=71 - laptime=99,8294 ms
 RESULT: [pieceid=71]
 RESULT SETS (1):
  #0, 1 records [id, workOrderId, pieceId, isActive, startedAt, UpdatedAt]
	[36, 30, 71, True, 12/5/2025 20:31:20, 12/5/2025 20:31:20]
- 2025-05-12 20:05:23.239 [                      Host.exe:              5] [lap=104,13  mS]            Tenaris.Library.Log | - EXEC dbo.PieceOrderLastState #workOrderId=30 - laptime=103,0336 ms
 RESULT: [workOrderId=30]
 RESULT SETS (1):
  #0, 1 records [stateId, workOrderId]
	[3, 30]
- 2025-05-12 20:05:23.556 [                      Host.exe:              5] [lap=316,26  mS]            Tenaris.Library.Log | - EXEC dbo.GetPieceOrderByPieceId #pieceid=75 - laptime=314,8968 ms
 RESULT: [pieceid=75]
 RESULT SETS (1):
  #0, 1 records [id, workOrderId, pieceId, isActive, startedAt, UpdatedAt]
	[40, 31, 75, True, 12/5/2025 22:37:11, 12/5/2025 22:37:11]
- 2025-05-12 20:05:23.835 [                      Host.exe:              5] [lap=278,83  mS]            Tenaris.Library.Log | - EXEC dbo.PieceOrderLastState #workOrderId=31 - laptime=277,2441 ms
 RESULT: [workOrderId=31]
 RESULT SETS (1):
  #0, 1 records [stateId, workOrderId]
	[2, 31]
- 2025-05-12 20:05:23.970 [                      Host.exe:              5] [lap=135,48  mS]            Tenaris.Library.Log | - EXEC dbo.GetPieceByState #stateId=2 - laptime=112,6532 ms
 RESULT: [stateId=2]
 RESULT SETS (1):
  #0, 13 records [pieceId, colorId, materialId, stateId, typeId, width, length, thickness, pieceOrderId, isActive, startedAt, UpdatedAt]
	[43, 4, 2, 2, 2, 30, 30, 30, 0, True, 8/5/2025 19:25:54, 8/5/2025 19:25:54]
	[44, 4, 2, 2, 2, 30, 30, 30, 0, True, 10/5/2025 15:01:20, 10/5/2025 15:01:20]
	[45, 4, 2, 2, 2, 111, 111, 111, 0, True, 10/5/2025 15:21:30, 10/5/2025 15:21:30]
	[54, 3, 1, 2, 2, 10, 10, 20, 0, True, 11/5/2025 18:20:35, 11/5/2025 18:20:35]
	...
- 2025-05-12 20:05:24.063 [                      Host.exe:              5] [lap=93,46   mS]            Tenaris.Library.Log | - EXEC dbo.GetPieceOrderByPieceId #pieceid=43 - laptime=91,9942 ms
 RESULT: [pieceid=43]
 RESULT SETS (1):
  #0, 1 records [id, workOrderId, pieceId, isActive, startedAt, UpdatedAt]
	[14, 22, 43, True, 8/5/2025 19:25:54, 8/5/2025 19:25:54]
- 2025-05-12 20:05:24.159 [                      Host.exe:              5] [lap=96,18   mS]            Tenaris.Library.Log | - EXEC dbo.PieceOrderLastState #workOrderId=22 - laptime=95,0477 ms
 RESULT: [workOrderId=22]
 RESULT SETS (1):
  #0, 1 records [stateId, workOrderId]
	[2, 22]
- 2025-05-12 20:05:24.316 [                      Host.exe:              5] [lap=155,51  mS]            Tenaris.Library.Log | - EXEC dbo.GetPieceOrderByPieceId #pieceid=44 - laptime=154,2952 ms
 RESULT: [pieceid=44]
 RESULT SETS (1):
  #0, 1 records [id, workOrderId, pieceId, isActive, startedAt, UpdatedAt]
	[15, 22, 44, True, 10/5/2025 15:01:20, 10/5/2025 15:01:20]
- 2025-05-12 20:05:24.467 [                      Host.exe:              5] [lap=152,25  mS]            Tenaris.Library.Log | - EXEC dbo.PieceOrderLastState #workOrderId=22 - laptime=146,0292 ms
 RESULT: [workOrderId=22]
 RESULT SETS (1):
  #0, 1 records [stateId, workOrderId]
	[2, 22]
- 2025-05-12 20:05:24.673 [                      Host.exe:              5] [lap=204,93  mS]            Tenaris.Library.Log | - EXEC dbo.GetPieceOrderByPieceId #pieceid=45 - laptime=203,8715 ms
 RESULT: [pieceid=45]
 RESULT SETS (1):
  #0, 1 records [id, workOrderId, pieceId, isActive, startedAt, UpdatedAt]
	[16, 22, 45, True, 10/5/2025 15:21:30, 10/5/2025 15:21:30]
- 2025-05-12 20:05:24.803 [                      Host.exe:              5] [lap=130,96  mS]            Tenaris.Library.Log | - EXEC dbo.PieceOrderLastState #workOrderId=22 - laptime=130,0733 ms
 RESULT: [workOrderId=22]
 RESULT SETS (1):
  #0, 1 records [stateId, workOrderId]
	[2, 22]
- 2025-05-12 20:05:24.876 [                      Host.exe:              5] [lap=73,17   mS]            Tenaris.Library.Log | - EXEC dbo.GetPieceOrderByPieceId #pieceid=54 - laptime=72,2795 ms
 RESULT: [pieceid=54]
 RESULT SETS (1):
- 2025-05-12 20:05:25.083 [                      Host.exe:              5] [lap=206,54  mS]            Tenaris.Library.Log | - EXEC dbo.GetPieceOrderByPieceId #pieceid=55 - laptime=205,4301 ms
 RESULT: [pieceid=55]
 RESULT SETS (1):
  #0, 1 records [id, workOrderId, pieceId, isActive, startedAt, UpdatedAt]
	[21, 25, 55, True, 11/5/2025 18:34:01, 11/5/2025 18:34:01]
- 2025-05-12 20:05:25.185 [                      Host.exe:              5] [lap=101,74  mS]            Tenaris.Library.Log | - EXEC dbo.PieceOrderLastState #workOrderId=25 - laptime=100,8735 ms
 RESULT: [workOrderId=25]
 RESULT SETS (1):
  #0, 1 records [stateId, workOrderId]
	[2, 25]
- 2025-05-12 20:05:25.286 [                      Host.exe:              5] [lap=101,95  mS]            Tenaris.Library.Log | - EXEC dbo.GetPieceOrderByPieceId #pieceid=56 - laptime=100,8099 ms
 RESULT: [pieceid=56]
 RESULT SETS (1):
  #0, 1 records [id, workOrderId, pieceId, isActive, startedAt, UpdatedAt]
	[22, 25, 56, True, 11/5/2025 18:42:01, 11/5/2025 18:42:01]
- 2025-05-12 20:05:25.390 [                      Host.exe:              5] [lap=104,01  mS]            Tenaris.Library.Log | - EXEC dbo.PieceOrderLastState #workOrderId=25 - laptime=102,7391 ms
 RESULT: [workOrderId=25]
 RESULT SETS (1):
  #0, 1 records [stateId, workOrderId]
	[2, 25]
- 2025-05-12 20:05:25.458 [                      Host.exe:              5] [lap=67,38   mS]            Tenaris.Library.Log | - EXEC dbo.GetPieceOrderByPieceId #pieceid=58 - laptime=65,9471 ms
 RESULT: [pieceid=58]
 RESULT SETS (1):
  #0, 1 records [id, workOrderId, pieceId, isActive, startedAt, UpdatedAt]
	[24, 26, 58, True, 11/5/2025 18:43:12, 11/5/2025 18:43:12]
- 2025-05-12 20:05:26.201 [                      Host.exe:              5] [lap=742,83  mS]            Tenaris.Library.Log | - EXEC dbo.PieceOrderLastState #workOrderId=26 - laptime=741,4784 ms
 RESULT: [workOrderId=26]
 RESULT SETS (1):
  #0, 1 records [stateId, workOrderId]
	[2, 26]
- 2025-05-12 20:05:26.311 [                      Host.exe:              5] [lap=110,25  mS]            Tenaris.Library.Log | - EXEC dbo.GetPieceOrderByPieceId #pieceid=60 - laptime=109,2403 ms
 RESULT: [pieceid=60]
 RESULT SETS (1):
  #0, 1 records [id, workOrderId, pieceId, isActive, startedAt, UpdatedAt]
	[26, 27, 60, True, 12/5/2025 17:29:24, 12/5/2025 17:29:24]
- 2025-05-12 20:05:26.413 [                      Host.exe:              5] [lap=101,86  mS]            Tenaris.Library.Log | - EXEC dbo.PieceOrderLastState #workOrderId=27 - laptime=100,612 ms
 RESULT: [workOrderId=27]
 RESULT SETS (1):
  #0, 1 records [stateId, workOrderId]
	[2, 27]
- 2025-05-12 20:05:26.620 [                      Host.exe:              5] [lap=206,52  mS]            Tenaris.Library.Log | - EXEC dbo.GetPieceOrderByPieceId #pieceid=62 - laptime=205,2943 ms
 RESULT: [pieceid=62]
 RESULT SETS (1):
  #0, 1 records [id, workOrderId, pieceId, isActive, startedAt, UpdatedAt]
	[28, 24, 62, True, 12/5/2025 17:48:26, 12/5/2025 17:48:26]
- 2025-05-12 20:05:26.683 [                      Host.exe:              5] [lap=63,26   mS]            Tenaris.Library.Log | - EXEC dbo.PieceOrderLastState #workOrderId=24 - laptime=61,7503 ms
 RESULT: [workOrderId=24]
 RESULT SETS (1):
  #0, 1 records [stateId, workOrderId]
	[4, 24]
- 2025-05-12 20:05:26.836 [                      Host.exe:              5] [lap=152,68  mS]            Tenaris.Library.Log | - EXEC dbo.GetPieceOrderByPieceId #pieceid=64 - laptime=151,645 ms
 RESULT: [pieceid=64]
 RESULT SETS (1):
  #0, 1 records [id, workOrderId, pieceId, isActive, startedAt, UpdatedAt]
	[30, 24, 64, True, 12/5/2025 17:52:31, 12/5/2025 17:52:31]
- 2025-05-12 20:05:26.955 [                      Host.exe:              5] [lap=120,39  mS]            Tenaris.Library.Log | - EXEC dbo.PieceOrderLastState #workOrderId=24 - laptime=119,3324 ms
 RESULT: [workOrderId=24]
 RESULT SETS (1):
  #0, 1 records [stateId, workOrderId]
	[4, 24]
- 2025-05-12 20:05:27.033 [                      Host.exe:              5] [lap=77,67   mS]            Tenaris.Library.Log | - EXEC dbo.GetPieceOrderByPieceId #pieceid=67 - laptime=74,6683 ms
 RESULT: [pieceid=67]
 RESULT SETS (1):
  #0, 1 records [id, workOrderId, pieceId, isActive, startedAt, UpdatedAt]
	[33, 28, 67, True, 12/5/2025 17:54:38, 12/5/2025 17:54:38]
- 2025-05-12 20:05:27.136 [                      Host.exe:              5] [lap=102,78  mS]            Tenaris.Library.Log | - EXEC dbo.PieceOrderLastState #workOrderId=28 - laptime=101,6097 ms
 RESULT: [workOrderId=28]
 RESULT SETS (1):
  #0, 1 records [stateId, workOrderId]
	[2, 28]
- 2025-05-12 20:05:27.238 [                      Host.exe:              5] [lap=101,98  mS]            Tenaris.Library.Log | - EXEC dbo.GetPieceOrderByPieceId #pieceid=70 - laptime=100,9958 ms
 RESULT: [pieceid=70]
 RESULT SETS (1):
  #0, 1 records [id, workOrderId, pieceId, isActive, startedAt, UpdatedAt]
	[35, 29, 70, True, 12/5/2025 19:39:24, 12/5/2025 19:39:24]
- 2025-05-12 20:05:27.441 [                      Host.exe:              5] [lap=202,99  mS]            Tenaris.Library.Log | - EXEC dbo.PieceOrderLastState #workOrderId=29 - laptime=202,0585 ms
 RESULT: [workOrderId=29]
 RESULT SETS (1):
  #0, 1 records [stateId, workOrderId]
	[2, 29]
- 2025-05-12 20:05:27.546 [                      Host.exe:              5] [lap=104,15  mS]            Tenaris.Library.Log | - EXEC dbo.GetPieceOrderByPieceId #pieceid=76 - laptime=103,074 ms
 RESULT: [pieceid=76]
 RESULT SETS (1):
  #0, 1 records [id, workOrderId, pieceId, isActive, startedAt, UpdatedAt]
	[41, 31, 76, True, 12/5/2025 22:37:51, 12/5/2025 22:37:51]
- 2025-05-12 20:05:27.644 [                      Host.exe:              5] [lap=98,50   mS]            Tenaris.Library.Log | - EXEC dbo.PieceOrderLastState #workOrderId=31 - laptime=97,5668 ms
 RESULT: [workOrderId=31]
 RESULT SETS (1):
  #0, 1 records [stateId, workOrderId]
	[2, 31]
- 2025-05-12 20:05:27.749 [                      Host.exe:              5] [lap=105,23  mS]            Tenaris.Library.Log | - EXEC dbo.GetPieceByState #stateId=3 - laptime=96,4588 ms
 RESULT: [stateId=3]
 RESULT SETS (1):
  #0, 4 records [pieceId, colorId, materialId, stateId, typeId, width, length, thickness, pieceOrderId, isActive, startedAt, UpdatedAt]
	[42, 2, 2, 3, 2, 30, 30, 30, 0, True, 8/5/2025 18:57:15, 8/5/2025 18:57:15]
	[46, 4, 1, 3, 2, 45, 45, 45, 0, True, 10/5/2025 16:11:48, 10/5/2025 16:11:48]
	[72, 3, 1, 3, 1, 10, 10, 1, 0, True, 12/5/2025 20:31:41, 12/5/2025 20:31:41]
	[74, 3, 1, 3, 1, 10, 10, 1, 0, True, 12/5/2025 21:02:10, 12/5/2025 21:02:10]
- 2025-05-12 20:05:27.846 [                      Host.exe:              5] [lap=97,11   mS]            Tenaris.Library.Log | - EXEC dbo.GetPieceOrderByPieceId #pieceid=42 - laptime=96,2064 ms
 RESULT: [pieceid=42]
 RESULT SETS (1):
- 2025-05-12 20:05:27.964 [                      Host.exe:              5] [lap=117,67  mS]            Tenaris.Library.Log | - EXEC dbo.GetPieceOrderByPieceId #pieceid=46 - laptime=116,5808 ms
 RESULT: [pieceid=46]
 RESULT SETS (1):
  #0, 1 records [id, workOrderId, pieceId, isActive, startedAt, UpdatedAt]
	[17, 23, 46, True, 10/5/2025 16:11:48, 10/5/2025 16:11:48]
- 2025-05-12 20:05:28.056 [                      Host.exe:              5] [lap=92,86   mS]            Tenaris.Library.Log | - EXEC dbo.PieceOrderLastState #workOrderId=23 - laptime=91,9 ms
 RESULT: [workOrderId=23]
 RESULT SETS (1):
  #0, 1 records [stateId, workOrderId]
	[3, 23]
- 2025-05-12 20:05:28.157 [                      Host.exe:              5] [lap=100,36  mS]            Tenaris.Library.Log | - EXEC dbo.GetPieceOrderByPieceId #pieceid=72 - laptime=99,1973 ms
 RESULT: [pieceid=72]
 RESULT SETS (1):
  #0, 1 records [id, workOrderId, pieceId, isActive, startedAt, UpdatedAt]
	[37, 30, 72, True, 12/5/2025 20:31:41, 12/5/2025 20:31:41]
- 2025-05-12 20:05:28.256 [                      Host.exe:              5] [lap=98,58   mS]            Tenaris.Library.Log | - EXEC dbo.PieceOrderLastState #workOrderId=30 - laptime=97,4404 ms
 RESULT: [workOrderId=30]
 RESULT SETS (1):
  #0, 1 records [stateId, workOrderId]
	[3, 30]
- 2025-05-12 20:05:28.371 [                      Host.exe:              5] [lap=115,10  mS]            Tenaris.Library.Log | - EXEC dbo.GetPieceOrderByPieceId #pieceid=74 - laptime=114,1094 ms
 RESULT: [pieceid=74]
 RESULT SETS (1):
  #0, 1 records [id, workOrderId, pieceId, isActive, startedAt, UpdatedAt]
	[39, 30, 74, True, 12/5/2025 21:02:10, 12/5/2025 21:02:10]
- 2025-05-12 20:05:28.464 [                      Host.exe:              5] [lap=93,14   mS]            Tenaris.Library.Log | - EXEC dbo.PieceOrderLastState #workOrderId=30 - laptime=92,0977 ms
 RESULT: [workOrderId=30]
 RESULT SETS (1):
  #0, 1 records [stateId, workOrderId]
	[3, 30]
@ 2025-05-12 20:05:36.843 [                      Host.exe:              5] [lap=8,38     S]            Tenaris.Library.Log | @ Binding property 'GetStationById.rows' should not have a public setter
- 2025-05-12 20:05:36.966 [                      Host.exe:              5] [lap=123,00  mS]            Tenaris.Library.Log | - EXEC dbo.GetStationByIdAle #id=4 - laptime=108,3922 ms
 RESULT: [id=4]
 RESULT SETS (1):
  #0, 1 records [stationId, name, pieceIdOnEntry, pieceIdOnProcess, pieceIdOnExit, stationTypeId, productionLineId, isActive, startedAt, updatedAt]
	[4, Pintura, 0, 0, 74, 4, 1, True, 3/5/2025 13:45:11, 3/5/2025 13:45:11]
- 2025-05-12 20:05:37.381 [                      Host.exe:              5] [lap=414,82  mS]            Tenaris.Library.Log | - EXEC dbo.PutPieceOnEntry #stationid=4#pieceid=74 - laptime=342,848 ms
- 2025-05-12 20:05:38.193 [                      Host.exe:              6] [lap=1,46    mS]            Tenaris.Library.Log | - NEW THREAD
- 2025-05-12 20:05:38.193 [                      Host.exe:              6] [lap=243,00  uS]            Tenaris.Library.Log | - EXEC dbo.GetStationByIdAle #id=4 - laptime=134,4719 ms
 RESULT: [id=4]
 RESULT SETS (1):
  #0, 1 records [stationId, name, pieceIdOnEntry, pieceIdOnProcess, pieceIdOnExit, stationTypeId, productionLineId, isActive, startedAt, updatedAt]
	[4, Pintura, 74, 0, 74, 4, 1, True, 3/5/2025 13:45:11, 3/5/2025 13:45:11]
@ 2025-05-12 20:05:38.300 [                      Host.exe:              6] [lap=106,52  mS]            Tenaris.Library.Log | @ Binding property 'GetColor.rows' should not have a public setter
@ 2025-05-12 20:05:38.301 [                      Host.exe:              6] [lap=1,04    mS]            Tenaris.Library.Log | @ Binding property 'GetColor.rows' should not have a public setter
@ 2025-05-12 20:05:38.302 [                      Host.exe:              6] [lap=967,10  uS]            Tenaris.Library.Log | @ Binding property 'GetColor.rows' should not have a public setter
@ 2025-05-12 20:05:38.428 [                      Host.exe:              6] [lap=127,21  mS]            Tenaris.Library.Log | @ Binding property 'GetColor.rows' should not have a public setter
@ 2025-05-12 20:05:38.428 [                      Host.exe:              6] [lap=677,90  uS]            Tenaris.Library.Log | @ Binding property 'GetColor.rows' should not have a public setter
@ 2025-05-12 20:05:38.428 [                      Host.exe:              6] [lap=544,50  uS]            Tenaris.Library.Log | @ Binding property 'GetColor.rows' should not have a public setter
! 2025-05-12 20:05:38.428 [                      Host.exe:              6] [lap=4,24    mS]            Tenaris.Library.Log | ! Unable to get field 'updatedAt' while filling class 'ColorDto'.
- 2025-05-12 20:05:38.436 [                      Host.exe:              6] [lap=4,84    mS]            Tenaris.Library.Log | - EXEC dbo.GetColor  - laptime=127,1501 ms
 RESULT SETS (1):
  #0, 4 records [id, description, isActive, startedAt, updatedAt]
	[1, Rojo, True, 29/4/2025 16:25:22, 1/1/0001 00:00:00]
	[3, Azul, True, 6/5/2025 14:52:23, 1/1/0001 00:00:00]
	[4, Verde, True, 6/5/2025 14:52:27, 1/1/0001 00:00:00]
	[5, Amarillo, True, 6/5/2025 14:52:31, 1/1/0001 00:00:00]
- 2025-05-12 20:05:44.645 [                      Host.exe:              5] [lap=7,26     S]            Tenaris.Library.Log | - EXEC dbo.GetPieceByState #stateId=1 - laptime=321,265 ms
 RESULT: [stateId=1]
 RESULT SETS (1):
  #0, 11 records [pieceId, colorId, materialId, stateId, typeId, width, length, thickness, pieceOrderId, isActive, startedAt, UpdatedAt]
	[37, 2, 1, 1, 1, 0, 0, 0, 0, True, 6/5/2025 14:56:07, 6/5/2025 14:56:07]
	[39, 2, 1, 1, 2, 0, 0, 0, 0, True, 6/5/2025 17:16:19, 6/5/2025 17:16:19]
	[40, 2, 2, 1, 2, 0, 0, 0, 0, True, 6/5/2025 18:15:03, 6/5/2025 18:15:03]
	[52, 3, 1, 1, 2, 10, 10, 10, 0, True, 11/5/2025 16:00:42, 11/5/2025 16:00:42]
	...
- 2025-05-12 20:05:44.744 [                      Host.exe:              5] [lap=99,56   mS]            Tenaris.Library.Log | - EXEC dbo.GetPieceOrderByPieceId #pieceid=37 - laptime=98,2631 ms
 RESULT: [pieceid=37]
 RESULT SETS (1):
  #0, 1 records [id, workOrderId, pieceId, isActive, startedAt, UpdatedAt]
	[11, 21, 37, True, 6/5/2025 14:56:07, 6/5/2025 14:56:07]
- 2025-05-12 20:05:44.851 [                      Host.exe:              5] [lap=105,97  mS]            Tenaris.Library.Log | - EXEC dbo.PieceOrderLastState #workOrderId=21 - laptime=104,9062 ms
 RESULT: [workOrderId=21]
 RESULT SETS (1):
  #0, 1 records [stateId, workOrderId]
	[1, 21]
- 2025-05-12 20:05:44.948 [                      Host.exe:              5] [lap=97,73   mS]            Tenaris.Library.Log | - EXEC dbo.GetPieceOrderByPieceId #pieceid=39 - laptime=96,4409 ms
 RESULT: [pieceid=39]
 RESULT SETS (1):
  #0, 1 records [id, workOrderId, pieceId, isActive, startedAt, UpdatedAt]
	[12, 23, 39, True, 6/5/2025 17:16:20, 6/5/2025 17:16:20]
- 2025-05-12 20:05:45.153 [                      Host.exe:              5] [lap=205,06  mS]            Tenaris.Library.Log | - EXEC dbo.PieceOrderLastState #workOrderId=23 - laptime=203,7852 ms
 RESULT: [workOrderId=23]
 RESULT SETS (1):
  #0, 1 records [stateId, workOrderId]
	[3, 23]
- 2025-05-12 20:05:45.259 [                      Host.exe:              5] [lap=105,74  mS]            Tenaris.Library.Log | - EXEC dbo.GetPieceOrderByPieceId #pieceid=40 - laptime=104,2917 ms
 RESULT: [pieceid=40]
 RESULT SETS (1):
  #0, 1 records [id, workOrderId, pieceId, isActive, startedAt, UpdatedAt]
	[13, 22, 40, True, 6/5/2025 18:15:03, 6/5/2025 18:15:03]
- 2025-05-12 20:05:45.356 [                      Host.exe:              5] [lap=97,99   mS]            Tenaris.Library.Log | - EXEC dbo.PieceOrderLastState #workOrderId=22 - laptime=96,5087 ms
 RESULT: [workOrderId=22]
 RESULT SETS (1):
  #0, 1 records [stateId, workOrderId]
	[2, 22]
- 2025-05-12 20:05:45.466 [                      Host.exe:              5] [lap=109,68  mS]            Tenaris.Library.Log | - EXEC dbo.GetPieceOrderByPieceId #pieceid=52 - laptime=108,7083 ms
 RESULT: [pieceid=52]
 RESULT SETS (1):
  #0, 1 records [id, workOrderId, pieceId, isActive, startedAt, UpdatedAt]
	[20, 25, 52, True, 11/5/2025 18:33:32, 11/5/2025 18:33:32]
- 2025-05-12 20:05:45.577 [                      Host.exe:              5] [lap=110,18  mS]            Tenaris.Library.Log | - EXEC dbo.PieceOrderLastState #workOrderId=25 - laptime=109,3365 ms
 RESULT: [workOrderId=25]
 RESULT SETS (1):
  #0, 1 records [stateId, workOrderId]
	[2, 25]
- 2025-05-12 20:05:45.642 [                      Host.exe:              5] [lap=65,61   mS]            Tenaris.Library.Log | - EXEC dbo.GetPieceOrderByPieceId #pieceid=57 - laptime=64,4715 ms
 RESULT: [pieceid=57]
 RESULT SETS (1):
  #0, 1 records [id, workOrderId, pieceId, isActive, startedAt, UpdatedAt]
	[23, 26, 57, True, 11/5/2025 18:42:54, 11/5/2025 18:42:54]
- 2025-05-12 20:05:45.779 [                      Host.exe:              5] [lap=136,88  mS]            Tenaris.Library.Log | - EXEC dbo.PieceOrderLastState #workOrderId=26 - laptime=135,2756 ms
 RESULT: [workOrderId=26]
 RESULT SETS (1):
  #0, 1 records [stateId, workOrderId]
	[2, 26]
- 2025-05-12 20:05:45.883 [                      Host.exe:              5] [lap=104,13  mS]            Tenaris.Library.Log | - EXEC dbo.GetPieceOrderByPieceId #pieceid=59 - laptime=103,0772 ms
 RESULT: [pieceid=59]
 RESULT SETS (1):
  #0, 1 records [id, workOrderId, pieceId, isActive, startedAt, UpdatedAt]
	[25, 27, 59, True, 11/5/2025 23:39:45, 11/5/2025 23:39:45]
- 2025-05-12 20:05:45.991 [                      Host.exe:              5] [lap=107,23  mS]            Tenaris.Library.Log | - EXEC dbo.PieceOrderLastState #workOrderId=27 - laptime=105,9783 ms
 RESULT: [workOrderId=27]
 RESULT SETS (1):
  #0, 1 records [stateId, workOrderId]
	[2, 27]
- 2025-05-12 20:05:46.182 [                      Host.exe:              5] [lap=191,90  mS]            Tenaris.Library.Log | - EXEC dbo.GetPieceOrderByPieceId #pieceid=61 - laptime=190,9142 ms
 RESULT: [pieceid=61]
 RESULT SETS (1):
  #0, 1 records [id, workOrderId, pieceId, isActive, startedAt, UpdatedAt]
	[27, 24, 61, True, 12/5/2025 17:47:37, 12/5/2025 17:47:37]
- 2025-05-12 20:05:46.291 [                      Host.exe:              5] [lap=109,34  mS]            Tenaris.Library.Log | - EXEC dbo.PieceOrderLastState #workOrderId=24 - laptime=108,3403 ms
 RESULT: [workOrderId=24]
 RESULT SETS (1):
  #0, 1 records [stateId, workOrderId]
	[4, 24]
- 2025-05-12 20:05:46.382 [                      Host.exe:              5] [lap=89,59   mS]            Tenaris.Library.Log | - EXEC dbo.GetPieceOrderByPieceId #pieceid=66 - laptime=88,3921 ms
 RESULT: [pieceid=66]
 RESULT SETS (1):
  #0, 1 records [id, workOrderId, pieceId, isActive, startedAt, UpdatedAt]
	[32, 28, 66, True, 12/5/2025 17:54:09, 12/5/2025 17:54:09]
- 2025-05-12 20:05:46.491 [                      Host.exe:              5] [lap=109,11  mS]            Tenaris.Library.Log | - EXEC dbo.PieceOrderLastState #workOrderId=28 - laptime=108,1727 ms
 RESULT: [workOrderId=28]
 RESULT SETS (1):
  #0, 1 records [stateId, workOrderId]
	[2, 28]
- 2025-05-12 20:05:46.586 [                      Host.exe:              5] [lap=95,43   mS]            Tenaris.Library.Log | - EXEC dbo.GetPieceOrderByPieceId #pieceid=69 - laptime=94,3752 ms
 RESULT: [pieceid=69]
 RESULT SETS (1):
  #0, 1 records [id, workOrderId, pieceId, isActive, startedAt, UpdatedAt]
	[34, 29, 69, True, 12/5/2025 19:38:33, 12/5/2025 19:38:33]
- 2025-05-12 20:05:46.692 [                      Host.exe:              5] [lap=106,65  mS]            Tenaris.Library.Log | - EXEC dbo.PieceOrderLastState #workOrderId=29 - laptime=104,1695 ms
 RESULT: [workOrderId=29]
 RESULT SETS (1):
  #0, 1 records [stateId, workOrderId]
	[2, 29]
- 2025-05-12 20:05:46.800 [                      Host.exe:              5] [lap=108,33  mS]            Tenaris.Library.Log | - EXEC dbo.GetPieceOrderByPieceId #pieceid=71 - laptime=107,2785 ms
 RESULT: [pieceid=71]
 RESULT SETS (1):
  #0, 1 records [id, workOrderId, pieceId, isActive, startedAt, UpdatedAt]
	[36, 30, 71, True, 12/5/2025 20:31:20, 12/5/2025 20:31:20]
- 2025-05-12 20:05:46.895 [                      Host.exe:              5] [lap=94,16   mS]            Tenaris.Library.Log | - EXEC dbo.PieceOrderLastState #workOrderId=30 - laptime=92,9302 ms
 RESULT: [workOrderId=30]
 RESULT SETS (1):
  #0, 1 records [stateId, workOrderId]
	[3, 30]
- 2025-05-12 20:05:47.229 [                      Host.exe:              5] [lap=334,08  mS]            Tenaris.Library.Log | - EXEC dbo.GetPieceOrderByPieceId #pieceid=75 - laptime=332,8379 ms
 RESULT: [pieceid=75]
 RESULT SETS (1):
  #0, 1 records [id, workOrderId, pieceId, isActive, startedAt, UpdatedAt]
	[40, 31, 75, True, 12/5/2025 22:37:11, 12/5/2025 22:37:11]
- 2025-05-12 20:05:47.304 [                      Host.exe:              5] [lap=74,93   mS]            Tenaris.Library.Log | - EXEC dbo.PieceOrderLastState #workOrderId=31 - laptime=73,9831 ms
 RESULT: [workOrderId=31]
 RESULT SETS (1):
  #0, 1 records [stateId, workOrderId]
	[2, 31]
- 2025-05-12 20:05:47.411 [                      Host.exe:              5] [lap=107,64  mS]            Tenaris.Library.Log | - EXEC dbo.GetPieceByState #stateId=2 - laptime=100,7075 ms
 RESULT: [stateId=2]
 RESULT SETS (1):
  #0, 13 records [pieceId, colorId, materialId, stateId, typeId, width, length, thickness, pieceOrderId, isActive, startedAt, UpdatedAt]
	[43, 4, 2, 2, 2, 30, 30, 30, 0, True, 8/5/2025 19:25:54, 8/5/2025 19:25:54]
	[44, 4, 2, 2, 2, 30, 30, 30, 0, True, 10/5/2025 15:01:20, 10/5/2025 15:01:20]
	[45, 4, 2, 2, 2, 111, 111, 111, 0, True, 10/5/2025 15:21:30, 10/5/2025 15:21:30]
	[54, 3, 1, 2, 2, 10, 10, 20, 0, True, 11/5/2025 18:20:35, 11/5/2025 18:20:35]
	...
- 2025-05-12 20:05:47.507 [                      Host.exe:              5] [lap=95,56   mS]            Tenaris.Library.Log | - EXEC dbo.GetPieceOrderByPieceId #pieceid=43 - laptime=94,4844 ms
 RESULT: [pieceid=43]
 RESULT SETS (1):
  #0, 1 records [id, workOrderId, pieceId, isActive, startedAt, UpdatedAt]
	[14, 22, 43, True, 8/5/2025 19:25:54, 8/5/2025 19:25:54]
- 2025-05-12 20:05:47.609 [                      Host.exe:              5] [lap=102,19  mS]            Tenaris.Library.Log | - EXEC dbo.PieceOrderLastState #workOrderId=22 - laptime=101,0886 ms
 RESULT: [workOrderId=22]
 RESULT SETS (1):
  #0, 1 records [stateId, workOrderId]
	[2, 22]
- 2025-05-12 20:05:47.719 [                      Host.exe:              5] [lap=109,63  mS]            Tenaris.Library.Log | - EXEC dbo.GetPieceOrderByPieceId #pieceid=44 - laptime=108,6093 ms
 RESULT: [pieceid=44]
 RESULT SETS (1):
  #0, 1 records [id, workOrderId, pieceId, isActive, startedAt, UpdatedAt]
	[15, 22, 44, True, 10/5/2025 15:01:20, 10/5/2025 15:01:20]
- 2025-05-12 20:05:47.821 [                      Host.exe:              5] [lap=102,03  mS]            Tenaris.Library.Log | - EXEC dbo.PieceOrderLastState #workOrderId=22 - laptime=100,5598 ms
 RESULT: [workOrderId=22]
 RESULT SETS (1):
  #0, 1 records [stateId, workOrderId]
	[2, 22]
- 2025-05-12 20:05:47.917 [                      Host.exe:              5] [lap=96,03   mS]            Tenaris.Library.Log | - EXEC dbo.GetPieceOrderByPieceId #pieceid=45 - laptime=94,695 ms
 RESULT: [pieceid=45]
 RESULT SETS (1):
  #0, 1 records [id, workOrderId, pieceId, isActive, startedAt, UpdatedAt]
	[16, 22, 45, True, 10/5/2025 15:21:30, 10/5/2025 15:21:30]
- 2025-05-12 20:05:48.022 [                      Host.exe:              5] [lap=104,27  mS]            Tenaris.Library.Log | - EXEC dbo.PieceOrderLastState #workOrderId=22 - laptime=103,0168 ms
 RESULT: [workOrderId=22]
 RESULT SETS (1):
  #0, 1 records [stateId, workOrderId]
	[2, 22]
- 2025-05-12 20:05:48.124 [                      Host.exe:              5] [lap=102,72  mS]            Tenaris.Library.Log | - EXEC dbo.GetPieceOrderByPieceId #pieceid=54 - laptime=101,615 ms
 RESULT: [pieceid=54]
 RESULT SETS (1):
- 2025-05-12 20:05:48.240 [                      Host.exe:              5] [lap=115,17  mS]            Tenaris.Library.Log | - EXEC dbo.GetPieceOrderByPieceId #pieceid=55 - laptime=113,974 ms
 RESULT: [pieceid=55]
 RESULT SETS (1):
  #0, 1 records [id, workOrderId, pieceId, isActive, startedAt, UpdatedAt]
	[21, 25, 55, True, 11/5/2025 18:34:01, 11/5/2025 18:34:01]
- 2025-05-12 20:05:48.327 [                      Host.exe:              5] [lap=88,43   mS]            Tenaris.Library.Log | - EXEC dbo.PieceOrderLastState #workOrderId=25 - laptime=87,5 ms
 RESULT: [workOrderId=25]
 RESULT SETS (1):
  #0, 1 records [stateId, workOrderId]
	[2, 25]
- 2025-05-12 20:05:48.443 [                      Host.exe:              5] [lap=114,97  mS]            Tenaris.Library.Log | - EXEC dbo.GetPieceOrderByPieceId #pieceid=56 - laptime=112,2942 ms
 RESULT: [pieceid=56]
 RESULT SETS (1):
  #0, 1 records [id, workOrderId, pieceId, isActive, startedAt, UpdatedAt]
	[22, 25, 56, True, 11/5/2025 18:42:01, 11/5/2025 18:42:01]
- 2025-05-12 20:05:48.532 [                      Host.exe:              5] [lap=89,84   mS]            Tenaris.Library.Log | - EXEC dbo.PieceOrderLastState #workOrderId=25 - laptime=88,9251 ms
 RESULT: [workOrderId=25]
 RESULT SETS (1):
  #0, 1 records [stateId, workOrderId]
	[2, 25]
- 2025-05-12 20:05:48.635 [                      Host.exe:              5] [lap=102,26  mS]            Tenaris.Library.Log | - EXEC dbo.GetPieceOrderByPieceId #pieceid=58 - laptime=101,2875 ms
 RESULT: [pieceid=58]
 RESULT SETS (1):
  #0, 1 records [id, workOrderId, pieceId, isActive, startedAt, UpdatedAt]
	[24, 26, 58, True, 11/5/2025 18:43:12, 11/5/2025 18:43:12]
- 2025-05-12 20:05:48.747 [                      Host.exe:              5] [lap=112,19  mS]            Tenaris.Library.Log | - EXEC dbo.PieceOrderLastState #workOrderId=26 - laptime=111,2288 ms
 RESULT: [workOrderId=26]
 RESULT SETS (1):
  #0, 1 records [stateId, workOrderId]
	[2, 26]
- 2025-05-12 20:05:48.843 [                      Host.exe:              5] [lap=96,82   mS]            Tenaris.Library.Log | - EXEC dbo.GetPieceOrderByPieceId #pieceid=60 - laptime=95,0935 ms
 RESULT: [pieceid=60]
 RESULT SETS (1):
  #0, 1 records [id, workOrderId, pieceId, isActive, startedAt, UpdatedAt]
	[26, 27, 60, True, 12/5/2025 17:29:24, 12/5/2025 17:29:24]
- 2025-05-12 20:05:48.961 [                      Host.exe:              5] [lap=116,81  mS]            Tenaris.Library.Log | - EXEC dbo.PieceOrderLastState #workOrderId=27 - laptime=115,8992 ms
 RESULT: [workOrderId=27]
 RESULT SETS (1):
  #0, 1 records [stateId, workOrderId]
	[2, 27]
- 2025-05-12 20:05:49.046 [                      Host.exe:              5] [lap=85,72   mS]            Tenaris.Library.Log | - EXEC dbo.GetPieceOrderByPieceId #pieceid=62 - laptime=84,7719 ms
 RESULT: [pieceid=62]
 RESULT SETS (1):
  #0, 1 records [id, workOrderId, pieceId, isActive, startedAt, UpdatedAt]
	[28, 24, 62, True, 12/5/2025 17:48:26, 12/5/2025 17:48:26]
- 2025-05-12 20:05:49.177 [                      Host.exe:              5] [lap=130,02  mS]            Tenaris.Library.Log | - EXEC dbo.PieceOrderLastState #workOrderId=24 - laptime=129,0635 ms
 RESULT: [workOrderId=24]
 RESULT SETS (1):
  #0, 1 records [stateId, workOrderId]
	[4, 24]
- 2025-05-12 20:05:49.354 [                      Host.exe:              5] [lap=178,24  mS]            Tenaris.Library.Log | - EXEC dbo.GetPieceOrderByPieceId #pieceid=64 - laptime=177,2573 ms
 RESULT: [pieceid=64]
 RESULT SETS (1):
  #0, 1 records [id, workOrderId, pieceId, isActive, startedAt, UpdatedAt]
	[30, 24, 64, True, 12/5/2025 17:52:31, 12/5/2025 17:52:31]
- 2025-05-12 20:05:49.453 [                      Host.exe:              5] [lap=99,20   mS]            Tenaris.Library.Log | - EXEC dbo.PieceOrderLastState #workOrderId=24 - laptime=98,2707 ms
 RESULT: [workOrderId=24]
 RESULT SETS (1):
  #0, 1 records [stateId, workOrderId]
	[4, 24]
- 2025-05-12 20:05:49.558 [                      Host.exe:              5] [lap=103,55  mS]            Tenaris.Library.Log | - EXEC dbo.GetPieceOrderByPieceId #pieceid=67 - laptime=102,5194 ms
 RESULT: [pieceid=67]
 RESULT SETS (1):
  #0, 1 records [id, workOrderId, pieceId, isActive, startedAt, UpdatedAt]
	[33, 28, 67, True, 12/5/2025 17:54:38, 12/5/2025 17:54:38]
- 2025-05-12 20:05:49.634 [                      Host.exe:              5] [lap=76,45   mS]            Tenaris.Library.Log | - EXEC dbo.PieceOrderLastState #workOrderId=28 - laptime=75,3782 ms
 RESULT: [workOrderId=28]
 RESULT SETS (1):
  #0, 1 records [stateId, workOrderId]
	[2, 28]
- 2025-05-12 20:05:49.947 [                      Host.exe:              5] [lap=313,73  mS]            Tenaris.Library.Log | - EXEC dbo.GetPieceOrderByPieceId #pieceid=70 - laptime=312,7003 ms
 RESULT: [pieceid=70]
 RESULT SETS (1):
  #0, 1 records [id, workOrderId, pieceId, isActive, startedAt, UpdatedAt]
	[35, 29, 70, True, 12/5/2025 19:39:24, 12/5/2025 19:39:24]
- 2025-05-12 20:05:50.277 [                      Host.exe:              5] [lap=329,91  mS]            Tenaris.Library.Log | - EXEC dbo.PieceOrderLastState #workOrderId=29 - laptime=328,7426 ms
 RESULT: [workOrderId=29]
 RESULT SETS (1):
  #0, 1 records [stateId, workOrderId]
	[2, 29]
- 2025-05-12 20:05:50.599 [                      Host.exe:              5] [lap=321,61  mS]            Tenaris.Library.Log | - EXEC dbo.GetPieceOrderByPieceId #pieceid=76 - laptime=320,4315 ms
 RESULT: [pieceid=76]
 RESULT SETS (1):
  #0, 1 records [id, workOrderId, pieceId, isActive, startedAt, UpdatedAt]
	[41, 31, 76, True, 12/5/2025 22:37:51, 12/5/2025 22:37:51]
- 2025-05-12 20:05:50.658 [                      Host.exe:              5] [lap=59,23   mS]            Tenaris.Library.Log | - EXEC dbo.PieceOrderLastState #workOrderId=31 - laptime=58,1231 ms
 RESULT: [workOrderId=31]
 RESULT SETS (1):
  #0, 1 records [stateId, workOrderId]
	[2, 31]
- 2025-05-12 20:05:50.800 [                      Host.exe:              5] [lap=141,88  mS]            Tenaris.Library.Log | - EXEC dbo.GetPieceByState #stateId=3 - laptime=133,7482 ms
 RESULT: [stateId=3]
 RESULT SETS (1):
  #0, 4 records [pieceId, colorId, materialId, stateId, typeId, width, length, thickness, pieceOrderId, isActive, startedAt, UpdatedAt]
	[42, 2, 2, 3, 2, 30, 30, 30, 0, True, 8/5/2025 18:57:15, 8/5/2025 18:57:15]
	[46, 4, 1, 3, 2, 45, 45, 45, 0, True, 10/5/2025 16:11:48, 10/5/2025 16:11:48]
	[72, 3, 1, 3, 1, 10, 10, 1, 0, True, 12/5/2025 20:31:41, 12/5/2025 20:31:41]
	[74, 3, 1, 3, 1, 10, 10, 1, 0, True, 12/5/2025 21:02:10, 12/5/2025 21:02:10]
- 2025-05-12 20:05:50.887 [                      Host.exe:              5] [lap=87,57   mS]            Tenaris.Library.Log | - EXEC dbo.GetPieceOrderByPieceId #pieceid=42 - laptime=86,6481 ms
 RESULT: [pieceid=42]
 RESULT SETS (1):
- 2025-05-12 20:05:50.990 [                      Host.exe:              5] [lap=101,98  mS]            Tenaris.Library.Log | - EXEC dbo.GetPieceOrderByPieceId #pieceid=46 - laptime=100,4841 ms
 RESULT: [pieceid=46]
 RESULT SETS (1):
  #0, 1 records [id, workOrderId, pieceId, isActive, startedAt, UpdatedAt]
	[17, 23, 46, True, 10/5/2025 16:11:48, 10/5/2025 16:11:48]
- 2025-05-12 20:05:51.092 [                      Host.exe:              5] [lap=101,99  mS]            Tenaris.Library.Log | - EXEC dbo.PieceOrderLastState #workOrderId=23 - laptime=100,9608 ms
 RESULT: [workOrderId=23]
 RESULT SETS (1):
  #0, 1 records [stateId, workOrderId]
	[3, 23]
- 2025-05-12 20:05:51.199 [                      Host.exe:              5] [lap=107,66  mS]            Tenaris.Library.Log | - EXEC dbo.GetPieceOrderByPieceId #pieceid=72 - laptime=106,2693 ms
 RESULT: [pieceid=72]
 RESULT SETS (1):
  #0, 1 records [id, workOrderId, pieceId, isActive, startedAt, UpdatedAt]
	[37, 30, 72, True, 12/5/2025 20:31:41, 12/5/2025 20:31:41]
- 2025-05-12 20:05:51.298 [                      Host.exe:              5] [lap=99,53   mS]            Tenaris.Library.Log | - EXEC dbo.PieceOrderLastState #workOrderId=30 - laptime=97,9104 ms
 RESULT: [workOrderId=30]
 RESULT SETS (1):
  #0, 1 records [stateId, workOrderId]
	[3, 30]
- 2025-05-12 20:05:51.399 [                      Host.exe:              5] [lap=100,24  mS]            Tenaris.Library.Log | - EXEC dbo.GetPieceOrderByPieceId #pieceid=74 - laptime=99,4501 ms
 RESULT: [pieceid=74]
 RESULT SETS (1):
  #0, 1 records [id, workOrderId, pieceId, isActive, startedAt, UpdatedAt]
	[39, 30, 74, True, 12/5/2025 21:02:10, 12/5/2025 21:02:10]
- 2025-05-12 20:05:51.506 [                      Host.exe:              5] [lap=106,94  mS]            Tenaris.Library.Log | - EXEC dbo.PieceOrderLastState #workOrderId=30 - laptime=106,2045 ms
 RESULT: [workOrderId=30]
 RESULT SETS (1):
  #0, 1 records [stateId, workOrderId]
	[3, 30]
- 2025-05-12 20:05:53.148 [                      Host.exe:              5] [lap=1,64     S]            Tenaris.Library.Log | - EXEC dbo.GetStationByIdAle #id=3 - laptime=176,7458 ms
 RESULT: [id=3]
 RESULT SETS (1):
  #0, 1 records [stationId, name, pieceIdOnEntry, pieceIdOnProcess, pieceIdOnExit, stationTypeId, productionLineId, isActive, startedAt, updatedAt]
	[3, Calidad, 0, 76, 74, 3, 1, True, 3/5/2025 13:45:11, 3/5/2025 13:45:11]
- 2025-05-12 20:05:53.245 [                      Host.exe:              5] [lap=97,29   mS]            Tenaris.Library.Log | - EXEC dbo.PutPieceOnEntry #stationid=3#pieceid=76 - laptime=90,3178 ms
- 2025-05-12 20:05:54.487 [                      Host.exe:              9] [lap=1,37    mS]            Tenaris.Library.Log | - NEW THREAD
- 2025-05-12 20:05:54.487 [                      Host.exe:              9] [lap=246,00  uS]            Tenaris.Library.Log | - EXEC dbo.GetStationByIdAle #id=3 - laptime=154,718 ms
 RESULT: [id=3]
 RESULT SETS (1):
  #0, 1 records [stationId, name, pieceIdOnEntry, pieceIdOnProcess, pieceIdOnExit, stationTypeId, productionLineId, isActive, startedAt, updatedAt]
	[3, Calidad, 76, 76, 74, 3, 1, True, 3/5/2025 13:45:11, 3/5/2025 13:45:11]
@ 2025-05-12 20:05:56.938 [                      Host.exe:              9] [lap=2,45     S]            Tenaris.Library.Log | @ Binding property 'GetPieceById.rows' should not have a public setter
- 2025-05-12 20:05:57.038 [                      Host.exe:              9] [lap=100,02  mS]            Tenaris.Library.Log | - EXEC dbo.GetPieceByIdAle #id=76 - laptime=98,1959 ms
 RESULT: [id=76]
 RESULT SETS (1):
  #0, 1 records [pieceId, colorId, materialId, stateId, typeId, width, length, thickness, pieceOrderId, isActive, startedAt, UpdatedAt]
	[76, 2, 1, 2, 1, 25, 24, 1, 0, True, 12/5/2025 22:37:51, 12/5/2025 22:37:51]
- 2025-05-12 20:05:57.456 [                      Host.exe:              9] [lap=418,10  mS]            Tenaris.Library.Log | - EXEC dbo.PutPieceOnProcess #stationid=3#pieceid=76 - laptime=217,6964 ms
- 2025-05-12 20:05:57.528 [                      Host.exe:              9] [lap=72,35   mS]            Tenaris.Library.Log | - EXEC dbo.GetStationByIdAle #id=3 - laptime=67,9468 ms
 RESULT: [id=3]
 RESULT SETS (1):
  #0, 1 records [stationId, name, pieceIdOnEntry, pieceIdOnProcess, pieceIdOnExit, stationTypeId, productionLineId, isActive, startedAt, updatedAt]
	[3, Calidad, 0, 76, 74, 3, 1, True, 3/5/2025 13:45:11, 3/5/2025 13:45:11]
- 2025-05-12 20:05:57.662 [                      Host.exe:              9] [lap=133,39  mS]            Tenaris.Library.Log | - EXEC dbo.GetPieceOrderByPieceId #pieceid=76 - laptime=128,0648 ms
 RESULT: [pieceid=76]
 RESULT SETS (1):
  #0, 1 records [id, workOrderId, pieceId, isActive, startedAt, UpdatedAt]
	[41, 31, 76, True, 12/5/2025 22:37:51, 12/5/2025 22:37:51]
@ 2025-05-12 20:05:57.750 [                      Host.exe:              9] [lap=88,17   mS]            Tenaris.Library.Log | @ Binding property 'GetWorkOrderById.rows' should not have a public setter
- 2025-05-12 20:05:57.868 [                      Host.exe:              9] [lap=117,85  mS]            Tenaris.Library.Log | - EXEC dbo.GetWorkOrderByIdAle #workorderid=31 - laptime=112,9551 ms
 RESULT: [workorderid=31]
 RESULT SETS (1):
  #0, 1 records [workOrderId, date, lote, colada, clientId, pieceId, quantity, processTypeId, isActive, startedAt, updatedAt]
	[31, 12/5/2025 00:00:00, 112, 10, 1, 75, 10, 1, True, 12/5/2025 22:37:11, 12/5/2025 22:37:11]
- 2025-05-12 20:05:57.928 [                      Host.exe:              9] [lap=60,70   mS]            Tenaris.Library.Log | - EXEC dbo.GetPieceByIdAle #id=75 - laptime=55,7804 ms
 RESULT: [id=75]
 RESULT SETS (1):
  #0, 1 records [pieceId, colorId, materialId, stateId, typeId, width, length, thickness, pieceOrderId, isActive, startedAt, UpdatedAt]
	[75, 5, 1, 1, 1, 25, 25, 1, 0, True, 12/5/2025 22:37:11, 12/5/2025 22:37:11]
@ 2025-05-12 20:05:58.285 [                      Host.exe:              9] [lap=356,83  mS]            Tenaris.Library.Log | @ Binding property 'GetAllColor.rows' should not have a public setter
@ 2025-05-12 20:05:58.286 [                      Host.exe:              9] [lap=843,00  uS]            Tenaris.Library.Log | @ Binding property 'GetAllColor.rows' should not have a public setter
@ 2025-05-12 20:05:58.287 [                      Host.exe:              9] [lap=432,70  uS]            Tenaris.Library.Log | @ Binding property 'GetAllColor.rows' should not have a public setter
@ 2025-05-12 20:05:58.676 [                      Host.exe:              9] [lap=389,45  mS]            Tenaris.Library.Log | @ Binding property 'GetAllColor.rows' should not have a public setter
@ 2025-05-12 20:05:58.677 [                      Host.exe:              9] [lap=659,60  uS]            Tenaris.Library.Log | @ Binding property 'GetAllColor.rows' should not have a public setter
@ 2025-05-12 20:05:58.677 [                      Host.exe:              9] [lap=664,90  uS]            Tenaris.Library.Log | @ Binding property 'GetAllColor.rows' should not have a public setter
! 2025-05-12 20:05:58.679 [                      Host.exe:              9] [lap=1,89    mS]            Tenaris.Library.Log | ! Unable to get field 'updatedAt' while filling class 'ColorDto'.
- 2025-05-12 20:05:58.682 [                      Host.exe:              9] [lap=2,94    mS]            Tenaris.Library.Log | - EXEC dbo.GetAllColor  - laptime=389,3423 ms
 RESULT SETS (1):
  #0, 5 records [id, description, isActive, startedAt, updatedAt]
	[1, Rojo, True, 29/4/2025 16:25:22, 1/1/0001 00:00:00]
	[2, Sin color, True, 3/5/2025 13:31:28, 1/1/0001 00:00:00]
	[3, Azul, True, 6/5/2025 14:52:23, 1/1/0001 00:00:00]
	[4, Verde, True, 6/5/2025 14:52:27, 1/1/0001 00:00:00]
	[5, Amarillo, True, 6/5/2025 14:52:31, 1/1/0001 00:00:00]
@ 2025-05-12 20:05:58.802 [                      Host.exe:              9] [lap=119,79  mS]            Tenaris.Library.Log | @ Binding property 'GetPieceType.rows' should not have a public setter
@ 2025-05-12 20:05:58.803 [                      Host.exe:              9] [lap=656,40  uS]            Tenaris.Library.Log | @ Binding property 'GetPieceType.rows' should not have a public setter
@ 2025-05-12 20:05:58.803 [                      Host.exe:              9] [lap=452,90  uS]            Tenaris.Library.Log | @ Binding property 'GetPieceType.rows' should not have a public setter
@ 2025-05-12 20:05:58.874 [                      Host.exe:              9] [lap=70,96   mS]            Tenaris.Library.Log | @ Binding property 'GetPieceType.rows' should not have a public setter
@ 2025-05-12 20:05:58.874 [                      Host.exe:              9] [lap=476,70  uS]            Tenaris.Library.Log | @ Binding property 'GetPieceType.rows' should not have a public setter
@ 2025-05-12 20:05:58.875 [                      Host.exe:              9] [lap=309,90  uS]            Tenaris.Library.Log | @ Binding property 'GetPieceType.rows' should not have a public setter
- 2025-05-12 20:05:58.879 [                      Host.exe:              9] [lap=3,86    mS]            Tenaris.Library.Log | - EXEC dbo.GetPieceType  - laptime=70,8854 ms
 RESULT SETS (1):
  #0, 2 records [id, description, isActive, startedAt, updatedAt]
	[1, Cuadrado, True, 24/4/2025 16:47:00, 24/4/2025 16:47:00]
	[2, Rectangulo, True, 24/4/2025 16:48:00, 24/4/2025 16:48:00]
