
****************************************************
** New log start at: 13/5/2025 14:39:15                            
****************************************************
- 2025-05-13 14:39:14.932 [                      Host.exe:              5] [lap=8,79    mS]            Tenaris.Library.Log | - NEW THREAD
- 2025-05-13 14:39:15.038 [                      Host.exe:              5] [lap=108,70  mS]            Tenaris.Library.Log | - Application Profiling Service configured, trying to activate Tenaris.Service.Profiling.ProfilingService, Tenaris.Service.Profiling
! 2025-05-13 14:39:15.044 [                      Host.exe:              5] [lap=5,86    mS]            Tenaris.Library.Log | ! Application Profiling Service not loaded. Could not get type for type name Tenaris.Service.Profiling.ProfilingService, Tenaris.Service.Profiling
- 2025-05-13 14:39:15.046 [                      Host.exe:              5] [lap=1,85    mS]            Tenaris.Library.Log | - Default configuration provider was created because no other was configured.
- 2025-05-13 14:39:15.411 [                      Host.exe:              5] [lap=365,55  mS]            Tenaris.Library.Log | - [ASSEMBLY_LOADED] FullName=System.Data.resources, Version=4.0.0.0, Culture=es, PublicKeyToken=b77a5c561934e089 - Location=C:\WINDOWS\Microsoft.Net\assembly\GAC_MSIL\System.Data.resources\v4.0_4.0.0.0_es_b77a5c561934e089\System.Data.resources.dll
- 2025-05-13 14:39:15.881 [                      Host.exe:              5] [lap=470,03  mS]            Tenaris.Library.Log | - [ASSEMBLY_LOADED] FullName=System.EnterpriseServices, Version=4.0.0.0, Culture=neutral, PublicKeyToken=b03f5f7f11d50a3a - Location=C:\WINDOWS\Microsoft.Net\assembly\GAC_32\System.EnterpriseServices\v4.0_4.0.0.0__b03f5f7f11d50a3a\System.EnterpriseServices.dll
- 2025-05-13 14:39:16.760 [                      Host.exe:              5] [lap=878,64  mS]            Tenaris.Library.Log | - [ASSEMBLY_LOADED] FullName=System.Runtime.Caching, Version=4.0.0.0, Culture=neutral, PublicKeyToken=b03f5f7f11d50a3a - Location=C:\WINDOWS\Microsoft.Net\assembly\GAC_MSIL\System.Runtime.Caching\v4.0_4.0.0.0__b03f5f7f11d50a3a\System.Runtime.Caching.dll
@ 2025-05-13 14:39:17.004 [                      Host.exe:              5] [lap=243,73  mS]            Tenaris.Library.Log | @ Binding property 'GetPieceByState.rows' should not have a public setter
- 2025-05-13 14:39:17.163 [                      Host.exe:              5] [lap=159,77  mS]            Tenaris.Library.Log | - EXEC dbo.GetPieceByState #stateId=1 - laptime=72,4988 ms
 RESULT: [stateId=1]
 RESULT SETS (1):
  #0, 18 records [pieceId, colorId, materialId, stateId, typeId, width, length, thickness, pieceOrderId, isActive, startedAt, UpdatedAt]
	[37, 2, 1, 1, 1, 0, 0, 0, 0, True, 6/5/2025 14:56:07, 6/5/2025 14:56:07]
	[39, 2, 1, 1, 2, 0, 0, 0, 0, True, 6/5/2025 17:16:19, 6/5/2025 17:16:19]
	[40, 2, 2, 1, 2, 0, 0, 0, 0, True, 6/5/2025 18:15:03, 6/5/2025 18:15:03]
	[52, 3, 1, 1, 2, 10, 10, 10, 0, True, 11/5/2025 16:00:42, 11/5/2025 16:00:42]
	...
@ 2025-05-13 14:39:17.216 [                      Host.exe:              5] [lap=52,54   mS]            Tenaris.Library.Log | @ Binding property 'GetPieceOrderByPieceId.rows' should not have a public setter
- 2025-05-13 14:39:17.270 [                      Host.exe:              5] [lap=53,92   mS]            Tenaris.Library.Log | - EXEC dbo.GetPieceOrderByPieceId #pieceid=37 - laptime=51,0411 ms
 RESULT: [pieceid=37]
 RESULT SETS (1):
  #0, 1 records [id, workOrderId, pieceId, isActive, startedAt, UpdatedAt]
	[11, 21, 37, True, 6/5/2025 14:56:07, 6/5/2025 14:56:07]
@ 2025-05-13 14:39:17.325 [                      Host.exe:              5] [lap=56,03   mS]            Tenaris.Library.Log | @ Binding property 'PieceOrderLastState.rows' should not have a public setter
- 2025-05-13 14:39:17.390 [                      Host.exe:              5] [lap=63,23   mS]            Tenaris.Library.Log | - EXEC dbo.PieceOrderLastState #workOrderId=21 - laptime=58,481 ms
 RESULT: [workOrderId=21]
 RESULT SETS (1):
  #0, 1 records [stateId, workOrderId]
	[1, 21]
- 2025-05-13 14:39:17.450 [                      Host.exe:              5] [lap=59,98   mS]            Tenaris.Library.Log | - EXEC dbo.GetPieceOrderByPieceId #pieceid=39 - laptime=53,9322 ms
 RESULT: [pieceid=39]
 RESULT SETS (1):
  #0, 1 records [id, workOrderId, pieceId, isActive, startedAt, UpdatedAt]
	[12, 23, 39, True, 6/5/2025 17:16:20, 6/5/2025 17:16:20]
- 2025-05-13 14:39:17.498 [                      Host.exe:              5] [lap=48,30   mS]            Tenaris.Library.Log | - EXEC dbo.PieceOrderLastState #workOrderId=23 - laptime=46,718 ms
 RESULT: [workOrderId=23]
 RESULT SETS (1):
  #0, 1 records [stateId, workOrderId]
	[3, 23]
- 2025-05-13 14:39:17.563 [                      Host.exe:              5] [lap=65,10   mS]            Tenaris.Library.Log | - EXEC dbo.GetPieceOrderByPieceId #pieceid=40 - laptime=64,1044 ms
 RESULT: [pieceid=40]
 RESULT SETS (1):
  #0, 1 records [id, workOrderId, pieceId, isActive, startedAt, UpdatedAt]
	[13, 22, 40, True, 6/5/2025 18:15:03, 6/5/2025 18:15:03]
- 2025-05-13 14:39:17.617 [                      Host.exe:              5] [lap=53,95   mS]            Tenaris.Library.Log | - EXEC dbo.PieceOrderLastState #workOrderId=22 - laptime=52,7799 ms
 RESULT: [workOrderId=22]
 RESULT SETS (1):
  #0, 1 records [stateId, workOrderId]
	[2, 22]
- 2025-05-13 14:39:17.680 [                      Host.exe:              5] [lap=62,54   mS]            Tenaris.Library.Log | - EXEC dbo.GetPieceOrderByPieceId #pieceid=52 - laptime=61,1947 ms
 RESULT: [pieceid=52]
 RESULT SETS (1):
  #0, 1 records [id, workOrderId, pieceId, isActive, startedAt, UpdatedAt]
	[20, 25, 52, True, 11/5/2025 18:33:32, 11/5/2025 18:33:32]
- 2025-05-13 14:39:17.732 [                      Host.exe:              5] [lap=53,10   mS]            Tenaris.Library.Log | - EXEC dbo.PieceOrderLastState #workOrderId=25 - laptime=51,9376 ms
 RESULT: [workOrderId=25]
 RESULT SETS (1):
  #0, 1 records [stateId, workOrderId]
	[2, 25]
- 2025-05-13 14:39:17.788 [                      Host.exe:              5] [lap=56,41   mS]            Tenaris.Library.Log | - EXEC dbo.GetPieceOrderByPieceId #pieceid=57 - laptime=54,8237 ms
 RESULT: [pieceid=57]
 RESULT SETS (1):
  #0, 1 records [id, workOrderId, pieceId, isActive, startedAt, UpdatedAt]
	[23, 26, 57, True, 11/5/2025 18:42:54, 11/5/2025 18:42:54]
- 2025-05-13 14:39:17.848 [                      Host.exe:              5] [lap=59,57   mS]            Tenaris.Library.Log | - EXEC dbo.PieceOrderLastState #workOrderId=26 - laptime=58,6386 ms
 RESULT: [workOrderId=26]
 RESULT SETS (1):
  #0, 1 records [stateId, workOrderId]
	[2, 26]
- 2025-05-13 14:39:17.900 [                      Host.exe:              5] [lap=51,25   mS]            Tenaris.Library.Log | - EXEC dbo.GetPieceOrderByPieceId #pieceid=59 - laptime=50,279 ms
 RESULT: [pieceid=59]
 RESULT SETS (1):
  #0, 1 records [id, workOrderId, pieceId, isActive, startedAt, UpdatedAt]
	[25, 27, 59, True, 11/5/2025 23:39:45, 11/5/2025 23:39:45]
- 2025-05-13 14:39:17.948 [                      Host.exe:              5] [lap=48,82   mS]            Tenaris.Library.Log | - EXEC dbo.PieceOrderLastState #workOrderId=27 - laptime=48,1522 ms
 RESULT: [workOrderId=27]
 RESULT SETS (1):
  #0, 1 records [stateId, workOrderId]
	[2, 27]
- 2025-05-13 14:39:17.995 [                      Host.exe:              5] [lap=46,47   mS]            Tenaris.Library.Log | - EXEC dbo.GetPieceOrderByPieceId #pieceid=61 - laptime=45,4172 ms
 RESULT: [pieceid=61]
 RESULT SETS (1):
  #0, 1 records [id, workOrderId, pieceId, isActive, startedAt, UpdatedAt]
	[27, 24, 61, True, 12/5/2025 17:47:37, 12/5/2025 17:47:37]
- 2025-05-13 14:39:18.045 [                      Host.exe:              5] [lap=51,09   mS]            Tenaris.Library.Log | - EXEC dbo.PieceOrderLastState #workOrderId=24 - laptime=49,2046 ms
 RESULT: [workOrderId=24]
 RESULT SETS (1):
  #0, 1 records [stateId, workOrderId]
	[4, 24]
- 2025-05-13 14:39:18.098 [                      Host.exe:              5] [lap=51,44   mS]            Tenaris.Library.Log | - EXEC dbo.GetPieceOrderByPieceId #pieceid=66 - laptime=50,0591 ms
 RESULT: [pieceid=66]
 RESULT SETS (1):
  #0, 1 records [id, workOrderId, pieceId, isActive, startedAt, UpdatedAt]
	[32, 28, 66, True, 12/5/2025 17:54:09, 12/5/2025 17:54:09]
- 2025-05-13 14:39:18.148 [                      Host.exe:              5] [lap=51,53   mS]            Tenaris.Library.Log | - EXEC dbo.PieceOrderLastState #workOrderId=28 - laptime=50,4149 ms
 RESULT: [workOrderId=28]
 RESULT SETS (1):
  #0, 1 records [stateId, workOrderId]
	[2, 28]
- 2025-05-13 14:39:18.195 [                      Host.exe:              5] [lap=45,80   mS]            Tenaris.Library.Log | - EXEC dbo.GetPieceOrderByPieceId #pieceid=69 - laptime=44,8947 ms
 RESULT: [pieceid=69]
 RESULT SETS (1):
  #0, 1 records [id, workOrderId, pieceId, isActive, startedAt, UpdatedAt]
	[34, 29, 69, True, 12/5/2025 19:38:33, 12/5/2025 19:38:33]
- 2025-05-13 14:39:18.244 [                      Host.exe:              5] [lap=49,39   mS]            Tenaris.Library.Log | - EXEC dbo.PieceOrderLastState #workOrderId=29 - laptime=48,3882 ms
 RESULT: [workOrderId=29]
 RESULT SETS (1):
  #0, 1 records [stateId, workOrderId]
	[2, 29]
- 2025-05-13 14:39:18.297 [                      Host.exe:              5] [lap=52,26   mS]            Tenaris.Library.Log | - EXEC dbo.GetPieceOrderByPieceId #pieceid=71 - laptime=51,0434 ms
 RESULT: [pieceid=71]
 RESULT SETS (1):
  #0, 1 records [id, workOrderId, pieceId, isActive, startedAt, UpdatedAt]
	[36, 30, 71, True, 12/5/2025 20:31:20, 12/5/2025 20:31:20]
- 2025-05-13 14:39:18.348 [                      Host.exe:              5] [lap=51,40   mS]            Tenaris.Library.Log | - EXEC dbo.PieceOrderLastState #workOrderId=30 - laptime=50,2657 ms
 RESULT: [workOrderId=30]
 RESULT SETS (1):
  #0, 1 records [stateId, workOrderId]
	[4, 30]
- 2025-05-13 14:39:18.399 [                      Host.exe:              5] [lap=51,00   mS]            Tenaris.Library.Log | - EXEC dbo.GetPieceOrderByPieceId #pieceid=75 - laptime=49,9573 ms
 RESULT: [pieceid=75]
 RESULT SETS (1):
  #0, 1 records [id, workOrderId, pieceId, isActive, startedAt, UpdatedAt]
	[40, 31, 75, True, 12/5/2025 22:37:11, 12/5/2025 22:37:11]
- 2025-05-13 14:39:18.451 [                      Host.exe:              5] [lap=52,49   mS]            Tenaris.Library.Log | - EXEC dbo.PieceOrderLastState #workOrderId=31 - laptime=50,9008 ms
 RESULT: [workOrderId=31]
 RESULT SETS (1):
  #0, 1 records [stateId, workOrderId]
	[4, 31]
- 2025-05-13 14:39:18.511 [                      Host.exe:              5] [lap=59,75   mS]            Tenaris.Library.Log | - EXEC dbo.GetPieceOrderByPieceId #pieceid=79 - laptime=57,9661 ms
 RESULT: [pieceid=79]
 RESULT SETS (1):
  #0, 1 records [id, workOrderId, pieceId, isActive, startedAt, UpdatedAt]
	[43, 32, 79, True, 13/5/2025 13:05:40, 13/5/2025 13:05:40]
- 2025-05-13 14:39:18.587 [                      Host.exe:              5] [lap=75,77   mS]            Tenaris.Library.Log | - EXEC dbo.PieceOrderLastState #workOrderId=32 - laptime=71,7805 ms
 RESULT: [workOrderId=32]
 RESULT SETS (1):
  #0, 1 records [stateId, workOrderId]
	[4, 32]
- 2025-05-13 14:39:18.642 [                      Host.exe:              5] [lap=55,19   mS]            Tenaris.Library.Log | - EXEC dbo.GetPieceOrderByPieceId #pieceid=83 - laptime=47,781 ms
 RESULT: [pieceid=83]
 RESULT SETS (1):
  #0, 1 records [id, workOrderId, pieceId, isActive, startedAt, UpdatedAt]
	[46, 33, 83, True, 13/5/2025 13:46:59, 13/5/2025 13:46:59]
- 2025-05-13 14:39:18.697 [                      Host.exe:              5] [lap=54,42   mS]            Tenaris.Library.Log | - EXEC dbo.PieceOrderLastState #workOrderId=33 - laptime=52,1774 ms
 RESULT: [workOrderId=33]
 RESULT SETS (1):
  #0, 1 records [stateId, workOrderId]
	[4, 33]
- 2025-05-13 14:39:18.750 [                      Host.exe:              5] [lap=53,27   mS]            Tenaris.Library.Log | - EXEC dbo.GetPieceOrderByPieceId #pieceid=86 - laptime=51,5853 ms
 RESULT: [pieceid=86]
 RESULT SETS (1):
  #0, 1 records [id, workOrderId, pieceId, isActive, startedAt, UpdatedAt]
	[49, 34, 86, True, 13/5/2025 13:57:28, 13/5/2025 13:57:28]
- 2025-05-13 14:39:18.817 [                      Host.exe:              5] [lap=67,40   mS]            Tenaris.Library.Log | - EXEC dbo.PieceOrderLastState #workOrderId=34 - laptime=55,4903 ms
 RESULT: [workOrderId=34]
 RESULT SETS (1):
  #0, 1 records [stateId, workOrderId]
	[4, 34]
- 2025-05-13 14:39:18.871 [                      Host.exe:              5] [lap=53,77   mS]            Tenaris.Library.Log | - EXEC dbo.GetPieceOrderByPieceId #pieceid=90 - laptime=51,6755 ms
 RESULT: [pieceid=90]
 RESULT SETS (1):
  #0, 1 records [id, workOrderId, pieceId, isActive, startedAt, UpdatedAt]
	[53, 35, 90, True, 13/5/2025 14:47:35, 13/5/2025 14:47:35]
- 2025-05-13 14:39:18.930 [                      Host.exe:              5] [lap=59,42   mS]            Tenaris.Library.Log | - EXEC dbo.PieceOrderLastState #workOrderId=35 - laptime=56,9812 ms
 RESULT: [workOrderId=35]
 RESULT SETS (1):
  #0, 1 records [stateId, workOrderId]
	[4, 35]
- 2025-05-13 14:39:18.977 [                      Host.exe:              5] [lap=45,93   mS]            Tenaris.Library.Log | - EXEC dbo.GetPieceOrderByPieceId #pieceid=91 - laptime=44,0148 ms
 RESULT: [pieceid=91]
 RESULT SETS (1):
  #0, 1 records [id, workOrderId, pieceId, isActive, startedAt, UpdatedAt]
	[54, 36, 91, True, 13/5/2025 14:48:16, 13/5/2025 14:48:16]
- 2025-05-13 14:39:19.033 [                      Host.exe:              5] [lap=56,95   mS]            Tenaris.Library.Log | - EXEC dbo.PieceOrderLastState #workOrderId=36 - laptime=55,5984 ms
 RESULT: [workOrderId=36]
 RESULT SETS (1):
  #0, 1 records [stateId, workOrderId]
	[4, 36]
- 2025-05-13 14:39:19.089 [                      Host.exe:              5] [lap=54,98   mS]            Tenaris.Library.Log | - EXEC dbo.GetPieceOrderByPieceId #pieceid=99 - laptime=51,5697 ms
 RESULT: [pieceid=99]
 RESULT SETS (1):
  #0, 1 records [id, workOrderId, pieceId, isActive, startedAt, UpdatedAt]
	[62, 37, 99, True, 13/5/2025 15:26:40, 13/5/2025 15:26:40]
- 2025-05-13 14:39:19.138 [                      Host.exe:              5] [lap=49,75   mS]            Tenaris.Library.Log | - EXEC dbo.PieceOrderLastState #workOrderId=37 - laptime=48,1779 ms
 RESULT: [workOrderId=37]
 RESULT SETS (1):
  #0, 1 records [stateId, workOrderId]
	[4, 37]
- 2025-05-13 14:39:19.193 [                      Host.exe:              5] [lap=55,21   mS]            Tenaris.Library.Log | - EXEC dbo.GetPieceOrderByPieceId #pieceid=105 - laptime=53,5137 ms
 RESULT: [pieceid=105]
 RESULT SETS (1):
  #0, 1 records [id, workOrderId, pieceId, isActive, startedAt, UpdatedAt]
	[67, 38, 105, True, 13/5/2025 17:34:49, 13/5/2025 17:34:49]
- 2025-05-13 14:39:19.252 [                      Host.exe:              5] [lap=58,79   mS]            Tenaris.Library.Log | - EXEC dbo.PieceOrderLastState #workOrderId=38 - laptime=57,502 ms
 RESULT: [workOrderId=38]
 RESULT SETS (1):
  #0, 1 records [stateId, workOrderId]
	[4, 38]
- 2025-05-13 14:39:20.246 [                      Host.exe:              5] [lap=994,60  mS]            Tenaris.Library.Log | - EXEC dbo.GetPieceByState #stateId=2 - laptime=94,8375 ms
 RESULT: [stateId=2]
 RESULT SETS (1):
  #0, 20 records [pieceId, colorId, materialId, stateId, typeId, width, length, thickness, pieceOrderId, isActive, startedAt, UpdatedAt]
	[43, 4, 2, 2, 2, 30, 30, 30, 0, True, 8/5/2025 19:25:54, 8/5/2025 19:25:54]
	[44, 4, 2, 2, 2, 30, 30, 30, 0, True, 10/5/2025 15:01:20, 10/5/2025 15:01:20]
	[45, 4, 2, 2, 2, 111, 111, 111, 0, True, 10/5/2025 15:21:30, 10/5/2025 15:21:30]
	[54, 3, 1, 2, 2, 10, 10, 20, 0, True, 11/5/2025 18:20:35, 11/5/2025 18:20:35]
	...
- 2025-05-13 14:39:20.478 [                      Host.exe:              5] [lap=231,90  mS]            Tenaris.Library.Log | - EXEC dbo.GetPieceOrderByPieceId #pieceid=43 - laptime=145,8925 ms
 RESULT: [pieceid=43]
 RESULT SETS (1):
  #0, 1 records [id, workOrderId, pieceId, isActive, startedAt, UpdatedAt]
	[14, 22, 43, True, 8/5/2025 19:25:54, 8/5/2025 19:25:54]
- 2025-05-13 14:39:21.044 [                      Host.exe:              5] [lap=565,65  mS]            Tenaris.Library.Log | - EXEC dbo.PieceOrderLastState #workOrderId=22 - laptime=54,3854 ms
 RESULT: [workOrderId=22]
 RESULT SETS (1):
  #0, 1 records [stateId, workOrderId]
	[2, 22]
- 2025-05-13 14:39:21.190 [                      Host.exe:              5] [lap=145,99  mS]            Tenaris.Library.Log | - EXEC dbo.GetPieceOrderByPieceId #pieceid=44 - laptime=71,0469 ms
 RESULT: [pieceid=44]
 RESULT SETS (1):
  #0, 1 records [id, workOrderId, pieceId, isActive, startedAt, UpdatedAt]
	[15, 22, 44, True, 10/5/2025 15:01:20, 10/5/2025 15:01:20]
- 2025-05-13 14:39:21.265 [                      Host.exe:              5] [lap=75,21   mS]            Tenaris.Library.Log | - EXEC dbo.PieceOrderLastState #workOrderId=22 - laptime=69,7259 ms
 RESULT: [workOrderId=22]
 RESULT SETS (1):
  #0, 1 records [stateId, workOrderId]
	[2, 22]
- 2025-05-13 14:39:21.944 [                      Host.exe:              5] [lap=678,44  mS]            Tenaris.Library.Log | - EXEC dbo.GetPieceOrderByPieceId #pieceid=45 - laptime=56,2771 ms
 RESULT: [pieceid=45]
 RESULT SETS (1):
  #0, 1 records [id, workOrderId, pieceId, isActive, startedAt, UpdatedAt]
	[16, 22, 45, True, 10/5/2025 15:21:30, 10/5/2025 15:21:30]
- 2025-05-13 14:39:22.334 [                      Host.exe:              5] [lap=389,43  mS]            Tenaris.Library.Log | - EXEC dbo.PieceOrderLastState #workOrderId=22 - laptime=64,5769 ms
 RESULT: [workOrderId=22]
 RESULT SETS (1):
  #0, 1 records [stateId, workOrderId]
	[2, 22]
- 2025-05-13 14:39:22.419 [                      Host.exe:              5] [lap=85,73   mS]            Tenaris.Library.Log | - EXEC dbo.GetPieceOrderByPieceId #pieceid=54 - laptime=79,3765 ms
 RESULT: [pieceid=54]
 RESULT SETS (1):
- 2025-05-13 14:39:22.503 [                      Host.exe:              5] [lap=83,98   mS]            Tenaris.Library.Log | - EXEC dbo.GetPieceOrderByPieceId #pieceid=55 - laptime=71,7202 ms
 RESULT: [pieceid=55]
 RESULT SETS (1):
  #0, 1 records [id, workOrderId, pieceId, isActive, startedAt, UpdatedAt]
	[21, 25, 55, True, 11/5/2025 18:34:01, 11/5/2025 18:34:01]
- 2025-05-13 14:39:23.690 [                      Host.exe:              5] [lap=1,19     S]            Tenaris.Library.Log | - EXEC dbo.PieceOrderLastState #workOrderId=25 - laptime=570,7245 ms
 RESULT: [workOrderId=25]
 RESULT SETS (1):
  #0, 1 records [stateId, workOrderId]
	[2, 25]
- 2025-05-13 14:39:24.379 [                      Host.exe:              5] [lap=688,27  mS]            Tenaris.Library.Log | - EXEC dbo.GetPieceOrderByPieceId #pieceid=56 - laptime=261,5719 ms
 RESULT: [pieceid=56]
 RESULT SETS (1):
  #0, 1 records [id, workOrderId, pieceId, isActive, startedAt, UpdatedAt]
	[22, 25, 56, True, 11/5/2025 18:42:01, 11/5/2025 18:42:01]
- 2025-05-13 14:39:24.425 [                      Host.exe:              5] [lap=47,73   mS]            Tenaris.Library.Log | - EXEC dbo.PieceOrderLastState #workOrderId=25 - laptime=46,5249 ms
 RESULT: [workOrderId=25]
 RESULT SETS (1):
  #0, 1 records [stateId, workOrderId]
	[2, 25]
- 2025-05-13 14:39:24.480 [                      Host.exe:              5] [lap=53,61   mS]            Tenaris.Library.Log | - EXEC dbo.GetPieceOrderByPieceId #pieceid=58 - laptime=52,6501 ms
 RESULT: [pieceid=58]
 RESULT SETS (1):
  #0, 1 records [id, workOrderId, pieceId, isActive, startedAt, UpdatedAt]
	[24, 26, 58, True, 11/5/2025 18:43:12, 11/5/2025 18:43:12]
- 2025-05-13 14:39:24.531 [                      Host.exe:              5] [lap=51,33   mS]            Tenaris.Library.Log | - EXEC dbo.PieceOrderLastState #workOrderId=26 - laptime=50,3173 ms
 RESULT: [workOrderId=26]
 RESULT SETS (1):
  #0, 1 records [stateId, workOrderId]
	[2, 26]
- 2025-05-13 14:39:24.583 [                      Host.exe:              5] [lap=51,56   mS]            Tenaris.Library.Log | - EXEC dbo.GetPieceOrderByPieceId #pieceid=60 - laptime=50,4801 ms
 RESULT: [pieceid=60]
 RESULT SETS (1):
  #0, 1 records [id, workOrderId, pieceId, isActive, startedAt, UpdatedAt]
	[26, 27, 60, True, 12/5/2025 17:29:24, 12/5/2025 17:29:24]
- 2025-05-13 14:39:24.640 [                      Host.exe:              5] [lap=57,01   mS]            Tenaris.Library.Log | - EXEC dbo.PieceOrderLastState #workOrderId=27 - laptime=55,7248 ms
 RESULT: [workOrderId=27]
 RESULT SETS (1):
  #0, 1 records [stateId, workOrderId]
	[2, 27]
- 2025-05-13 14:39:24.697 [                      Host.exe:              5] [lap=57,09   mS]            Tenaris.Library.Log | - EXEC dbo.GetPieceOrderByPieceId #pieceid=62 - laptime=54,6653 ms
 RESULT: [pieceid=62]
 RESULT SETS (1):
  #0, 1 records [id, workOrderId, pieceId, isActive, startedAt, UpdatedAt]
	[28, 24, 62, True, 12/5/2025 17:48:26, 12/5/2025 17:48:26]
- 2025-05-13 14:39:24.757 [                      Host.exe:              5] [lap=60,34   mS]            Tenaris.Library.Log | - EXEC dbo.PieceOrderLastState #workOrderId=24 - laptime=57,6811 ms
 RESULT: [workOrderId=24]
 RESULT SETS (1):
  #0, 1 records [stateId, workOrderId]
	[4, 24]
- 2025-05-13 14:39:24.810 [                      Host.exe:              5] [lap=53,79   mS]            Tenaris.Library.Log | - EXEC dbo.GetPieceOrderByPieceId #pieceid=64 - laptime=52,7999 ms
 RESULT: [pieceid=64]
 RESULT SETS (1):
  #0, 1 records [id, workOrderId, pieceId, isActive, startedAt, UpdatedAt]
	[30, 24, 64, True, 12/5/2025 17:52:31, 12/5/2025 17:52:31]
- 2025-05-13 14:39:24.866 [                      Host.exe:              5] [lap=55,21   mS]            Tenaris.Library.Log | - EXEC dbo.PieceOrderLastState #workOrderId=24 - laptime=54,2244 ms
 RESULT: [workOrderId=24]
 RESULT SETS (1):
  #0, 1 records [stateId, workOrderId]
	[4, 24]
- 2025-05-13 14:39:24.917 [                      Host.exe:              5] [lap=51,14   mS]            Tenaris.Library.Log | - EXEC dbo.GetPieceOrderByPieceId #pieceid=67 - laptime=49,8841 ms
 RESULT: [pieceid=67]
 RESULT SETS (1):
  #0, 1 records [id, workOrderId, pieceId, isActive, startedAt, UpdatedAt]
	[33, 28, 67, True, 12/5/2025 17:54:38, 12/5/2025 17:54:38]
- 2025-05-13 14:39:24.977 [                      Host.exe:              5] [lap=59,33   mS]            Tenaris.Library.Log | - EXEC dbo.PieceOrderLastState #workOrderId=28 - laptime=56,928 ms
 RESULT: [workOrderId=28]
 RESULT SETS (1):
  #0, 1 records [stateId, workOrderId]
	[2, 28]
- 2025-05-13 14:39:25.030 [                      Host.exe:              5] [lap=53,50   mS]            Tenaris.Library.Log | - EXEC dbo.GetPieceOrderByPieceId #pieceid=70 - laptime=52,3032 ms
 RESULT: [pieceid=70]
 RESULT SETS (1):
  #0, 1 records [id, workOrderId, pieceId, isActive, startedAt, UpdatedAt]
	[35, 29, 70, True, 12/5/2025 19:39:24, 12/5/2025 19:39:24]
- 2025-05-13 14:39:25.082 [                      Host.exe:              5] [lap=51,27   mS]            Tenaris.Library.Log | - EXEC dbo.PieceOrderLastState #workOrderId=29 - laptime=50,2087 ms
 RESULT: [workOrderId=29]
 RESULT SETS (1):
  #0, 1 records [stateId, workOrderId]
	[2, 29]
- 2025-05-13 14:39:25.133 [                      Host.exe:              5] [lap=51,10   mS]            Tenaris.Library.Log | - EXEC dbo.GetPieceOrderByPieceId #pieceid=76 - laptime=50,2145 ms
 RESULT: [pieceid=76]
 RESULT SETS (1):
  #0, 1 records [id, workOrderId, pieceId, isActive, startedAt, UpdatedAt]
	[41, 31, 76, True, 12/5/2025 22:37:51, 12/5/2025 22:37:51]
- 2025-05-13 14:39:25.191 [                      Host.exe:              5] [lap=58,44   mS]            Tenaris.Library.Log | - EXEC dbo.PieceOrderLastState #workOrderId=31 - laptime=57,5544 ms
 RESULT: [workOrderId=31]
 RESULT SETS (1):
  #0, 1 records [stateId, workOrderId]
	[4, 31]
- 2025-05-13 14:39:25.242 [                      Host.exe:              5] [lap=50,53   mS]            Tenaris.Library.Log | - EXEC dbo.GetPieceOrderByPieceId #pieceid=80 - laptime=49,6617 ms
 RESULT: [pieceid=80]
 RESULT SETS (1):
  #0, 1 records [id, workOrderId, pieceId, isActive, startedAt, UpdatedAt]
	[44, 32, 80, True, 13/5/2025 13:06:46, 13/5/2025 13:06:46]
- 2025-05-13 14:39:25.297 [                      Host.exe:              5] [lap=55,06   mS]            Tenaris.Library.Log | - EXEC dbo.PieceOrderLastState #workOrderId=32 - laptime=54,1893 ms
 RESULT: [workOrderId=32]
 RESULT SETS (1):
  #0, 1 records [stateId, workOrderId]
	[4, 32]
- 2025-05-13 14:39:25.360 [                      Host.exe:              5] [lap=63,26   mS]            Tenaris.Library.Log | - EXEC dbo.GetPieceOrderByPieceId #pieceid=84 - laptime=62,2142 ms
 RESULT: [pieceid=84]
 RESULT SETS (1):
  #0, 1 records [id, workOrderId, pieceId, isActive, startedAt, UpdatedAt]
	[47, 33, 84, True, 13/5/2025 13:47:41, 13/5/2025 13:47:41]
- 2025-05-13 14:39:25.412 [                      Host.exe:              5] [lap=52,56   mS]            Tenaris.Library.Log | - EXEC dbo.PieceOrderLastState #workOrderId=33 - laptime=51,4744 ms
 RESULT: [workOrderId=33]
 RESULT SETS (1):
  #0, 1 records [stateId, workOrderId]
	[4, 33]
- 2025-05-13 14:39:25.463 [                      Host.exe:              5] [lap=50,07   mS]            Tenaris.Library.Log | - EXEC dbo.GetPieceOrderByPieceId #pieceid=87 - laptime=48,9185 ms
 RESULT: [pieceid=87]
 RESULT SETS (1):
  #0, 1 records [id, workOrderId, pieceId, isActive, startedAt, UpdatedAt]
	[50, 34, 87, True, 13/5/2025 13:58:35, 13/5/2025 13:58:35]
- 2025-05-13 14:39:25.509 [                      Host.exe:              5] [lap=46,62   mS]            Tenaris.Library.Log | - EXEC dbo.PieceOrderLastState #workOrderId=34 - laptime=45,7972 ms
 RESULT: [workOrderId=34]
 RESULT SETS (1):
  #0, 1 records [stateId, workOrderId]
	[4, 34]
- 2025-05-13 14:39:25.564 [                      Host.exe:              5] [lap=54,60   mS]            Tenaris.Library.Log | - EXEC dbo.GetPieceOrderByPieceId #pieceid=92 - laptime=53,2283 ms
 RESULT: [pieceid=92]
 RESULT SETS (1):
  #0, 1 records [id, workOrderId, pieceId, isActive, startedAt, UpdatedAt]
	[55, 35, 92, True, 13/5/2025 14:48:51, 13/5/2025 14:48:51]
- 2025-05-13 14:39:25.615 [                      Host.exe:              5] [lap=52,50   mS]            Tenaris.Library.Log | - EXEC dbo.PieceOrderLastState #workOrderId=35 - laptime=51,0332 ms
 RESULT: [workOrderId=35]
 RESULT SETS (1):
  #0, 1 records [stateId, workOrderId]
	[4, 35]
- 2025-05-13 14:39:25.665 [                      Host.exe:              5] [lap=50,12   mS]            Tenaris.Library.Log | - EXEC dbo.GetPieceOrderByPieceId #pieceid=95 - laptime=48,9861 ms
 RESULT: [pieceid=95]
 RESULT SETS (1):
  #0, 1 records [id, workOrderId, pieceId, isActive, startedAt, UpdatedAt]
	[58, 36, 95, True, 13/5/2025 15:20:01, 13/5/2025 15:20:01]
- 2025-05-13 14:39:25.716 [                      Host.exe:              5] [lap=49,91   mS]            Tenaris.Library.Log | - EXEC dbo.PieceOrderLastState #workOrderId=36 - laptime=48,6941 ms
 RESULT: [workOrderId=36]
 RESULT SETS (1):
  #0, 1 records [stateId, workOrderId]
	[4, 36]
- 2025-05-13 14:39:25.837 [                      Host.exe:              5] [lap=120,55  mS]            Tenaris.Library.Log | - EXEC dbo.GetPieceOrderByPieceId #pieceid=100 - laptime=50,0828 ms
 RESULT: [pieceid=100]
 RESULT SETS (1):
  #0, 1 records [id, workOrderId, pieceId, isActive, startedAt, UpdatedAt]
	[63, 37, 100, True, 13/5/2025 15:26:57, 13/5/2025 15:26:57]
- 2025-05-13 14:39:25.902 [                      Host.exe:              5] [lap=65,91   mS]            Tenaris.Library.Log | - EXEC dbo.PieceOrderLastState #workOrderId=37 - laptime=64,5906 ms
 RESULT: [workOrderId=37]
 RESULT SETS (1):
  #0, 1 records [stateId, workOrderId]
	[4, 37]
- 2025-05-13 14:39:25.960 [                      Host.exe:              5] [lap=57,18   mS]            Tenaris.Library.Log | - EXEC dbo.GetPieceOrderByPieceId #pieceid=106 - laptime=56,0566 ms
 RESULT: [pieceid=106]
 RESULT SETS (1):
  #0, 1 records [id, workOrderId, pieceId, isActive, startedAt, UpdatedAt]
	[68, 38, 106, True, 13/5/2025 17:36:15, 13/5/2025 17:36:15]
- 2025-05-13 14:39:26.031 [                      Host.exe:              5] [lap=71,28   mS]            Tenaris.Library.Log | - EXEC dbo.PieceOrderLastState #workOrderId=38 - laptime=69,8773 ms
 RESULT: [workOrderId=38]
 RESULT SETS (1):
  #0, 1 records [stateId, workOrderId]
	[4, 38]
- 2025-05-13 14:39:26.145 [                      Host.exe:              5] [lap=114,04  mS]            Tenaris.Library.Log | - EXEC dbo.GetPieceByState #stateId=3 - laptime=64,4733 ms
 RESULT: [stateId=3]
 RESULT SETS (1):
  #0, 9 records [pieceId, colorId, materialId, stateId, typeId, width, length, thickness, pieceOrderId, isActive, startedAt, UpdatedAt]
	[42, 2, 2, 3, 2, 30, 30, 30, 0, True, 8/5/2025 18:57:15, 8/5/2025 18:57:15]
	[46, 4, 1, 3, 2, 45, 45, 45, 0, True, 10/5/2025 16:11:48, 10/5/2025 16:11:48]
	[72, 3, 1, 3, 1, 10, 10, 1, 0, True, 12/5/2025 20:31:41, 12/5/2025 20:31:41]
	[74, 3, 1, 3, 1, 10, 10, 1, 0, True, 12/5/2025 21:02:10, 12/5/2025 21:02:10]
	...
- 2025-05-13 14:39:26.214 [                      Host.exe:              5] [lap=68,04   mS]            Tenaris.Library.Log | - EXEC dbo.GetPieceOrderByPieceId #pieceid=42 - laptime=66,7447 ms
 RESULT: [pieceid=42]
 RESULT SETS (1):
- 2025-05-13 14:39:26.268 [                      Host.exe:              5] [lap=54,49   mS]            Tenaris.Library.Log | - EXEC dbo.GetPieceOrderByPieceId #pieceid=46 - laptime=51,9441 ms
 RESULT: [pieceid=46]
 RESULT SETS (1):
  #0, 1 records [id, workOrderId, pieceId, isActive, startedAt, UpdatedAt]
	[17, 23, 46, True, 10/5/2025 16:11:48, 10/5/2025 16:11:48]
- 2025-05-13 14:39:26.330 [                      Host.exe:              5] [lap=62,03   mS]            Tenaris.Library.Log | - EXEC dbo.PieceOrderLastState #workOrderId=23 - laptime=54,2821 ms
 RESULT: [workOrderId=23]
 RESULT SETS (1):
  #0, 1 records [stateId, workOrderId]
	[3, 23]
- 2025-05-13 14:39:26.387 [                      Host.exe:              5] [lap=56,54   mS]            Tenaris.Library.Log | - EXEC dbo.GetPieceOrderByPieceId #pieceid=72 - laptime=55,664 ms
 RESULT: [pieceid=72]
 RESULT SETS (1):
  #0, 1 records [id, workOrderId, pieceId, isActive, startedAt, UpdatedAt]
	[37, 30, 72, True, 12/5/2025 20:31:41, 12/5/2025 20:31:41]
- 2025-05-13 14:39:26.445 [                      Host.exe:              5] [lap=59,58   mS]            Tenaris.Library.Log | - EXEC dbo.PieceOrderLastState #workOrderId=30 - laptime=58,2287 ms
 RESULT: [workOrderId=30]
 RESULT SETS (1):
  #0, 1 records [stateId, workOrderId]
	[4, 30]
- 2025-05-13 14:39:26.508 [                      Host.exe:              5] [lap=61,85   mS]            Tenaris.Library.Log | - EXEC dbo.GetPieceOrderByPieceId #pieceid=74 - laptime=57,4506 ms
 RESULT: [pieceid=74]
 RESULT SETS (1):
  #0, 1 records [id, workOrderId, pieceId, isActive, startedAt, UpdatedAt]
	[39, 30, 74, True, 12/5/2025 21:02:10, 12/5/2025 21:02:10]
- 2025-05-13 14:39:26.572 [                      Host.exe:              5] [lap=64,25   mS]            Tenaris.Library.Log | - EXEC dbo.PieceOrderLastState #workOrderId=30 - laptime=62,9267 ms
 RESULT: [workOrderId=30]
 RESULT SETS (1):
  #0, 1 records [stateId, workOrderId]
	[4, 30]
- 2025-05-13 14:39:26.641 [                      Host.exe:              5] [lap=69,18   mS]            Tenaris.Library.Log | - EXEC dbo.GetPieceOrderByPieceId #pieceid=77 - laptime=63,3391 ms
 RESULT: [pieceid=77]
 RESULT SETS (1):
  #0, 1 records [id, workOrderId, pieceId, isActive, startedAt, UpdatedAt]
	[42, 31, 77, True, 12/5/2025 23:07:31, 12/5/2025 23:07:31]
- 2025-05-13 14:39:26.697 [                      Host.exe:              5] [lap=55,72   mS]            Tenaris.Library.Log | - EXEC dbo.PieceOrderLastState #workOrderId=31 - laptime=51,8278 ms
 RESULT: [workOrderId=31]
 RESULT SETS (1):
  #0, 1 records [stateId, workOrderId]
	[4, 31]
- 2025-05-13 14:39:26.758 [                      Host.exe:              5] [lap=61,97   mS]            Tenaris.Library.Log | - EXEC dbo.GetPieceOrderByPieceId #pieceid=88 - laptime=61,1329 ms
 RESULT: [pieceid=88]
 RESULT SETS (1):
  #0, 1 records [id, workOrderId, pieceId, isActive, startedAt, UpdatedAt]
	[51, 34, 88, True, 13/5/2025 14:02:28, 13/5/2025 14:02:28]
- 2025-05-13 14:39:26.842 [                      Host.exe:              5] [lap=83,25   mS]            Tenaris.Library.Log | - EXEC dbo.PieceOrderLastState #workOrderId=34 - laptime=81,7848 ms
 RESULT: [workOrderId=34]
 RESULT SETS (1):
  #0, 1 records [stateId, workOrderId]
	[4, 34]
- 2025-05-13 14:39:26.902 [                      Host.exe:              5] [lap=60,12   mS]            Tenaris.Library.Log | - EXEC dbo.GetPieceOrderByPieceId #pieceid=93 - laptime=57,1774 ms
 RESULT: [pieceid=93]
 RESULT SETS (1):
  #0, 1 records [id, workOrderId, pieceId, isActive, startedAt, UpdatedAt]
	[56, 35, 93, True, 13/5/2025 14:49:35, 13/5/2025 14:49:35]
- 2025-05-13 14:39:26.961 [                      Host.exe:              5] [lap=58,87   mS]            Tenaris.Library.Log | - EXEC dbo.PieceOrderLastState #workOrderId=35 - laptime=56,5832 ms
 RESULT: [workOrderId=35]
 RESULT SETS (1):
  #0, 1 records [stateId, workOrderId]
	[4, 35]
- 2025-05-13 14:39:27.020 [                      Host.exe:              5] [lap=58,90   mS]            Tenaris.Library.Log | - EXEC dbo.GetPieceOrderByPieceId #pieceid=96 - laptime=57,767 ms
 RESULT: [pieceid=96]
 RESULT SETS (1):
  #0, 1 records [id, workOrderId, pieceId, isActive, startedAt, UpdatedAt]
	[59, 36, 96, True, 13/5/2025 15:20:21, 13/5/2025 15:20:21]
- 2025-05-13 14:39:27.082 [                      Host.exe:              5] [lap=61,62   mS]            Tenaris.Library.Log | - EXEC dbo.PieceOrderLastState #workOrderId=36 - laptime=59,5313 ms
 RESULT: [workOrderId=36]
 RESULT SETS (1):
  #0, 1 records [stateId, workOrderId]
	[4, 36]
- 2025-05-13 14:39:27.144 [                      Host.exe:              5] [lap=63,08   mS]            Tenaris.Library.Log | - EXEC dbo.GetPieceOrderByPieceId #pieceid=101 - laptime=61,1845 ms
 RESULT: [pieceid=101]
 RESULT SETS (1):
  #0, 1 records [id, workOrderId, pieceId, isActive, startedAt, UpdatedAt]
	[64, 37, 101, True, 13/5/2025 15:27:19, 13/5/2025 15:27:19]
- 2025-05-13 14:39:27.216 [                      Host.exe:              5] [lap=70,62   mS]            Tenaris.Library.Log | - EXEC dbo.PieceOrderLastState #workOrderId=37 - laptime=66,8462 ms
 RESULT: [workOrderId=37]
 RESULT SETS (1):
  #0, 1 records [stateId, workOrderId]
	[4, 37]
