
****************************************************
** New log start at: 12/5/2025 17:50:50                            
****************************************************
- 2025-05-12 17:50:50.738 [                      Host.exe:              5] [lap=3,96    mS]            Tenaris.Library.Log | - NEW THREAD
- 2025-05-12 17:50:50.797 [                      Host.exe:              5] [lap=62,72   mS]            Tenaris.Library.Log | - Application Profiling Service configured, trying to activate Tenaris.Service.Profiling.ProfilingService, Tenaris.Service.Profiling
! 2025-05-12 17:50:50.799 [                      Host.exe:              5] [lap=2,39    mS]            Tenaris.Library.Log | ! Application Profiling Service not loaded. Could not get type for type name Tenaris.Service.Profiling.ProfilingService, Tenaris.Service.Profiling
- 2025-05-12 17:50:50.801 [                      Host.exe:              5] [lap=758,50  uS]            Tenaris.Library.Log | - Default configuration provider was created because no other was configured.
- 2025-05-12 17:50:51.063 [                      Host.exe:              5] [lap=262,58  mS]            Tenaris.Library.Log | - [ASSEMBLY_LOADED] FullName=System.Data.resources, Version=4.0.0.0, Culture=es, PublicKeyToken=b77a5c561934e089 - Location=C:\WINDOWS\Microsoft.Net\assembly\GAC_MSIL\System.Data.resources\v4.0_4.0.0.0_es_b77a5c561934e089\System.Data.resources.dll
- 2025-05-12 17:50:51.372 [                      Host.exe:              5] [lap=309,31  mS]            Tenaris.Library.Log | - [ASSEMBLY_LOADED] FullName=System.EnterpriseServices, Version=4.0.0.0, Culture=neutral, PublicKeyToken=b03f5f7f11d50a3a - Location=C:\WINDOWS\Microsoft.Net\assembly\GAC_32\System.EnterpriseServices\v4.0_4.0.0.0__b03f5f7f11d50a3a\System.EnterpriseServices.dll
- 2025-05-12 17:50:52.038 [                      Host.exe:              5] [lap=665,76  mS]            Tenaris.Library.Log | - [ASSEMBLY_LOADED] FullName=System.Runtime.Caching, Version=4.0.0.0, Culture=neutral, PublicKeyToken=b03f5f7f11d50a3a - Location=C:\WINDOWS\Microsoft.Net\assembly\GAC_MSIL\System.Runtime.Caching\v4.0_4.0.0.0__b03f5f7f11d50a3a\System.Runtime.Caching.dll
@ 2025-05-12 17:50:52.321 [                      Host.exe:              5] [lap=282,15  mS]            Tenaris.Library.Log | @ Binding property 'GetPieceByState.rows' should not have a public setter
- 2025-05-12 17:50:52.491 [                      Host.exe:              5] [lap=169,77  mS]            Tenaris.Library.Log | - EXEC dbo.GetPieceByState #stateId=1 - laptime=108,7175 ms
 RESULT: [stateId=1]
 RESULT SETS (1):
  #0, 10 records [pieceId, colorId, materialId, stateId, typeId, width, length, thickness, pieceOrderId, isActive, startedAt, UpdatedAt]
	[37, 2, 1, 1, 1, 0, 0, 0, 0, True, 6/5/2025 14:56:07, 6/5/2025 14:56:07]
	[39, 2, 1, 1, 2, 0, 0, 0, 0, True, 6/5/2025 17:16:19, 6/5/2025 17:16:19]
	[40, 2, 2, 1, 2, 0, 0, 0, 0, True, 6/5/2025 18:15:03, 6/5/2025 18:15:03]
	[52, 3, 1, 1, 2, 10, 10, 10, 0, True, 11/5/2025 16:00:42, 11/5/2025 16:00:42]
	...
@ 2025-05-12 17:50:52.656 [                      Host.exe:              5] [lap=165,49  mS]            Tenaris.Library.Log | @ Binding property 'GetPieceOrderByPieceId.rows' should not have a public setter
- 2025-05-12 17:50:52.759 [                      Host.exe:              5] [lap=103,26  mS]            Tenaris.Library.Log | - EXEC dbo.GetPieceOrderByPieceId #pieceid=37 - laptime=100,1616 ms
 RESULT: [pieceid=37]
 RESULT SETS (1):
  #0, 1 records [id, workOrderId, pieceId, isActive, startedAt, UpdatedAt]
	[11, 21, 37, True, 6/5/2025 14:56:07, 6/5/2025 14:56:07]
@ 2025-05-12 17:50:52.860 [                      Host.exe:              5] [lap=101,15  mS]            Tenaris.Library.Log | @ Binding property 'PieceOrderLastState.rows' should not have a public setter
- 2025-05-12 17:50:52.964 [                      Host.exe:              5] [lap=103,44  mS]            Tenaris.Library.Log | - EXEC dbo.PieceOrderLastState #workOrderId=21 - laptime=100,9796 ms
 RESULT: [workOrderId=21]
 RESULT SETS (1):
  #0, 1 records [stateId, workOrderId]
	[1, 21]
- 2025-05-12 17:50:53.065 [                      Host.exe:              5] [lap=101,36  mS]            Tenaris.Library.Log | - EXEC dbo.GetPieceOrderByPieceId #pieceid=39 - laptime=100,1121 ms
 RESULT: [pieceid=39]
 RESULT SETS (1):
  #0, 1 records [id, workOrderId, pieceId, isActive, startedAt, UpdatedAt]
	[12, 23, 39, True, 6/5/2025 17:16:20, 6/5/2025 17:16:20]
- 2025-05-12 17:50:53.167 [                      Host.exe:              5] [lap=101,49  mS]            Tenaris.Library.Log | - EXEC dbo.PieceOrderLastState #workOrderId=23 - laptime=100,6491 ms
 RESULT: [workOrderId=23]
 RESULT SETS (1):
  #0, 1 records [stateId, workOrderId]
	[3, 23]
- 2025-05-12 17:50:53.269 [                      Host.exe:              5] [lap=102,96  mS]            Tenaris.Library.Log | - EXEC dbo.GetPieceOrderByPieceId #pieceid=40 - laptime=101,8706 ms
 RESULT: [pieceid=40]
 RESULT SETS (1):
  #0, 1 records [id, workOrderId, pieceId, isActive, startedAt, UpdatedAt]
	[13, 22, 40, True, 6/5/2025 18:15:03, 6/5/2025 18:15:03]
- 2025-05-12 17:50:53.450 [                      Host.exe:              5] [lap=181,06  mS]            Tenaris.Library.Log | - EXEC dbo.PieceOrderLastState #workOrderId=22 - laptime=180,2878 ms
 RESULT: [workOrderId=22]
 RESULT SETS (1):
  #0, 1 records [stateId, workOrderId]
	[2, 22]
- 2025-05-12 17:50:53.579 [                      Host.exe:              5] [lap=127,70  mS]            Tenaris.Library.Log | - EXEC dbo.GetPieceOrderByPieceId #pieceid=52 - laptime=127,1044 ms
 RESULT: [pieceid=52]
 RESULT SETS (1):
  #0, 1 records [id, workOrderId, pieceId, isActive, startedAt, UpdatedAt]
	[20, 25, 52, True, 11/5/2025 18:33:32, 11/5/2025 18:33:32]
- 2025-05-12 17:50:53.678 [                      Host.exe:              5] [lap=99,80   mS]            Tenaris.Library.Log | - EXEC dbo.PieceOrderLastState #workOrderId=25 - laptime=99,2754 ms
 RESULT: [workOrderId=25]
 RESULT SETS (1):
  #0, 1 records [stateId, workOrderId]
	[2, 25]
- 2025-05-12 17:50:53.781 [                      Host.exe:              5] [lap=103,28  mS]            Tenaris.Library.Log | - EXEC dbo.GetPieceOrderByPieceId #pieceid=57 - laptime=102,527 ms
 RESULT: [pieceid=57]
 RESULT SETS (1):
  #0, 1 records [id, workOrderId, pieceId, isActive, startedAt, UpdatedAt]
	[23, 26, 57, True, 11/5/2025 18:42:54, 11/5/2025 18:42:54]
- 2025-05-12 17:50:53.883 [                      Host.exe:              5] [lap=101,96  mS]            Tenaris.Library.Log | - EXEC dbo.PieceOrderLastState #workOrderId=26 - laptime=101,2867 ms
 RESULT: [workOrderId=26]
 RESULT SETS (1):
  #0, 1 records [stateId, workOrderId]
	[2, 26]
- 2025-05-12 17:50:53.932 [                      Host.exe:              5] [lap=49,28   mS]            Tenaris.Library.Log | - EXEC dbo.GetPieceOrderByPieceId #pieceid=59 - laptime=48,593 ms
 RESULT: [pieceid=59]
 RESULT SETS (1):
  #0, 1 records [id, workOrderId, pieceId, isActive, startedAt, UpdatedAt]
	[25, 27, 59, True, 11/5/2025 23:39:45, 11/5/2025 23:39:45]
- 2025-05-12 17:50:53.991 [                      Host.exe:              5] [lap=57,80   mS]            Tenaris.Library.Log | - EXEC dbo.PieceOrderLastState #workOrderId=27 - laptime=55,2407 ms
 RESULT: [workOrderId=27]
 RESULT SETS (1):
  #0, 1 records [stateId, workOrderId]
	[2, 27]
- 2025-05-12 17:50:54.090 [                      Host.exe:              5] [lap=99,56   mS]            Tenaris.Library.Log | - EXEC dbo.GetPieceOrderByPieceId #pieceid=61 - laptime=98,9525 ms
 RESULT: [pieceid=61]
 RESULT SETS (1):
  #0, 1 records [id, workOrderId, pieceId, isActive, startedAt, UpdatedAt]
	[27, 24, 61, True, 12/5/2025 17:47:37, 12/5/2025 17:47:37]
- 2025-05-12 17:50:54.147 [                      Host.exe:              5] [lap=57,01   mS]            Tenaris.Library.Log | - EXEC dbo.PieceOrderLastState #workOrderId=24 - laptime=56,4342 ms
 RESULT: [workOrderId=24]
 RESULT SETS (1):
  #0, 1 records [stateId, workOrderId]
	[4, 24]
- 2025-05-12 17:50:54.294 [                      Host.exe:              5] [lap=147,17  mS]            Tenaris.Library.Log | - EXEC dbo.GetPieceOrderByPieceId #pieceid=66 - laptime=146,5838 ms
 RESULT: [pieceid=66]
 RESULT SETS (1):
  #0, 1 records [id, workOrderId, pieceId, isActive, startedAt, UpdatedAt]
	[32, 28, 66, True, 12/5/2025 17:54:09, 12/5/2025 17:54:09]
- 2025-05-12 17:50:54.395 [                      Host.exe:              5] [lap=101,16  mS]            Tenaris.Library.Log | - EXEC dbo.PieceOrderLastState #workOrderId=28 - laptime=100,4996 ms
 RESULT: [workOrderId=28]
 RESULT SETS (1):
  #0, 1 records [stateId, workOrderId]
	[2, 28]
- 2025-05-12 17:50:54.452 [                      Host.exe:              5] [lap=56,33   mS]            Tenaris.Library.Log | - EXEC dbo.GetPieceOrderByPieceId #pieceid=69 - laptime=55,4204 ms
 RESULT: [pieceid=69]
 RESULT SETS (1):
  #0, 1 records [id, workOrderId, pieceId, isActive, startedAt, UpdatedAt]
	[34, 29, 69, True, 12/5/2025 19:38:33, 12/5/2025 19:38:33]
- 2025-05-12 17:50:54.605 [                      Host.exe:              5] [lap=153,99  mS]            Tenaris.Library.Log | - EXEC dbo.PieceOrderLastState #workOrderId=29 - laptime=153,2041 ms
 RESULT: [workOrderId=29]
 RESULT SETS (1):
  #0, 1 records [stateId, workOrderId]
	[2, 29]
- 2025-05-12 17:50:54.707 [                      Host.exe:              5] [lap=101,50  mS]            Tenaris.Library.Log | - EXEC dbo.GetPieceOrderByPieceId #pieceid=71 - laptime=100,7872 ms
 RESULT: [pieceid=71]
 RESULT SETS (1):
  #0, 1 records [id, workOrderId, pieceId, isActive, startedAt, UpdatedAt]
	[36, 30, 71, True, 12/5/2025 20:31:20, 12/5/2025 20:31:20]
- 2025-05-12 17:50:54.805 [                      Host.exe:              5] [lap=97,89   mS]            Tenaris.Library.Log | - EXEC dbo.PieceOrderLastState #workOrderId=30 - laptime=97,0448 ms
 RESULT: [workOrderId=30]
 RESULT SETS (1):
  #0, 1 records [stateId, workOrderId]
	[3, 30]
- 2025-05-12 17:50:54.910 [                      Host.exe:              5] [lap=104,87  mS]            Tenaris.Library.Log | - EXEC dbo.GetPieceByState #stateId=2 - laptime=96,5034 ms
 RESULT: [stateId=2]
 RESULT SETS (1):
  #0, 12 records [pieceId, colorId, materialId, stateId, typeId, width, length, thickness, pieceOrderId, isActive, startedAt, UpdatedAt]
	[43, 4, 2, 2, 2, 30, 30, 30, 0, True, 8/5/2025 19:25:54, 8/5/2025 19:25:54]
	[44, 4, 2, 2, 2, 30, 30, 30, 0, True, 10/5/2025 15:01:20, 10/5/2025 15:01:20]
	[45, 4, 2, 2, 2, 111, 111, 111, 0, True, 10/5/2025 15:21:30, 10/5/2025 15:21:30]
	[54, 3, 1, 2, 2, 10, 10, 20, 0, True, 11/5/2025 18:20:35, 11/5/2025 18:20:35]
	...
- 2025-05-12 17:50:54.963 [                      Host.exe:              5] [lap=53,11   mS]            Tenaris.Library.Log | - EXEC dbo.GetPieceOrderByPieceId #pieceid=43 - laptime=52,1997 ms
 RESULT: [pieceid=43]
 RESULT SETS (1):
  #0, 1 records [id, workOrderId, pieceId, isActive, startedAt, UpdatedAt]
	[14, 22, 43, True, 8/5/2025 19:25:54, 8/5/2025 19:25:54]
- 2025-05-12 17:50:55.112 [                      Host.exe:              5] [lap=148,75  mS]            Tenaris.Library.Log | - EXEC dbo.PieceOrderLastState #workOrderId=22 - laptime=148,0762 ms
 RESULT: [workOrderId=22]
 RESULT SETS (1):
  #0, 1 records [stateId, workOrderId]
	[2, 22]
- 2025-05-12 17:50:55.317 [                      Host.exe:              5] [lap=205,35  mS]            Tenaris.Library.Log | - EXEC dbo.GetPieceOrderByPieceId #pieceid=44 - laptime=203,93 ms
 RESULT: [pieceid=44]
 RESULT SETS (1):
  #0, 1 records [id, workOrderId, pieceId, isActive, startedAt, UpdatedAt]
	[15, 22, 44, True, 10/5/2025 15:01:20, 10/5/2025 15:01:20]
- 2025-05-12 17:50:55.418 [                      Host.exe:              5] [lap=101,90  mS]            Tenaris.Library.Log | - EXEC dbo.PieceOrderLastState #workOrderId=22 - laptime=100,8973 ms
 RESULT: [workOrderId=22]
 RESULT SETS (1):
  #0, 1 records [stateId, workOrderId]
	[2, 22]
- 2025-05-12 17:50:55.525 [                      Host.exe:              5] [lap=105,55  mS]            Tenaris.Library.Log | - EXEC dbo.GetPieceOrderByPieceId #pieceid=45 - laptime=104,7482 ms
 RESULT: [pieceid=45]
 RESULT SETS (1):
  #0, 1 records [id, workOrderId, pieceId, isActive, startedAt, UpdatedAt]
	[16, 22, 45, True, 10/5/2025 15:21:30, 10/5/2025 15:21:30]
- 2025-05-12 17:50:55.625 [                      Host.exe:              5] [lap=99,57   mS]            Tenaris.Library.Log | - EXEC dbo.PieceOrderLastState #workOrderId=22 - laptime=96,2399 ms
 RESULT: [workOrderId=22]
 RESULT SETS (1):
  #0, 1 records [stateId, workOrderId]
	[2, 22]
- 2025-05-12 17:50:55.726 [                      Host.exe:              5] [lap=102,54  mS]            Tenaris.Library.Log | - EXEC dbo.GetPieceOrderByPieceId #pieceid=54 - laptime=102,0559 ms
 RESULT: [pieceid=54]
 RESULT SETS (1):
- 2025-05-12 17:50:55.829 [                      Host.exe:              5] [lap=101,82  mS]            Tenaris.Library.Log | - EXEC dbo.GetPieceOrderByPieceId #pieceid=55 - laptime=101,242 ms
 RESULT: [pieceid=55]
 RESULT SETS (1):
  #0, 1 records [id, workOrderId, pieceId, isActive, startedAt, UpdatedAt]
	[21, 25, 55, True, 11/5/2025 18:34:01, 11/5/2025 18:34:01]
- 2025-05-12 17:50:56.010 [                      Host.exe:              5] [lap=181,17  mS]            Tenaris.Library.Log | - EXEC dbo.PieceOrderLastState #workOrderId=25 - laptime=180,6763 ms
 RESULT: [workOrderId=25]
 RESULT SETS (1):
  #0, 1 records [stateId, workOrderId]
	[2, 25]
- 2025-05-12 17:50:56.136 [                      Host.exe:              5] [lap=126,54  mS]            Tenaris.Library.Log | - EXEC dbo.GetPieceOrderByPieceId #pieceid=56 - laptime=125,978 ms
 RESULT: [pieceid=56]
 RESULT SETS (1):
  #0, 1 records [id, workOrderId, pieceId, isActive, startedAt, UpdatedAt]
	[22, 25, 56, True, 11/5/2025 18:42:01, 11/5/2025 18:42:01]
- 2025-05-12 17:50:56.239 [                      Host.exe:              5] [lap=102,85  mS]            Tenaris.Library.Log | - EXEC dbo.PieceOrderLastState #workOrderId=25 - laptime=102,3673 ms
 RESULT: [workOrderId=25]
 RESULT SETS (1):
  #0, 1 records [stateId, workOrderId]
	[2, 25]
- 2025-05-12 17:50:56.341 [                      Host.exe:              5] [lap=101,50  mS]            Tenaris.Library.Log | - EXEC dbo.GetPieceOrderByPieceId #pieceid=58 - laptime=100,968 ms
 RESULT: [pieceid=58]
 RESULT SETS (1):
  #0, 1 records [id, workOrderId, pieceId, isActive, startedAt, UpdatedAt]
	[24, 26, 58, True, 11/5/2025 18:43:12, 11/5/2025 18:43:12]
- 2025-05-12 17:50:56.443 [                      Host.exe:              5] [lap=102,32  mS]            Tenaris.Library.Log | - EXEC dbo.PieceOrderLastState #workOrderId=26 - laptime=101,8218 ms
 RESULT: [workOrderId=26]
 RESULT SETS (1):
  #0, 1 records [stateId, workOrderId]
	[2, 26]
- 2025-05-12 17:50:56.548 [                      Host.exe:              5] [lap=104,95  mS]            Tenaris.Library.Log | - EXEC dbo.GetPieceOrderByPieceId #pieceid=60 - laptime=104,3722 ms
 RESULT: [pieceid=60]
 RESULT SETS (1):
  #0, 1 records [id, workOrderId, pieceId, isActive, startedAt, UpdatedAt]
	[26, 27, 60, True, 12/5/2025 17:29:24, 12/5/2025 17:29:24]
- 2025-05-12 17:50:56.648 [                      Host.exe:              5] [lap=99,94   mS]            Tenaris.Library.Log | - EXEC dbo.PieceOrderLastState #workOrderId=27 - laptime=99,3903 ms
 RESULT: [workOrderId=27]
 RESULT SETS (1):
  #0, 1 records [stateId, workOrderId]
	[2, 27]
- 2025-05-12 17:50:56.751 [                      Host.exe:              5] [lap=102,68  mS]            Tenaris.Library.Log | - EXEC dbo.GetPieceOrderByPieceId #pieceid=62 - laptime=101,7464 ms
 RESULT: [pieceid=62]
 RESULT SETS (1):
  #0, 1 records [id, workOrderId, pieceId, isActive, startedAt, UpdatedAt]
	[28, 24, 62, True, 12/5/2025 17:48:26, 12/5/2025 17:48:26]
- 2025-05-12 17:50:56.841 [                      Host.exe:              5] [lap=89,76   mS]            Tenaris.Library.Log | - EXEC dbo.PieceOrderLastState #workOrderId=24 - laptime=89,1359 ms
 RESULT: [workOrderId=24]
 RESULT SETS (1):
  #0, 1 records [stateId, workOrderId]
	[4, 24]
- 2025-05-12 17:50:56.955 [                      Host.exe:              5] [lap=115,03  mS]            Tenaris.Library.Log | - EXEC dbo.GetPieceOrderByPieceId #pieceid=64 - laptime=114,3788 ms
 RESULT: [pieceid=64]
 RESULT SETS (1):
  #0, 1 records [id, workOrderId, pieceId, isActive, startedAt, UpdatedAt]
	[30, 24, 64, True, 12/5/2025 17:52:31, 12/5/2025 17:52:31]
- 2025-05-12 17:50:57.010 [                      Host.exe:              5] [lap=54,80   mS]            Tenaris.Library.Log | - EXEC dbo.PieceOrderLastState #workOrderId=24 - laptime=54,1951 ms
 RESULT: [workOrderId=24]
 RESULT SETS (1):
  #0, 1 records [stateId, workOrderId]
	[4, 24]
- 2025-05-12 17:50:57.160 [                      Host.exe:              5] [lap=150,13  mS]            Tenaris.Library.Log | - EXEC dbo.GetPieceOrderByPieceId #pieceid=67 - laptime=149,4259 ms
 RESULT: [pieceid=67]
 RESULT SETS (1):
  #0, 1 records [id, workOrderId, pieceId, isActive, startedAt, UpdatedAt]
	[33, 28, 67, True, 12/5/2025 17:54:38, 12/5/2025 17:54:38]
- 2025-05-12 17:50:57.262 [                      Host.exe:              5] [lap=102,05  mS]            Tenaris.Library.Log | - EXEC dbo.PieceOrderLastState #workOrderId=28 - laptime=101,4322 ms
 RESULT: [workOrderId=28]
 RESULT SETS (1):
  #0, 1 records [stateId, workOrderId]
	[2, 28]
- 2025-05-12 17:50:57.365 [                      Host.exe:              5] [lap=102,56  mS]            Tenaris.Library.Log | - EXEC dbo.GetPieceOrderByPieceId #pieceid=70 - laptime=100,054 ms
 RESULT: [pieceid=70]
 RESULT SETS (1):
  #0, 1 records [id, workOrderId, pieceId, isActive, startedAt, UpdatedAt]
	[35, 29, 70, True, 12/5/2025 19:39:24, 12/5/2025 19:39:24]
- 2025-05-12 17:50:57.467 [                      Host.exe:              5] [lap=102,29  mS]            Tenaris.Library.Log | - EXEC dbo.PieceOrderLastState #workOrderId=29 - laptime=101,7925 ms
 RESULT: [workOrderId=29]
 RESULT SETS (1):
  #0, 1 records [stateId, workOrderId]
	[2, 29]
- 2025-05-12 17:50:57.575 [                      Host.exe:              5] [lap=108,11  mS]            Tenaris.Library.Log | - EXEC dbo.GetPieceByState #stateId=3 - laptime=103,7284 ms
 RESULT: [stateId=3]
 RESULT SETS (1):
  #0, 3 records [pieceId, colorId, materialId, stateId, typeId, width, length, thickness, pieceOrderId, isActive, startedAt, UpdatedAt]
	[42, 2, 2, 3, 2, 30, 30, 30, 0, True, 8/5/2025 18:57:15, 8/5/2025 18:57:15]
	[46, 4, 1, 3, 2, 45, 45, 45, 0, True, 10/5/2025 16:11:48, 10/5/2025 16:11:48]
	[72, 3, 1, 3, 1, 10, 10, 1, 0, True, 12/5/2025 20:31:41, 12/5/2025 20:31:41]
- 2025-05-12 17:50:57.672 [                      Host.exe:              5] [lap=96,57   mS]            Tenaris.Library.Log | - EXEC dbo.GetPieceOrderByPieceId #pieceid=42 - laptime=95,8546 ms
 RESULT: [pieceid=42]
 RESULT SETS (1):
- 2025-05-12 17:50:57.877 [                      Host.exe:              5] [lap=204,86  mS]            Tenaris.Library.Log | - EXEC dbo.GetPieceOrderByPieceId #pieceid=46 - laptime=204,2089 ms
 RESULT: [pieceid=46]
 RESULT SETS (1):
  #0, 1 records [id, workOrderId, pieceId, isActive, startedAt, UpdatedAt]
	[17, 23, 46, True, 10/5/2025 16:11:48, 10/5/2025 16:11:48]
- 2025-05-12 17:50:57.962 [                      Host.exe:              5] [lap=84,88   mS]            Tenaris.Library.Log | - EXEC dbo.PieceOrderLastState #workOrderId=23 - laptime=84,2821 ms
 RESULT: [workOrderId=23]
 RESULT SETS (1):
  #0, 1 records [stateId, workOrderId]
	[3, 23]
- 2025-05-12 17:50:58.081 [                      Host.exe:              5] [lap=119,83  mS]            Tenaris.Library.Log | - EXEC dbo.GetPieceOrderByPieceId #pieceid=72 - laptime=119,2269 ms
 RESULT: [pieceid=72]
 RESULT SETS (1):
  #0, 1 records [id, workOrderId, pieceId, isActive, startedAt, UpdatedAt]
	[37, 30, 72, True, 12/5/2025 20:31:41, 12/5/2025 20:31:41]
- 2025-05-12 17:50:58.184 [                      Host.exe:              5] [lap=102,52  mS]            Tenaris.Library.Log | - EXEC dbo.PieceOrderLastState #workOrderId=30 - laptime=101,9569 ms
 RESULT: [workOrderId=30]
 RESULT SETS (1):
  #0, 1 records [stateId, workOrderId]
	[3, 30]
@ 2025-05-12 17:50:59.413 [                      Host.exe:              5] [lap=1,23     S]            Tenaris.Library.Log | @ Binding property 'GetStationById.rows' should not have a public setter
- 2025-05-12 17:50:59.521 [                      Host.exe:              5] [lap=107,47  mS]            Tenaris.Library.Log | - EXEC dbo.GetStationByIdAle #id=4 - laptime=101,9861 ms
 RESULT: [id=4]
 RESULT SETS (1):
  #0, 1 records [stationId, name, pieceIdOnEntry, pieceIdOnProcess, pieceIdOnExit, stationTypeId, productionLineId, isActive, startedAt, updatedAt]
	[4, Pintura, 0, 72, 0, 4, 1, True, 3/5/2025 13:45:11, 3/5/2025 13:45:11]
- 2025-05-12 17:50:59.823 [                      Host.exe:              5] [lap=303,09  mS]            Tenaris.Library.Log | - EXEC dbo.PutPieceOnEntry #stationid=4#pieceid=72 - laptime=102,757 ms
- 2025-05-12 17:51:00.641 [                      Host.exe:              5] [lap=817,78  mS]            Tenaris.Library.Log | - EXEC dbo.GetStationByIdAle #id=4 - laptime=71,0066 ms
 RESULT: [id=4]
 RESULT SETS (1):
  #0, 1 records [stationId, name, pieceIdOnEntry, pieceIdOnProcess, pieceIdOnExit, stationTypeId, productionLineId, isActive, startedAt, updatedAt]
	[4, Pintura, 72, 72, 0, 4, 1, True, 3/5/2025 13:45:11, 3/5/2025 13:45:11]
- 2025-05-12 17:51:03.000 [                      Host.exe:              6] [lap=929,80  uS]            Tenaris.Library.Log | - NEW THREAD
@ 2025-05-12 17:51:03.000 [                      Host.exe:              6] [lap=166,00  uS]            Tenaris.Library.Log | @ Binding property 'GetPieceById.rows' should not have a public setter
- 2025-05-12 17:51:03.100 [                      Host.exe:              6] [lap=100,82  mS]            Tenaris.Library.Log | - EXEC dbo.GetPieceByIdAle #id=72 - laptime=99,9286 ms
 RESULT: [id=72]
 RESULT SETS (1):
  #0, 1 records [pieceId, colorId, materialId, stateId, typeId, width, length, thickness, pieceOrderId, isActive, startedAt, UpdatedAt]
	[72, 3, 1, 3, 1, 10, 10, 1, 0, True, 12/5/2025 20:31:41, 12/5/2025 20:31:41]
- 2025-05-12 17:51:03.304 [                      Host.exe:              6] [lap=203,28  mS]            Tenaris.Library.Log | - EXEC dbo.PutPieceOnProcess #stationid=4#pieceid=72 - laptime=101,3973 ms
- 2025-05-12 17:51:03.406 [                      Host.exe:              6] [lap=102,76  mS]            Tenaris.Library.Log | - EXEC dbo.GetStationByIdAle #id=4 - laptime=100,534 ms
 RESULT: [id=4]
 RESULT SETS (1):
  #0, 1 records [stationId, name, pieceIdOnEntry, pieceIdOnProcess, pieceIdOnExit, stationTypeId, productionLineId, isActive, startedAt, updatedAt]
	[4, Pintura, 0, 72, 0, 4, 1, True, 3/5/2025 13:45:11, 3/5/2025 13:45:11]
- 2025-05-12 17:51:03.510 [                      Host.exe:              6] [lap=103,84  mS]            Tenaris.Library.Log | - EXEC dbo.GetPieceOrderByPieceId #pieceid=72 - laptime=99,7096 ms
 RESULT: [pieceid=72]
 RESULT SETS (1):
  #0, 1 records [id, workOrderId, pieceId, isActive, startedAt, UpdatedAt]
	[37, 30, 72, True, 12/5/2025 20:31:41, 12/5/2025 20:31:41]
@ 2025-05-12 17:51:03.612 [                      Host.exe:              6] [lap=101,90  mS]            Tenaris.Library.Log | @ Binding property 'GetWorkOrderById.rows' should not have a public setter
- 2025-05-12 17:51:03.718 [                      Host.exe:              6] [lap=105,18  mS]            Tenaris.Library.Log | - EXEC dbo.GetWorkOrderByIdAle #workorderid=30 - laptime=100,1563 ms
 RESULT: [workorderid=30]
 RESULT SETS (1):
  #0, 1 records [workOrderId, date, lote, colada, clientId, pieceId, quantity, processTypeId, isActive, startedAt, updatedAt]
	[30, 18/12/2022 00:00:00, 122, 110, 1, 71, 10, 1, True, 12/5/2025 20:31:19, 12/5/2025 20:31:19]
- 2025-05-12 17:51:03.816 [                      Host.exe:              6] [lap=98,35   mS]            Tenaris.Library.Log | - EXEC dbo.GetPieceByIdAle #id=71 - laptime=91,2878 ms
 RESULT: [id=71]
 RESULT SETS (1):
  #0, 1 records [pieceId, colorId, materialId, stateId, typeId, width, length, thickness, pieceOrderId, isActive, startedAt, UpdatedAt]
	[71, 3, 1, 1, 1, 10, 10, 1, 0, True, 12/5/2025 20:31:19, 12/5/2025 20:31:19]
@ 2025-05-12 17:51:03.919 [                      Host.exe:              6] [lap=103,14  mS]            Tenaris.Library.Log | @ Binding property 'GetColor.rows' should not have a public setter
@ 2025-05-12 17:51:03.920 [                      Host.exe:              6] [lap=581,40  uS]            Tenaris.Library.Log | @ Binding property 'GetColor.rows' should not have a public setter
@ 2025-05-12 17:51:03.920 [                      Host.exe:              6] [lap=348,70  uS]            Tenaris.Library.Log | @ Binding property 'GetColor.rows' should not have a public setter
@ 2025-05-12 17:51:04.022 [                      Host.exe:              6] [lap=101,95  mS]            Tenaris.Library.Log | @ Binding property 'GetColor.rows' should not have a public setter
@ 2025-05-12 17:51:04.023 [                      Host.exe:              6] [lap=348,00  uS]            Tenaris.Library.Log | @ Binding property 'GetColor.rows' should not have a public setter
@ 2025-05-12 17:51:04.023 [                      Host.exe:              6] [lap=249,60  uS]            Tenaris.Library.Log | @ Binding property 'GetColor.rows' should not have a public setter
! 2025-05-12 17:51:04.026 [                      Host.exe:              6] [lap=3,18    mS]            Tenaris.Library.Log | ! Unable to get field 'updatedAt' while filling class 'ColorDto'.
- 2025-05-12 17:51:04.028 [                      Host.exe:              6] [lap=1,60    mS]            Tenaris.Library.Log | - EXEC dbo.GetColor  - laptime=101,9027 ms
 RESULT SETS (1):
  #0, 4 records [id, description, isActive, startedAt, updatedAt]
	[1, Rojo, True, 29/4/2025 16:25:22, 1/1/0001 00:00:00]
	[3, Azul, True, 6/5/2025 14:52:23, 1/1/0001 00:00:00]
	[4, Verde, True, 6/5/2025 14:52:27, 1/1/0001 00:00:00]
	[5, Amarillo, True, 6/5/2025 14:52:31, 1/1/0001 00:00:00]
@ 2025-05-12 17:51:04.123 [                      Host.exe:              6] [lap=96,31   mS]            Tenaris.Library.Log | @ Binding property 'GetPieceType.rows' should not have a public setter
@ 2025-05-12 17:51:04.124 [                      Host.exe:              6] [lap=509,70  uS]            Tenaris.Library.Log | @ Binding property 'GetPieceType.rows' should not have a public setter
@ 2025-05-12 17:51:04.124 [                      Host.exe:              6] [lap=340,20  uS]            Tenaris.Library.Log | @ Binding property 'GetPieceType.rows' should not have a public setter
@ 2025-05-12 17:51:04.226 [                      Host.exe:              6] [lap=101,89  mS]            Tenaris.Library.Log | @ Binding property 'GetPieceType.rows' should not have a public setter
@ 2025-05-12 17:51:04.227 [                      Host.exe:              6] [lap=400,70  uS]            Tenaris.Library.Log | @ Binding property 'GetPieceType.rows' should not have a public setter
@ 2025-05-12 17:51:04.227 [                      Host.exe:              6] [lap=282,50  uS]            Tenaris.Library.Log | @ Binding property 'GetPieceType.rows' should not have a public setter
- 2025-05-12 17:51:04.230 [                      Host.exe:              6] [lap=3,28    mS]            Tenaris.Library.Log | - EXEC dbo.GetPieceType  - laptime=101,8045 ms
 RESULT SETS (1):
  #0, 2 records [id, description, isActive, startedAt, updatedAt]
	[1, Cuadrado, True, 24/4/2025 16:47:00, 24/4/2025 16:47:00]
	[2, Rectangulo, True, 24/4/2025 16:48:00, 24/4/2025 16:48:00]
