
****************************************************
** New log start at: 11/5/2025 12:58:53                            
****************************************************
- 2025-05-11 12:58:53.144 [                      Host.exe:              5] [lap=6,64    mS]            Tenaris.Library.Log | - NEW THREAD
- 2025-05-11 12:58:53.223 [                      Host.exe:              5] [lap=86,38   mS]            Tenaris.Library.Log | - Application Profiling Service configured, trying to activate Tenaris.Service.Profiling.ProfilingService, Tenaris.Service.Profiling
! 2025-05-11 12:58:53.227 [                      Host.exe:              5] [lap=3,40    mS]            Tenaris.Library.Log | ! Application Profiling Service not loaded. Could not get type for type name Tenaris.Service.Profiling.ProfilingService, Tenaris.Service.Profiling
- 2025-05-11 12:58:53.229 [                      Host.exe:              5] [lap=1,49    mS]            Tenaris.Library.Log | - Default configuration provider was created because no other was configured.
- 2025-05-11 12:58:53.438 [                      Host.exe:              5] [lap=220,67  mS]            Tenaris.Library.Log | - [ASSEMBLY_LOADED] FullName=System.Data.resources, Version=4.0.0.0, Culture=es, PublicKeyToken=b77a5c561934e089 - Location=C:\WINDOWS\Microsoft.Net\assembly\GAC_MSIL\System.Data.resources\v4.0_4.0.0.0_es_b77a5c561934e089\System.Data.resources.dll
- 2025-05-11 12:58:53.668 [                      Host.exe:              5] [lap=218,33  mS]            Tenaris.Library.Log | - [ASSEMBLY_LOADED] FullName=System.EnterpriseServices, Version=4.0.0.0, Culture=neutral, PublicKeyToken=b03f5f7f11d50a3a - Location=C:\WINDOWS\Microsoft.Net\assembly\GAC_32\System.EnterpriseServices\v4.0_4.0.0.0__b03f5f7f11d50a3a\System.EnterpriseServices.dll
- 2025-05-11 12:58:54.948 [                      Host.exe:              5] [lap=1,28     S]            Tenaris.Library.Log | - [ASSEMBLY_LOADED] FullName=System.Runtime.Caching, Version=4.0.0.0, Culture=neutral, PublicKeyToken=b03f5f7f11d50a3a - Location=C:\WINDOWS\Microsoft.Net\assembly\GAC_MSIL\System.Runtime.Caching\v4.0_4.0.0.0__b03f5f7f11d50a3a\System.Runtime.Caching.dll
@ 2025-05-11 12:58:55.196 [                      Host.exe:              5] [lap=248,12  mS]            Tenaris.Library.Log | @ Binding property 'GetPieceByState.rows' should not have a public setter
- 2025-05-11 12:58:55.372 [                      Host.exe:              4] [lap=1,18    mS]            Tenaris.Library.Log | - NEW THREAD
@ 2025-05-11 12:58:55.373 [                      Host.exe:              4] [lap=328,40  uS]            Tenaris.Library.Log | @ Binding property 'GetClient.rows' should not have a public setter
@ 2025-05-11 12:58:55.373 [                      Host.exe:              4] [lap=596,00  uS]            Tenaris.Library.Log | @ Binding property 'GetClient.rows' should not have a public setter
@ 2025-05-11 12:58:55.374 [                      Host.exe:              4] [lap=661,10  uS]            Tenaris.Library.Log | @ Binding property 'GetClient.rows' should not have a public setter
- 2025-05-11 12:58:55.383 [                      Host.exe:              5] [lap=186,91  mS]            Tenaris.Library.Log | - EXEC dbo.GetPieceByState #stateId=1 - laptime=90,7412 ms
 RESULT: [stateId=1]
 RESULT SETS (1):
  #0, 6 records [pieceId, colorId, materialId, stateId, typeId, width, length, thickness, pieceOrderId, isActive, startedAt, UpdatedAt]
	[4, 1, 1, 1, 1, 10, 10, 10, 1, True, 29/4/2025 16:29:17, 29/4/2025 16:29:17]
	[5, 1, 1, 1, 1, 10, 10, 10, 1, True, 29/4/2025 16:39:12, 29/4/2025 16:39:12]
	[6, 1, 1, 1, 1, 12, 12, 1, 0, True, 30/4/2025 17:30:50, 30/4/2025 17:30:50]
	[37, 2, 1, 1, 1, 0, 0, 0, 0, True, 6/5/2025 14:56:07, 6/5/2025 14:56:07]
	...
@ 2025-05-11 12:58:55.431 [                      Host.exe:              4] [lap=57,31   mS]            Tenaris.Library.Log | @ Binding property 'GetClient.rows' should not have a public setter
@ 2025-05-11 12:58:55.432 [                      Host.exe:              4] [lap=503,80  uS]            Tenaris.Library.Log | @ Binding property 'GetClient.rows' should not have a public setter
@ 2025-05-11 12:58:55.432 [                      Host.exe:              4] [lap=456,30  uS]            Tenaris.Library.Log | @ Binding property 'GetClient.rows' should not have a public setter
- 2025-05-11 12:58:55.443 [                      Host.exe:              4] [lap=10,80   mS]            Tenaris.Library.Log | - EXEC dbo.GetClient  - laptime=57,2359 ms
 RESULT SETS (1):
  #0, 3 records [id, name, address, mobilePhone, cuit, isActive, startedAt, updatedAt]
	[1, Tenaris, calle 123, 123345, 123, True, 29/4/2025 16:23:07, 29/4/2025 16:23:07]
	[2, TubosSRL, calle 345, 12344, 345, True, 1/5/2025 14:35:32, 1/5/2025 14:35:32]
	[3, Siderca, calle 234, 12334, 323, True, 1/5/2025 14:37:07, 1/5/2025 14:37:07]
@ 2025-05-11 12:58:55.525 [                      Host.exe:              4] [lap=82,65   mS]            Tenaris.Library.Log | @ Binding property 'GetColor.rows' should not have a public setter
@ 2025-05-11 12:58:55.526 [                      Host.exe:              4] [lap=1,05    mS]            Tenaris.Library.Log | @ Binding property 'GetColor.rows' should not have a public setter
@ 2025-05-11 12:58:55.527 [                      Host.exe:              4] [lap=656,90  uS]            Tenaris.Library.Log | @ Binding property 'GetColor.rows' should not have a public setter
@ 2025-05-11 12:58:55.721 [                      Host.exe:              4] [lap=194,28  mS]            Tenaris.Library.Log | @ Binding property 'GetColor.rows' should not have a public setter
@ 2025-05-11 12:58:55.722 [                      Host.exe:              4] [lap=495,70  uS]            Tenaris.Library.Log | @ Binding property 'GetColor.rows' should not have a public setter
@ 2025-05-11 12:58:55.722 [                      Host.exe:              4] [lap=271,40  uS]            Tenaris.Library.Log | @ Binding property 'GetColor.rows' should not have a public setter
! 2025-05-11 12:58:55.726 [                      Host.exe:              4] [lap=4,05    mS]            Tenaris.Library.Log | ! Unable to get field 'updatedAt' while filling class 'ColorDto'.
- 2025-05-11 12:58:55.730 [                      Host.exe:              4] [lap=3,59    mS]            Tenaris.Library.Log | - EXEC dbo.GetColor  - laptime=194,2005 ms
 RESULT SETS (1):
  #0, 4 records [id, description, isActive, startedAt, updatedAt]
	[1, Rojo, True, 29/4/2025 16:25:22, 1/1/0001 00:00:00]
	[3, Azul, True, 6/5/2025 14:52:23, 1/1/0001 00:00:00]
	[4, Verde, True, 6/5/2025 14:52:27, 1/1/0001 00:00:00]
	[5, Amarillo, True, 6/5/2025 14:52:31, 1/1/0001 00:00:00]
@ 2025-05-11 12:58:55.824 [                      Host.exe:              4] [lap=94,75   mS]            Tenaris.Library.Log | @ Binding property 'GetProcessType.rows' should not have a public setter
@ 2025-05-11 12:58:55.826 [                      Host.exe:              4] [lap=1,44    mS]            Tenaris.Library.Log | @ Binding property 'GetProcessType.rows' should not have a public setter
@ 2025-05-11 12:58:55.827 [                      Host.exe:              4] [lap=1,59    mS]            Tenaris.Library.Log | @ Binding property 'GetProcessType.rows' should not have a public setter
@ 2025-05-11 12:58:55.926 [                      Host.exe:              4] [lap=98,53   mS]            Tenaris.Library.Log | @ Binding property 'GetProcessType.rows' should not have a public setter
@ 2025-05-11 12:58:55.926 [                      Host.exe:              4] [lap=522,00  uS]            Tenaris.Library.Log | @ Binding property 'GetProcessType.rows' should not have a public setter
@ 2025-05-11 12:58:55.927 [                      Host.exe:              4] [lap=287,00  uS]            Tenaris.Library.Log | @ Binding property 'GetProcessType.rows' should not have a public setter
! 2025-05-11 12:58:55.929 [                      Host.exe:              4] [lap=2,41    mS]            Tenaris.Library.Log | ! Unable to get field 'processTypeId' while filling class 'ProcessTypeDto'.
- 2025-05-11 12:58:55.932 [                      Host.exe:              4] [lap=2,24    mS]            Tenaris.Library.Log | - EXEC dbo.GetProcessType  - laptime=98,4946 ms
 RESULT SETS (1):
  #0, 2 records [processTypeId, description, isActive, startedAt, updatedAt]
	[0, Estandar, True, 29/4/2025 16:32:01, 29/4/2025 16:32:01]
	[0, No estandar, True, 1/5/2025 14:43:53, 1/5/2025 14:43:53]
@ 2025-05-11 12:58:56.031 [                      Host.exe:              4] [lap=98,74   mS]            Tenaris.Library.Log | @ Binding property 'GetPieceType.rows' should not have a public setter
@ 2025-05-11 12:58:56.032 [                      Host.exe:              4] [lap=1,28    mS]            Tenaris.Library.Log | @ Binding property 'GetPieceType.rows' should not have a public setter
@ 2025-05-11 12:58:56.034 [                      Host.exe:              4] [lap=2,36    mS]            Tenaris.Library.Log | @ Binding property 'GetPieceType.rows' should not have a public setter
@ 2025-05-11 12:58:56.130 [                      Host.exe:              4] [lap=96,51   mS]            Tenaris.Library.Log | @ Binding property 'GetPieceType.rows' should not have a public setter
@ 2025-05-11 12:58:56.131 [                      Host.exe:              4] [lap=553,10  uS]            Tenaris.Library.Log | @ Binding property 'GetPieceType.rows' should not have a public setter
@ 2025-05-11 12:58:56.131 [                      Host.exe:              4] [lap=271,60  uS]            Tenaris.Library.Log | @ Binding property 'GetPieceType.rows' should not have a public setter
- 2025-05-11 12:58:56.135 [                      Host.exe:              4] [lap=3,84    mS]            Tenaris.Library.Log | - EXEC dbo.GetPieceType  - laptime=96,6503 ms
 RESULT SETS (1):
  #0, 2 records [id, description, isActive, startedAt, updatedAt]
	[1, Cuadrado, True, 24/4/2025 16:47:00, 24/4/2025 16:47:00]
	[2, Rectangulo, True, 24/4/2025 16:48:00, 24/4/2025 16:48:00]
@ 2025-05-11 12:58:56.239 [                      Host.exe:              4] [lap=103,14  mS]            Tenaris.Library.Log | @ Binding property 'GetMaterial.rows' should not have a public setter
@ 2025-05-11 12:58:56.239 [                      Host.exe:              4] [lap=466,80  uS]            Tenaris.Library.Log | @ Binding property 'GetMaterial.rows' should not have a public setter
@ 2025-05-11 12:58:56.240 [                      Host.exe:              4] [lap=333,60  uS]            Tenaris.Library.Log | @ Binding property 'GetMaterial.rows' should not have a public setter
@ 2025-05-11 12:58:56.337 [                      Host.exe:              4] [lap=97,82   mS]            Tenaris.Library.Log | @ Binding property 'GetMaterial.rows' should not have a public setter
@ 2025-05-11 12:58:56.337 [                      Host.exe:              4] [lap=564,90  uS]            Tenaris.Library.Log | @ Binding property 'GetMaterial.rows' should not have a public setter
@ 2025-05-11 12:58:56.338 [                      Host.exe:              4] [lap=353,00  uS]            Tenaris.Library.Log | @ Binding property 'GetMaterial.rows' should not have a public setter
- 2025-05-11 12:58:56.342 [                      Host.exe:              4] [lap=4,73    mS]            Tenaris.Library.Log | - EXEC dbo.GetMaterial  - laptime=97,56 ms
 RESULT SETS (1):
  #0, 3 records [id, description, isActive, startedAt, updatedAt]
	[1, Acero, True, 29/4/2025 16:25:53, 29/4/2025 16:25:53]
	[2, Aluminio, True, 6/5/2025 14:53:18, 6/5/2025 14:53:18]
	[3, Hierro, True, 6/5/2025 14:53:27, 6/5/2025 14:53:27]
@ 2025-05-11 12:58:56.440 [                      Host.exe:              4] [lap=97,65   mS]            Tenaris.Library.Log | @ Binding property 'GetState.rows' should not have a public setter
@ 2025-05-11 12:58:56.441 [                      Host.exe:              4] [lap=849,50  uS]            Tenaris.Library.Log | @ Binding property 'GetState.rows' should not have a public setter
@ 2025-05-11 12:58:56.442 [                      Host.exe:              4] [lap=832,90  uS]            Tenaris.Library.Log | @ Binding property 'GetState.rows' should not have a public setter
@ 2025-05-11 12:58:56.545 [                      Host.exe:              4] [lap=103,37  mS]            Tenaris.Library.Log | @ Binding property 'GetState.rows' should not have a public setter
@ 2025-05-11 12:58:56.546 [                      Host.exe:              4] [lap=649,20  uS]            Tenaris.Library.Log | @ Binding property 'GetState.rows' should not have a public setter
@ 2025-05-11 12:58:56.546 [                      Host.exe:              4] [lap=370,50  uS]            Tenaris.Library.Log | @ Binding property 'GetState.rows' should not have a public setter
- 2025-05-11 12:58:56.550 [                      Host.exe:              4] [lap=4,20    mS]            Tenaris.Library.Log | - EXEC dbo.GetState  - laptime=103,3127 ms
 RESULT SETS (1):
  #0, 5 records [id, description, isActive, startedAt, updatedAt]
	[1, Ingresada, True, 29/4/2025 16:26:37, 29/4/2025 16:26:37]
	[2, Cortada, True, 2/5/2025 16:53:08, 2/5/2025 16:53:08]
	[3, Validada, True, 2/5/2025 16:53:08, 2/5/2025 16:53:08]
	[4, Pintada, True, 2/5/2025 16:53:08, 2/5/2025 16:53:08]
	[5, Solicitada, True, 2/5/2025 16:53:08, 2/5/2025 16:53:08]
@ 2025-05-11 12:59:02.279 [                      Host.exe:              4] [lap=5,73     S]            Tenaris.Library.Log | @ Binding property 'InsPiece.identity' should not have a public setter
- 2025-05-11 12:59:02.386 [                      Host.exe:              4] [lap=106,21  mS]            Tenaris.Library.Log | - 
@ 2025-05-11 12:59:02.386 [                      Host.exe:              4] [lap=331,20  uS]            Tenaris.Library.Log | @ Error trying to run SQL command dbo.InsPiece. Message: The INSERT statement conflicted with the FOREIGN KEY constraint "FK_Piece_Color". The conflict occurred in database "production", table "dbo.Color", column 'id'.
+The statement has been terminated.
- 2025-05-11 12:59:03.423 [                      Host.exe:              4] [lap=1,04     S]            Tenaris.Library.Log | - [ASSEMBLY_LOADED] FullName=Microsoft.VisualStudio.Debugger.Runtime.Desktop, Version=17.0.0.0, Culture=neutral, PublicKeyToken=b03f5f7f11d50a3a - Location=C:\Program Files\Microsoft Visual Studio\2022\Professional\Common7\IDE\Remote Debugger\x86\Runtime\Microsoft.VisualStudio.Debugger.Runtime.Desktop.dll
