
****************************************************
** New log start at: 11/5/2025 11:48:42                            
****************************************************
- 2025-05-11 11:48:42.788 [                      Host.exe:              5] [lap=6,95    mS]            Tenaris.Library.Log | - NEW THREAD
- 2025-05-11 11:48:42.868 [                      Host.exe:              5] [lap=90,99   mS]            Tenaris.Library.Log | - Application Profiling Service configured, trying to activate Tenaris.Service.Profiling.ProfilingService, Tenaris.Service.Profiling
! 2025-05-11 11:48:42.871 [                      Host.exe:              5] [lap=3,82    mS]            Tenaris.Library.Log | ! Application Profiling Service not loaded. Could not get type for type name Tenaris.Service.Profiling.ProfilingService, Tenaris.Service.Profiling
- 2025-05-11 11:48:42.875 [                      Host.exe:              5] [lap=1,40    mS]            Tenaris.Library.Log | - Default configuration provider was created because no other was configured.
- 2025-05-11 11:48:43.091 [                      Host.exe:              5] [lap=216,57  mS]            Tenaris.Library.Log | - [ASSEMBLY_LOADED] FullName=System.Data.resources, Version=4.0.0.0, Culture=es, PublicKeyToken=b77a5c561934e089 - Location=C:\WINDOWS\Microsoft.Net\assembly\GAC_MSIL\System.Data.resources\v4.0_4.0.0.0_es_b77a5c561934e089\System.Data.resources.dll
- 2025-05-11 11:48:43.531 [                      Host.exe:              5] [lap=441,05  mS]            Tenaris.Library.Log | - [ASSEMBLY_LOADED] FullName=System.EnterpriseServices, Version=4.0.0.0, Culture=neutral, PublicKeyToken=b03f5f7f11d50a3a - Location=C:\WINDOWS\Microsoft.Net\assembly\GAC_32\System.EnterpriseServices\v4.0_4.0.0.0__b03f5f7f11d50a3a\System.EnterpriseServices.dll
- 2025-05-11 11:48:44.596 [                      Host.exe:              5] [lap=1,06     S]            Tenaris.Library.Log | - [ASSEMBLY_LOADED] FullName=System.Runtime.Caching, Version=4.0.0.0, Culture=neutral, PublicKeyToken=b03f5f7f11d50a3a - Location=C:\WINDOWS\Microsoft.Net\assembly\GAC_MSIL\System.Runtime.Caching\v4.0_4.0.0.0__b03f5f7f11d50a3a\System.Runtime.Caching.dll
@ 2025-05-11 11:48:44.922 [                      Host.exe:              5] [lap=326,30  mS]            Tenaris.Library.Log | @ Binding property 'GetPieceByState.rows' should not have a public setter
- 2025-05-11 11:48:45.133 [                      Host.exe:              6] [lap=3,18    mS]            Tenaris.Library.Log | - NEW THREAD
@ 2025-05-11 11:48:45.133 [                      Host.exe:              6] [lap=473,50  uS]            Tenaris.Library.Log | @ Binding property 'GetClient.rows' should not have a public setter
@ 2025-05-11 11:48:45.134 [                      Host.exe:              6] [lap=1,17    mS]            Tenaris.Library.Log | @ Binding property 'GetClient.rows' should not have a public setter
@ 2025-05-11 11:48:45.135 [                      Host.exe:              6] [lap=1,02    mS]            Tenaris.Library.Log | @ Binding property 'GetClient.rows' should not have a public setter
@ 2025-05-11 11:48:45.193 [                      Host.exe:              6] [lap=57,92   mS]            Tenaris.Library.Log | @ Binding property 'GetClient.rows' should not have a public setter
@ 2025-05-11 11:48:45.194 [                      Host.exe:              6] [lap=853,60  uS]            Tenaris.Library.Log | @ Binding property 'GetClient.rows' should not have a public setter
@ 2025-05-11 11:48:45.194 [                      Host.exe:              6] [lap=681,00  uS]            Tenaris.Library.Log | @ Binding property 'GetClient.rows' should not have a public setter
! 2025-05-11 11:48:45.213 [                      Host.exe:              6] [lap=18,91   mS]            Tenaris.Library.Log | ! Unable to get field 'clientId' while filling class 'ClientDto'.
- 2025-05-11 11:48:45.254 [                      Host.exe:              6] [lap=41,23   mS]            Tenaris.Library.Log | - EXEC dbo.GetClient  - laptime=57,8494 ms
 RESULT SETS (1):
  #0, 3 records [clientId, name, address, mobilePhone, cuit, isActive, startedAt, updatedAt]
	[0, Tenaris, calle 123, 123345, 123, True, 29/4/2025 16:23:07, 29/4/2025 16:23:07]
	[0, TubosSRL, calle 345, 12344, 345, True, 1/5/2025 14:35:32, 1/5/2025 14:35:32]
	[0, Siderca, calle 234, 12334, 323, True, 1/5/2025 14:37:07, 1/5/2025 14:37:07]
- 2025-05-11 11:48:45.254 [                      Host.exe:              5] [lap=332,53  mS]            Tenaris.Library.Log | - EXEC dbo.GetPieceByState #stateId=1 - laptime=170,809 ms
 RESULT: [stateId=1]
 RESULT SETS (1):
  #0, 6 records [pieceId, colorId, materialId, stateId, typeId, width, length, thickness, pieceOrderId, isActive, startedAt, UpdatedAt]
	[4, 1, 1, 1, 1, 10, 10, 10, 1, True, 29/4/2025 16:29:17, 29/4/2025 16:29:17]
	[5, 1, 1, 1, 1, 10, 10, 10, 1, True, 29/4/2025 16:39:12, 29/4/2025 16:39:12]
	[6, 1, 1, 1, 1, 12, 12, 1, 0, True, 30/4/2025 17:30:50, 30/4/2025 17:30:50]
	[37, 2, 1, 1, 1, 0, 0, 0, 0, True, 6/5/2025 14:56:07, 6/5/2025 14:56:07]
	...
@ 2025-05-11 11:48:45.326 [                      Host.exe:              5] [lap=71,80   mS]            Tenaris.Library.Log | @ Binding property 'GetColor.rows' should not have a public setter
@ 2025-05-11 11:48:45.327 [                      Host.exe:              5] [lap=971,90  uS]            Tenaris.Library.Log | @ Binding property 'GetColor.rows' should not have a public setter
@ 2025-05-11 11:48:45.328 [                      Host.exe:              5] [lap=721,90  uS]            Tenaris.Library.Log | @ Binding property 'GetColor.rows' should not have a public setter
@ 2025-05-11 11:48:45.388 [                      Host.exe:              5] [lap=60,40   mS]            Tenaris.Library.Log | @ Binding property 'GetColor.rows' should not have a public setter
@ 2025-05-11 11:48:45.389 [                      Host.exe:              5] [lap=535,10  uS]            Tenaris.Library.Log | @ Binding property 'GetColor.rows' should not have a public setter
@ 2025-05-11 11:48:45.390 [                      Host.exe:              5] [lap=852,60  uS]            Tenaris.Library.Log | @ Binding property 'GetColor.rows' should not have a public setter
! 2025-05-11 11:48:45.392 [                      Host.exe:              5] [lap=2,43    mS]            Tenaris.Library.Log | ! Unable to get field 'colorId' while filling class 'ColorDto'.
! 2025-05-11 11:48:45.394 [                      Host.exe:              5] [lap=1,44    mS]            Tenaris.Library.Log | ! Unable to get field 'updatedAt' while filling class 'ColorDto'.
- 2025-05-11 11:48:45.396 [                      Host.exe:              5] [lap=2,90    mS]            Tenaris.Library.Log | - EXEC dbo.GetColor  - laptime=60,3623 ms
 RESULT SETS (1):
  #0, 4 records [colorId, description, isActive, startedAt, updatedAt]
	[0, Rojo, True, 29/4/2025 16:25:22, 1/1/0001 00:00:00]
	[0, Azul, True, 6/5/2025 14:52:23, 1/1/0001 00:00:00]
	[0, Verde, True, 6/5/2025 14:52:27, 1/1/0001 00:00:00]
	[0, Amarillo, True, 6/5/2025 14:52:31, 1/1/0001 00:00:00]
@ 2025-05-11 11:48:45.530 [                      Host.exe:              5] [lap=133,58  mS]            Tenaris.Library.Log | @ Binding property 'GetProcessType.rows' should not have a public setter
@ 2025-05-11 11:48:45.531 [                      Host.exe:              5] [lap=1,07    mS]            Tenaris.Library.Log | @ Binding property 'GetProcessType.rows' should not have a public setter
@ 2025-05-11 11:48:45.532 [                      Host.exe:              5] [lap=721,80  uS]            Tenaris.Library.Log | @ Binding property 'GetProcessType.rows' should not have a public setter
@ 2025-05-11 11:48:45.734 [                      Host.exe:              5] [lap=202,06  mS]            Tenaris.Library.Log | @ Binding property 'GetProcessType.rows' should not have a public setter
@ 2025-05-11 11:48:45.734 [                      Host.exe:              5] [lap=518,20  uS]            Tenaris.Library.Log | @ Binding property 'GetProcessType.rows' should not have a public setter
@ 2025-05-11 11:48:45.735 [                      Host.exe:              5] [lap=275,60  uS]            Tenaris.Library.Log | @ Binding property 'GetProcessType.rows' should not have a public setter
! 2025-05-11 11:48:45.737 [                      Host.exe:              5] [lap=2,51    mS]            Tenaris.Library.Log | ! Unable to get field 'processTypeId' while filling class 'ProcessTypeDto'.
- 2025-05-11 11:48:45.741 [                      Host.exe:              5] [lap=3,88    mS]            Tenaris.Library.Log | - EXEC dbo.GetProcessType  - laptime=202,0165 ms
 RESULT SETS (1):
  #0, 2 records [processTypeId, description, isActive, startedAt, updatedAt]
	[0, Estandar, True, 29/4/2025 16:32:01, 29/4/2025 16:32:01]
	[0, No estandar, True, 1/5/2025 14:43:53, 1/5/2025 14:43:53]
@ 2025-05-11 11:48:45.837 [                      Host.exe:              5] [lap=96,25   mS]            Tenaris.Library.Log | @ Binding property 'GetPieceType.rows' should not have a public setter
@ 2025-05-11 11:48:45.838 [                      Host.exe:              5] [lap=797,00  uS]            Tenaris.Library.Log | @ Binding property 'GetPieceType.rows' should not have a public setter
@ 2025-05-11 11:48:45.839 [                      Host.exe:              5] [lap=450,00  uS]            Tenaris.Library.Log | @ Binding property 'GetPieceType.rows' should not have a public setter
@ 2025-05-11 11:48:45.893 [                      Host.exe:              5] [lap=53,44   mS]            Tenaris.Library.Log | @ Binding property 'GetPieceType.rows' should not have a public setter
@ 2025-05-11 11:48:45.894 [                      Host.exe:              5] [lap=810,10  uS]            Tenaris.Library.Log | @ Binding property 'GetPieceType.rows' should not have a public setter
@ 2025-05-11 11:48:45.894 [                      Host.exe:              5] [lap=747,60  uS]            Tenaris.Library.Log | @ Binding property 'GetPieceType.rows' should not have a public setter
! 2025-05-11 11:48:45.898 [                      Host.exe:              5] [lap=3,79    mS]            Tenaris.Library.Log | ! Unable to get field 'pieceTypeId' while filling class 'PieceTypeDto'.
- 2025-05-11 11:48:45.902 [                      Host.exe:              5] [lap=3,58    mS]            Tenaris.Library.Log | - EXEC dbo.GetPieceType  - laptime=53,2571 ms
 RESULT SETS (1):
  #0, 2 records [pieceTypeId, description, isActive, startedAt, updatedAt]
	[0, Cuadrado, True, 24/4/2025 16:47:00, 24/4/2025 16:47:00]
	[0, Rectangulo, True, 24/4/2025 16:48:00, 24/4/2025 16:48:00]
@ 2025-05-11 11:48:46.249 [                      Host.exe:              5] [lap=347,39  mS]            Tenaris.Library.Log | @ Binding property 'GetMaterial.rows' should not have a public setter
@ 2025-05-11 11:48:46.249 [                      Host.exe:              5] [lap=659,00  uS]            Tenaris.Library.Log | @ Binding property 'GetMaterial.rows' should not have a public setter
@ 2025-05-11 11:48:46.250 [                      Host.exe:              5] [lap=556,90  uS]            Tenaris.Library.Log | @ Binding property 'GetMaterial.rows' should not have a public setter
@ 2025-05-11 11:48:46.349 [                      Host.exe:              5] [lap=99,24   mS]            Tenaris.Library.Log | @ Binding property 'GetMaterial.rows' should not have a public setter
@ 2025-05-11 11:48:46.349 [                      Host.exe:              5] [lap=436,30  uS]            Tenaris.Library.Log | @ Binding property 'GetMaterial.rows' should not have a public setter
@ 2025-05-11 11:48:46.350 [                      Host.exe:              5] [lap=214,40  uS]            Tenaris.Library.Log | @ Binding property 'GetMaterial.rows' should not have a public setter
! 2025-05-11 11:48:46.351 [                      Host.exe:              5] [lap=1,81    mS]            Tenaris.Library.Log | ! Unable to get field 'materialId' while filling class 'MaterialDto'.
- 2025-05-11 11:48:46.353 [                      Host.exe:              5] [lap=2,03    mS]            Tenaris.Library.Log | - EXEC dbo.GetMaterial  - laptime=99,147 ms
 RESULT SETS (1):
  #0, 3 records [materialId, description, isActive, startedAt, updatedAt]
	[0, Acero, True, 29/4/2025 16:25:53, 29/4/2025 16:25:53]
	[0, Aluminio, True, 6/5/2025 14:53:18, 6/5/2025 14:53:18]
	[0, Hierro, True, 6/5/2025 14:53:27, 6/5/2025 14:53:27]
@ 2025-05-11 11:48:46.453 [                      Host.exe:              5] [lap=99,25   mS]            Tenaris.Library.Log | @ Binding property 'GetState.rows' should not have a public setter
@ 2025-05-11 11:48:46.454 [                      Host.exe:              5] [lap=904,80  uS]            Tenaris.Library.Log | @ Binding property 'GetState.rows' should not have a public setter
@ 2025-05-11 11:48:46.455 [                      Host.exe:              5] [lap=746,50  uS]            Tenaris.Library.Log | @ Binding property 'GetState.rows' should not have a public setter
@ 2025-05-11 11:48:46.554 [                      Host.exe:              5] [lap=99,52   mS]            Tenaris.Library.Log | @ Binding property 'GetState.rows' should not have a public setter
@ 2025-05-11 11:48:46.555 [                      Host.exe:              5] [lap=663,90  uS]            Tenaris.Library.Log | @ Binding property 'GetState.rows' should not have a public setter
@ 2025-05-11 11:48:46.555 [                      Host.exe:              5] [lap=356,60  uS]            Tenaris.Library.Log | @ Binding property 'GetState.rows' should not have a public setter
! 2025-05-11 11:48:46.559 [                      Host.exe:              5] [lap=3,65    mS]            Tenaris.Library.Log | ! Unable to get field 'stateId' while filling class 'StateDto'.
- 2025-05-11 11:48:46.566 [                      Host.exe:              5] [lap=7,17    mS]            Tenaris.Library.Log | - EXEC dbo.GetState  - laptime=99,4418 ms
 RESULT SETS (1):
  #0, 5 records [stateId, description, isActive, startedAt, updatedAt]
	[0, Ingresada, True, 29/4/2025 16:26:37, 29/4/2025 16:26:37]
	[0, Cortada, True, 2/5/2025 16:53:08, 2/5/2025 16:53:08]
	[0, Validada, True, 2/5/2025 16:53:08, 2/5/2025 16:53:08]
	[0, Pintada, True, 2/5/2025 16:53:08, 2/5/2025 16:53:08]
	[0, Solicitada, True, 2/5/2025 16:53:08, 2/5/2025 16:53:08]
- 2025-05-11 11:48:56.496 [                      Host.exe:              5] [lap=9,93     S]            Tenaris.Library.Log | - [ASSEMBLY_LOADED] FullName=mscorlib.resources, Version=4.0.0.0, Culture=es, PublicKeyToken=b77a5c561934e089 - Location=C:\WINDOWS\Microsoft.Net\assembly\GAC_MSIL\mscorlib.resources\v4.0_4.0.0.0_es_b77a5c561934e089\mscorlib.resources.dll
