
****************************************************
** New log start at: 11/5/2025 12:54:54                            
****************************************************
- 2025-05-11 12:54:54.188 [                      Host.exe:              5] [lap=4,07    mS]            Tenaris.Library.Log | - NEW THREAD
- 2025-05-11 12:54:54.276 [                      Host.exe:              5] [lap=84,98   mS]            Tenaris.Library.Log | - Application Profiling Service configured, trying to activate Tenaris.Service.Profiling.ProfilingService, Tenaris.Service.Profiling
! 2025-05-11 12:54:54.276 [                      Host.exe:              5] [lap=2,60    mS]            Tenaris.Library.Log | ! Application Profiling Service not loaded. Could not get type for type name Tenaris.Service.Profiling.ProfilingService, Tenaris.Service.Profiling
- 2025-05-11 12:54:54.276 [                      Host.exe:              5] [lap=1,01    mS]            Tenaris.Library.Log | - Default configuration provider was created because no other was configured.
- 2025-05-11 12:54:54.443 [                      Host.exe:              5] [lap=162,72  mS]            Tenaris.Library.Log | - [ASSEMBLY_LOADED] FullName=System.Data.resources, Version=4.0.0.0, Culture=es, PublicKeyToken=b77a5c561934e089 - Location=C:\WINDOWS\Microsoft.Net\assembly\GAC_MSIL\System.Data.resources\v4.0_4.0.0.0_es_b77a5c561934e089\System.Data.resources.dll
- 2025-05-11 12:54:54.760 [                      Host.exe:              5] [lap=318,93  mS]            Tenaris.Library.Log | - [ASSEMBLY_LOADED] FullName=System.EnterpriseServices, Version=4.0.0.0, Culture=neutral, PublicKeyToken=b03f5f7f11d50a3a - Location=C:\WINDOWS\Microsoft.Net\assembly\GAC_32\System.EnterpriseServices\v4.0_4.0.0.0__b03f5f7f11d50a3a\System.EnterpriseServices.dll
- 2025-05-11 12:54:55.752 [                      Host.exe:              5] [lap=988,71  mS]            Tenaris.Library.Log | - [ASSEMBLY_LOADED] FullName=System.Runtime.Caching, Version=4.0.0.0, Culture=neutral, PublicKeyToken=b03f5f7f11d50a3a - Location=C:\WINDOWS\Microsoft.Net\assembly\GAC_MSIL\System.Runtime.Caching\v4.0_4.0.0.0__b03f5f7f11d50a3a\System.Runtime.Caching.dll
@ 2025-05-11 12:54:56.112 [                      Host.exe:              5] [lap=362,92  mS]            Tenaris.Library.Log | @ Binding property 'GetPieceByState.rows' should not have a public setter
- 2025-05-11 12:54:56.364 [                      Host.exe:              6] [lap=1,29    mS]            Tenaris.Library.Log | - NEW THREAD
@ 2025-05-11 12:54:56.365 [                      Host.exe:              6] [lap=486,90  uS]            Tenaris.Library.Log | @ Binding property 'GetClient.rows' should not have a public setter
@ 2025-05-11 12:54:56.366 [                      Host.exe:              6] [lap=902,70  uS]            Tenaris.Library.Log | @ Binding property 'GetClient.rows' should not have a public setter
@ 2025-05-11 12:54:56.367 [                      Host.exe:              6] [lap=1,95    mS]            Tenaris.Library.Log | @ Binding property 'GetClient.rows' should not have a public setter
- 2025-05-11 12:54:56.370 [                      Host.exe:              5] [lap=255,54  mS]            Tenaris.Library.Log | - EXEC dbo.GetPieceByState #stateId=1 - laptime=165,2543 ms
 RESULT: [stateId=1]
 RESULT SETS (1):
  #0, 6 records [pieceId, colorId, materialId, stateId, typeId, width, length, thickness, pieceOrderId, isActive, startedAt, UpdatedAt]
	[4, 1, 1, 1, 1, 10, 10, 10, 1, True, 29/4/2025 16:29:17, 29/4/2025 16:29:17]
	[5, 1, 1, 1, 1, 10, 10, 10, 1, True, 29/4/2025 16:39:12, 29/4/2025 16:39:12]
	[6, 1, 1, 1, 1, 12, 12, 1, 0, True, 30/4/2025 17:30:50, 30/4/2025 17:30:50]
	[37, 2, 1, 1, 1, 0, 0, 0, 0, True, 6/5/2025 14:56:07, 6/5/2025 14:56:07]
	...
@ 2025-05-11 12:54:56.511 [                      Host.exe:              6] [lap=143,54  mS]            Tenaris.Library.Log | @ Binding property 'GetClient.rows' should not have a public setter
@ 2025-05-11 12:54:56.512 [                      Host.exe:              6] [lap=662,50  uS]            Tenaris.Library.Log | @ Binding property 'GetClient.rows' should not have a public setter
@ 2025-05-11 12:54:56.513 [                      Host.exe:              6] [lap=921,10  uS]            Tenaris.Library.Log | @ Binding property 'GetClient.rows' should not have a public setter
- 2025-05-11 12:54:56.525 [                      Host.exe:              6] [lap=11,97   mS]            Tenaris.Library.Log | - EXEC dbo.GetClient  - laptime=144,5242 ms
 RESULT SETS (1):
  #0, 3 records [id, name, address, mobilePhone, cuit, isActive, startedAt, updatedAt]
	[1, Tenaris, calle 123, 123345, 123, True, 29/4/2025 16:23:07, 29/4/2025 16:23:07]
	[2, TubosSRL, calle 345, 12344, 345, True, 1/5/2025 14:35:32, 1/5/2025 14:35:32]
	[3, Siderca, calle 234, 12334, 323, True, 1/5/2025 14:37:07, 1/5/2025 14:37:07]
@ 2025-05-11 12:54:56.613 [                      Host.exe:              6] [lap=88,56   mS]            Tenaris.Library.Log | @ Binding property 'GetColor.rows' should not have a public setter
@ 2025-05-11 12:54:56.615 [                      Host.exe:              6] [lap=1,67    mS]            Tenaris.Library.Log | @ Binding property 'GetColor.rows' should not have a public setter
@ 2025-05-11 12:54:56.622 [                      Host.exe:              6] [lap=6,52    mS]            Tenaris.Library.Log | @ Binding property 'GetColor.rows' should not have a public setter
@ 2025-05-11 12:54:56.717 [                      Host.exe:              6] [lap=95,33   mS]            Tenaris.Library.Log | @ Binding property 'GetColor.rows' should not have a public setter
@ 2025-05-11 12:54:56.718 [                      Host.exe:              6] [lap=486,70  uS]            Tenaris.Library.Log | @ Binding property 'GetColor.rows' should not have a public setter
@ 2025-05-11 12:54:56.718 [                      Host.exe:              6] [lap=253,70  uS]            Tenaris.Library.Log | @ Binding property 'GetColor.rows' should not have a public setter
! 2025-05-11 12:54:56.722 [                      Host.exe:              6] [lap=4,27    mS]            Tenaris.Library.Log | ! Unable to get field 'updatedAt' while filling class 'ColorDto'.
- 2025-05-11 12:54:56.726 [                      Host.exe:              6] [lap=3,87    mS]            Tenaris.Library.Log | - EXEC dbo.GetColor  - laptime=94,9895 ms
 RESULT SETS (1):
  #0, 4 records [id, description, isActive, startedAt, updatedAt]
	[1, Rojo, True, 29/4/2025 16:25:22, 1/1/0001 00:00:00]
	[3, Azul, True, 6/5/2025 14:52:23, 1/1/0001 00:00:00]
	[4, Verde, True, 6/5/2025 14:52:27, 1/1/0001 00:00:00]
	[5, Amarillo, True, 6/5/2025 14:52:31, 1/1/0001 00:00:00]
@ 2025-05-11 12:54:56.816 [                      Host.exe:              6] [lap=90,52   mS]            Tenaris.Library.Log | @ Binding property 'GetProcessType.rows' should not have a public setter
@ 2025-05-11 12:54:56.816 [                      Host.exe:              6] [lap=477,10  uS]            Tenaris.Library.Log | @ Binding property 'GetProcessType.rows' should not have a public setter
@ 2025-05-11 12:54:56.817 [                      Host.exe:              6] [lap=241,50  uS]            Tenaris.Library.Log | @ Binding property 'GetProcessType.rows' should not have a public setter
@ 2025-05-11 12:54:57.021 [                      Host.exe:              6] [lap=204,43  mS]            Tenaris.Library.Log | @ Binding property 'GetProcessType.rows' should not have a public setter
@ 2025-05-11 12:54:57.022 [                      Host.exe:              6] [lap=702,20  uS]            Tenaris.Library.Log | @ Binding property 'GetProcessType.rows' should not have a public setter
@ 2025-05-11 12:54:57.022 [                      Host.exe:              6] [lap=431,70  uS]            Tenaris.Library.Log | @ Binding property 'GetProcessType.rows' should not have a public setter
! 2025-05-11 12:54:57.025 [                      Host.exe:              6] [lap=3,25    mS]            Tenaris.Library.Log | ! Unable to get field 'processTypeId' while filling class 'ProcessTypeDto'.
- 2025-05-11 12:54:57.029 [                      Host.exe:              6] [lap=3,94    mS]            Tenaris.Library.Log | - EXEC dbo.GetProcessType  - laptime=204,2404 ms
 RESULT SETS (1):
  #0, 2 records [processTypeId, description, isActive, startedAt, updatedAt]
	[0, Estandar, True, 29/4/2025 16:32:01, 29/4/2025 16:32:01]
	[0, No estandar, True, 1/5/2025 14:43:53, 1/5/2025 14:43:53]
@ 2025-05-11 12:54:57.124 [                      Host.exe:              6] [lap=94,93   mS]            Tenaris.Library.Log | @ Binding property 'GetPieceType.rows' should not have a public setter
@ 2025-05-11 12:54:57.125 [                      Host.exe:              6] [lap=592,60  uS]            Tenaris.Library.Log | @ Binding property 'GetPieceType.rows' should not have a public setter
@ 2025-05-11 12:54:57.125 [                      Host.exe:              6] [lap=269,10  uS]            Tenaris.Library.Log | @ Binding property 'GetPieceType.rows' should not have a public setter
@ 2025-05-11 12:54:57.225 [                      Host.exe:              6] [lap=99,77   mS]            Tenaris.Library.Log | @ Binding property 'GetPieceType.rows' should not have a public setter
@ 2025-05-11 12:54:57.226 [                      Host.exe:              6] [lap=609,80  uS]            Tenaris.Library.Log | @ Binding property 'GetPieceType.rows' should not have a public setter
@ 2025-05-11 12:54:57.226 [                      Host.exe:              6] [lap=455,00  uS]            Tenaris.Library.Log | @ Binding property 'GetPieceType.rows' should not have a public setter
- 2025-05-11 12:54:57.230 [                      Host.exe:              6] [lap=3,96    mS]            Tenaris.Library.Log | - EXEC dbo.GetPieceType  - laptime=99,634 ms
 RESULT SETS (1):
  #0, 2 records [id, description, isActive, startedAt, updatedAt]
	[1, Cuadrado, True, 24/4/2025 16:47:00, 24/4/2025 16:47:00]
	[2, Rectangulo, True, 24/4/2025 16:48:00, 24/4/2025 16:48:00]
@ 2025-05-11 12:54:57.328 [                      Host.exe:              6] [lap=98,04   mS]            Tenaris.Library.Log | @ Binding property 'GetMaterial.rows' should not have a public setter
@ 2025-05-11 12:54:57.328 [                      Host.exe:              6] [lap=548,50  uS]            Tenaris.Library.Log | @ Binding property 'GetMaterial.rows' should not have a public setter
@ 2025-05-11 12:54:57.329 [                      Host.exe:              6] [lap=469,90  uS]            Tenaris.Library.Log | @ Binding property 'GetMaterial.rows' should not have a public setter
@ 2025-05-11 12:54:57.423 [                      Host.exe:              6] [lap=93,71   mS]            Tenaris.Library.Log | @ Binding property 'GetMaterial.rows' should not have a public setter
@ 2025-05-11 12:54:57.423 [                      Host.exe:              6] [lap=419,70  uS]            Tenaris.Library.Log | @ Binding property 'GetMaterial.rows' should not have a public setter
@ 2025-05-11 12:54:57.423 [                      Host.exe:              6] [lap=181,20  uS]            Tenaris.Library.Log | @ Binding property 'GetMaterial.rows' should not have a public setter
- 2025-05-11 12:54:57.426 [                      Host.exe:              6] [lap=2,48    mS]            Tenaris.Library.Log | - EXEC dbo.GetMaterial  - laptime=93,6169 ms
 RESULT SETS (1):
  #0, 3 records [id, description, isActive, startedAt, updatedAt]
	[1, Acero, True, 29/4/2025 16:25:53, 29/4/2025 16:25:53]
	[2, Aluminio, True, 6/5/2025 14:53:18, 6/5/2025 14:53:18]
	[3, Hierro, True, 6/5/2025 14:53:27, 6/5/2025 14:53:27]
@ 2025-05-11 12:54:57.536 [                      Host.exe:              6] [lap=109,38  mS]            Tenaris.Library.Log | @ Binding property 'GetState.rows' should not have a public setter
@ 2025-05-11 12:54:57.536 [                      Host.exe:              6] [lap=568,00  uS]            Tenaris.Library.Log | @ Binding property 'GetState.rows' should not have a public setter
@ 2025-05-11 12:54:57.536 [                      Host.exe:              6] [lap=263,30  uS]            Tenaris.Library.Log | @ Binding property 'GetState.rows' should not have a public setter
@ 2025-05-11 12:54:57.635 [                      Host.exe:              6] [lap=98,65   mS]            Tenaris.Library.Log | @ Binding property 'GetState.rows' should not have a public setter
@ 2025-05-11 12:54:57.636 [                      Host.exe:              6] [lap=709,70  uS]            Tenaris.Library.Log | @ Binding property 'GetState.rows' should not have a public setter
@ 2025-05-11 12:54:57.636 [                      Host.exe:              6] [lap=422,30  uS]            Tenaris.Library.Log | @ Binding property 'GetState.rows' should not have a public setter
- 2025-05-11 12:54:57.639 [                      Host.exe:              6] [lap=2,95    mS]            Tenaris.Library.Log | - EXEC dbo.GetState  - laptime=98,5059 ms
 RESULT SETS (1):
  #0, 5 records [id, description, isActive, startedAt, updatedAt]
	[1, Ingresada, True, 29/4/2025 16:26:37, 29/4/2025 16:26:37]
	[2, Cortada, True, 2/5/2025 16:53:08, 2/5/2025 16:53:08]
	[3, Validada, True, 2/5/2025 16:53:08, 2/5/2025 16:53:08]
	[4, Pintada, True, 2/5/2025 16:53:08, 2/5/2025 16:53:08]
	[5, Solicitada, True, 2/5/2025 16:53:08, 2/5/2025 16:53:08]
- 2025-05-11 12:55:35.940 [                      Host.exe:              9] [lap=1,51    mS]            Tenaris.Library.Log | - NEW THREAD
@ 2025-05-11 12:55:35.941 [                      Host.exe:              9] [lap=299,30  uS]            Tenaris.Library.Log | @ Binding property 'InsPiece.identity' should not have a public setter
- 2025-05-11 12:55:36.045 [                      Host.exe:              9] [lap=104,36  mS]            Tenaris.Library.Log | - 
@ 2025-05-11 12:55:36.045 [                      Host.exe:              9] [lap=347,20  uS]            Tenaris.Library.Log | @ Error trying to run SQL command dbo.InsPiece. Message: The INSERT statement conflicted with the FOREIGN KEY constraint "FK_Piece_Material". The conflict occurred in database "production", table "dbo.Material", column 'id'.
+The statement has been terminated.
- 2025-05-11 12:55:37.300 [                      Host.exe:              9] [lap=1,26     S]            Tenaris.Library.Log | - [ASSEMBLY_LOADED] FullName=Microsoft.VisualStudio.Debugger.Runtime.Desktop, Version=17.0.0.0, Culture=neutral, PublicKeyToken=b03f5f7f11d50a3a - Location=C:\Program Files\Microsoft Visual Studio\2022\Professional\Common7\IDE\Remote Debugger\x86\Runtime\Microsoft.VisualStudio.Debugger.Runtime.Desktop.dll
