
****************************************************
** New log start at: 11/5/2025 11:46:33                            
****************************************************
- 2025-05-11 11:46:33.486 [                      Host.exe:              5] [lap=2,46    mS]            Tenaris.Library.Log | - NEW THREAD
- 2025-05-11 11:46:33.551 [                      Host.exe:              5] [lap=57,55   mS]            Tenaris.Library.Log | - Application Profiling Service configured, trying to activate Tenaris.Service.Profiling.ProfilingService, Tenaris.Service.Profiling
! 2025-05-11 11:46:33.555 [                      Host.exe:              5] [lap=4,07    mS]            Tenaris.Library.Log | ! Application Profiling Service not loaded. Could not get type for type name Tenaris.Service.Profiling.ProfilingService, Tenaris.Service.Profiling
- 2025-05-11 11:46:33.564 [                      Host.exe:              5] [lap=8,46    mS]            Tenaris.Library.Log | - Default configuration provider was created because no other was configured.
- 2025-05-11 11:46:33.784 [                      Host.exe:              5] [lap=219,93  mS]            Tenaris.Library.Log | - [ASSEMBLY_LOADED] FullName=System.Data.resources, Version=4.0.0.0, Culture=es, PublicKeyToken=b77a5c561934e089 - Location=C:\WINDOWS\Microsoft.Net\assembly\GAC_MSIL\System.Data.resources\v4.0_4.0.0.0_es_b77a5c561934e089\System.Data.resources.dll
- 2025-05-11 11:46:33.962 [                      Host.exe:              5] [lap=178,53  mS]            Tenaris.Library.Log | - [ASSEMBLY_LOADED] FullName=System.EnterpriseServices, Version=4.0.0.0, Culture=neutral, PublicKeyToken=b03f5f7f11d50a3a - Location=C:\WINDOWS\Microsoft.Net\assembly\GAC_32\System.EnterpriseServices\v4.0_4.0.0.0__b03f5f7f11d50a3a\System.EnterpriseServices.dll
- 2025-05-11 11:46:35.032 [                      Host.exe:              5] [lap=1,07     S]            Tenaris.Library.Log | - [ASSEMBLY_LOADED] FullName=System.Runtime.Caching, Version=4.0.0.0, Culture=neutral, PublicKeyToken=b03f5f7f11d50a3a - Location=C:\WINDOWS\Microsoft.Net\assembly\GAC_MSIL\System.Runtime.Caching\v4.0_4.0.0.0__b03f5f7f11d50a3a\System.Runtime.Caching.dll
@ 2025-05-11 11:46:35.370 [                      Host.exe:              5] [lap=337,87  mS]            Tenaris.Library.Log | @ Binding property 'GetPieceByState.rows' should not have a public setter
- 2025-05-11 11:46:35.537 [                      Host.exe:              5] [lap=167,26  mS]            Tenaris.Library.Log | - EXEC dbo.GetPieceByState #stateId=1 - laptime=100,7309 ms
 RESULT: [stateId=1]
 RESULT SETS (1):
  #0, 6 records [pieceId, colorId, materialId, stateId, typeId, width, length, thickness, pieceOrderId, isActive, startedAt, UpdatedAt]
	[4, 1, 1, 1, 1, 10, 10, 10, 1, True, 29/4/2025 16:29:17, 29/4/2025 16:29:17]
	[5, 1, 1, 1, 1, 10, 10, 10, 1, True, 29/4/2025 16:39:12, 29/4/2025 16:39:12]
	[6, 1, 1, 1, 1, 12, 12, 1, 0, True, 30/4/2025 17:30:50, 30/4/2025 17:30:50]
	[37, 2, 1, 1, 1, 0, 0, 0, 0, True, 6/5/2025 14:56:07, 6/5/2025 14:56:07]
	...
- 2025-05-11 11:46:36.096 [                      Host.exe:              4] [lap=1,01    mS]            Tenaris.Library.Log | - NEW THREAD
@ 2025-05-11 11:46:36.096 [                      Host.exe:              4] [lap=240,40  uS]            Tenaris.Library.Log | @ Binding property 'GetClient.rows' should not have a public setter
@ 2025-05-11 11:46:36.097 [                      Host.exe:              4] [lap=477,50  uS]            Tenaris.Library.Log | @ Binding property 'GetClient.rows' should not have a public setter
@ 2025-05-11 11:46:36.097 [                      Host.exe:              4] [lap=288,10  uS]            Tenaris.Library.Log | @ Binding property 'GetClient.rows' should not have a public setter
@ 2025-05-11 11:46:36.195 [                      Host.exe:              4] [lap=98,00   mS]            Tenaris.Library.Log | @ Binding property 'GetClient.rows' should not have a public setter
@ 2025-05-11 11:46:36.195 [                      Host.exe:              4] [lap=648,20  uS]            Tenaris.Library.Log | @ Binding property 'GetClient.rows' should not have a public setter
@ 2025-05-11 11:46:36.196 [                      Host.exe:              4] [lap=613,50  uS]            Tenaris.Library.Log | @ Binding property 'GetClient.rows' should not have a public setter
! 2025-05-11 11:46:36.202 [                      Host.exe:              4] [lap=6,09    mS]            Tenaris.Library.Log | ! Unable to get field 'clientId' while filling class 'ClientDto'.
- 2025-05-11 11:46:36.212 [                      Host.exe:              4] [lap=9,43    mS]            Tenaris.Library.Log | - EXEC dbo.GetClient  - laptime=97,8554 ms
 RESULT SETS (1):
  #0, 3 records [clientId, name, address, mobilePhone, cuit, isActive, startedAt, updatedAt]
	[0, Tenaris, calle 123, 123345, 123, True, 29/4/2025 16:23:07, 29/4/2025 16:23:07]
	[0, TubosSRL, calle 345, 12344, 345, True, 1/5/2025 14:35:32, 1/5/2025 14:35:32]
	[0, Siderca, calle 234, 12334, 323, True, 1/5/2025 14:37:07, 1/5/2025 14:37:07]
@ 2025-05-11 11:46:36.300 [                      Host.exe:              4] [lap=88,04   mS]            Tenaris.Library.Log | @ Binding property 'GetColor.rows' should not have a public setter
@ 2025-05-11 11:46:36.300 [                      Host.exe:              4] [lap=475,90  uS]            Tenaris.Library.Log | @ Binding property 'GetColor.rows' should not have a public setter
@ 2025-05-11 11:46:36.300 [                      Host.exe:              4] [lap=213,20  uS]            Tenaris.Library.Log | @ Binding property 'GetColor.rows' should not have a public setter
@ 2025-05-11 11:46:36.400 [                      Host.exe:              4] [lap=99,26   mS]            Tenaris.Library.Log | @ Binding property 'GetColor.rows' should not have a public setter
@ 2025-05-11 11:46:36.401 [                      Host.exe:              4] [lap=552,90  uS]            Tenaris.Library.Log | @ Binding property 'GetColor.rows' should not have a public setter
@ 2025-05-11 11:46:36.401 [                      Host.exe:              4] [lap=406,80  uS]            Tenaris.Library.Log | @ Binding property 'GetColor.rows' should not have a public setter
! 2025-05-11 11:46:36.404 [                      Host.exe:              4] [lap=2,86    mS]            Tenaris.Library.Log | ! Unable to get field 'colorId' while filling class 'ColorDto'.
! 2025-05-11 11:46:36.407 [                      Host.exe:              4] [lap=2,98    mS]            Tenaris.Library.Log | ! Unable to get field 'updatedAt' while filling class 'ColorDto'.
- 2025-05-11 11:46:36.414 [                      Host.exe:              4] [lap=7,26    mS]            Tenaris.Library.Log | - EXEC dbo.GetColor  - laptime=99,1354 ms
 RESULT SETS (1):
  #0, 4 records [colorId, description, isActive, startedAt, updatedAt]
	[0, Rojo, True, 29/4/2025 16:25:22, 1/1/0001 00:00:00]
	[0, Azul, True, 6/5/2025 14:52:23, 1/1/0001 00:00:00]
	[0, Verde, True, 6/5/2025 14:52:27, 1/1/0001 00:00:00]
	[0, Amarillo, True, 6/5/2025 14:52:31, 1/1/0001 00:00:00]
@ 2025-05-11 11:46:36.612 [                      Host.exe:              4] [lap=198,71  mS]            Tenaris.Library.Log | @ Binding property 'GetProcessType.rows' should not have a public setter
@ 2025-05-11 11:46:36.614 [                      Host.exe:              4] [lap=1,41    mS]            Tenaris.Library.Log | @ Binding property 'GetProcessType.rows' should not have a public setter
@ 2025-05-11 11:46:36.615 [                      Host.exe:              4] [lap=1,37    mS]            Tenaris.Library.Log | @ Binding property 'GetProcessType.rows' should not have a public setter
@ 2025-05-11 11:46:36.707 [                      Host.exe:              4] [lap=92,27   mS]            Tenaris.Library.Log | @ Binding property 'GetProcessType.rows' should not have a public setter
@ 2025-05-11 11:46:36.708 [                      Host.exe:              4] [lap=482,00  uS]            Tenaris.Library.Log | @ Binding property 'GetProcessType.rows' should not have a public setter
@ 2025-05-11 11:46:36.708 [                      Host.exe:              4] [lap=206,80  uS]            Tenaris.Library.Log | @ Binding property 'GetProcessType.rows' should not have a public setter
! 2025-05-11 11:46:36.710 [                      Host.exe:              4] [lap=1,95    mS]            Tenaris.Library.Log | ! Unable to get field 'processTypeId' while filling class 'ProcessTypeDto'.
- 2025-05-11 11:46:36.712 [                      Host.exe:              4] [lap=2,60    mS]            Tenaris.Library.Log | - EXEC dbo.GetProcessType  - laptime=92,2578 ms
 RESULT SETS (1):
  #0, 2 records [processTypeId, description, isActive, startedAt, updatedAt]
	[0, Estandar, True, 29/4/2025 16:32:01, 29/4/2025 16:32:01]
	[0, No estandar, True, 1/5/2025 14:43:53, 1/5/2025 14:43:53]
@ 2025-05-11 11:46:36.810 [                      Host.exe:              4] [lap=97,34   mS]            Tenaris.Library.Log | @ Binding property 'GetPieceType.rows' should not have a public setter
@ 2025-05-11 11:46:36.810 [                      Host.exe:              4] [lap=537,60  uS]            Tenaris.Library.Log | @ Binding property 'GetPieceType.rows' should not have a public setter
@ 2025-05-11 11:46:36.811 [                      Host.exe:              4] [lap=407,90  uS]            Tenaris.Library.Log | @ Binding property 'GetPieceType.rows' should not have a public setter
@ 2025-05-11 11:46:36.911 [                      Host.exe:              4] [lap=100,57  mS]            Tenaris.Library.Log | @ Binding property 'GetPieceType.rows' should not have a public setter
@ 2025-05-11 11:46:36.912 [                      Host.exe:              4] [lap=816,40  uS]            Tenaris.Library.Log | @ Binding property 'GetPieceType.rows' should not have a public setter
@ 2025-05-11 11:46:36.913 [                      Host.exe:              4] [lap=477,50  uS]            Tenaris.Library.Log | @ Binding property 'GetPieceType.rows' should not have a public setter
! 2025-05-11 11:46:36.915 [                      Host.exe:              4] [lap=2,82    mS]            Tenaris.Library.Log | ! Unable to get field 'pieceTypeId' while filling class 'PieceTypeDto'.
- 2025-05-11 11:46:36.918 [                      Host.exe:              4] [lap=2,77    mS]            Tenaris.Library.Log | - EXEC dbo.GetPieceType  - laptime=100,4496 ms
 RESULT SETS (1):
  #0, 2 records [pieceTypeId, description, isActive, startedAt, updatedAt]
	[0, Cuadrado, True, 24/4/2025 16:47:00, 24/4/2025 16:47:00]
	[0, Rectangulo, True, 24/4/2025 16:48:00, 24/4/2025 16:48:00]
@ 2025-05-11 11:46:37.015 [                      Host.exe:              4] [lap=96,22   mS]            Tenaris.Library.Log | @ Binding property 'GetMaterial.rows' should not have a public setter
@ 2025-05-11 11:46:37.015 [                      Host.exe:              4] [lap=653,50  uS]            Tenaris.Library.Log | @ Binding property 'GetMaterial.rows' should not have a public setter
@ 2025-05-11 11:46:37.016 [                      Host.exe:              4] [lap=599,90  uS]            Tenaris.Library.Log | @ Binding property 'GetMaterial.rows' should not have a public setter
@ 2025-05-11 11:46:37.117 [                      Host.exe:              4] [lap=100,71  mS]            Tenaris.Library.Log | @ Binding property 'GetMaterial.rows' should not have a public setter
@ 2025-05-11 11:46:37.117 [                      Host.exe:              4] [lap=463,60  uS]            Tenaris.Library.Log | @ Binding property 'GetMaterial.rows' should not have a public setter
@ 2025-05-11 11:46:37.118 [                      Host.exe:              4] [lap=355,20  uS]            Tenaris.Library.Log | @ Binding property 'GetMaterial.rows' should not have a public setter
! 2025-05-11 11:46:37.120 [                      Host.exe:              4] [lap=2,48    mS]            Tenaris.Library.Log | ! Unable to get field 'materialId' while filling class 'MaterialDto'.
- 2025-05-11 11:46:37.124 [                      Host.exe:              4] [lap=3,95    mS]            Tenaris.Library.Log | - EXEC dbo.GetMaterial  - laptime=100,62 ms
 RESULT SETS (1):
  #0, 3 records [materialId, description, isActive, startedAt, updatedAt]
	[0, Acero, True, 29/4/2025 16:25:53, 29/4/2025 16:25:53]
	[0, Aluminio, True, 6/5/2025 14:53:18, 6/5/2025 14:53:18]
	[0, Hierro, True, 6/5/2025 14:53:27, 6/5/2025 14:53:27]
@ 2025-05-11 11:46:37.322 [                      Host.exe:              4] [lap=198,56  mS]            Tenaris.Library.Log | @ Binding property 'GetState.rows' should not have a public setter
@ 2025-05-11 11:46:37.323 [                      Host.exe:              4] [lap=796,80  uS]            Tenaris.Library.Log | @ Binding property 'GetState.rows' should not have a public setter
@ 2025-05-11 11:46:37.323 [                      Host.exe:              4] [lap=506,20  uS]            Tenaris.Library.Log | @ Binding property 'GetState.rows' should not have a public setter
@ 2025-05-11 11:46:37.424 [                      Host.exe:              4] [lap=100,45  mS]            Tenaris.Library.Log | @ Binding property 'GetState.rows' should not have a public setter
@ 2025-05-11 11:46:37.425 [                      Host.exe:              4] [lap=843,40  uS]            Tenaris.Library.Log | @ Binding property 'GetState.rows' should not have a public setter
@ 2025-05-11 11:46:37.425 [                      Host.exe:              4] [lap=726,50  uS]            Tenaris.Library.Log | @ Binding property 'GetState.rows' should not have a public setter
! 2025-05-11 11:46:37.428 [                      Host.exe:              4] [lap=2,93    mS]            Tenaris.Library.Log | ! Unable to get field 'stateId' while filling class 'StateDto'.
- 2025-05-11 11:46:37.433 [                      Host.exe:              4] [lap=4,43    mS]            Tenaris.Library.Log | - EXEC dbo.GetState  - laptime=100,2411 ms
 RESULT SETS (1):
  #0, 5 records [stateId, description, isActive, startedAt, updatedAt]
	[0, Ingresada, True, 29/4/2025 16:26:37, 29/4/2025 16:26:37]
	[0, Cortada, True, 2/5/2025 16:53:08, 2/5/2025 16:53:08]
	[0, Validada, True, 2/5/2025 16:53:08, 2/5/2025 16:53:08]
	[0, Pintada, True, 2/5/2025 16:53:08, 2/5/2025 16:53:08]
	[0, Solicitada, True, 2/5/2025 16:53:08, 2/5/2025 16:53:08]
- 2025-05-11 11:46:57.502 [                      Host.exe:             10] [lap=1,74    mS]            Tenaris.Library.Log | - NEW THREAD
- 2025-05-11 11:46:57.504 [                      Host.exe:             10] [lap=385,40  uS]            Tenaris.Library.Log | - EXEC dbo.GetPieceByState #stateId=1 - laptime=131,2416 ms
 RESULT: [stateId=1]
 RESULT SETS (1):
  #0, 6 records [pieceId, colorId, materialId, stateId, typeId, width, length, thickness, pieceOrderId, isActive, startedAt, UpdatedAt]
	[4, 1, 1, 1, 1, 10, 10, 10, 1, True, 29/4/2025 16:29:17, 29/4/2025 16:29:17]
	[5, 1, 1, 1, 1, 10, 10, 10, 1, True, 29/4/2025 16:39:12, 29/4/2025 16:39:12]
	[6, 1, 1, 1, 1, 12, 12, 1, 0, True, 30/4/2025 17:30:50, 30/4/2025 17:30:50]
	[37, 2, 1, 1, 1, 0, 0, 0, 0, True, 6/5/2025 14:56:07, 6/5/2025 14:56:07]
	...
- 2025-05-11 11:47:11.808 [                      Host.exe:             10] [lap=14,30    S]            Tenaris.Library.Log | - [ASSEMBLY_LOADED] FullName=mscorlib.resources, Version=4.0.0.0, Culture=es, PublicKeyToken=b77a5c561934e089 - Location=C:\WINDOWS\Microsoft.Net\assembly\GAC_MSIL\mscorlib.resources\v4.0_4.0.0.0_es_b77a5c561934e089\mscorlib.resources.dll
