
****************************************************
** New log start at: 12/5/2025 17:33:18                            
****************************************************
- 2025-05-12 17:33:18.498 [                      Host.exe:              5] [lap=3,72    mS]            Tenaris.Library.Log | - NEW THREAD
- 2025-05-12 17:33:18.541 [                      Host.exe:              5] [lap=44,90   mS]            Tenaris.Library.Log | - Application Profiling Service configured, trying to activate Tenaris.Service.Profiling.ProfilingService, Tenaris.Service.Profiling
! 2025-05-12 17:33:18.543 [                      Host.exe:              5] [lap=1,86    mS]            Tenaris.Library.Log | ! Application Profiling Service not loaded. Could not get type for type name Tenaris.Service.Profiling.ProfilingService, Tenaris.Service.Profiling
- 2025-05-12 17:33:18.544 [                      Host.exe:              5] [lap=745,70  uS]            Tenaris.Library.Log | - Default configuration provider was created because no other was configured.
- 2025-05-12 17:33:18.655 [                      Host.exe:              5] [lap=110,82  mS]            Tenaris.Library.Log | - [ASSEMBLY_LOADED] FullName=System.Data.resources, Version=4.0.0.0, Culture=es, PublicKeyToken=b77a5c561934e089 - Location=C:\WINDOWS\Microsoft.Net\assembly\GAC_MSIL\System.Data.resources\v4.0_4.0.0.0_es_b77a5c561934e089\System.Data.resources.dll
- 2025-05-12 17:33:18.778 [                      Host.exe:              5] [lap=122,70  mS]            Tenaris.Library.Log | - [ASSEMBLY_LOADED] FullName=System.EnterpriseServices, Version=4.0.0.0, Culture=neutral, PublicKeyToken=b03f5f7f11d50a3a - Location=C:\WINDOWS\Microsoft.Net\assembly\GAC_32\System.EnterpriseServices\v4.0_4.0.0.0__b03f5f7f11d50a3a\System.EnterpriseServices.dll
- 2025-05-12 17:33:19.543 [                      Host.exe:              5] [lap=765,65  mS]            Tenaris.Library.Log | - [ASSEMBLY_LOADED] FullName=System.Runtime.Caching, Version=4.0.0.0, Culture=neutral, PublicKeyToken=b03f5f7f11d50a3a - Location=C:\WINDOWS\Microsoft.Net\assembly\GAC_MSIL\System.Runtime.Caching\v4.0_4.0.0.0__b03f5f7f11d50a3a\System.Runtime.Caching.dll
@ 2025-05-12 17:33:19.850 [                      Host.exe:              5] [lap=306,84  mS]            Tenaris.Library.Log | @ Binding property 'GetPieceByState.rows' should not have a public setter
- 2025-05-12 17:33:20.110 [                      Host.exe:              5] [lap=260,25  mS]            Tenaris.Library.Log | - EXEC dbo.GetPieceByState #stateId=1 - laptime=187,5705 ms
 RESULT: [stateId=1]
 RESULT SETS (1):
  #0, 10 records [pieceId, colorId, materialId, stateId, typeId, width, length, thickness, pieceOrderId, isActive, startedAt, UpdatedAt]
	[37, 2, 1, 1, 1, 0, 0, 0, 0, True, 6/5/2025 14:56:07, 6/5/2025 14:56:07]
	[39, 2, 1, 1, 2, 0, 0, 0, 0, True, 6/5/2025 17:16:19, 6/5/2025 17:16:19]
	[40, 2, 2, 1, 2, 0, 0, 0, 0, True, 6/5/2025 18:15:03, 6/5/2025 18:15:03]
	[52, 3, 1, 1, 2, 10, 10, 10, 0, True, 11/5/2025 16:00:42, 11/5/2025 16:00:42]
	...
@ 2025-05-12 17:33:20.263 [                      Host.exe:              5] [lap=152,05  mS]            Tenaris.Library.Log | @ Binding property 'GetPieceOrderByPieceId.rows' should not have a public setter
- 2025-05-12 17:33:20.365 [                      Host.exe:              5] [lap=102,63  mS]            Tenaris.Library.Log | - EXEC dbo.GetPieceOrderByPieceId #pieceid=37 - laptime=99,774 ms
 RESULT: [pieceid=37]
 RESULT SETS (1):
  #0, 1 records [id, workOrderId, pieceId, isActive, startedAt, UpdatedAt]
	[11, 21, 37, True, 6/5/2025 14:56:07, 6/5/2025 14:56:07]
@ 2025-05-12 17:33:20.465 [                      Host.exe:              5] [lap=100,94  mS]            Tenaris.Library.Log | @ Binding property 'PieceOrderLastState.rows' should not have a public setter
- 2025-05-12 17:33:20.537 [                      Host.exe:              5] [lap=71,97   mS]            Tenaris.Library.Log | - EXEC dbo.PieceOrderLastState #workOrderId=21 - laptime=70,0851 ms
 RESULT: [workOrderId=21]
 RESULT SETS (1):
  #0, 1 records [stateId, workOrderId]
	[1, 21]
- 2025-05-12 17:33:20.669 [                      Host.exe:              5] [lap=131,39  mS]            Tenaris.Library.Log | - EXEC dbo.GetPieceOrderByPieceId #pieceid=39 - laptime=130,6523 ms
 RESULT: [pieceid=39]
 RESULT SETS (1):
  #0, 1 records [id, workOrderId, pieceId, isActive, startedAt, UpdatedAt]
	[12, 23, 39, True, 6/5/2025 17:16:20, 6/5/2025 17:16:20]
- 2025-05-12 17:33:20.773 [                      Host.exe:              5] [lap=103,84  mS]            Tenaris.Library.Log | - EXEC dbo.PieceOrderLastState #workOrderId=23 - laptime=102,9802 ms
 RESULT: [workOrderId=23]
 RESULT SETS (1):
  #0, 1 records [stateId, workOrderId]
	[3, 23]
- 2025-05-12 17:33:20.877 [                      Host.exe:              5] [lap=103,80  mS]            Tenaris.Library.Log | - EXEC dbo.GetPieceOrderByPieceId #pieceid=40 - laptime=103,0472 ms
 RESULT: [pieceid=40]
 RESULT SETS (1):
  #0, 1 records [id, workOrderId, pieceId, isActive, startedAt, UpdatedAt]
	[13, 22, 40, True, 6/5/2025 18:15:03, 6/5/2025 18:15:03]
- 2025-05-12 17:33:20.978 [                      Host.exe:              5] [lap=101,00  mS]            Tenaris.Library.Log | - EXEC dbo.PieceOrderLastState #workOrderId=22 - laptime=99,7114 ms
 RESULT: [workOrderId=22]
 RESULT SETS (1):
  #0, 1 records [stateId, workOrderId]
	[2, 22]
- 2025-05-12 17:33:21.084 [                      Host.exe:              5] [lap=106,19  mS]            Tenaris.Library.Log | - EXEC dbo.GetPieceOrderByPieceId #pieceid=52 - laptime=105,4769 ms
 RESULT: [pieceid=52]
 RESULT SETS (1):
  #0, 1 records [id, workOrderId, pieceId, isActive, startedAt, UpdatedAt]
	[20, 25, 52, True, 11/5/2025 18:33:32, 11/5/2025 18:33:32]
- 2025-05-12 17:33:21.183 [                      Host.exe:              5] [lap=98,95   mS]            Tenaris.Library.Log | - EXEC dbo.PieceOrderLastState #workOrderId=25 - laptime=98,0621 ms
 RESULT: [workOrderId=25]
 RESULT SETS (1):
  #0, 1 records [stateId, workOrderId]
	[2, 25]
- 2025-05-12 17:33:21.288 [                      Host.exe:              5] [lap=104,69  mS]            Tenaris.Library.Log | - EXEC dbo.GetPieceOrderByPieceId #pieceid=57 - laptime=103,8725 ms
 RESULT: [pieceid=57]
 RESULT SETS (1):
  #0, 1 records [id, workOrderId, pieceId, isActive, startedAt, UpdatedAt]
	[23, 26, 57, True, 11/5/2025 18:42:54, 11/5/2025 18:42:54]
- 2025-05-12 17:33:21.393 [                      Host.exe:              5] [lap=105,33  mS]            Tenaris.Library.Log | - EXEC dbo.PieceOrderLastState #workOrderId=26 - laptime=104,7489 ms
 RESULT: [workOrderId=26]
 RESULT SETS (1):
  #0, 1 records [stateId, workOrderId]
	[2, 26]
- 2025-05-12 17:33:21.492 [                      Host.exe:              5] [lap=98,50   mS]            Tenaris.Library.Log | - EXEC dbo.GetPieceOrderByPieceId #pieceid=59 - laptime=97,7025 ms
 RESULT: [pieceid=59]
 RESULT SETS (1):
  #0, 1 records [id, workOrderId, pieceId, isActive, startedAt, UpdatedAt]
	[25, 27, 59, True, 11/5/2025 23:39:45, 11/5/2025 23:39:45]
- 2025-05-12 17:33:21.592 [                      Host.exe:              5] [lap=100,65  mS]            Tenaris.Library.Log | - EXEC dbo.PieceOrderLastState #workOrderId=27 - laptime=97,8026 ms
 RESULT: [workOrderId=27]
 RESULT SETS (1):
  #0, 1 records [stateId, workOrderId]
	[2, 27]
- 2025-05-12 17:33:21.694 [                      Host.exe:              5] [lap=102,20  mS]            Tenaris.Library.Log | - EXEC dbo.GetPieceOrderByPieceId #pieceid=61 - laptime=101,5508 ms
 RESULT: [pieceid=61]
 RESULT SETS (1):
  #0, 1 records [id, workOrderId, pieceId, isActive, startedAt, UpdatedAt]
	[27, 24, 61, True, 12/5/2025 17:47:37, 12/5/2025 17:47:37]
- 2025-05-12 17:33:21.796 [                      Host.exe:              5] [lap=102,26  mS]            Tenaris.Library.Log | - EXEC dbo.PieceOrderLastState #workOrderId=24 - laptime=101,6055 ms
 RESULT: [workOrderId=24]
 RESULT SETS (1):
  #0, 1 records [stateId, workOrderId]
	[4, 24]
- 2025-05-12 17:33:21.900 [                      Host.exe:              5] [lap=103,22  mS]            Tenaris.Library.Log | - EXEC dbo.GetPieceOrderByPieceId #pieceid=66 - laptime=102,3924 ms
 RESULT: [pieceid=66]
 RESULT SETS (1):
  #0, 1 records [id, workOrderId, pieceId, isActive, startedAt, UpdatedAt]
	[32, 28, 66, True, 12/5/2025 17:54:09, 12/5/2025 17:54:09]
- 2025-05-12 17:33:22.001 [                      Host.exe:              5] [lap=101,85  mS]            Tenaris.Library.Log | - EXEC dbo.PieceOrderLastState #workOrderId=28 - laptime=101,0211 ms
 RESULT: [workOrderId=28]
 RESULT SETS (1):
  #0, 1 records [stateId, workOrderId]
	[2, 28]
- 2025-05-12 17:33:22.104 [                      Host.exe:              5] [lap=102,69  mS]            Tenaris.Library.Log | - EXEC dbo.GetPieceOrderByPieceId #pieceid=69 - laptime=101,9294 ms
 RESULT: [pieceid=69]
 RESULT SETS (1):
  #0, 1 records [id, workOrderId, pieceId, isActive, startedAt, UpdatedAt]
	[34, 29, 69, True, 12/5/2025 19:38:33, 12/5/2025 19:38:33]
- 2025-05-12 17:33:22.205 [                      Host.exe:              5] [lap=100,86  mS]            Tenaris.Library.Log | - EXEC dbo.PieceOrderLastState #workOrderId=29 - laptime=100,0407 ms
 RESULT: [workOrderId=29]
 RESULT SETS (1):
  #0, 1 records [stateId, workOrderId]
	[2, 29]
- 2025-05-12 17:33:22.309 [                      Host.exe:              5] [lap=103,51  mS]            Tenaris.Library.Log | - EXEC dbo.GetPieceOrderByPieceId #pieceid=71 - laptime=102,4964 ms
 RESULT: [pieceid=71]
 RESULT SETS (1):
  #0, 1 records [id, workOrderId, pieceId, isActive, startedAt, UpdatedAt]
	[36, 30, 71, True, 12/5/2025 20:31:20, 12/5/2025 20:31:20]
- 2025-05-12 17:33:22.414 [                      Host.exe:              5] [lap=105,78  mS]            Tenaris.Library.Log | - EXEC dbo.PieceOrderLastState #workOrderId=30 - laptime=104,9772 ms
 RESULT: [workOrderId=30]
 RESULT SETS (1):
  #0, 1 records [stateId, workOrderId]
	[3, 30]
- 2025-05-12 17:33:22.516 [                      Host.exe:              5] [lap=102,33  mS]            Tenaris.Library.Log | - EXEC dbo.GetPieceByState #stateId=2 - laptime=95,5479 ms
 RESULT: [stateId=2]
 RESULT SETS (1):
  #0, 12 records [pieceId, colorId, materialId, stateId, typeId, width, length, thickness, pieceOrderId, isActive, startedAt, UpdatedAt]
	[43, 4, 2, 2, 2, 30, 30, 30, 0, True, 8/5/2025 19:25:54, 8/5/2025 19:25:54]
	[44, 4, 2, 2, 2, 30, 30, 30, 0, True, 10/5/2025 15:01:20, 10/5/2025 15:01:20]
	[45, 4, 2, 2, 2, 111, 111, 111, 0, True, 10/5/2025 15:21:30, 10/5/2025 15:21:30]
	[54, 3, 1, 2, 2, 10, 10, 20, 0, True, 11/5/2025 18:20:35, 11/5/2025 18:20:35]
	...
- 2025-05-12 17:33:22.618 [                      Host.exe:              5] [lap=100,81  mS]            Tenaris.Library.Log | - EXEC dbo.GetPieceOrderByPieceId #pieceid=43 - laptime=100,1005 ms
 RESULT: [pieceid=43]
 RESULT SETS (1):
  #0, 1 records [id, workOrderId, pieceId, isActive, startedAt, UpdatedAt]
	[14, 22, 43, True, 8/5/2025 19:25:54, 8/5/2025 19:25:54]
- 2025-05-12 17:33:22.691 [                      Host.exe:              5] [lap=73,35   mS]            Tenaris.Library.Log | - EXEC dbo.PieceOrderLastState #workOrderId=22 - laptime=72,6499 ms
 RESULT: [workOrderId=22]
 RESULT SETS (1):
  #0, 1 records [stateId, workOrderId]
	[2, 22]
- 2025-05-12 17:33:22.800 [                      Host.exe:              5] [lap=108,76  mS]            Tenaris.Library.Log | - EXEC dbo.GetPieceOrderByPieceId #pieceid=44 - laptime=106,7429 ms
 RESULT: [pieceid=44]
 RESULT SETS (1):
  #0, 1 records [id, workOrderId, pieceId, isActive, startedAt, UpdatedAt]
	[15, 22, 44, True, 10/5/2025 15:01:20, 10/5/2025 15:01:20]
- 2025-05-12 17:33:22.922 [                      Host.exe:              5] [lap=122,13  mS]            Tenaris.Library.Log | - EXEC dbo.PieceOrderLastState #workOrderId=22 - laptime=121,2736 ms
 RESULT: [workOrderId=22]
 RESULT SETS (1):
  #0, 1 records [stateId, workOrderId]
	[2, 22]
- 2025-05-12 17:33:23.025 [                      Host.exe:              5] [lap=103,66  mS]            Tenaris.Library.Log | - EXEC dbo.GetPieceOrderByPieceId #pieceid=45 - laptime=102,8897 ms
 RESULT: [pieceid=45]
 RESULT SETS (1):
  #0, 1 records [id, workOrderId, pieceId, isActive, startedAt, UpdatedAt]
	[16, 22, 45, True, 10/5/2025 15:21:30, 10/5/2025 15:21:30]
- 2025-05-12 17:33:23.129 [                      Host.exe:              5] [lap=103,70  mS]            Tenaris.Library.Log | - EXEC dbo.PieceOrderLastState #workOrderId=22 - laptime=100,5641 ms
 RESULT: [workOrderId=22]
 RESULT SETS (1):
  #0, 1 records [stateId, workOrderId]
	[2, 22]
- 2025-05-12 17:33:23.230 [                      Host.exe:              5] [lap=100,99  mS]            Tenaris.Library.Log | - EXEC dbo.GetPieceOrderByPieceId #pieceid=54 - laptime=100,4939 ms
 RESULT: [pieceid=54]
 RESULT SETS (1):
- 2025-05-12 17:33:23.334 [                      Host.exe:              5] [lap=103,96  mS]            Tenaris.Library.Log | - EXEC dbo.GetPieceOrderByPieceId #pieceid=55 - laptime=103,3544 ms
 RESULT: [pieceid=55]
 RESULT SETS (1):
  #0, 1 records [id, workOrderId, pieceId, isActive, startedAt, UpdatedAt]
	[21, 25, 55, True, 11/5/2025 18:34:01, 11/5/2025 18:34:01]
- 2025-05-12 17:33:23.437 [                      Host.exe:              5] [lap=102,99  mS]            Tenaris.Library.Log | - EXEC dbo.PieceOrderLastState #workOrderId=25 - laptime=102,4361 ms
 RESULT: [workOrderId=25]
 RESULT SETS (1):
  #0, 1 records [stateId, workOrderId]
	[2, 25]
- 2025-05-12 17:33:23.537 [                      Host.exe:              5] [lap=100,54  mS]            Tenaris.Library.Log | - EXEC dbo.GetPieceOrderByPieceId #pieceid=56 - laptime=99,5211 ms
 RESULT: [pieceid=56]
 RESULT SETS (1):
  #0, 1 records [id, workOrderId, pieceId, isActive, startedAt, UpdatedAt]
	[22, 25, 56, True, 11/5/2025 18:42:01, 11/5/2025 18:42:01]
- 2025-05-12 17:33:23.640 [                      Host.exe:              5] [lap=102,55  mS]            Tenaris.Library.Log | - EXEC dbo.PieceOrderLastState #workOrderId=25 - laptime=101,7846 ms
 RESULT: [workOrderId=25]
 RESULT SETS (1):
  #0, 1 records [stateId, workOrderId]
	[2, 25]
- 2025-05-12 17:33:23.742 [                      Host.exe:              5] [lap=102,10  mS]            Tenaris.Library.Log | - EXEC dbo.GetPieceOrderByPieceId #pieceid=58 - laptime=101,2851 ms
 RESULT: [pieceid=58]
 RESULT SETS (1):
  #0, 1 records [id, workOrderId, pieceId, isActive, startedAt, UpdatedAt]
	[24, 26, 58, True, 11/5/2025 18:43:12, 11/5/2025 18:43:12]
- 2025-05-12 17:33:23.844 [                      Host.exe:              5] [lap=102,47  mS]            Tenaris.Library.Log | - EXEC dbo.PieceOrderLastState #workOrderId=26 - laptime=101,7419 ms
 RESULT: [workOrderId=26]
 RESULT SETS (1):
  #0, 1 records [stateId, workOrderId]
	[2, 26]
- 2025-05-12 17:33:23.949 [                      Host.exe:              5] [lap=104,70  mS]            Tenaris.Library.Log | - EXEC dbo.GetPieceOrderByPieceId #pieceid=60 - laptime=103,932 ms
 RESULT: [pieceid=60]
 RESULT SETS (1):
  #0, 1 records [id, workOrderId, pieceId, isActive, startedAt, UpdatedAt]
	[26, 27, 60, True, 12/5/2025 17:29:24, 12/5/2025 17:29:24]
- 2025-05-12 17:33:24.019 [                      Host.exe:              5] [lap=69,17   mS]            Tenaris.Library.Log | - EXEC dbo.PieceOrderLastState #workOrderId=27 - laptime=68,6549 ms
 RESULT: [workOrderId=27]
 RESULT SETS (1):
  #0, 1 records [stateId, workOrderId]
	[2, 27]
- 2025-05-12 17:33:24.084 [                      Host.exe:              5] [lap=65,66   mS]            Tenaris.Library.Log | - EXEC dbo.GetPieceOrderByPieceId #pieceid=62 - laptime=65,0623 ms
 RESULT: [pieceid=62]
 RESULT SETS (1):
  #0, 1 records [id, workOrderId, pieceId, isActive, startedAt, UpdatedAt]
	[28, 24, 62, True, 12/5/2025 17:48:26, 12/5/2025 17:48:26]
- 2025-05-12 17:33:24.254 [                      Host.exe:              5] [lap=170,21  mS]            Tenaris.Library.Log | - EXEC dbo.PieceOrderLastState #workOrderId=24 - laptime=169,4707 ms
 RESULT: [workOrderId=24]
 RESULT SETS (1):
  #0, 1 records [stateId, workOrderId]
	[4, 24]
- 2025-05-12 17:33:24.367 [                      Host.exe:              5] [lap=112,43  mS]            Tenaris.Library.Log | - EXEC dbo.GetPieceOrderByPieceId #pieceid=64 - laptime=111,1538 ms
 RESULT: [pieceid=64]
 RESULT SETS (1):
  #0, 1 records [id, workOrderId, pieceId, isActive, startedAt, UpdatedAt]
	[30, 24, 64, True, 12/5/2025 17:52:31, 12/5/2025 17:52:31]
- 2025-05-12 17:33:24.460 [                      Host.exe:              5] [lap=93,21   mS]            Tenaris.Library.Log | - EXEC dbo.PieceOrderLastState #workOrderId=24 - laptime=92,5412 ms
 RESULT: [workOrderId=24]
 RESULT SETS (1):
  #0, 1 records [stateId, workOrderId]
	[4, 24]
- 2025-05-12 17:33:24.573 [                      Host.exe:              5] [lap=112,97  mS]            Tenaris.Library.Log | - EXEC dbo.GetPieceOrderByPieceId #pieceid=67 - laptime=112,1284 ms
 RESULT: [pieceid=67]
 RESULT SETS (1):
  #0, 1 records [id, workOrderId, pieceId, isActive, startedAt, UpdatedAt]
	[33, 28, 67, True, 12/5/2025 17:54:38, 12/5/2025 17:54:38]
- 2025-05-12 17:33:24.674 [                      Host.exe:              5] [lap=101,32  mS]            Tenaris.Library.Log | - EXEC dbo.PieceOrderLastState #workOrderId=28 - laptime=100,711 ms
 RESULT: [workOrderId=28]
 RESULT SETS (1):
  #0, 1 records [stateId, workOrderId]
	[2, 28]
- 2025-05-12 17:33:24.796 [                      Host.exe:              5] [lap=121,36  mS]            Tenaris.Library.Log | - EXEC dbo.GetPieceOrderByPieceId #pieceid=70 - laptime=118,4562 ms
 RESULT: [pieceid=70]
 RESULT SETS (1):
  #0, 1 records [id, workOrderId, pieceId, isActive, startedAt, UpdatedAt]
	[35, 29, 70, True, 12/5/2025 19:39:24, 12/5/2025 19:39:24]
- 2025-05-12 17:33:24.971 [                      Host.exe:              5] [lap=175,48  mS]            Tenaris.Library.Log | - EXEC dbo.PieceOrderLastState #workOrderId=29 - laptime=174,8876 ms
 RESULT: [workOrderId=29]
 RESULT SETS (1):
  #0, 1 records [stateId, workOrderId]
	[2, 29]
- 2025-05-12 17:33:25.074 [                      Host.exe:              5] [lap=102,54  mS]            Tenaris.Library.Log | - EXEC dbo.GetPieceByState #stateId=3 - laptime=98,102 ms
 RESULT: [stateId=3]
 RESULT SETS (1):
  #0, 3 records [pieceId, colorId, materialId, stateId, typeId, width, length, thickness, pieceOrderId, isActive, startedAt, UpdatedAt]
	[42, 2, 2, 3, 2, 30, 30, 30, 0, True, 8/5/2025 18:57:15, 8/5/2025 18:57:15]
	[46, 4, 1, 3, 2, 45, 45, 45, 0, True, 10/5/2025 16:11:48, 10/5/2025 16:11:48]
	[72, 3, 1, 3, 1, 10, 10, 1, 0, True, 12/5/2025 20:31:41, 12/5/2025 20:31:41]
- 2025-05-12 17:33:25.177 [                      Host.exe:              5] [lap=102,42  mS]            Tenaris.Library.Log | - EXEC dbo.GetPieceOrderByPieceId #pieceid=42 - laptime=101,7509 ms
 RESULT: [pieceid=42]
 RESULT SETS (1):
- 2025-05-12 17:33:25.247 [                      Host.exe:              5] [lap=70,44   mS]            Tenaris.Library.Log | - EXEC dbo.GetPieceOrderByPieceId #pieceid=46 - laptime=69,5125 ms
 RESULT: [pieceid=46]
 RESULT SETS (1):
  #0, 1 records [id, workOrderId, pieceId, isActive, startedAt, UpdatedAt]
	[17, 23, 46, True, 10/5/2025 16:11:48, 10/5/2025 16:11:48]
- 2025-05-12 17:33:25.381 [                      Host.exe:              5] [lap=134,84  mS]            Tenaris.Library.Log | - EXEC dbo.PieceOrderLastState #workOrderId=23 - laptime=134,1506 ms
 RESULT: [workOrderId=23]
 RESULT SETS (1):
  #0, 1 records [stateId, workOrderId]
	[3, 23]
- 2025-05-12 17:33:25.483 [                      Host.exe:              5] [lap=101,48  mS]            Tenaris.Library.Log | - EXEC dbo.GetPieceOrderByPieceId #pieceid=72 - laptime=100,7261 ms
 RESULT: [pieceid=72]
 RESULT SETS (1):
  #0, 1 records [id, workOrderId, pieceId, isActive, startedAt, UpdatedAt]
	[37, 30, 72, True, 12/5/2025 20:31:41, 12/5/2025 20:31:41]
- 2025-05-12 17:33:25.555 [                      Host.exe:              5] [lap=71,59   mS]            Tenaris.Library.Log | - EXEC dbo.PieceOrderLastState #workOrderId=30 - laptime=70,9877 ms
 RESULT: [workOrderId=30]
 RESULT SETS (1):
  #0, 1 records [stateId, workOrderId]
	[3, 30]
@ 2025-05-12 17:33:27.942 [                      Host.exe:              5] [lap=2,39     S]            Tenaris.Library.Log | @ Binding property 'GetStationById.rows' should not have a public setter
- 2025-05-12 17:33:28.069 [                      Host.exe:              5] [lap=127,64  mS]            Tenaris.Library.Log | - EXEC dbo.GetStationByIdAle #id=4 - laptime=122,0327 ms
 RESULT: [id=4]
 RESULT SETS (1):
  #0, 1 records [stationId, name, pieceIdOnEntry, pieceIdOnProcess, pieceIdOnExit, stationTypeId, productionLineId, isActive, startedAt, updatedAt]
	[4, Pintura, 0, 46, 0, 4, 1, True, 3/5/2025 13:45:11, 3/5/2025 13:45:11]
- 2025-05-12 17:33:28.351 [                      Host.exe:              5] [lap=281,38  mS]            Tenaris.Library.Log | - EXEC dbo.PutPieceOnEntry #stationid=4#pieceid=72 - laptime=101,7654 ms
- 2025-05-12 17:33:30.723 [                      Host.exe:              6] [lap=730,50  uS]            Tenaris.Library.Log | - NEW THREAD
- 2025-05-12 17:33:30.723 [                      Host.exe:              6] [lap=155,90  uS]            Tenaris.Library.Log | - EXEC dbo.GetStationByIdAle #id=4 - laptime=116,0536 ms
 RESULT: [id=4]
 RESULT SETS (1):
  #0, 1 records [stationId, name, pieceIdOnEntry, pieceIdOnProcess, pieceIdOnExit, stationTypeId, productionLineId, isActive, startedAt, updatedAt]
	[4, Pintura, 72, 46, 0, 4, 1, True, 3/5/2025 13:45:11, 3/5/2025 13:45:11]
@ 2025-05-12 17:33:33.266 [                      Host.exe:              6] [lap=2,54     S]            Tenaris.Library.Log | @ Binding property 'GetPieceById.rows' should not have a public setter
- 2025-05-12 17:33:33.368 [                      Host.exe:              6] [lap=102,49  mS]            Tenaris.Library.Log | - EXEC dbo.GetPieceByIdAle #id=72 - laptime=101,5172 ms
 RESULT: [id=72]
 RESULT SETS (1):
  #0, 1 records [pieceId, colorId, materialId, stateId, typeId, width, length, thickness, pieceOrderId, isActive, startedAt, UpdatedAt]
	[72, 3, 1, 3, 1, 10, 10, 1, 0, True, 12/5/2025 20:31:41, 12/5/2025 20:31:41]
- 2025-05-12 17:33:33.575 [                      Host.exe:              6] [lap=206,58  mS]            Tenaris.Library.Log | - EXEC dbo.PutPieceOnProcess #stationid=4#pieceid=72 - laptime=103,7978 ms
- 2025-05-12 17:33:33.675 [                      Host.exe:              6] [lap=100,22  mS]            Tenaris.Library.Log | - EXEC dbo.GetStationByIdAle #id=4 - laptime=98,1489 ms
 RESULT: [id=4]
 RESULT SETS (1):
  #0, 1 records [stationId, name, pieceIdOnEntry, pieceIdOnProcess, pieceIdOnExit, stationTypeId, productionLineId, isActive, startedAt, updatedAt]
	[4, Pintura, 0, 72, 0, 4, 1, True, 3/5/2025 13:45:11, 3/5/2025 13:45:11]
@ 2025-05-12 17:33:33.778 [                      Host.exe:              6] [lap=102,92  mS]            Tenaris.Library.Log | @ Binding property 'GetWorkOrderByPieceId.rows' should not have a public setter
- 2025-05-12 17:33:33.880 [                      Host.exe:              6] [lap=102,24  mS]            Tenaris.Library.Log | - EXEC dbo.GetWorkOrderByPieceIdAle #pieceid=72 - laptime=101,4 ms
 RESULT: [pieceid=72]
 RESULT SETS (1):
