
****************************************************
** New log start at: 11/5/2025 12:28:26                            
****************************************************
- 2025-05-11 12:28:26.708 [                      Host.exe:              5] [lap=6,02    mS]            Tenaris.Library.Log | - NEW THREAD
- 2025-05-11 12:28:26.794 [                      Host.exe:              5] [lap=92,51   mS]            Tenaris.Library.Log | - Application Profiling Service configured, trying to activate Tenaris.Service.Profiling.ProfilingService, Tenaris.Service.Profiling
! 2025-05-11 12:28:26.794 [                      Host.exe:              5] [lap=2,81    mS]            Tenaris.Library.Log | ! Application Profiling Service not loaded. Could not get type for type name Tenaris.Service.Profiling.ProfilingService, Tenaris.Service.Profiling
- 2025-05-11 12:28:26.794 [                      Host.exe:              5] [lap=1,11    mS]            Tenaris.Library.Log | - Default configuration provider was created because no other was configured.
- 2025-05-11 12:28:27.011 [                      Host.exe:              5] [lap=213,73  mS]            Tenaris.Library.Log | - [ASSEMBLY_LOADED] FullName=System.Data.resources, Version=4.0.0.0, Culture=es, PublicKeyToken=b77a5c561934e089 - Location=C:\WINDOWS\Microsoft.Net\assembly\GAC_MSIL\System.Data.resources\v4.0_4.0.0.0_es_b77a5c561934e089\System.Data.resources.dll
- 2025-05-11 12:28:27.285 [                      Host.exe:              5] [lap=270,99  mS]            Tenaris.Library.Log | - [ASSEMBLY_LOADED] FullName=System.EnterpriseServices, Version=4.0.0.0, Culture=neutral, PublicKeyToken=b03f5f7f11d50a3a - Location=C:\WINDOWS\Microsoft.Net\assembly\GAC_32\System.EnterpriseServices\v4.0_4.0.0.0__b03f5f7f11d50a3a\System.EnterpriseServices.dll
- 2025-05-11 12:28:28.164 [                      Host.exe:              5] [lap=879,46  mS]            Tenaris.Library.Log | - [ASSEMBLY_LOADED] FullName=System.Runtime.Caching, Version=4.0.0.0, Culture=neutral, PublicKeyToken=b03f5f7f11d50a3a - Location=C:\WINDOWS\Microsoft.Net\assembly\GAC_MSIL\System.Runtime.Caching\v4.0_4.0.0.0__b03f5f7f11d50a3a\System.Runtime.Caching.dll
@ 2025-05-11 12:28:28.682 [                      Host.exe:              5] [lap=518,52  mS]            Tenaris.Library.Log | @ Binding property 'GetPieceByState.rows' should not have a public setter
- 2025-05-11 12:28:28.858 [                      Host.exe:              6] [lap=2,28    mS]            Tenaris.Library.Log | - NEW THREAD
@ 2025-05-11 12:28:28.859 [                      Host.exe:              6] [lap=262,40  uS]            Tenaris.Library.Log | @ Binding property 'GetClient.rows' should not have a public setter
@ 2025-05-11 12:28:28.859 [                      Host.exe:              6] [lap=523,70  uS]            Tenaris.Library.Log | @ Binding property 'GetClient.rows' should not have a public setter
@ 2025-05-11 12:28:28.860 [                      Host.exe:              6] [lap=764,20  uS]            Tenaris.Library.Log | @ Binding property 'GetClient.rows' should not have a public setter
@ 2025-05-11 12:28:28.915 [                      Host.exe:              6] [lap=55,50   mS]            Tenaris.Library.Log | @ Binding property 'GetClient.rows' should not have a public setter
@ 2025-05-11 12:28:28.916 [                      Host.exe:              6] [lap=603,60  uS]            Tenaris.Library.Log | @ Binding property 'GetClient.rows' should not have a public setter
@ 2025-05-11 12:28:28.916 [                      Host.exe:              6] [lap=459,50  uS]            Tenaris.Library.Log | @ Binding property 'GetClient.rows' should not have a public setter
! 2025-05-11 12:28:28.928 [                      Host.exe:              6] [lap=11,81   mS]            Tenaris.Library.Log | ! Unable to get field 'clientId' while filling class 'ClientDto'.
- 2025-05-11 12:28:28.937 [                      Host.exe:              5] [lap=255,48  mS]            Tenaris.Library.Log | - EXEC dbo.GetPieceByState #stateId=1 - laptime=133,5511 ms
 RESULT: [stateId=1]
 RESULT SETS (1):
  #0, 6 records [pieceId, colorId, materialId, stateId, typeId, width, length, thickness, pieceOrderId, isActive, startedAt, UpdatedAt]
	[4, 1, 1, 1, 1, 10, 10, 10, 1, True, 29/4/2025 16:29:17, 29/4/2025 16:29:17]
	[5, 1, 1, 1, 1, 10, 10, 10, 1, True, 29/4/2025 16:39:12, 29/4/2025 16:39:12]
	[6, 1, 1, 1, 1, 12, 12, 1, 0, True, 30/4/2025 17:30:50, 30/4/2025 17:30:50]
	[37, 2, 1, 1, 1, 0, 0, 0, 0, True, 6/5/2025 14:56:07, 6/5/2025 14:56:07]
	...
- 2025-05-11 12:28:28.937 [                      Host.exe:              6] [lap=9,02    mS]            Tenaris.Library.Log | - EXEC dbo.GetClient  - laptime=55,479 ms
 RESULT SETS (1):
  #0, 3 records [clientId, name, address, mobilePhone, cuit, isActive, startedAt, updatedAt]
	[0, Tenaris, calle 123, 123345, 123, True, 29/4/2025 16:23:07, 29/4/2025 16:23:07]
	[0, TubosSRL, calle 345, 12344, 345, True, 1/5/2025 14:35:32, 1/5/2025 14:35:32]
	[0, Siderca, calle 234, 12334, 323, True, 1/5/2025 14:37:07, 1/5/2025 14:37:07]
@ 2025-05-11 12:28:29.060 [                      Host.exe:              5] [lap=123,20  mS]            Tenaris.Library.Log | @ Binding property 'GetColor.rows' should not have a public setter
@ 2025-05-11 12:28:29.061 [                      Host.exe:              5] [lap=961,10  uS]            Tenaris.Library.Log | @ Binding property 'GetColor.rows' should not have a public setter
@ 2025-05-11 12:28:29.062 [                      Host.exe:              5] [lap=554,60  uS]            Tenaris.Library.Log | @ Binding property 'GetColor.rows' should not have a public setter
@ 2025-05-11 12:28:29.162 [                      Host.exe:              5] [lap=99,58   mS]            Tenaris.Library.Log | @ Binding property 'GetColor.rows' should not have a public setter
@ 2025-05-11 12:28:29.162 [                      Host.exe:              5] [lap=800,30  uS]            Tenaris.Library.Log | @ Binding property 'GetColor.rows' should not have a public setter
@ 2025-05-11 12:28:29.163 [                      Host.exe:              5] [lap=521,50  uS]            Tenaris.Library.Log | @ Binding property 'GetColor.rows' should not have a public setter
! 2025-05-11 12:28:29.165 [                      Host.exe:              5] [lap=2,54    mS]            Tenaris.Library.Log | ! Unable to get field 'colorId' while filling class 'ColorDto'.
! 2025-05-11 12:28:29.168 [                      Host.exe:              5] [lap=2,26    mS]            Tenaris.Library.Log | ! Unable to get field 'updatedAt' while filling class 'ColorDto'.
- 2025-05-11 12:28:29.178 [                      Host.exe:              5] [lap=9,79    mS]            Tenaris.Library.Log | - EXEC dbo.GetColor  - laptime=99,1487 ms
 RESULT SETS (1):
  #0, 4 records [colorId, description, isActive, startedAt, updatedAt]
	[0, Rojo, True, 29/4/2025 16:25:22, 1/1/0001 00:00:00]
	[0, Azul, True, 6/5/2025 14:52:23, 1/1/0001 00:00:00]
	[0, Verde, True, 6/5/2025 14:52:27, 1/1/0001 00:00:00]
	[0, Amarillo, True, 6/5/2025 14:52:31, 1/1/0001 00:00:00]
@ 2025-05-11 12:28:29.367 [                      Host.exe:              5] [lap=189,01  mS]            Tenaris.Library.Log | @ Binding property 'GetProcessType.rows' should not have a public setter
@ 2025-05-11 12:28:29.367 [                      Host.exe:              5] [lap=645,10  uS]            Tenaris.Library.Log | @ Binding property 'GetProcessType.rows' should not have a public setter
@ 2025-05-11 12:28:29.368 [                      Host.exe:              5] [lap=490,50  uS]            Tenaris.Library.Log | @ Binding property 'GetProcessType.rows' should not have a public setter
@ 2025-05-11 12:28:29.439 [                      Host.exe:              5] [lap=71,03   mS]            Tenaris.Library.Log | @ Binding property 'GetProcessType.rows' should not have a public setter
@ 2025-05-11 12:28:29.439 [                      Host.exe:              5] [lap=573,50  uS]            Tenaris.Library.Log | @ Binding property 'GetProcessType.rows' should not have a public setter
@ 2025-05-11 12:28:29.440 [                      Host.exe:              5] [lap=219,80  uS]            Tenaris.Library.Log | @ Binding property 'GetProcessType.rows' should not have a public setter
! 2025-05-11 12:28:29.442 [                      Host.exe:              5] [lap=2,74    mS]            Tenaris.Library.Log | ! Unable to get field 'processTypeId' while filling class 'ProcessTypeDto'.
- 2025-05-11 12:28:29.444 [                      Host.exe:              5] [lap=2,08    mS]            Tenaris.Library.Log | - EXEC dbo.GetProcessType  - laptime=70,9396 ms
 RESULT SETS (1):
  #0, 2 records [processTypeId, description, isActive, startedAt, updatedAt]
	[0, Estandar, True, 29/4/2025 16:32:01, 29/4/2025 16:32:01]
	[0, No estandar, True, 1/5/2025 14:43:53, 1/5/2025 14:43:53]
@ 2025-05-11 12:28:29.514 [                      Host.exe:              5] [lap=69,89   mS]            Tenaris.Library.Log | @ Binding property 'GetPieceType.rows' should not have a public setter
@ 2025-05-11 12:28:29.515 [                      Host.exe:              5] [lap=792,50  uS]            Tenaris.Library.Log | @ Binding property 'GetPieceType.rows' should not have a public setter
@ 2025-05-11 12:28:29.515 [                      Host.exe:              5] [lap=398,70  uS]            Tenaris.Library.Log | @ Binding property 'GetPieceType.rows' should not have a public setter
@ 2025-05-11 12:28:29.674 [                      Host.exe:              5] [lap=158,52  mS]            Tenaris.Library.Log | @ Binding property 'GetPieceType.rows' should not have a public setter
@ 2025-05-11 12:28:29.675 [                      Host.exe:              5] [lap=658,20  uS]            Tenaris.Library.Log | @ Binding property 'GetPieceType.rows' should not have a public setter
@ 2025-05-11 12:28:29.676 [                      Host.exe:              5] [lap=1,02    mS]            Tenaris.Library.Log | @ Binding property 'GetPieceType.rows' should not have a public setter
! 2025-05-11 12:28:29.680 [                      Host.exe:              5] [lap=4,26    mS]            Tenaris.Library.Log | ! Unable to get field 'pieceTypeId' while filling class 'PieceTypeDto'.
- 2025-05-11 12:28:29.683 [                      Host.exe:              5] [lap=2,94    mS]            Tenaris.Library.Log | - EXEC dbo.GetPieceType  - laptime=158,3283 ms
 RESULT SETS (1):
  #0, 2 records [pieceTypeId, description, isActive, startedAt, updatedAt]
	[0, Cuadrado, True, 24/4/2025 16:47:00, 24/4/2025 16:47:00]
	[0, Rectangulo, True, 24/4/2025 16:48:00, 24/4/2025 16:48:00]
@ 2025-05-11 12:28:29.776 [                      Host.exe:              5] [lap=93,85   mS]            Tenaris.Library.Log | @ Binding property 'GetMaterial.rows' should not have a public setter
@ 2025-05-11 12:28:29.778 [                      Host.exe:              5] [lap=655,80  uS]            Tenaris.Library.Log | @ Binding property 'GetMaterial.rows' should not have a public setter
@ 2025-05-11 12:28:29.778 [                      Host.exe:              5] [lap=385,20  uS]            Tenaris.Library.Log | @ Binding property 'GetMaterial.rows' should not have a public setter
@ 2025-05-11 12:28:29.881 [                      Host.exe:              5] [lap=102,27  mS]            Tenaris.Library.Log | @ Binding property 'GetMaterial.rows' should not have a public setter
@ 2025-05-11 12:28:29.881 [                      Host.exe:              5] [lap=625,20  uS]            Tenaris.Library.Log | @ Binding property 'GetMaterial.rows' should not have a public setter
@ 2025-05-11 12:28:29.882 [                      Host.exe:              5] [lap=425,80  uS]            Tenaris.Library.Log | @ Binding property 'GetMaterial.rows' should not have a public setter
! 2025-05-11 12:28:29.885 [                      Host.exe:              5] [lap=3,07    mS]            Tenaris.Library.Log | ! Unable to get field 'materialId' while filling class 'MaterialDto'.
- 2025-05-11 12:28:29.888 [                      Host.exe:              5] [lap=3,53    mS]            Tenaris.Library.Log | - EXEC dbo.GetMaterial  - laptime=102,1176 ms
 RESULT SETS (1):
  #0, 3 records [materialId, description, isActive, startedAt, updatedAt]
	[0, Acero, True, 29/4/2025 16:25:53, 29/4/2025 16:25:53]
	[0, Aluminio, True, 6/5/2025 14:53:18, 6/5/2025 14:53:18]
	[0, Hierro, True, 6/5/2025 14:53:27, 6/5/2025 14:53:27]
@ 2025-05-11 12:28:29.984 [                      Host.exe:              5] [lap=95,58   mS]            Tenaris.Library.Log | @ Binding property 'GetState.rows' should not have a public setter
@ 2025-05-11 12:28:29.985 [                      Host.exe:              5] [lap=689,30  uS]            Tenaris.Library.Log | @ Binding property 'GetState.rows' should not have a public setter
@ 2025-05-11 12:28:29.985 [                      Host.exe:              5] [lap=470,30  uS]            Tenaris.Library.Log | @ Binding property 'GetState.rows' should not have a public setter
@ 2025-05-11 12:28:30.083 [                      Host.exe:              5] [lap=98,19   mS]            Tenaris.Library.Log | @ Binding property 'GetState.rows' should not have a public setter
@ 2025-05-11 12:28:30.084 [                      Host.exe:              5] [lap=464,10  uS]            Tenaris.Library.Log | @ Binding property 'GetState.rows' should not have a public setter
@ 2025-05-11 12:28:30.084 [                      Host.exe:              5] [lap=360,20  uS]            Tenaris.Library.Log | @ Binding property 'GetState.rows' should not have a public setter
! 2025-05-11 12:28:30.086 [                      Host.exe:              5] [lap=2,45    mS]            Tenaris.Library.Log | ! Unable to get field 'stateId' while filling class 'StateDto'.
- 2025-05-11 12:28:30.092 [                      Host.exe:              5] [lap=5,44    mS]            Tenaris.Library.Log | - EXEC dbo.GetState  - laptime=98,1172 ms
 RESULT SETS (1):
  #0, 5 records [stateId, description, isActive, startedAt, updatedAt]
	[0, Ingresada, True, 29/4/2025 16:26:37, 29/4/2025 16:26:37]
	[0, Cortada, True, 2/5/2025 16:53:08, 2/5/2025 16:53:08]
	[0, Validada, True, 2/5/2025 16:53:08, 2/5/2025 16:53:08]
	[0, Pintada, True, 2/5/2025 16:53:08, 2/5/2025 16:53:08]
	[0, Solicitada, True, 2/5/2025 16:53:08, 2/5/2025 16:53:08]
- 2025-05-11 12:29:51.507 [                      Host.exe:              9] [lap=1,38    mS]            Tenaris.Library.Log | - NEW THREAD
@ 2025-05-11 12:29:51.508 [                      Host.exe:              9] [lap=252,00  uS]            Tenaris.Library.Log | @ Binding property 'InsPiece.identity' should not have a public setter
- 2025-05-11 12:29:51.705 [                      Host.exe:              9] [lap=198,08  mS]            Tenaris.Library.Log | - 
@ 2025-05-11 12:29:51.706 [                      Host.exe:              9] [lap=326,80  uS]            Tenaris.Library.Log | @ Error trying to run SQL command dbo.InsPiece. Message: The INSERT statement conflicted with the FOREIGN KEY constraint "FK_Piece_Color". The conflict occurred in database "production", table "dbo.Color", column 'id'.
+The statement has been terminated.
- 2025-05-11 12:29:57.379 [                      Host.exe:              9] [lap=5,67     S]            Tenaris.Library.Log | - [ASSEMBLY_LOADED] FullName=Microsoft.VisualStudio.Debugger.Runtime.Desktop, Version=17.0.0.0, Culture=neutral, PublicKeyToken=b03f5f7f11d50a3a - Location=C:\Program Files\Microsoft Visual Studio\2022\Professional\Common7\IDE\Remote Debugger\x86\Runtime\Microsoft.VisualStudio.Debugger.Runtime.Desktop.dll
