
****************************************************
** New log start at: 11/5/2025 12:43:56                            
****************************************************
- 2025-05-11 12:43:56.326 [                      Host.exe:              5] [lap=15,44   mS]            Tenaris.Library.Log | - NEW THREAD
- 2025-05-11 12:43:56.424 [                      Host.exe:              5] [lap=102,64  mS]            Tenaris.Library.Log | - Application Profiling Service configured, trying to activate Tenaris.Service.Profiling.ProfilingService, Tenaris.Service.Profiling
! 2025-05-11 12:43:56.430 [                      Host.exe:              5] [lap=3,61    mS]            Tenaris.Library.Log | ! Application Profiling Service not loaded. Could not get type for type name Tenaris.Service.Profiling.ProfilingService, Tenaris.Service.Profiling
- 2025-05-11 12:43:56.432 [                      Host.exe:              5] [lap=3,58    mS]            Tenaris.Library.Log | - Default configuration provider was created because no other was configured.
- 2025-05-11 12:43:56.932 [                      Host.exe:              5] [lap=499,74  mS]            Tenaris.Library.Log | - [ASSEMBLY_LOADED] FullName=System.Data.resources, Version=4.0.0.0, Culture=es, PublicKeyToken=b77a5c561934e089 - Location=C:\WINDOWS\Microsoft.Net\assembly\GAC_MSIL\System.Data.resources\v4.0_4.0.0.0_es_b77a5c561934e089\System.Data.resources.dll
- 2025-05-11 12:43:57.120 [                      Host.exe:              5] [lap=190,19  mS]            Tenaris.Library.Log | - [ASSEMBLY_LOADED] FullName=System.EnterpriseServices, Version=4.0.0.0, Culture=neutral, PublicKeyToken=b03f5f7f11d50a3a - Location=C:\WINDOWS\Microsoft.Net\assembly\GAC_32\System.EnterpriseServices\v4.0_4.0.0.0__b03f5f7f11d50a3a\System.EnterpriseServices.dll
- 2025-05-11 12:43:58.239 [                      Host.exe:              5] [lap=1,12     S]            Tenaris.Library.Log | - [ASSEMBLY_LOADED] FullName=System.Runtime.Caching, Version=4.0.0.0, Culture=neutral, PublicKeyToken=b03f5f7f11d50a3a - Location=C:\WINDOWS\Microsoft.Net\assembly\GAC_MSIL\System.Runtime.Caching\v4.0_4.0.0.0__b03f5f7f11d50a3a\System.Runtime.Caching.dll
@ 2025-05-11 12:43:58.606 [                      Host.exe:              5] [lap=361,96  mS]            Tenaris.Library.Log | @ Binding property 'GetPieceByState.rows' should not have a public setter
- 2025-05-11 12:43:58.780 [                      Host.exe:              6] [lap=1,33    mS]            Tenaris.Library.Log | - NEW THREAD
@ 2025-05-11 12:43:58.780 [                      Host.exe:              6] [lap=380,30  uS]            Tenaris.Library.Log | @ Binding property 'GetClient.rows' should not have a public setter
@ 2025-05-11 12:43:58.781 [                      Host.exe:              6] [lap=804,10  uS]            Tenaris.Library.Log | @ Binding property 'GetClient.rows' should not have a public setter
@ 2025-05-11 12:43:58.782 [                      Host.exe:              6] [lap=945,20  uS]            Tenaris.Library.Log | @ Binding property 'GetClient.rows' should not have a public setter
@ 2025-05-11 12:43:58.842 [                      Host.exe:              6] [lap=59,89   mS]            Tenaris.Library.Log | @ Binding property 'GetClient.rows' should not have a public setter
@ 2025-05-11 12:43:58.843 [                      Host.exe:              6] [lap=1,48    mS]            Tenaris.Library.Log | @ Binding property 'GetClient.rows' should not have a public setter
@ 2025-05-11 12:43:58.844 [                      Host.exe:              6] [lap=832,80  uS]            Tenaris.Library.Log | @ Binding property 'GetClient.rows' should not have a public setter
- 2025-05-11 12:43:58.877 [                      Host.exe:              6] [lap=33,09   mS]            Tenaris.Library.Log | - EXEC dbo.GetClient  - laptime=59,9603 ms
 RESULT SETS (1):
  #0, 3 records [id, name, address, mobilePhone, cuit, isActive, startedAt, updatedAt]
	[1, Tenaris, calle 123, 123345, 123, True, 29/4/2025 16:23:07, 29/4/2025 16:23:07]
	[2, TubosSRL, calle 345, 12344, 345, True, 1/5/2025 14:35:32, 1/5/2025 14:35:32]
	[3, Siderca, calle 234, 12334, 323, True, 1/5/2025 14:37:07, 1/5/2025 14:37:07]
- 2025-05-11 12:43:58.877 [                      Host.exe:              5] [lap=271,55  mS]            Tenaris.Library.Log | - EXEC dbo.GetPieceByState #stateId=1 - laptime=139,1059 ms
 RESULT: [stateId=1]
 RESULT SETS (1):
  #0, 6 records [pieceId, colorId, materialId, stateId, typeId, width, length, thickness, pieceOrderId, isActive, startedAt, UpdatedAt]
	[4, 1, 1, 1, 1, 10, 10, 10, 1, True, 29/4/2025 16:29:17, 29/4/2025 16:29:17]
	[5, 1, 1, 1, 1, 10, 10, 10, 1, True, 29/4/2025 16:39:12, 29/4/2025 16:39:12]
	[6, 1, 1, 1, 1, 12, 12, 1, 0, True, 30/4/2025 17:30:50, 30/4/2025 17:30:50]
	[37, 2, 1, 1, 1, 0, 0, 0, 0, True, 6/5/2025 14:56:07, 6/5/2025 14:56:07]
	...
@ 2025-05-11 12:43:58.981 [                      Host.exe:              5] [lap=103,73  mS]            Tenaris.Library.Log | @ Binding property 'GetColor.rows' should not have a public setter
@ 2025-05-11 12:43:58.982 [                      Host.exe:              5] [lap=948,50  uS]            Tenaris.Library.Log | @ Binding property 'GetColor.rows' should not have a public setter
@ 2025-05-11 12:43:58.983 [                      Host.exe:              5] [lap=651,50  uS]            Tenaris.Library.Log | @ Binding property 'GetColor.rows' should not have a public setter
@ 2025-05-11 12:43:59.085 [                      Host.exe:              5] [lap=101,95  mS]            Tenaris.Library.Log | @ Binding property 'GetColor.rows' should not have a public setter
@ 2025-05-11 12:43:59.086 [                      Host.exe:              5] [lap=704,40  uS]            Tenaris.Library.Log | @ Binding property 'GetColor.rows' should not have a public setter
@ 2025-05-11 12:43:59.086 [                      Host.exe:              5] [lap=662,50  uS]            Tenaris.Library.Log | @ Binding property 'GetColor.rows' should not have a public setter
! 2025-05-11 12:43:59.092 [                      Host.exe:              5] [lap=5,85    mS]            Tenaris.Library.Log | ! Unable to get field 'colorId' while filling class 'ColorDto'.
! 2025-05-11 12:43:59.094 [                      Host.exe:              5] [lap=1,59    mS]            Tenaris.Library.Log | ! Unable to get field 'updatedAt' while filling class 'ColorDto'.
- 2025-05-11 12:43:59.098 [                      Host.exe:              5] [lap=4,52    mS]            Tenaris.Library.Log | - EXEC dbo.GetColor  - laptime=101,8445 ms
 RESULT SETS (1):
  #0, 4 records [colorId, description, isActive, startedAt, updatedAt]
	[0, Rojo, True, 29/4/2025 16:25:22, 1/1/0001 00:00:00]
	[0, Azul, True, 6/5/2025 14:52:23, 1/1/0001 00:00:00]
	[0, Verde, True, 6/5/2025 14:52:27, 1/1/0001 00:00:00]
	[0, Amarillo, True, 6/5/2025 14:52:31, 1/1/0001 00:00:00]
@ 2025-05-11 12:43:59.288 [                      Host.exe:              5] [lap=189,65  mS]            Tenaris.Library.Log | @ Binding property 'GetProcessType.rows' should not have a public setter
@ 2025-05-11 12:43:59.289 [                      Host.exe:              5] [lap=1,03    mS]            Tenaris.Library.Log | @ Binding property 'GetProcessType.rows' should not have a public setter
@ 2025-05-11 12:43:59.290 [                      Host.exe:              5] [lap=922,00  uS]            Tenaris.Library.Log | @ Binding property 'GetProcessType.rows' should not have a public setter
@ 2025-05-11 12:43:59.389 [                      Host.exe:              5] [lap=99,23   mS]            Tenaris.Library.Log | @ Binding property 'GetProcessType.rows' should not have a public setter
@ 2025-05-11 12:43:59.390 [                      Host.exe:              5] [lap=657,50  uS]            Tenaris.Library.Log | @ Binding property 'GetProcessType.rows' should not have a public setter
@ 2025-05-11 12:43:59.390 [                      Host.exe:              5] [lap=474,30  uS]            Tenaris.Library.Log | @ Binding property 'GetProcessType.rows' should not have a public setter
! 2025-05-11 12:43:59.392 [                      Host.exe:              5] [lap=2,34    mS]            Tenaris.Library.Log | ! Unable to get field 'processTypeId' while filling class 'ProcessTypeDto'.
- 2025-05-11 12:43:59.396 [                      Host.exe:              5] [lap=3,07    mS]            Tenaris.Library.Log | - EXEC dbo.GetProcessType  - laptime=99,1635 ms
 RESULT SETS (1):
  #0, 2 records [processTypeId, description, isActive, startedAt, updatedAt]
	[0, Estandar, True, 29/4/2025 16:32:01, 29/4/2025 16:32:01]
	[0, No estandar, True, 1/5/2025 14:43:53, 1/5/2025 14:43:53]
@ 2025-05-11 12:43:59.595 [                      Host.exe:              5] [lap=199,85  mS]            Tenaris.Library.Log | @ Binding property 'GetPieceType.rows' should not have a public setter
@ 2025-05-11 12:43:59.595 [                      Host.exe:              5] [lap=461,00  uS]            Tenaris.Library.Log | @ Binding property 'GetPieceType.rows' should not have a public setter
@ 2025-05-11 12:43:59.596 [                      Host.exe:              5] [lap=254,50  uS]            Tenaris.Library.Log | @ Binding property 'GetPieceType.rows' should not have a public setter
@ 2025-05-11 12:43:59.698 [                      Host.exe:              5] [lap=101,92  mS]            Tenaris.Library.Log | @ Binding property 'GetPieceType.rows' should not have a public setter
@ 2025-05-11 12:43:59.699 [                      Host.exe:              5] [lap=803,30  uS]            Tenaris.Library.Log | @ Binding property 'GetPieceType.rows' should not have a public setter
@ 2025-05-11 12:43:59.699 [                      Host.exe:              5] [lap=277,60  uS]            Tenaris.Library.Log | @ Binding property 'GetPieceType.rows' should not have a public setter
! 2025-05-11 12:43:59.702 [                      Host.exe:              5] [lap=2,46    mS]            Tenaris.Library.Log | ! Unable to get field 'pieceTypeId' while filling class 'PieceTypeDto'.
- 2025-05-11 12:43:59.705 [                      Host.exe:              5] [lap=3,09    mS]            Tenaris.Library.Log | - EXEC dbo.GetPieceType  - laptime=101,7022 ms
 RESULT SETS (1):
  #0, 2 records [pieceTypeId, description, isActive, startedAt, updatedAt]
	[0, Cuadrado, True, 24/4/2025 16:47:00, 24/4/2025 16:47:00]
	[0, Rectangulo, True, 24/4/2025 16:48:00, 24/4/2025 16:48:00]
@ 2025-05-11 12:43:59.801 [                      Host.exe:              5] [lap=96,24   mS]            Tenaris.Library.Log | @ Binding property 'GetMaterial.rows' should not have a public setter
@ 2025-05-11 12:43:59.802 [                      Host.exe:              5] [lap=537,80  uS]            Tenaris.Library.Log | @ Binding property 'GetMaterial.rows' should not have a public setter
@ 2025-05-11 12:43:59.802 [                      Host.exe:              5] [lap=363,40  uS]            Tenaris.Library.Log | @ Binding property 'GetMaterial.rows' should not have a public setter
@ 2025-05-11 12:44:00.004 [                      Host.exe:              5] [lap=202,12  mS]            Tenaris.Library.Log | @ Binding property 'GetMaterial.rows' should not have a public setter
@ 2025-05-11 12:44:00.005 [                      Host.exe:              5] [lap=392,50  uS]            Tenaris.Library.Log | @ Binding property 'GetMaterial.rows' should not have a public setter
@ 2025-05-11 12:44:00.005 [                      Host.exe:              5] [lap=180,90  uS]            Tenaris.Library.Log | @ Binding property 'GetMaterial.rows' should not have a public setter
! 2025-05-11 12:44:00.007 [                      Host.exe:              5] [lap=1,83    mS]            Tenaris.Library.Log | ! Unable to get field 'materialId' while filling class 'MaterialDto'.
- 2025-05-11 12:44:00.010 [                      Host.exe:              5] [lap=2,71    mS]            Tenaris.Library.Log | - EXEC dbo.GetMaterial  - laptime=202,0453 ms
 RESULT SETS (1):
  #0, 3 records [materialId, description, isActive, startedAt, updatedAt]
	[0, Acero, True, 29/4/2025 16:25:53, 29/4/2025 16:25:53]
	[0, Aluminio, True, 6/5/2025 14:53:18, 6/5/2025 14:53:18]
	[0, Hierro, True, 6/5/2025 14:53:27, 6/5/2025 14:53:27]
@ 2025-05-11 12:44:00.428 [                      Host.exe:              5] [lap=419,01  mS]            Tenaris.Library.Log | @ Binding property 'GetState.rows' should not have a public setter
@ 2025-05-11 12:44:00.429 [                      Host.exe:              5] [lap=1,19    mS]            Tenaris.Library.Log | @ Binding property 'GetState.rows' should not have a public setter
@ 2025-05-11 12:44:00.430 [                      Host.exe:              5] [lap=969,50  uS]            Tenaris.Library.Log | @ Binding property 'GetState.rows' should not have a public setter
@ 2025-05-11 12:44:00.490 [                      Host.exe:              5] [lap=59,76   mS]            Tenaris.Library.Log | @ Binding property 'GetState.rows' should not have a public setter
@ 2025-05-11 12:44:00.490 [                      Host.exe:              5] [lap=488,60  uS]            Tenaris.Library.Log | @ Binding property 'GetState.rows' should not have a public setter
@ 2025-05-11 12:44:00.490 [                      Host.exe:              5] [lap=340,70  uS]            Tenaris.Library.Log | @ Binding property 'GetState.rows' should not have a public setter
! 2025-05-11 12:44:00.493 [                      Host.exe:              5] [lap=2,22    mS]            Tenaris.Library.Log | ! Unable to get field 'stateId' while filling class 'StateDto'.
- 2025-05-11 12:44:00.496 [                      Host.exe:              5] [lap=2,91    mS]            Tenaris.Library.Log | - EXEC dbo.GetState  - laptime=59,6909 ms
 RESULT SETS (1):
  #0, 5 records [stateId, description, isActive, startedAt, updatedAt]
	[0, Ingresada, True, 29/4/2025 16:26:37, 29/4/2025 16:26:37]
	[0, Cortada, True, 2/5/2025 16:53:08, 2/5/2025 16:53:08]
	[0, Validada, True, 2/5/2025 16:53:08, 2/5/2025 16:53:08]
	[0, Pintada, True, 2/5/2025 16:53:08, 2/5/2025 16:53:08]
	[0, Solicitada, True, 2/5/2025 16:53:08, 2/5/2025 16:53:08]
@ 2025-05-11 12:44:11.374 [                      Host.exe:              6] [lap=12,50    S]            Tenaris.Library.Log | @ Binding property 'InsPiece.identity' should not have a public setter
- 2025-05-11 12:44:11.481 [                      Host.exe:              6] [lap=106,93  mS]            Tenaris.Library.Log | - 
@ 2025-05-11 12:44:11.481 [                      Host.exe:              6] [lap=299,10  uS]            Tenaris.Library.Log | @ Error trying to run SQL command dbo.InsPiece. Message: The INSERT statement conflicted with the FOREIGN KEY constraint "FK_Piece_Color". The conflict occurred in database "production", table "dbo.Color", column 'id'.
+The statement has been terminated.
- 2025-05-11 12:44:13.098 [                      Host.exe:              6] [lap=1,62     S]            Tenaris.Library.Log | - [ASSEMBLY_LOADED] FullName=Microsoft.VisualStudio.Debugger.Runtime.Desktop, Version=17.0.0.0, Culture=neutral, PublicKeyToken=b03f5f7f11d50a3a - Location=C:\Program Files\Microsoft Visual Studio\2022\Professional\Common7\IDE\Remote Debugger\x86\Runtime\Microsoft.VisualStudio.Debugger.Runtime.Desktop.dll
